#
# There is insufficient memory for the Java Runtime Environment to continue.
# Native memory allocation (malloc) failed to allocate 1048576 bytes for AllocateHeap
# Possible reasons:
#   The system is out of physical RAM or swap space
#   The process is running with CompressedOops enabled, and the Java Heap may be blocking the growth of the native heap
# Possible solutions:
#   Reduce memory load on the system
#   Increase physical memory or swap space
#   Check if swap backing store is full
#   Decrease Java heap size (-Xmx/-Xms)
#   Decrease number of Java threads
#   Decrease Java thread stack sizes (-Xss)
#   Set larger code cache with -XX:ReservedCodeCacheSize=
#   JVM is running with Unscaled Compressed Oops mode in which the Java heap is
#     placed in the first 4GB address space. The Java Heap base address is the
#     maximum limit for the native heap growth. Please use -XX:HeapBaseMinAddress
#     to set the Java Heap base and to place the Java Heap above 4GB virtual address.
# This output file may be truncated or incomplete.
#
#  Out of Memory Error (allocation.cpp:44), pid=6148, tid=12168
#
# JRE version:  (17.0.9+9) (build )
# Java VM: OpenJDK 64-Bit Server VM (17.0.9+9, mixed mode, tiered, compressed oops, compressed class ptrs, parallel gc, windows-amd64)
# No core dump will be written. Minidumps are not enabled by default on client versions of Windows
#

---------------  S U M M A R Y ------------

Command Line: --add-modules=ALL-SYSTEM --add-opens=java.base/java.util=ALL-UNNAMED --add-opens=java.base/java.lang=ALL-UNNAMED --add-opens=java.base/sun.nio.fs=ALL-UNNAMED -Declipse.application=org.eclipse.jdt.ls.core.id1 -Dosgi.bundles.defaultStartLevel=4 -Declipse.product=org.eclipse.jdt.ls.core.product -Djava.import.generatesMetadataFilesAtProjectRoot=false -DDetectVMInstallationsJob.disabled=true -Dfile.encoding=utf8 -XX:+UseParallelGC -XX:GCTimeRatio=4 -XX:AdaptiveSizePolicyWeight=90 -Dsun.zip.disableMemoryMapping=true -Xmx1G -Xms100m -Xlog:disable -javaagent:c:\Users\HP\.vscode\extensions\redhat.java-1.25.0-win32-x64\lombok\lombok-1.18.30.jar -XX:+HeapDumpOnOutOfMemoryError -XX:HeapDumpPath=c:\Users\HP\AppData\Roaming\Code\User\workspaceStorage\7145003809ee5229b52fc69e90d06eaa\redhat.java -Daether.dependencyCollector.impl=bf c:\Users\HP\.vscode\extensions\redhat.java-1.25.0-win32-x64\server\plugins\org.eclipse.equinox.launcher_1.6.600.v20231012-1237.jar -configuration c:\Users\HP\AppData\Roaming\Code\User\globalStorage\redhat.java\1.25.0\config_win -data c:\Users\HP\AppData\Roaming\Code\User\workspaceStorage\7145003809ee5229b52fc69e90d06eaa\redhat.java\jdt_ws --stdio

Host: Intel(R) Core(TM) i5-3437U CPU @ 1.90GHz, 4 cores, 3G,  Windows 10 , 64 bit Build 19041 (10.0.19041.1)
Time: Sat Dec  2 03:28:35 2023 SE Asia Standard Time elapsed time: 0.151960 seconds (0d 0h 0m 0s)

---------------  T H R E A D  ---------------

Current thread (0x000001d284c2b070):  JavaThread "Unknown thread" [_thread_in_vm, id=12168, stack(0x0000008257500000,0x0000008257600000)]

Stack: [0x0000008257500000,0x0000008257600000]
Native frames: (J=compiled Java code, j=interpreted, Vv=VM code, C=native code)
V  [jvm.dll+0x67cf49]
V  [jvm.dll+0x83478a]
V  [jvm.dll+0x83624e]
V  [jvm.dll+0x8368b3]
V  [jvm.dll+0x247f1f]
V  [jvm.dll+0xa6b4b]
V  [jvm.dll+0x6afb96]
V  [jvm.dll+0x6b0809]
V  [jvm.dll+0x689683]
V  [jvm.dll+0x80674b]
V  [jvm.dll+0x36cfb4]
V  [jvm.dll+0x7e4aac]
V  [jvm.dll+0x3f07af]
V  [jvm.dll+0x3f23e1]
C  [jli.dll+0x528f]
C  [ucrtbase.dll+0x21542]
C  [KERNEL32.DLL+0x16fd4]
C  [ntdll.dll+0x4cf31]


---------------  P R O C E S S  ---------------

Threads class SMR info:
_java_thread_list=0x00007fff98e9ee98, length=0, elements={
}

Java Threads: ( => current thread )

Other Threads:
  0x000001d284c40bd0 GCTaskThread "GC Thread#0" [stack: 0x0000008257600000,0x0000008257700000] [id=9448]

=>0x000001d284c2b070 (exited) JavaThread "Unknown thread" [_thread_in_vm, id=12168, stack(0x0000008257500000,0x0000008257600000)]

Threads with active compile tasks:

VM state: not at safepoint (normal execution)

VM Mutex/Monitor currently owned by a thread: None

Heap address: 0x00000000c0000000, size: 1024 MB, Compressed Oops mode: 32-bit

CDS archive(s) not mapped
Compressed class space mapped at: 0x0000000100000000-0x0000000140000000, reserved size: 1073741824
Narrow klass base: 0x0000000000000000, Narrow klass shift: 3, Narrow klass range: 0x140000000

GC Precious Log:
 CPUs: 4 total, 4 available
 Memory: 3959M
 Large Page Support: Disabled
 NUMA Support: Disabled
 Compressed Oops: Enabled (32-bit)
 Alignments: Space 512K, Generation 512K, Heap 2M
 Heap Min Capacity: 100M
 Heap Initial Capacity: 100M
 Heap Max Capacity: 1G
 Pre-touch: Disabled
 Parallel Workers: 4

Heap:
 PSYoungGen      total 29696K, used 512K [0x00000000eab00000, 0x00000000ecc00000, 0x0000000100000000)
  eden space 25600K, 2% used [0x00000000eab00000,0x00000000eab80070,0x00000000ec400000)
  from space 4096K, 0% used [0x00000000ec800000,0x00000000ec800000,0x00000000ecc00000)
  to   space 4096K, 0% used [0x00000000ec400000,0x00000000ec400000,0x00000000ec800000)
 ParOldGen       total 68608K, used 0K [0x00000000c0000000, 0x00000000c4300000, 0x00000000eab00000)
  object space 68608K, 0% used [0x00000000c0000000,0x00000000c0000000,0x00000000c4300000)
 Metaspace       used 1149K, committed 1216K, reserved 1114112K
  class space    used 101K, committed 128K, reserved 1048576K

Card table byte_map: [0x000001d2845d0000,0x000001d2847e0000] _byte_map_base: 0x000001d283fd0000

Marking Bits: (ParMarkBitMap*) 0x00007fff98f0d0b0
 Begin Bits: [0x000001d2968d0000, 0x000001d2978d0000)
 End Bits:   [0x000001d2978d0000, 0x000001d2988d0000)

Polling page: 0x000001d282ba0000

Metaspace:

Usage:
  Non-class:      1.02 MB used.
      Class:    101.05 KB used.
       Both:      1.12 MB used.

Virtual space:
  Non-class space:       64.00 MB reserved,       1.06 MB (  2%) committed,  1 nodes.
      Class space:        1.00 GB reserved,     128.00 KB ( <1%) committed,  1 nodes.
             Both:        1.06 GB reserved,       1.19 MB ( <1%) committed. 

Chunk freelists:
   Non-Class:  12.00 MB
       Class:  15.75 MB
        Both:  27.75 MB

MaxMetaspaceSize: unlimited
CompressedClassSpaceSize: 1.00 GB
Initial GC threshold: 21.00 MB
Current GC threshold: 17179869184.00 GB
CDS: off
MetaspaceReclaimPolicy: balanced
 - commit_granule_bytes: 65536.
 - commit_granule_words: 8192.
 - virtual_space_node_default_size: 8388608.
 - enlarge_chunks_in_place: 1.
 - new_chunks_are_fully_committed: 0.
 - uncommit_free_chunks: 1.
 - use_allocation_guard: 0.
 - handle_deallocations: 1.


Internal statistics:

num_allocs_failed_limit: 0.
num_arena_births: 2.
num_arena_deaths: 0.
num_vsnodes_births: 2.
num_vsnodes_deaths: 0.
num_space_committed: 19.
num_space_uncommitted: 0.
num_chunks_returned_to_freelist: 0.
num_chunks_taken_from_freelist: 3.
num_chunk_merges: 0.
num_chunk_splits: 2.
num_chunks_enlarged: 0.
num_inconsistent_stats: 0.

CodeHeap 'non-profiled nmethods': size=120000Kb used=0Kb max_used=0Kb free=120000Kb
 bounds [0x000001d28f3a0000, 0x000001d28f610000, 0x000001d2968d0000]
CodeHeap 'profiled nmethods': size=120000Kb used=0Kb max_used=0Kb free=120000Kb
 bounds [0x000001d2878d0000, 0x000001d287b40000, 0x000001d28ee00000]
CodeHeap 'non-nmethods': size=5760Kb used=202Kb max_used=353Kb free=5557Kb
 bounds [0x000001d28ee00000, 0x000001d28f070000, 0x000001d28f3a0000]
 total_blobs=66 nmethods=0 adapters=47
 compilation: enabled
              stopped_count=0, restarted_count=0
 full_count=0

Compilation events (0 events):
No events

GC Heap History (0 events):
No events

Dll operation events (1 events):
Event: 0.014 Loaded shared library c:\Users\HP\.vscode\extensions\redhat.java-1.25.0-win32-x64\jre\17.0.9-win32-x86_64\bin\java.dll

Deoptimization events (0 events):
No events

Classes unloaded (0 events):
No events

Classes redefined (0 events):
No events

Internal exceptions (0 events):
No events

VM Operations (0 events):
No events

Events (20 events):
Event: 0.110 loading class java/lang/Long
Event: 0.112 loading class java/lang/Long done
Event: 0.112 loading class java/util/Iterator
Event: 0.112 loading class java/util/Iterator done
Event: 0.112 loading class java/lang/reflect/RecordComponent
Event: 0.112 loading class java/lang/reflect/RecordComponent done
Event: 0.112 loading class jdk/internal/vm/vector/VectorSupport
Event: 0.113 loading class jdk/internal/vm/vector/VectorSupport done
Event: 0.113 loading class jdk/internal/vm/vector/VectorSupport$VectorPayload
Event: 0.113 loading class jdk/internal/vm/vector/VectorSupport$VectorPayload done
Event: 0.113 loading class jdk/internal/vm/vector/VectorSupport$Vector
Event: 0.113 loading class jdk/internal/vm/vector/VectorSupport$Vector done
Event: 0.113 loading class jdk/internal/vm/vector/VectorSupport$VectorMask
Event: 0.113 loading class jdk/internal/vm/vector/VectorSupport$VectorMask done
Event: 0.113 loading class jdk/internal/vm/vector/VectorSupport$VectorShuffle
Event: 0.113 loading class jdk/internal/vm/vector/VectorSupport$VectorShuffle done
Event: 0.131 loading class java/lang/NullPointerException
Event: 0.131 loading class java/lang/NullPointerException done
Event: 0.131 loading class java/lang/ArithmeticException
Event: 0.131 loading class java/lang/ArithmeticException done


Dynamic libraries:
0x00007ff71b710000 - 0x00007ff71b71e000 	c:\Users\HP\.vscode\extensions\redhat.java-1.25.0-win32-x64\jre\17.0.9-win32-x86_64\bin\java.exe
0x00007fffeb110000 - 0x00007fffeb304000 	C:\WINDOWS\SYSTEM32\ntdll.dll
0x00007fffe9a80000 - 0x00007fffe9b3d000 	C:\WINDOWS\System32\KERNEL32.DLL
0x00007fffe89e0000 - 0x00007fffe8ca7000 	C:\WINDOWS\System32\KERNELBASE.dll
0x00007fffe88b0000 - 0x00007fffe89b0000 	C:\WINDOWS\System32\ucrtbase.dll
0x00007fffc1f80000 - 0x00007fffc1f97000 	c:\Users\HP\.vscode\extensions\redhat.java-1.25.0-win32-x64\jre\17.0.9-win32-x86_64\bin\jli.dll
0x00007fffe9750000 - 0x00007fffe98f0000 	C:\WINDOWS\System32\USER32.dll
0x00007fffe89b0000 - 0x00007fffe89d2000 	C:\WINDOWS\System32\win32u.dll
0x00007fffe99f0000 - 0x00007fffe9a1a000 	C:\WINDOWS\System32\GDI32.dll
0x00007fffe8e00000 - 0x00007fffe8f0a000 	C:\WINDOWS\System32\gdi32full.dll
0x00007fffe8ce0000 - 0x00007fffe8d7d000 	C:\WINDOWS\System32\msvcp_win.dll
0x00007fffc1e70000 - 0x00007fffc1e8b000 	c:\Users\HP\.vscode\extensions\redhat.java-1.25.0-win32-x64\jre\17.0.9-win32-x86_64\bin\VCRUNTIME140.dll
0x00007fffd0210000 - 0x00007fffd04aa000 	C:\WINDOWS\WinSxS\amd64_microsoft.windows.common-controls_6595b64144ccf1df_6.0.19041.1_none_b555e41d4684ddec\COMCTL32.dll
0x00007fffe9220000 - 0x00007fffe92be000 	C:\WINDOWS\System32\msvcrt.dll
0x00007fffea720000 - 0x00007fffea750000 	C:\WINDOWS\System32\IMM32.DLL
0x00007fffdc6f0000 - 0x00007fffdc6fc000 	c:\Users\HP\.vscode\extensions\redhat.java-1.25.0-win32-x64\jre\17.0.9-win32-x86_64\bin\vcruntime140_1.dll
0x00007fff9e170000 - 0x00007fff9e1fd000 	c:\Users\HP\.vscode\extensions\redhat.java-1.25.0-win32-x64\jre\17.0.9-win32-x86_64\bin\msvcp140.dll
0x00007fff98370000 - 0x00007fff98fd1000 	c:\Users\HP\.vscode\extensions\redhat.java-1.25.0-win32-x64\jre\17.0.9-win32-x86_64\bin\server\jvm.dll
0x00007fffe9170000 - 0x00007fffe921a000 	C:\WINDOWS\System32\ADVAPI32.dll
0x00007fffe9950000 - 0x00007fffe99eb000 	C:\WINDOWS\System32\sechost.dll
0x00007fffe9b40000 - 0x00007fffe9c63000 	C:\WINDOWS\System32\RPCRT4.dll
0x00007fffe7e60000 - 0x00007fffe7eab000 	C:\WINDOWS\SYSTEM32\POWRPROF.dll
0x00007fffdc100000 - 0x00007fffdc109000 	C:\WINDOWS\SYSTEM32\WSOCK32.dll
0x00007fffeafb0000 - 0x00007fffeb01b000 	C:\WINDOWS\System32\WS2_32.dll
0x00007fffdd870000 - 0x00007fffdd897000 	C:\WINDOWS\SYSTEM32\WINMM.dll
0x00007fffdb930000 - 0x00007fffdb93a000 	C:\WINDOWS\SYSTEM32\VERSION.dll
0x00007fffe7cd0000 - 0x00007fffe7ce2000 	C:\WINDOWS\SYSTEM32\UMPDC.dll
0x00007fffe67e0000 - 0x00007fffe67f3000 	C:\WINDOWS\SYSTEM32\kernel.appcore.dll
0x00007fffdc0c0000 - 0x00007fffdc0ca000 	c:\Users\HP\.vscode\extensions\redhat.java-1.25.0-win32-x64\jre\17.0.9-win32-x86_64\bin\jimage.dll
0x00007fffdb740000 - 0x00007fffdb924000 	C:\WINDOWS\SYSTEM32\DBGHELP.DLL
0x00007fffdb6b0000 - 0x00007fffdb6dc000 	C:\WINDOWS\SYSTEM32\dbgcore.DLL
0x00007fffe8d80000 - 0x00007fffe8dff000 	C:\WINDOWS\System32\bcryptPrimitives.dll
0x00007fffd1200000 - 0x00007fffd120e000 	c:\Users\HP\.vscode\extensions\redhat.java-1.25.0-win32-x64\jre\17.0.9-win32-x86_64\bin\instrument.dll
0x00007fffbe090000 - 0x00007fffbe0b5000 	c:\Users\HP\.vscode\extensions\redhat.java-1.25.0-win32-x64\jre\17.0.9-win32-x86_64\bin\java.dll
0x00007fffbdf90000 - 0x00007fffbdfa8000 	c:\Users\HP\.vscode\extensions\redhat.java-1.25.0-win32-x64\jre\17.0.9-win32-x86_64\bin\zip.dll

dbghelp: loaded successfully - version: 4.0.5 - missing functions: none
symbol engine: initialized successfully - sym options: 0x614 - pdb path: .;c:\Users\HP\.vscode\extensions\redhat.java-1.25.0-win32-x64\jre\17.0.9-win32-x86_64\bin;C:\WINDOWS\SYSTEM32;C:\WINDOWS\WinSxS\amd64_microsoft.windows.common-controls_6595b64144ccf1df_6.0.19041.1_none_b555e41d4684ddec;c:\Users\HP\.vscode\extensions\redhat.java-1.25.0-win32-x64\jre\17.0.9-win32-x86_64\bin\server

VM Arguments:
jvm_args: --add-modules=ALL-SYSTEM --add-opens=java.base/java.util=ALL-UNNAMED --add-opens=java.base/java.lang=ALL-UNNAMED --add-opens=java.base/sun.nio.fs=ALL-UNNAMED -Declipse.application=org.eclipse.jdt.ls.core.id1 -Dosgi.bundles.defaultStartLevel=4 -Declipse.product=org.eclipse.jdt.ls.core.product -Djava.import.generatesMetadataFilesAtProjectRoot=false -DDetectVMInstallationsJob.disabled=true -Dfile.encoding=utf8 -XX:+UseParallelGC -XX:GCTimeRatio=4 -XX:AdaptiveSizePolicyWeight=90 -Dsun.zip.disableMemoryMapping=true -Xmx1G -Xms100m -Xlog:disable -javaagent:c:\Users\HP\.vscode\extensions\redhat.java-1.25.0-win32-x64\lombok\lombok-1.18.30.jar -XX:+HeapDumpOnOutOfMemoryError -XX:HeapDumpPath=c:\Users\HP\AppData\Roaming\Code\User\workspaceStorage\7145003809ee5229b52fc69e90d06eaa\redhat.java -Daether.dependencyCollector.impl=bf 
java_command: c:\Users\HP\.vscode\extensions\redhat.java-1.25.0-win32-x64\server\plugins\org.eclipse.equinox.launcher_1.6.600.v20231012-1237.jar -configuration c:\Users\HP\AppData\Roaming\Code\User\globalStorage\redhat.java\1.25.0\config_win -data c:\Users\HP\AppData\Roaming\Code\User\workspaceStorage\7145003809ee5229b52fc69e90d06eaa\redhat.java\jdt_ws --stdio
java_class_path (initial): c:\Users\HP\.vscode\extensions\redhat.java-1.25.0-win32-x64\server\plugins\org.eclipse.equinox.launcher_1.6.600.v20231012-1237.jar
Launcher Type: SUN_STANDARD

[Global flags]
    uintx AdaptiveSizePolicyWeight                 = 90                                        {product} {command line}
     intx CICompilerCount                          = 3                                         {product} {ergonomic}
    uintx GCTimeRatio                              = 4                                         {product} {command line}
     bool HeapDumpOnOutOfMemoryError               = true                                   {manageable} {command line}
    ccstr HeapDumpPath                             = c:\Users\HP\AppData\Roaming\Code\User\workspaceStorage\7145003809ee5229b52fc69e90d06eaa\redhat.java         {manageable} {command line}
   size_t InitialHeapSize                          = 104857600                                 {product} {command line}
   size_t MaxHeapSize                              = 1073741824                                {product} {command line}
   size_t MaxNewSize                               = 357564416                                 {product} {ergonomic}
   size_t MinHeapDeltaBytes                        = 524288                                    {product} {ergonomic}
   size_t MinHeapSize                              = 104857600                                 {product} {command line}
   size_t NewSize                                  = 34603008                                  {product} {ergonomic}
    uintx NonNMethodCodeHeapSize                   = 5832780                                {pd product} {ergonomic}
    uintx NonProfiledCodeHeapSize                  = 122912730                              {pd product} {ergonomic}
   size_t OldSize                                  = 70254592                                  {product} {ergonomic}
    uintx ProfiledCodeHeapSize                     = 122912730                              {pd product} {ergonomic}
    uintx ReservedCodeCacheSize                    = 251658240                              {pd product} {ergonomic}
     bool SegmentedCodeCache                       = true                                      {product} {ergonomic}
   size_t SoftMaxHeapSize                          = 1073741824                             {manageable} {ergonomic}
     bool UseCompressedClassPointers               = true                           {product lp64_product} {ergonomic}
     bool UseCompressedOops                        = true                           {product lp64_product} {ergonomic}
     bool UseLargePagesIndividualAllocation        = false                                  {pd product} {ergonomic}
     bool UseParallelGC                            = true                                      {product} {command line}

Logging:
Log output configuration:
 #0: stdout all=off uptime,level,tags
 #1: stderr all=off uptime,level,tags

Environment Variables:
JAVA_HOME=C:\Program Files\Java\jdk1.8.0_45
CLASSPATH=%CLASSPATH%;%JUNIT_HOME%\junit-4.13.2.jar;hamcrest-core-1.3.jar;;E:\kiemthunangcao\junit\junit-4.13.2.jar;hamcrest-core-1.3.jar;;E:\kiemthunangcao\junit\junit-4.13.2.jar;hamcrest-core-1.3.jar;
PATH=C:\ProgramData\Oracle\Java\javapath;C:\Program Files (x86)\Common Files\Oracle\Java\javapath;C:\WINDOWS\system32;C:\WINDOWS;C:\WINDOWS\System32\Wbem;C:\WINDOWS\System32\WindowsPowerShell\v1.0\;C:\Users\HP\Downloads\winlibs-x86_64-posix-seh-gcc-11.2.0-llvm-12.0.1-mingw-w64-9.0.0-r1\mingw64\bin;C:\WINDOWS\System32\OpenSSH\;C:\Program Files\Broadcom\Broadcom 802.11\Driver;C:\Program Files\Azure Data Studio\bin;C:\Program Files\Java\jdk1.8.0_45;C:\Program Files\Java\jdbc\sqljdbc42.jar;d:\Program Files(x86)\100\Tools\Binn\;d:\Program Files\100\Tools\Binn\;d:\Program Files\100\DTS\Binn\;C:\Program Files (x86)\Microsoft SQL Server\100\Tools\Binn\;C:\Program Files (x86)\Microsoft SQL Server\100\Tools\Binn\VSShell\Common7\IDE\;C:\Program Files (x86)\Microsoft SQL Server\100\DTS\Binn\;C:\Program Files (x86)\Microsoft SQL Server\110\Tools\Binn\;C:\Program Files (x86)\Microsoft SQL Server\110\DTS\Binn\;C:\Program Files (x86)\Microsoft SQL Server\160\Tools\Binn\;C:\Program Files\Microsoft SQL Server\160\Tools\Binn\;C:\Program Files\Microsoft SQL Server\Client SDK\ODBC\170\Tools\Binn\;C:\Program Files\Microsoft SQL Server\160\DTS\Binn\;C:\Program Files (x86)\Microsoft SQL Server\160\DTS\Binn\;C:\Program Files\Java\jdk1.8.0_45\bin;E:\vs\Git\cmd;C:\Users\HP\AppData\Local\Microsoft\WindowsApps;C:\Users\HP\Downloads\winlibs-x86_64-posix-seh-gcc-11.2.0-llvm-12.0.1-mingw-w64-9.0.0-r1\mingw64\bin;;C:\Program Files\Azure Data Studio\bin;E:\vs\Microsoft VS Code\bin
USERNAME=HP
OS=Windows_NT
PROCESSOR_IDENTIFIER=Intel64 Family 6 Model 58 Stepping 9, GenuineIntel
TMP=C:\Users\HP\AppData\Local\Temp
TEMP=D:\



Periodic native trim disabled


---------------  S Y S T E M  ---------------

OS:
 Windows 10 , 64 bit Build 19041 (10.0.19041.1)
OS uptime: 0 days 0:51 hours

CPU: total 4 (initial active 4) (2 cores per cpu, 2 threads per core) family 6 model 58 stepping 9 microcode 0x21, cx8, cmov, fxsr, ht, mmx, sse, sse2, sse3, ssse3, sse4.1, sse4.2, popcnt, tsc, tscinvbit, avx, aes, erms, clmul, vzeroupper, clflush
Processor Information for all 4 processors :
  Max Mhz: 2401, Current Mhz: 2401, Mhz Limit: 2401

Memory: 4k page, system-wide physical 3959M (383M free)
TotalPageFile size 5857M (AvailPageFile size 5M)
current process WorkingSet (physical memory assigned to process): 15M, peak: 15M
current process commit charge ("private bytes"): 158M, peak: 159M

vm_info: OpenJDK 64-Bit Server VM (17.0.9+9) for windows-amd64 JRE (17.0.9+9), built on Oct 26 2023 14:01:42 by "admin" with MS VC++ 16.10 / 16.11 (VS2019)

END.
