#
# There is insufficient memory for the Java Runtime Environment to continue.
# Native memory allocation (malloc) failed to allocate 1278736 bytes for Chunk::new
# Possible reasons:
#   The system is out of physical RAM or swap space
#   The process is running with CompressedOops enabled, and the Java Heap may be blocking the growth of the native heap
# Possible solutions:
#   Reduce memory load on the system
#   Increase physical memory or swap space
#   Check if swap backing store is full
#   Decrease Java heap size (-Xmx/-Xms)
#   Decrease number of Java threads
#   Decrease Java thread stack sizes (-Xss)
#   Set larger code cache with -XX:ReservedCodeCacheSize=
#   JVM is running with Unscaled Compressed Oops mode in which the Java heap is
#     placed in the first 4GB address space. The Java Heap base address is the
#     maximum limit for the native heap growth. Please use -XX:HeapBaseMinAddress
#     to set the Java Heap base and to place the Java Heap above 4GB virtual address.
# This output file may be truncated or incomplete.
#
#  Out of Memory Error (arena.cpp:191), pid=11664, tid=4412
#
# JRE version: OpenJDK Runtime Environment Temurin-17.0.9+9 (17.0.9+9) (build 17.0.9+9)
# Java VM: OpenJDK 64-Bit Server VM Temurin-17.0.9+9 (17.0.9+9, mixed mode, tiered, compressed oops, compressed class ptrs, parallel gc, windows-amd64)
# No core dump will be written. Minidumps are not enabled by default on client versions of Windows
#

---------------  S U M M A R Y ------------

Command Line: --add-modules=ALL-SYSTEM --add-opens=java.base/java.util=ALL-UNNAMED --add-opens=java.base/java.lang=ALL-UNNAMED --add-opens=java.base/sun.nio.fs=ALL-UNNAMED -Declipse.application=org.eclipse.jdt.ls.core.id1 -Dosgi.bundles.defaultStartLevel=4 -Declipse.product=org.eclipse.jdt.ls.core.product -Djava.import.generatesMetadataFilesAtProjectRoot=false -DDetectVMInstallationsJob.disabled=true -Dfile.encoding=utf8 -XX:+UseParallelGC -XX:GCTimeRatio=4 -XX:AdaptiveSizePolicyWeight=90 -Dsun.zip.disableMemoryMapping=true -Xmx1G -Xms100m -Xlog:disable -javaagent:c:\Users\HP\.vscode\extensions\redhat.java-1.25.0-win32-x64\lombok\lombok-1.18.30.jar c:\Users\HP\.vscode\extensions\redhat.java-1.25.0-win32-x64\server\plugins\org.eclipse.equinox.launcher_1.6.600.v20231012-1237.jar -configuration c:\Users\HP\AppData\Roaming\Code\User\globalStorage\redhat.java\1.25.0\config_ss_win -data c:\Users\HP\AppData\Roaming\Code\User\workspaceStorage\7145003809ee5229b52fc69e90d06eaa\redhat.java\ss_ws --stdio

Host: Intel(R) Core(TM) i5-3437U CPU @ 1.90GHz, 4 cores, 3G,  Windows 10 , 64 bit Build 19041 (10.0.19041.1)
Time: Sat Dec  2 03:36:25 2023 SE Asia Standard Time elapsed time: 10.255553 seconds (0d 0h 0m 10s)

---------------  T H R E A D  ---------------

Current thread (0x0000020255749580):  JavaThread "C2 CompilerThread1" daemon [_thread_in_native, id=4412, stack(0x0000003876900000,0x0000003876a00000)]


Current CompileTask:
C2:  10255 4644       4       org.eclipse.jdt.internal.compiler.parser.Parser::consumeRule (7878 bytes)

Stack: [0x0000003876900000,0x0000003876a00000]
Native frames: (J=compiled Java code, j=interpreted, Vv=VM code, C=native code)
V  [jvm.dll+0x67cf49]
V  [jvm.dll+0x83478a]
V  [jvm.dll+0x83624e]
V  [jvm.dll+0x8368b3]
V  [jvm.dll+0x247f1f]
V  [jvm.dll+0xac43c]
V  [jvm.dll+0xaca8c]
V  [jvm.dll+0x367012]
V  [jvm.dll+0x3313ba]
V  [jvm.dll+0x33085a]
V  [jvm.dll+0x21a5b1]
V  [jvm.dll+0x2199d1]
V  [jvm.dll+0x1a57cd]
V  [jvm.dll+0x2297ae]
V  [jvm.dll+0x22797c]
V  [jvm.dll+0x7e9877]
V  [jvm.dll+0x7e3c3a]
V  [jvm.dll+0x67be35]
C  [ucrtbase.dll+0x21542]
C  [KERNEL32.DLL+0x16fd4]
C  [ntdll.dll+0x4cf31]


---------------  P R O C E S S  ---------------

Threads class SMR info:
_java_thread_list=0x00000202536689c0, length=30, elements={
0x0000020238dd96d0, 0x0000020238e97cc0, 0x000002024cc1e130, 0x000002024cc54160,
0x000002024cc55690, 0x000002024cc59880, 0x000002024cc5a290, 0x000002024cc60570,
0x000002024cc616d0, 0x000002024cc61fe0, 0x0000020251e295a0, 0x0000020252112790,
0x00000202529a1470, 0x000002025283c9f0, 0x0000020252544a30, 0x0000020252ab4030,
0x00000202529c8a00, 0x00000202529c7fe0, 0x00000202529c9930, 0x00000202529c9420,
0x00000202529c84f0, 0x000002025353b5f0, 0x0000020253539280, 0x0000020253539ca0,
0x000002025353b0e0, 0x000002025353cf40, 0x0000020253536f10, 0x0000020253539790,
0x000002025353ca30, 0x0000020255749580
}

Java Threads: ( => current thread )
  0x0000020238dd96d0 JavaThread "main" [_thread_blocked, id=4812, stack(0x0000003875200000,0x0000003875300000)]
  0x0000020238e97cc0 JavaThread "Reference Handler" daemon [_thread_blocked, id=8148, stack(0x0000003875500000,0x0000003875600000)]
  0x000002024cc1e130 JavaThread "Finalizer" daemon [_thread_blocked, id=5520, stack(0x0000003875600000,0x0000003875700000)]
  0x000002024cc54160 JavaThread "Signal Dispatcher" daemon [_thread_blocked, id=4976, stack(0x0000003875700000,0x0000003875800000)]
  0x000002024cc55690 JavaThread "Attach Listener" daemon [_thread_blocked, id=3692, stack(0x0000003875800000,0x0000003875900000)]
  0x000002024cc59880 JavaThread "Service Thread" daemon [_thread_blocked, id=8956, stack(0x0000003875900000,0x0000003875a00000)]
  0x000002024cc5a290 JavaThread "Monitor Deflation Thread" daemon [_thread_blocked, id=10072, stack(0x0000003875a00000,0x0000003875b00000)]
  0x000002024cc60570 JavaThread "C2 CompilerThread0" daemon [_thread_in_native, id=8400, stack(0x0000003875b00000,0x0000003875c00000)]
  0x000002024cc616d0 JavaThread "C1 CompilerThread0" daemon [_thread_in_native, id=11604, stack(0x0000003875c00000,0x0000003875d00000)]
  0x000002024cc61fe0 JavaThread "Sweeper thread" daemon [_thread_blocked, id=1916, stack(0x0000003875d00000,0x0000003875e00000)]
  0x0000020251e295a0 JavaThread "Common-Cleaner" daemon [_thread_blocked, id=10064, stack(0x0000003875e00000,0x0000003875f00000)]
  0x0000020252112790 JavaThread "Notification Thread" daemon [_thread_blocked, id=9420, stack(0x0000003876000000,0x0000003876100000)]
  0x00000202529a1470 JavaThread "Active Thread: Equinox Container: d593a5b6-e997-4dd1-af60-102c3bb16c7a" [_thread_blocked, id=10396, stack(0x0000003876500000,0x0000003876600000)]
  0x000002025283c9f0 JavaThread "Framework Event Dispatcher: Equinox Container: d593a5b6-e997-4dd1-af60-102c3bb16c7a" daemon [_thread_blocked, id=5852, stack(0x0000003876600000,0x0000003876700000)]
  0x0000020252544a30 JavaThread "Start Level: Equinox Container: d593a5b6-e997-4dd1-af60-102c3bb16c7a" daemon [_thread_blocked, id=8436, stack(0x0000003876700000,0x0000003876800000)]
  0x0000020252ab4030 JavaThread "SCR Component Actor" daemon [_thread_blocked, id=6652, stack(0x0000003876800000,0x0000003876900000)]
  0x00000202529c8a00 JavaThread "Worker-JM" [_thread_blocked, id=7780, stack(0x0000003876400000,0x0000003876500000)]
  0x00000202529c7fe0 JavaThread "Worker-0" [_thread_blocked, id=8320, stack(0x0000003876a00000,0x0000003876b00000)]
  0x00000202529c9930 JavaThread "Worker-1" [_thread_blocked, id=7928, stack(0x0000003876b00000,0x0000003876c00000)]
  0x00000202529c9420 JavaThread "Worker-2" [_thread_blocked, id=6460, stack(0x0000003876e00000,0x0000003876f00000)]
  0x00000202529c84f0 JavaThread "Worker-3" [_thread_blocked, id=2424, stack(0x0000003876d00000,0x0000003876e00000)]
  0x000002025353b5f0 JavaThread "JNA Cleaner" daemon [_thread_blocked, id=1064, stack(0x0000003876c00000,0x0000003876d00000)]
  0x0000020253539280 JavaThread "Worker-4" [_thread_blocked, id=452, stack(0x0000003877000000,0x0000003877100000)]
  0x0000020253539ca0 JavaThread "pool-2-thread-1" [_thread_blocked, id=1436, stack(0x0000003877100000,0x0000003877200000)]
  0x000002025353b0e0 JavaThread "WorkspaceEventsHandler" [_thread_blocked, id=10564, stack(0x0000003877200000,0x0000003877300000)]
  0x000002025353cf40 JavaThread "pool-1-thread-1" [_thread_in_native, id=3884, stack(0x0000003877300000,0x0000003877400000)]
  0x0000020253536f10 JavaThread "ForkJoinPool.commonPool-worker-1" daemon [_thread_in_vm, id=3340, stack(0x0000003877400000,0x0000003877500000)]
  0x0000020253539790 JavaThread "ForkJoinPool.commonPool-worker-2" daemon [_thread_in_Java, id=3780, stack(0x0000003877500000,0x0000003877600000)]
  0x000002025353ca30 JavaThread "ForkJoinPool.commonPool-worker-3" daemon [_thread_in_Java, id=3600, stack(0x0000003877600000,0x0000003877700000)]
=>0x0000020255749580 JavaThread "C2 CompilerThread1" daemon [_thread_in_native, id=4412, stack(0x0000003876900000,0x0000003876a00000)]

Other Threads:
  0x000002024cc0c980 VMThread "VM Thread" [stack: 0x0000003875400000,0x0000003875500000] [id=9536]
  0x0000020252112c70 WatcherThread [stack: 0x0000003876100000,0x0000003876200000] [id=11524]
  0x0000020238defd20 GCTaskThread "GC Thread#0" [stack: 0x0000003875300000,0x0000003875400000] [id=11108]
  0x000002025298dbd0 GCTaskThread "GC Thread#1" [stack: 0x0000003875f00000,0x0000003876000000] [id=5636]
  0x000002025298de90 GCTaskThread "GC Thread#2" [stack: 0x0000003876200000,0x0000003876300000] [id=7656]
  0x000002025298e150 GCTaskThread "GC Thread#3" [stack: 0x0000003876300000,0x0000003876400000] [id=4592]

Threads with active compile tasks:
C2 CompilerThread0    10284 4671       4       org.eclipse.jdt.internal.compiler.parser.Scanner::getNextToken (182 bytes)
C1 CompilerThread0    10284 4760       3       org.eclipse.jdt.internal.compiler.lookup.BinaryTypeBinding::createMethod (1717 bytes)
C2 CompilerThread1    10284 4644       4       org.eclipse.jdt.internal.compiler.parser.Parser::consumeRule (7878 bytes)

VM state: not at safepoint (normal execution)

VM Mutex/Monitor currently owned by a thread: None

Heap address: 0x00000000c0000000, size: 1024 MB, Compressed Oops mode: 32-bit

CDS archive(s) not mapped
Compressed class space mapped at: 0x0000000100000000-0x0000000140000000, reserved size: 1073741824
Narrow klass base: 0x0000000000000000, Narrow klass shift: 3, Narrow klass range: 0x140000000

GC Precious Log:
 CPUs: 4 total, 4 available
 Memory: 3959M
 Large Page Support: Disabled
 NUMA Support: Disabled
 Compressed Oops: Enabled (32-bit)
 Alignments: Space 512K, Generation 512K, Heap 2M
 Heap Min Capacity: 100M
 Heap Initial Capacity: 100M
 Heap Max Capacity: 1G
 Pre-touch: Disabled
 Parallel Workers: 4

Heap:
 PSYoungGen      total 22528K, used 13000K [0x00000000eab00000, 0x00000000ec380000, 0x0000000100000000)
  eden space 21504K, 57% used [0x00000000eab00000,0x00000000eb71f530,0x00000000ec000000)
  from space 1024K, 57% used [0x00000000ec200000,0x00000000ec292ea0,0x00000000ec300000)
  to   space 512K, 0% used [0x00000000ec300000,0x00000000ec300000,0x00000000ec380000)
 ParOldGen       total 68608K, used 19724K [0x00000000c0000000, 0x00000000c4300000, 0x00000000eab00000)
  object space 68608K, 28% used [0x00000000c0000000,0x00000000c1343130,0x00000000c4300000)
 Metaspace       used 44473K, committed 45312K, reserved 1114112K
  class space    used 4487K, committed 4864K, reserved 1048576K

Card table byte_map: [0x00000202387a0000,0x00000202389b0000] _byte_map_base: 0x00000202381a0000

Marking Bits: (ParMarkBitMap*) 0x00007fff98f0d0b0
 Begin Bits: [0x000002024aa80000, 0x000002024ba80000)
 End Bits:   [0x000002024ba80000, 0x000002024ca80000)

Polling page: 0x0000020236f70000

Metaspace:

Usage:
  Non-class:     39.05 MB used.
      Class:      4.38 MB used.
       Both:     43.43 MB used.

Virtual space:
  Non-class space:       64.00 MB reserved,      39.50 MB ( 62%) committed,  1 nodes.
      Class space:        1.00 GB reserved,       4.75 MB ( <1%) committed,  1 nodes.
             Both:        1.06 GB reserved,      44.25 MB (  4%) committed. 

Chunk freelists:
   Non-Class:  8.11 MB
       Class:  11.12 MB
        Both:  19.23 MB

MaxMetaspaceSize: unlimited
CompressedClassSpaceSize: 1.00 GB
Initial GC threshold: 21.00 MB
Current GC threshold: 58.38 MB
CDS: off
MetaspaceReclaimPolicy: balanced
 - commit_granule_bytes: 65536.
 - commit_granule_words: 8192.
 - virtual_space_node_default_size: 8388608.
 - enlarge_chunks_in_place: 1.
 - new_chunks_are_fully_committed: 0.
 - uncommit_free_chunks: 1.
 - use_allocation_guard: 0.
 - handle_deallocations: 1.


Internal statistics:

num_allocs_failed_limit: 6.
num_arena_births: 400.
num_arena_deaths: 14.
num_vsnodes_births: 2.
num_vsnodes_deaths: 0.
num_space_committed: 708.
num_space_uncommitted: 0.
num_chunks_returned_to_freelist: 20.
num_chunks_taken_from_freelist: 1898.
num_chunk_merges: 10.
num_chunk_splits: 1232.
num_chunks_enlarged: 801.
num_inconsistent_stats: 0.

CodeHeap 'non-profiled nmethods': size=120000Kb used=2409Kb max_used=2409Kb free=117590Kb
 bounds [0x0000020243550000, 0x00000202437c0000, 0x000002024aa80000]
CodeHeap 'profiled nmethods': size=120000Kb used=10854Kb max_used=10854Kb free=109145Kb
 bounds [0x000002023ba80000, 0x000002023c520000, 0x0000020242fb0000]
CodeHeap 'non-nmethods': size=5760Kb used=1318Kb max_used=1405Kb free=4441Kb
 bounds [0x0000020242fb0000, 0x0000020243220000, 0x0000020243550000]
 total_blobs=5390 nmethods=4740 adapters=563
 compilation: enabled
              stopped_count=0, restarted_count=0
 full_count=0

Compilation events (20 events):
Event: 10.228 Thread 0x000002024cc616d0 4726       3       org.eclipse.jdt.core.compiler.CharOperation::lastIndexOf (24 bytes)
Event: 10.228 Thread 0x000002024cc616d0 nmethod 4726 0x000002023c4fe910 code [0x000002023c4feac0, 0x000002023c4fed18]
Event: 10.239 Thread 0x000002024cc616d0 4727       3       org.eclipse.osgi.storage.bundlefile.BundleFile::createResourceURL (47 bytes)
Event: 10.240 Thread 0x000002024cc616d0 nmethod 4727 0x000002023c4fee10 code [0x000002023c4fefe0, 0x000002023c4ff408]
Event: 10.240 Thread 0x000002024cc616d0 4728       3       org.eclipse.jdt.core.compiler.CharOperation::subarray (47 bytes)
Event: 10.240 Thread 0x000002024cc616d0 nmethod 4728 0x000002023c4ff690 code [0x000002023c4ff860, 0x000002023c4ffc28]
Event: 10.240 Thread 0x000002024cc616d0 4729       3       org.eclipse.jdt.internal.compiler.parser.Parser::getAnnotationType (116 bytes)
Event: 10.241 Thread 0x000002024cc616d0 nmethod 4729 0x000002023c4ffd90 code [0x000002023c4fffa0, 0x000002023c500618]
Event: 10.241 Thread 0x000002024cc616d0 4730       3       org.eclipse.jdt.internal.compiler.ast.Annotation::<init> (15 bytes)
Event: 10.241 Thread 0x000002024cc616d0 nmethod 4730 0x000002023c500890 code [0x000002023c500a40, 0x000002023c500cf8]
Event: 10.242 Thread 0x000002024cc616d0 4731       3       org.eclipse.jdt.internal.compiler.lookup.ReferenceBinding::hashCode (38 bytes)
Event: 10.242 Thread 0x000002024cc616d0 nmethod 4731 0x000002023c500e10 code [0x000002023c500fe0, 0x000002023c501278]
Event: 10.243 Thread 0x000002024cc616d0 4732       3       org.eclipse.jdt.internal.compiler.lookup.ModuleBinding::getVisiblePackage (440 bytes)
Event: 10.247 Thread 0x000002024cc616d0 nmethod 4732 0x000002023c501390 code [0x000002023c501860, 0x000002023c504528]
Event: 10.248 Thread 0x000002024cc616d0 4733       3       org.eclipse.jdt.internal.core.util.MementoTokenizer::escape (195 bytes)
Event: 10.249 Thread 0x000002024cc616d0 nmethod 4733 0x000002023c505610 code [0x000002023c505860, 0x000002023c506578]
Event: 10.249 Thread 0x000002024cc616d0 4734  s    3       java.io.FileDescriptor::close (9 bytes)
Event: 10.250 Thread 0x000002024cc616d0 nmethod 4734 0x000002023c506b10 code [0x000002023c506ce0, 0x000002023c507118]
Event: 10.250 Thread 0x000002024cc616d0 4735  s    3       java.io.FileDescriptor::unregisterCleanup (20 bytes)
Event: 10.250 Thread 0x000002024cc616d0 nmethod 4735 0x000002023c507290 code [0x000002023c507440, 0x000002023c507708]

GC Heap History (20 events):
Event: 5.558 GC heap before
{Heap before GC invocations=8 (full 1):
 PSYoungGen      total 25600K, used 25582K [0x00000000eab00000, 0x00000000ec700000, 0x0000000100000000)
  eden space 24576K, 100% used [0x00000000eab00000,0x00000000ec300000,0x00000000ec300000)
  from space 1024K, 98% used [0x00000000ec600000,0x00000000ec6fb828,0x00000000ec700000)
  to   space 1536K, 0% used [0x00000000ec400000,0x00000000ec400000,0x00000000ec580000)
 ParOldGen       total 68608K, used 7062K [0x00000000c0000000, 0x00000000c4300000, 0x00000000eab00000)
  object space 68608K, 10% used [0x00000000c0000000,0x00000000c06e5860,0x00000000c4300000)
 Metaspace       used 28649K, committed 29184K, reserved 1114112K
  class space    used 2746K, committed 3008K, reserved 1048576K
}
Event: 5.560 GC heap after
{Heap after GC invocations=8 (full 1):
 PSYoungGen      total 25600K, used 1506K [0x00000000eab00000, 0x00000000ec680000, 0x0000000100000000)
  eden space 24064K, 0% used [0x00000000eab00000,0x00000000eab00000,0x00000000ec280000)
  from space 1536K, 98% used [0x00000000ec400000,0x00000000ec5788f0,0x00000000ec580000)
  to   space 1024K, 0% used [0x00000000ec580000,0x00000000ec580000,0x00000000ec680000)
 ParOldGen       total 68608K, used 7150K [0x00000000c0000000, 0x00000000c4300000, 0x00000000eab00000)
  object space 68608K, 10% used [0x00000000c0000000,0x00000000c06fb860,0x00000000c4300000)
 Metaspace       used 28649K, committed 29184K, reserved 1114112K
  class space    used 2746K, committed 3008K, reserved 1048576K
}
Event: 6.107 GC heap before
{Heap before GC invocations=9 (full 1):
 PSYoungGen      total 25600K, used 25570K [0x00000000eab00000, 0x00000000ec680000, 0x0000000100000000)
  eden space 24064K, 100% used [0x00000000eab00000,0x00000000ec280000,0x00000000ec280000)
  from space 1536K, 98% used [0x00000000ec400000,0x00000000ec5788f0,0x00000000ec580000)
  to   space 1024K, 0% used [0x00000000ec580000,0x00000000ec580000,0x00000000ec680000)
 ParOldGen       total 68608K, used 7150K [0x00000000c0000000, 0x00000000c4300000, 0x00000000eab00000)
  object space 68608K, 10% used [0x00000000c0000000,0x00000000c06fb860,0x00000000c4300000)
 Metaspace       used 32258K, committed 32960K, reserved 1114112K
  class space    used 3156K, committed 3520K, reserved 1048576K
}
Event: 6.111 GC heap after
{Heap after GC invocations=9 (full 1):
 PSYoungGen      total 24576K, used 1023K [0x00000000eab00000, 0x00000000ec900000, 0x0000000100000000)
  eden space 23552K, 0% used [0x00000000eab00000,0x00000000eab00000,0x00000000ec200000)
  from space 1024K, 99% used [0x00000000ec580000,0x00000000ec67fe18,0x00000000ec680000)
  to   space 3584K, 0% used [0x00000000ec200000,0x00000000ec200000,0x00000000ec580000)
 ParOldGen       total 68608K, used 8987K [0x00000000c0000000, 0x00000000c4300000, 0x00000000eab00000)
  object space 68608K, 13% used [0x00000000c0000000,0x00000000c08c6f20,0x00000000c4300000)
 Metaspace       used 32258K, committed 32960K, reserved 1114112K
  class space    used 3156K, committed 3520K, reserved 1048576K
}
Event: 6.598 GC heap before
{Heap before GC invocations=10 (full 1):
 PSYoungGen      total 24576K, used 22278K [0x00000000eab00000, 0x00000000ec900000, 0x0000000100000000)
  eden space 23552K, 90% used [0x00000000eab00000,0x00000000ebfc1c60,0x00000000ec200000)
  from space 1024K, 99% used [0x00000000ec580000,0x00000000ec67fe18,0x00000000ec680000)
  to   space 3584K, 0% used [0x00000000ec200000,0x00000000ec200000,0x00000000ec580000)
 ParOldGen       total 68608K, used 8987K [0x00000000c0000000, 0x00000000c4300000, 0x00000000eab00000)
  object space 68608K, 13% used [0x00000000c0000000,0x00000000c08c6f20,0x00000000c4300000)
 Metaspace       used 35122K, committed 35840K, reserved 1114112K
  class space    used 3490K, committed 3840K, reserved 1048576K
}
Event: 6.600 GC heap after
{Heap after GC invocations=10 (full 1):
 PSYoungGen      total 25600K, used 1764K [0x00000000eab00000, 0x00000000ec700000, 0x0000000100000000)
  eden space 23552K, 0% used [0x00000000eab00000,0x00000000eab00000,0x00000000ec200000)
  from space 2048K, 86% used [0x00000000ec200000,0x00000000ec3b9370,0x00000000ec400000)
  to   space 2560K, 0% used [0x00000000ec480000,0x00000000ec480000,0x00000000ec700000)
 ParOldGen       total 68608K, used 9411K [0x00000000c0000000, 0x00000000c4300000, 0x00000000eab00000)
  object space 68608K, 13% used [0x00000000c0000000,0x00000000c0930c50,0x00000000c4300000)
 Metaspace       used 35122K, committed 35840K, reserved 1114112K
  class space    used 3490K, committed 3840K, reserved 1048576K
}
Event: 6.600 GC heap before
{Heap before GC invocations=11 (full 2):
 PSYoungGen      total 25600K, used 1764K [0x00000000eab00000, 0x00000000ec700000, 0x0000000100000000)
  eden space 23552K, 0% used [0x00000000eab00000,0x00000000eab00000,0x00000000ec200000)
  from space 2048K, 86% used [0x00000000ec200000,0x00000000ec3b9370,0x00000000ec400000)
  to   space 2560K, 0% used [0x00000000ec480000,0x00000000ec480000,0x00000000ec700000)
 ParOldGen       total 68608K, used 9411K [0x00000000c0000000, 0x00000000c4300000, 0x00000000eab00000)
  object space 68608K, 13% used [0x00000000c0000000,0x00000000c0930c50,0x00000000c4300000)
 Metaspace       used 35122K, committed 35840K, reserved 1114112K
  class space    used 3490K, committed 3840K, reserved 1048576K
}
Event: 6.637 GC heap after
{Heap after GC invocations=11 (full 2):
 PSYoungGen      total 25600K, used 0K [0x00000000eab00000, 0x00000000ec700000, 0x0000000100000000)
  eden space 23552K, 0% used [0x00000000eab00000,0x00000000eab00000,0x00000000ec200000)
  from space 2048K, 0% used [0x00000000ec200000,0x00000000ec200000,0x00000000ec400000)
  to   space 2560K, 0% used [0x00000000ec480000,0x00000000ec480000,0x00000000ec700000)
 ParOldGen       total 68608K, used 10768K [0x00000000c0000000, 0x00000000c4300000, 0x00000000eab00000)
  object space 68608K, 15% used [0x00000000c0000000,0x00000000c0a840d8,0x00000000c4300000)
 Metaspace       used 35122K, committed 35840K, reserved 1114112K
  class space    used 3490K, committed 3840K, reserved 1048576K
}
Event: 7.178 GC heap before
{Heap before GC invocations=12 (full 2):
 PSYoungGen      total 25600K, used 23552K [0x00000000eab00000, 0x00000000ec700000, 0x0000000100000000)
  eden space 23552K, 100% used [0x00000000eab00000,0x00000000ec200000,0x00000000ec200000)
  from space 2048K, 0% used [0x00000000ec200000,0x00000000ec200000,0x00000000ec400000)
  to   space 2560K, 0% used [0x00000000ec480000,0x00000000ec480000,0x00000000ec700000)
 ParOldGen       total 68608K, used 10768K [0x00000000c0000000, 0x00000000c4300000, 0x00000000eab00000)
  object space 68608K, 15% used [0x00000000c0000000,0x00000000c0a840d8,0x00000000c4300000)
 Metaspace       used 37823K, committed 38528K, reserved 1114112K
  class space    used 3832K, committed 4160K, reserved 1048576K
}
Event: 7.181 GC heap after
{Heap after GC invocations=12 (full 2):
 PSYoungGen      total 24064K, used 2558K [0x00000000eab00000, 0x00000000eca80000, 0x0000000100000000)
  eden space 21504K, 0% used [0x00000000eab00000,0x00000000eab00000,0x00000000ec000000)
  from space 2560K, 99% used [0x00000000ec480000,0x00000000ec6ffb00,0x00000000ec700000)
  to   space 4608K, 0% used [0x00000000ec000000,0x00000000ec000000,0x00000000ec480000)
 ParOldGen       total 68608K, used 11986K [0x00000000c0000000, 0x00000000c4300000, 0x00000000eab00000)
  object space 68608K, 17% used [0x00000000c0000000,0x00000000c0bb4900,0x00000000c4300000)
 Metaspace       used 37823K, committed 38528K, reserved 1114112K
  class space    used 3832K, committed 4160K, reserved 1048576K
}
Event: 7.609 GC heap before
{Heap before GC invocations=13 (full 2):
 PSYoungGen      total 24064K, used 24062K [0x00000000eab00000, 0x00000000eca80000, 0x0000000100000000)
  eden space 21504K, 100% used [0x00000000eab00000,0x00000000ec000000,0x00000000ec000000)
  from space 2560K, 99% used [0x00000000ec480000,0x00000000ec6ffb00,0x00000000ec700000)
  to   space 4608K, 0% used [0x00000000ec000000,0x00000000ec000000,0x00000000ec480000)
 ParOldGen       total 68608K, used 11986K [0x00000000c0000000, 0x00000000c4300000, 0x00000000eab00000)
  object space 68608K, 17% used [0x00000000c0000000,0x00000000c0bb4900,0x00000000c4300000)
 Metaspace       used 38194K, committed 38848K, reserved 1114112K
  class space    used 3862K, committed 4160K, reserved 1048576K
}
Event: 7.615 GC heap after
{Heap after GC invocations=13 (full 2):
 PSYoungGen      total 25600K, used 3744K [0x00000000eab00000, 0x00000000ec800000, 0x0000000100000000)
  eden space 21504K, 0% used [0x00000000eab00000,0x00000000eab00000,0x00000000ec000000)
  from space 4096K, 91% used [0x00000000ec000000,0x00000000ec3a8000,0x00000000ec400000)
  to   space 4096K, 0% used [0x00000000ec400000,0x00000000ec400000,0x00000000ec800000)
 ParOldGen       total 68608K, used 12466K [0x00000000c0000000, 0x00000000c4300000, 0x00000000eab00000)
  object space 68608K, 18% used [0x00000000c0000000,0x00000000c0c2c9a0,0x00000000c4300000)
 Metaspace       used 38194K, committed 38848K, reserved 1114112K
  class space    used 3862K, committed 4160K, reserved 1048576K
}
Event: 8.519 GC heap before
{Heap before GC invocations=14 (full 2):
 PSYoungGen      total 25600K, used 25213K [0x00000000eab00000, 0x00000000ec800000, 0x0000000100000000)
  eden space 21504K, 99% used [0x00000000eab00000,0x00000000ebff7620,0x00000000ec000000)
  from space 4096K, 91% used [0x00000000ec000000,0x00000000ec3a8000,0x00000000ec400000)
  to   space 4096K, 0% used [0x00000000ec400000,0x00000000ec400000,0x00000000ec800000)
 ParOldGen       total 68608K, used 12466K [0x00000000c0000000, 0x00000000c4300000, 0x00000000eab00000)
  object space 68608K, 18% used [0x00000000c0000000,0x00000000c0c2c9a0,0x00000000c4300000)
 Metaspace       used 39938K, committed 40704K, reserved 1114112K
  class space    used 4053K, committed 4352K, reserved 1048576K
}
Event: 8.525 GC heap after
{Heap after GC invocations=14 (full 2):
 PSYoungGen      total 22528K, used 640K [0x00000000eab00000, 0x00000000ec500000, 0x0000000100000000)
  eden space 21504K, 0% used [0x00000000eab00000,0x00000000eab00000,0x00000000ec000000)
  from space 1024K, 62% used [0x00000000ec400000,0x00000000ec4a0000,0x00000000ec500000)
  to   space 2048K, 0% used [0x00000000ec100000,0x00000000ec100000,0x00000000ec300000)
 ParOldGen       total 68608K, used 16165K [0x00000000c0000000, 0x00000000c4300000, 0x00000000eab00000)
  object space 68608K, 23% used [0x00000000c0000000,0x00000000c0fc9690,0x00000000c4300000)
 Metaspace       used 39938K, committed 40704K, reserved 1114112K
  class space    used 4053K, committed 4352K, reserved 1048576K
}
Event: 9.179 GC heap before
{Heap before GC invocations=15 (full 2):
 PSYoungGen      total 22528K, used 22144K [0x00000000eab00000, 0x00000000ec500000, 0x0000000100000000)
  eden space 21504K, 100% used [0x00000000eab00000,0x00000000ec000000,0x00000000ec000000)
  from space 1024K, 62% used [0x00000000ec400000,0x00000000ec4a0000,0x00000000ec500000)
  to   space 2048K, 0% used [0x00000000ec100000,0x00000000ec100000,0x00000000ec300000)
 ParOldGen       total 68608K, used 16165K [0x00000000c0000000, 0x00000000c4300000, 0x00000000eab00000)
  object space 68608K, 23% used [0x00000000c0000000,0x00000000c0fc9690,0x00000000c4300000)
 Metaspace       used 41801K, committed 42624K, reserved 1114112K
  class space    used 4225K, committed 4608K, reserved 1048576K
}
Event: 9.181 GC heap after
{Heap after GC invocations=15 (full 2):
 PSYoungGen      total 23552K, used 1024K [0x00000000eab00000, 0x00000000ec480000, 0x0000000100000000)
  eden space 21504K, 0% used [0x00000000eab00000,0x00000000eab00000,0x00000000ec000000)
  from space 2048K, 50% used [0x00000000ec100000,0x00000000ec200020,0x00000000ec300000)
  to   space 1536K, 0% used [0x00000000ec300000,0x00000000ec300000,0x00000000ec480000)
 ParOldGen       total 68608K, used 16465K [0x00000000c0000000, 0x00000000c4300000, 0x00000000eab00000)
  object space 68608K, 23% used [0x00000000c0000000,0x00000000c1014500,0x00000000c4300000)
 Metaspace       used 41801K, committed 42624K, reserved 1114112K
  class space    used 4225K, committed 4608K, reserved 1048576K
}
Event: 9.699 GC heap before
{Heap before GC invocations=16 (full 2):
 PSYoungGen      total 23552K, used 22528K [0x00000000eab00000, 0x00000000ec480000, 0x0000000100000000)
  eden space 21504K, 100% used [0x00000000eab00000,0x00000000ec000000,0x00000000ec000000)
  from space 2048K, 50% used [0x00000000ec100000,0x00000000ec200020,0x00000000ec300000)
  to   space 1536K, 0% used [0x00000000ec300000,0x00000000ec300000,0x00000000ec480000)
 ParOldGen       total 68608K, used 16465K [0x00000000c0000000, 0x00000000c4300000, 0x00000000eab00000)
  object space 68608K, 23% used [0x00000000c0000000,0x00000000c1014500,0x00000000c4300000)
 Metaspace       used 43012K, committed 43776K, reserved 1114112K
  class space    used 4369K, committed 4736K, reserved 1048576K
}
Event: 9.704 GC heap after
{Heap after GC invocations=16 (full 2):
 PSYoungGen      total 22528K, used 576K [0x00000000eab00000, 0x00000000ec400000, 0x0000000100000000)
  eden space 21504K, 0% used [0x00000000eab00000,0x00000000eab00000,0x00000000ec000000)
  from space 1024K, 56% used [0x00000000ec300000,0x00000000ec390000,0x00000000ec400000)
  to   space 1024K, 0% used [0x00000000ec200000,0x00000000ec200000,0x00000000ec300000)
 ParOldGen       total 68608K, used 17361K [0x00000000c0000000, 0x00000000c4300000, 0x00000000eab00000)
  object space 68608K, 25% used [0x00000000c0000000,0x00000000c10f4510,0x00000000c4300000)
 Metaspace       used 43012K, committed 43776K, reserved 1114112K
  class space    used 4369K, committed 4736K, reserved 1048576K
}
Event: 10.124 GC heap before
{Heap before GC invocations=17 (full 2):
 PSYoungGen      total 22528K, used 20749K [0x00000000eab00000, 0x00000000ec400000, 0x0000000100000000)
  eden space 21504K, 93% used [0x00000000eab00000,0x00000000ebeb36e8,0x00000000ec000000)
  from space 1024K, 56% used [0x00000000ec300000,0x00000000ec390000,0x00000000ec400000)
  to   space 1024K, 0% used [0x00000000ec200000,0x00000000ec200000,0x00000000ec300000)
 ParOldGen       total 68608K, used 17361K [0x00000000c0000000, 0x00000000c4300000, 0x00000000eab00000)
  object space 68608K, 25% used [0x00000000c0000000,0x00000000c10f4510,0x00000000c4300000)
 Metaspace       used 44193K, committed 45056K, reserved 1114112K
  class space    used 4468K, committed 4864K, reserved 1048576K
}
Event: 10.128 GC heap after
{Heap after GC invocations=17 (full 2):
 PSYoungGen      total 22528K, used 587K [0x00000000eab00000, 0x00000000ec380000, 0x0000000100000000)
  eden space 21504K, 0% used [0x00000000eab00000,0x00000000eab00000,0x00000000ec000000)
  from space 1024K, 57% used [0x00000000ec200000,0x00000000ec292ea0,0x00000000ec300000)
  to   space 512K, 0% used [0x00000000ec300000,0x00000000ec300000,0x00000000ec380000)
 ParOldGen       total 68608K, used 19724K [0x00000000c0000000, 0x00000000c4300000, 0x00000000eab00000)
  object space 68608K, 28% used [0x00000000c0000000,0x00000000c1343130,0x00000000c4300000)
 Metaspace       used 44193K, committed 45056K, reserved 1114112K
  class space    used 4468K, committed 4864K, reserved 1048576K
}

Dll operation events (10 events):
Event: 0.029 Loaded shared library c:\Users\HP\.vscode\extensions\redhat.java-1.25.0-win32-x64\jre\17.0.9-win32-x86_64\bin\java.dll
Event: 0.273 Loaded shared library c:\Users\HP\.vscode\extensions\redhat.java-1.25.0-win32-x64\jre\17.0.9-win32-x86_64\bin\zip.dll
Event: 0.276 Loaded shared library C:\Users\HP\.vscode\extensions\redhat.java-1.25.0-win32-x64\jre\17.0.9-win32-x86_64\bin\instrument.dll
Event: 0.297 Loaded shared library C:\Users\HP\.vscode\extensions\redhat.java-1.25.0-win32-x64\jre\17.0.9-win32-x86_64\bin\net.dll
Event: 0.301 Loaded shared library C:\Users\HP\.vscode\extensions\redhat.java-1.25.0-win32-x64\jre\17.0.9-win32-x86_64\bin\nio.dll
Event: 0.316 Loaded shared library C:\Users\HP\.vscode\extensions\redhat.java-1.25.0-win32-x64\jre\17.0.9-win32-x86_64\bin\zip.dll
Event: 0.352 Loaded shared library C:\Users\HP\.vscode\extensions\redhat.java-1.25.0-win32-x64\jre\17.0.9-win32-x86_64\bin\jimage.dll
Event: 0.466 Loaded shared library c:\Users\HP\.vscode\extensions\redhat.java-1.25.0-win32-x64\jre\17.0.9-win32-x86_64\bin\verify.dll
Event: 2.411 Loaded shared library C:\Users\HP\AppData\Roaming\Code\User\globalStorage\redhat.java\1.25.0\config_ss_win\org.eclipse.equinox.launcher\org.eclipse.equinox.launcher.win32.win32.x86_64_1.2.800.v20231003-1442\eclipse_11802.dll
Event: 6.279 Loaded shared library C:\Users\HP\AppData\Local\Temp\jna-2312\jna15207272190841199002.dll

Deoptimization events (20 events):
Event: 10.198 Thread 0x0000020253539790 Uncommon trap: trap_request=0xffffffde fr.pc=0x000002024375d250 relative=0x0000000000000ef0
Event: 10.198 Thread 0x0000020253539790 Uncommon trap: reason=class_check action=maybe_recompile pc=0x000002024375d250 method=lombok.eclipse.EclipseNode.traverse(Llombok/eclipse/EclipseASTVisitor;)V @ 509 c2
Event: 10.198 Thread 0x0000020253539790 DEOPT PACKING pc=0x000002024375d250 sp=0x00000038775fc6c0
Event: 10.198 Thread 0x0000020253539790 DEOPT UNPACKING pc=0x00000202430066a3 sp=0x00000038775fc660 mode 2
Event: 10.198 Thread 0x0000020253539790 Uncommon trap: trap_request=0xffffffde fr.pc=0x000002024375d250 relative=0x0000000000000ef0
Event: 10.198 Thread 0x0000020253539790 Uncommon trap: reason=class_check action=maybe_recompile pc=0x000002024375d250 method=lombok.eclipse.EclipseNode.traverse(Llombok/eclipse/EclipseASTVisitor;)V @ 509 c2
Event: 10.198 Thread 0x0000020253539790 DEOPT PACKING pc=0x000002024375d250 sp=0x00000038775fc6c0
Event: 10.198 Thread 0x0000020253539790 DEOPT UNPACKING pc=0x00000202430066a3 sp=0x00000038775fc660 mode 2
Event: 10.198 Thread 0x0000020253539790 Uncommon trap: trap_request=0xffffffde fr.pc=0x000002024375d250 relative=0x0000000000000ef0
Event: 10.198 Thread 0x0000020253539790 Uncommon trap: reason=class_check action=maybe_recompile pc=0x000002024375d250 method=lombok.eclipse.EclipseNode.traverse(Llombok/eclipse/EclipseASTVisitor;)V @ 509 c2
Event: 10.198 Thread 0x0000020253539790 DEOPT PACKING pc=0x000002024375d250 sp=0x00000038775fc6c0
Event: 10.198 Thread 0x0000020253539790 DEOPT UNPACKING pc=0x00000202430066a3 sp=0x00000038775fc660 mode 2
Event: 10.198 Thread 0x0000020253539790 Uncommon trap: trap_request=0xffffffde fr.pc=0x000002024375d250 relative=0x0000000000000ef0
Event: 10.198 Thread 0x0000020253539790 Uncommon trap: reason=class_check action=maybe_recompile pc=0x000002024375d250 method=lombok.eclipse.EclipseNode.traverse(Llombok/eclipse/EclipseASTVisitor;)V @ 509 c2
Event: 10.198 Thread 0x0000020253539790 DEOPT PACKING pc=0x000002024375d250 sp=0x00000038775fc6c0
Event: 10.198 Thread 0x0000020253539790 DEOPT UNPACKING pc=0x00000202430066a3 sp=0x00000038775fc660 mode 2
Event: 10.209 Thread 0x0000020253539790 Uncommon trap: trap_request=0xffffff45 fr.pc=0x0000020243775df8 relative=0x00000000000000d8
Event: 10.209 Thread 0x0000020253539790 Uncommon trap: reason=unstable_if action=reinterpret pc=0x0000020243775df8 method=org.eclipse.jdt.internal.compiler.parser.Scanner.scanIdentifierOrKeyword()I @ 27 c2
Event: 10.209 Thread 0x0000020253539790 DEOPT PACKING pc=0x0000020243775df8 sp=0x00000038775fd0f0
Event: 10.209 Thread 0x0000020253539790 DEOPT UNPACKING pc=0x00000202430066a3 sp=0x00000038775fd070 mode 2

Classes unloaded (7 events):
Event: 3.594 Thread 0x000002024cc0c980 Unloading class 0x000000010021a000 'java/lang/invoke/LambdaForm$MH+0x000000010021a000'
Event: 3.594 Thread 0x000002024cc0c980 Unloading class 0x0000000100219c00 'java/lang/invoke/LambdaForm$MH+0x0000000100219c00'
Event: 3.594 Thread 0x000002024cc0c980 Unloading class 0x0000000100219800 'java/lang/invoke/LambdaForm$MH+0x0000000100219800'
Event: 3.594 Thread 0x000002024cc0c980 Unloading class 0x0000000100219400 'java/lang/invoke/LambdaForm$MH+0x0000000100219400'
Event: 3.594 Thread 0x000002024cc0c980 Unloading class 0x0000000100219000 'java/lang/invoke/LambdaForm$BMH+0x0000000100219000'
Event: 3.594 Thread 0x000002024cc0c980 Unloading class 0x0000000100218c00 'java/lang/invoke/LambdaForm$DMH+0x0000000100218c00'
Event: 3.594 Thread 0x000002024cc0c980 Unloading class 0x0000000100216000 'java/lang/invoke/LambdaForm$DMH+0x0000000100216000'

Classes redefined (0 events):
No events

Internal exceptions (20 events):
Event: 10.169 Thread 0x000002025353ca30 Implicit null exception at 0x000002024378fad4 to 0x0000020243790c80
Event: 10.189 Thread 0x0000020253536f10 Exception <a 'java/lang/NullPointerException'{0x00000000eaf38908}> (0x00000000eaf38908) 
thrown [s\src\hotspot\share\interpreter\linkResolver.cpp, line 1350]
Event: 10.198 Thread 0x0000020253536f10 Exception <a 'java/lang/NullPointerException'{0x00000000eaf6be30}> (0x00000000eaf6be30) 
thrown [s\src\hotspot\share\interpreter\linkResolver.cpp, line 1350]
Event: 10.199 Thread 0x0000020253536f10 Exception <a 'java/lang/NullPointerException'{0x00000000eaf6cb30}> (0x00000000eaf6cb30) 
thrown [s\src\hotspot\share\interpreter\linkResolver.cpp, line 1350]
Event: 10.199 Thread 0x0000020253536f10 Exception <a 'java/lang/NullPointerException'{0x00000000eaf6d430}> (0x00000000eaf6d430) 
thrown [s\src\hotspot\share\interpreter\linkResolver.cpp, line 1350]
Event: 10.199 Thread 0x0000020253536f10 Exception <a 'java/lang/NullPointerException'{0x00000000eaf6df10}> (0x00000000eaf6df10) 
thrown [s\src\hotspot\share\interpreter\linkResolver.cpp, line 1350]
Event: 10.199 Thread 0x0000020253536f10 Exception <a 'java/lang/NullPointerException'{0x00000000eaf6e798}> (0x00000000eaf6e798) 
thrown [s\src\hotspot\share\interpreter\linkResolver.cpp, line 1350]
Event: 10.200 Thread 0x0000020253536f10 Exception <a 'java/lang/NullPointerException'{0x00000000eaf6f5d8}> (0x00000000eaf6f5d8) 
thrown [s\src\hotspot\share\interpreter\linkResolver.cpp, line 1350]
Event: 10.200 Thread 0x0000020253536f10 Exception <a 'java/lang/NullPointerException'{0x00000000eaf70970}> (0x00000000eaf70970) 
thrown [s\src\hotspot\share\interpreter\linkResolver.cpp, line 1350]
Event: 10.201 Thread 0x0000020253536f10 Exception <a 'java/lang/NullPointerException'{0x00000000eaf72860}> (0x00000000eaf72860) 
thrown [s\src\hotspot\share\interpreter\linkResolver.cpp, line 1350]
Event: 10.201 Thread 0x0000020253536f10 Exception <a 'java/lang/NullPointerException'{0x00000000eaf73db8}> (0x00000000eaf73db8) 
thrown [s\src\hotspot\share\interpreter\linkResolver.cpp, line 1350]
Event: 10.201 Thread 0x0000020253536f10 Exception <a 'java/lang/NullPointerException'{0x00000000eaf74338}> (0x00000000eaf74338) 
thrown [s\src\hotspot\share\interpreter\linkResolver.cpp, line 1350]
Event: 10.201 Thread 0x0000020253536f10 Exception <a 'java/lang/NullPointerException'{0x00000000eaf74e80}> (0x00000000eaf74e80) 
thrown [s\src\hotspot\share\interpreter\linkResolver.cpp, line 1350]
Event: 10.201 Thread 0x0000020253536f10 Exception <a 'java/lang/NullPointerException'{0x00000000eaf75458}> (0x00000000eaf75458) 
thrown [s\src\hotspot\share\interpreter\linkResolver.cpp, line 1350]
Event: 10.201 Thread 0x0000020253536f10 Exception <a 'java/lang/NullPointerException'{0x00000000eaf75c20}> (0x00000000eaf75c20) 
thrown [s\src\hotspot\share\interpreter\linkResolver.cpp, line 1350]
Event: 10.201 Thread 0x0000020253536f10 Exception <a 'java/lang/NullPointerException'{0x00000000eaf76140}> (0x00000000eaf76140) 
thrown [s\src\hotspot\share\interpreter\linkResolver.cpp, line 1350]
Event: 10.202 Thread 0x0000020253536f10 Exception <a 'java/lang/NullPointerException'{0x00000000eaf76618}> (0x00000000eaf76618) 
thrown [s\src\hotspot\share\interpreter\linkResolver.cpp, line 1350]
Event: 10.202 Thread 0x0000020253536f10 Exception <a 'java/lang/NullPointerException'{0x00000000eaf77f48}> (0x00000000eaf77f48) 
thrown [s\src\hotspot\share\interpreter\linkResolver.cpp, line 1350]
Event: 10.202 Thread 0x0000020253536f10 Exception <a 'java/lang/NullPointerException'{0x00000000eaf78638}> (0x00000000eaf78638) 
thrown [s\src\hotspot\share\interpreter\linkResolver.cpp, line 1350]
Event: 10.202 Thread 0x0000020253536f10 Exception <a 'java/lang/NullPointerException'{0x00000000eaf79d28}> (0x00000000eaf79d28) 
thrown [s\src\hotspot\share\interpreter\linkResolver.cpp, line 1350]

VM Operations (20 events):
Event: 9.417 Executing VM operation: HandshakeAllThreads
Event: 9.421 Executing VM operation: HandshakeAllThreads done
Event: 9.609 Executing VM operation: HandshakeAllThreads
Event: 9.609 Executing VM operation: HandshakeAllThreads done
Event: 9.620 Executing VM operation: HandshakeAllThreads
Event: 9.620 Executing VM operation: HandshakeAllThreads done
Event: 9.623 Executing VM operation: HandshakeAllThreads
Event: 9.623 Executing VM operation: HandshakeAllThreads done
Event: 9.628 Executing VM operation: HandshakeAllThreads
Event: 9.628 Executing VM operation: HandshakeAllThreads done
Event: 9.628 Executing VM operation: HandshakeAllThreads
Event: 9.628 Executing VM operation: HandshakeAllThreads done
Event: 9.695 Executing VM operation: ParallelGCFailedAllocation
Event: 9.704 Executing VM operation: ParallelGCFailedAllocation done
Event: 9.730 Executing VM operation: HandshakeAllThreads
Event: 9.730 Executing VM operation: HandshakeAllThreads done
Event: 10.009 Executing VM operation: HandshakeAllThreads
Event: 10.009 Executing VM operation: HandshakeAllThreads done
Event: 10.124 Executing VM operation: ParallelGCFailedAllocation
Event: 10.129 Executing VM operation: ParallelGCFailedAllocation done

Events (20 events):
Event: 8.951 loading class java/util/Hashtable$ValueCollection
Event: 8.951 loading class java/util/Hashtable$ValueCollection done
Event: 9.319 loading class java/util/regex/PatternSyntaxException
Event: 9.319 loading class java/util/regex/PatternSyntaxException done
Event: 9.362 loading class java/util/stream/MatchOps$MatchKind
Event: 9.362 loading class java/util/stream/MatchOps$MatchKind done
Event: 9.362 loading class java/util/stream/MatchOps
Event: 9.363 loading class java/util/stream/MatchOps done
Event: 9.363 loading class java/util/stream/MatchOps$MatchOp
Event: 9.363 loading class java/util/stream/MatchOps$MatchOp done
Event: 9.363 loading class java/util/stream/MatchOps$BooleanTerminalSink
Event: 9.363 loading class java/util/stream/MatchOps$BooleanTerminalSink done
Event: 9.364 loading class java/util/stream/MatchOps$1MatchSink
Event: 9.364 loading class java/util/stream/MatchOps$1MatchSink done
Event: 9.497 loading class java/util/concurrent/CompletionException
Event: 9.497 loading class java/util/concurrent/CompletionException done
Event: 10.021 loading class java/lang/UnsupportedClassVersionError
Event: 10.021 loading class java/lang/UnsupportedClassVersionError done
Event: 10.103 loading class jdk/internal/reflect/UnsafeQualifiedStaticIntegerFieldAccessorImpl
Event: 10.104 loading class jdk/internal/reflect/UnsafeQualifiedStaticIntegerFieldAccessorImpl done


Dynamic libraries:
0x00007ff71b710000 - 0x00007ff71b71e000 	c:\Users\HP\.vscode\extensions\redhat.java-1.25.0-win32-x64\jre\17.0.9-win32-x86_64\bin\java.exe
0x00007fffeb110000 - 0x00007fffeb304000 	C:\WINDOWS\SYSTEM32\ntdll.dll
0x00007fffe9a80000 - 0x00007fffe9b3d000 	C:\WINDOWS\System32\KERNEL32.DLL
0x00007fffe89e0000 - 0x00007fffe8ca7000 	C:\WINDOWS\System32\KERNELBASE.dll
0x00007fffe88b0000 - 0x00007fffe89b0000 	C:\WINDOWS\System32\ucrtbase.dll
0x00007fffc1f80000 - 0x00007fffc1f97000 	c:\Users\HP\.vscode\extensions\redhat.java-1.25.0-win32-x64\jre\17.0.9-win32-x86_64\bin\jli.dll
0x00007fffe9750000 - 0x00007fffe98f0000 	C:\WINDOWS\System32\USER32.dll
0x00007fffe89b0000 - 0x00007fffe89d2000 	C:\WINDOWS\System32\win32u.dll
0x00007fffe99f0000 - 0x00007fffe9a1a000 	C:\WINDOWS\System32\GDI32.dll
0x00007fffe8e00000 - 0x00007fffe8f0a000 	C:\WINDOWS\System32\gdi32full.dll
0x00007fffe8ce0000 - 0x00007fffe8d7d000 	C:\WINDOWS\System32\msvcp_win.dll
0x00007fffc1e70000 - 0x00007fffc1e8b000 	c:\Users\HP\.vscode\extensions\redhat.java-1.25.0-win32-x64\jre\17.0.9-win32-x86_64\bin\VCRUNTIME140.dll
0x00007fffd0210000 - 0x00007fffd04aa000 	C:\WINDOWS\WinSxS\amd64_microsoft.windows.common-controls_6595b64144ccf1df_6.0.19041.1_none_b555e41d4684ddec\COMCTL32.dll
0x00007fffe9220000 - 0x00007fffe92be000 	C:\WINDOWS\System32\msvcrt.dll
0x00007fffea720000 - 0x00007fffea750000 	C:\WINDOWS\System32\IMM32.DLL
0x00007fffdc6f0000 - 0x00007fffdc6fc000 	c:\Users\HP\.vscode\extensions\redhat.java-1.25.0-win32-x64\jre\17.0.9-win32-x86_64\bin\vcruntime140_1.dll
0x00007fff9e170000 - 0x00007fff9e1fd000 	c:\Users\HP\.vscode\extensions\redhat.java-1.25.0-win32-x64\jre\17.0.9-win32-x86_64\bin\msvcp140.dll
0x00007fff98370000 - 0x00007fff98fd1000 	c:\Users\HP\.vscode\extensions\redhat.java-1.25.0-win32-x64\jre\17.0.9-win32-x86_64\bin\server\jvm.dll
0x00007fffe9170000 - 0x00007fffe921a000 	C:\WINDOWS\System32\ADVAPI32.dll
0x00007fffe9950000 - 0x00007fffe99eb000 	C:\WINDOWS\System32\sechost.dll
0x00007fffe9b40000 - 0x00007fffe9c63000 	C:\WINDOWS\System32\RPCRT4.dll
0x00007fffe7e60000 - 0x00007fffe7eab000 	C:\WINDOWS\SYSTEM32\POWRPROF.dll
0x00007fffdc100000 - 0x00007fffdc109000 	C:\WINDOWS\SYSTEM32\WSOCK32.dll
0x00007fffeafb0000 - 0x00007fffeb01b000 	C:\WINDOWS\System32\WS2_32.dll
0x00007fffdd870000 - 0x00007fffdd897000 	C:\WINDOWS\SYSTEM32\WINMM.dll
0x00007fffdb930000 - 0x00007fffdb93a000 	C:\WINDOWS\SYSTEM32\VERSION.dll
0x00007fffe7cd0000 - 0x00007fffe7ce2000 	C:\WINDOWS\SYSTEM32\UMPDC.dll
0x00007fffe67e0000 - 0x00007fffe67f3000 	C:\WINDOWS\SYSTEM32\kernel.appcore.dll
0x00007fffdc0c0000 - 0x00007fffdc0ca000 	c:\Users\HP\.vscode\extensions\redhat.java-1.25.0-win32-x64\jre\17.0.9-win32-x86_64\bin\jimage.dll
0x00007fffdb740000 - 0x00007fffdb924000 	C:\WINDOWS\SYSTEM32\DBGHELP.DLL
0x00007fffdb6b0000 - 0x00007fffdb6dc000 	C:\WINDOWS\SYSTEM32\dbgcore.DLL
0x00007fffe8d80000 - 0x00007fffe8dff000 	C:\WINDOWS\System32\bcryptPrimitives.dll
0x00007fffd1200000 - 0x00007fffd120e000 	c:\Users\HP\.vscode\extensions\redhat.java-1.25.0-win32-x64\jre\17.0.9-win32-x86_64\bin\instrument.dll
0x00007fffbe090000 - 0x00007fffbe0b5000 	c:\Users\HP\.vscode\extensions\redhat.java-1.25.0-win32-x64\jre\17.0.9-win32-x86_64\bin\java.dll
0x00007fffbdf90000 - 0x00007fffbdfa8000 	c:\Users\HP\.vscode\extensions\redhat.java-1.25.0-win32-x64\jre\17.0.9-win32-x86_64\bin\zip.dll
0x00007fffe9d80000 - 0x00007fffea4b1000 	C:\WINDOWS\System32\SHELL32.dll
0x00007fffe69e0000 - 0x00007fffe716a000 	C:\WINDOWS\SYSTEM32\windows.storage.dll
0x00007fffeac50000 - 0x00007fffeafa4000 	C:\WINDOWS\System32\combase.dll
0x00007fffe82d0000 - 0x00007fffe82fb000 	C:\WINDOWS\SYSTEM32\Wldp.dll
0x00007fffeb020000 - 0x00007fffeb0ce000 	C:\WINDOWS\System32\SHCORE.dll
0x00007fffe96f0000 - 0x00007fffe9745000 	C:\WINDOWS\System32\shlwapi.dll
0x00007fffe8790000 - 0x00007fffe87af000 	C:\WINDOWS\SYSTEM32\profapi.dll
0x00007fffbdab0000 - 0x00007fffbdac9000 	C:\Users\HP\.vscode\extensions\redhat.java-1.25.0-win32-x64\jre\17.0.9-win32-x86_64\bin\net.dll
0x00007fffdd430000 - 0x00007fffdd532000 	C:\WINDOWS\SYSTEM32\WINHTTP.dll
0x00007fffe8050000 - 0x00007fffe80ba000 	C:\WINDOWS\system32\mswsock.dll
0x00007fffbd2d0000 - 0x00007fffbd2e6000 	C:\Users\HP\.vscode\extensions\redhat.java-1.25.0-win32-x64\jre\17.0.9-win32-x86_64\bin\nio.dll
0x00007fffc7330000 - 0x00007fffc7340000 	c:\Users\HP\.vscode\extensions\redhat.java-1.25.0-win32-x64\jre\17.0.9-win32-x86_64\bin\verify.dll
0x00007fffd9f90000 - 0x00007fffd9fce000 	C:\Users\HP\AppData\Roaming\Code\User\globalStorage\redhat.java\1.25.0\config_ss_win\org.eclipse.equinox.launcher\org.eclipse.equinox.launcher.win32.win32.x86_64_1.2.800.v20231003-1442\eclipse_11802.dll
0x00007fffea4d0000 - 0x00007fffea5fb000 	C:\WINDOWS\System32\ole32.dll
0x00007fffe8220000 - 0x00007fffe8238000 	C:\WINDOWS\SYSTEM32\CRYPTSP.dll
0x00007fffe7970000 - 0x00007fffe79a4000 	C:\WINDOWS\system32\rsaenh.dll
0x00007fffe8cb0000 - 0x00007fffe8cd7000 	C:\WINDOWS\System32\bcrypt.dll
0x00007fffe8710000 - 0x00007fffe873e000 	C:\WINDOWS\SYSTEM32\USERENV.dll
0x00007fffe8240000 - 0x00007fffe824c000 	C:\WINDOWS\SYSTEM32\CRYPTBASE.dll
0x00007fffe7cf0000 - 0x00007fffe7d2b000 	C:\WINDOWS\SYSTEM32\IPHLPAPI.DLL
0x00007fffea4c0000 - 0x00007fffea4c9000 	C:\WINDOWS\System32\NSI.dll
0x00007fffdd930000 - 0x00007fffdd947000 	C:\WINDOWS\SYSTEM32\dhcpcsvc6.DLL
0x00007fffdf500000 - 0x00007fffdf51d000 	C:\WINDOWS\SYSTEM32\dhcpcsvc.DLL
0x00007fffe7d30000 - 0x00007fffe7dfa000 	C:\WINDOWS\SYSTEM32\DNSAPI.dll
0x00007fffd9f40000 - 0x00007fffd9f85000 	C:\Users\HP\AppData\Local\Temp\jna-2312\jna15207272190841199002.dll
0x00007fffe9d50000 - 0x00007fffe9d58000 	C:\WINDOWS\System32\PSAPI.DLL

dbghelp: loaded successfully - version: 4.0.5 - missing functions: none
symbol engine: initialized successfully - sym options: 0x614 - pdb path: .;c:\Users\HP\.vscode\extensions\redhat.java-1.25.0-win32-x64\jre\17.0.9-win32-x86_64\bin;C:\WINDOWS\SYSTEM32;C:\WINDOWS\WinSxS\amd64_microsoft.windows.common-controls_6595b64144ccf1df_6.0.19041.1_none_b555e41d4684ddec;c:\Users\HP\.vscode\extensions\redhat.java-1.25.0-win32-x64\jre\17.0.9-win32-x86_64\bin\server;C:\Users\HP\AppData\Roaming\Code\User\globalStorage\redhat.java\1.25.0\config_ss_win\org.eclipse.equinox.launcher\org.eclipse.equinox.launcher.win32.win32.x86_64_1.2.800.v20231003-1442;C:\Users\HP\AppData\Local\Temp\jna-2312

VM Arguments:
jvm_args: --add-modules=ALL-SYSTEM --add-opens=java.base/java.util=ALL-UNNAMED --add-opens=java.base/java.lang=ALL-UNNAMED --add-opens=java.base/sun.nio.fs=ALL-UNNAMED -Declipse.application=org.eclipse.jdt.ls.core.id1 -Dosgi.bundles.defaultStartLevel=4 -Declipse.product=org.eclipse.jdt.ls.core.product -Djava.import.generatesMetadataFilesAtProjectRoot=false -DDetectVMInstallationsJob.disabled=true -Dfile.encoding=utf8 -XX:+UseParallelGC -XX:GCTimeRatio=4 -XX:AdaptiveSizePolicyWeight=90 -Dsun.zip.disableMemoryMapping=true -Xmx1G -Xms100m -Xlog:disable -javaagent:c:\Users\HP\.vscode\extensions\redhat.java-1.25.0-win32-x64\lombok\lombok-1.18.30.jar 
java_command: c:\Users\HP\.vscode\extensions\redhat.java-1.25.0-win32-x64\server\plugins\org.eclipse.equinox.launcher_1.6.600.v20231012-1237.jar -configuration c:\Users\HP\AppData\Roaming\Code\User\globalStorage\redhat.java\1.25.0\config_ss_win -data c:\Users\HP\AppData\Roaming\Code\User\workspaceStorage\7145003809ee5229b52fc69e90d06eaa\redhat.java\ss_ws --stdio
java_class_path (initial): c:\Users\HP\.vscode\extensions\redhat.java-1.25.0-win32-x64\server\plugins\org.eclipse.equinox.launcher_1.6.600.v20231012-1237.jar
Launcher Type: SUN_STANDARD

[Global flags]
    uintx AdaptiveSizePolicyWeight                 = 90                                        {product} {command line}
     intx CICompilerCount                          = 3                                         {product} {ergonomic}
    uintx GCTimeRatio                              = 4                                         {product} {command line}
   size_t InitialHeapSize                          = 104857600                                 {product} {command line}
   size_t MaxHeapSize                              = 1073741824                                {product} {command line}
   size_t MaxNewSize                               = 357564416                                 {product} {ergonomic}
   size_t MinHeapDeltaBytes                        = 524288                                    {product} {ergonomic}
   size_t MinHeapSize                              = 104857600                                 {product} {command line}
   size_t NewSize                                  = 34603008                                  {product} {ergonomic}
    uintx NonNMethodCodeHeapSize                   = 5832780                                {pd product} {ergonomic}
    uintx NonProfiledCodeHeapSize                  = 122912730                              {pd product} {ergonomic}
   size_t OldSize                                  = 70254592                                  {product} {ergonomic}
    uintx ProfiledCodeHeapSize                     = 122912730                              {pd product} {ergonomic}
    uintx ReservedCodeCacheSize                    = 251658240                              {pd product} {ergonomic}
     bool SegmentedCodeCache                       = true                                      {product} {ergonomic}
   size_t SoftMaxHeapSize                          = 1073741824                             {manageable} {ergonomic}
     bool UseCompressedClassPointers               = true                           {product lp64_product} {ergonomic}
     bool UseCompressedOops                        = true                           {product lp64_product} {ergonomic}
     bool UseLargePagesIndividualAllocation        = false                                  {pd product} {ergonomic}
     bool UseParallelGC                            = true                                      {product} {command line}

Logging:
Log output configuration:
 #0: stdout all=off uptime,level,tags
 #1: stderr all=off uptime,level,tags

Environment Variables:
JAVA_HOME=C:\Program Files\Java\jdk1.8.0_45
CLASSPATH=%CLASSPATH%;%JUNIT_HOME%\junit-4.13.2.jar;hamcrest-core-1.3.jar;;E:\kiemthunangcao\junit\junit-4.13.2.jar;hamcrest-core-1.3.jar;;E:\kiemthunangcao\junit\junit-4.13.2.jar;hamcrest-core-1.3.jar;
PATH=C:\ProgramData\Oracle\Java\javapath;C:\Program Files (x86)\Common Files\Oracle\Java\javapath;C:\WINDOWS\system32;C:\WINDOWS;C:\WINDOWS\System32\Wbem;C:\WINDOWS\System32\WindowsPowerShell\v1.0\;C:\Users\HP\Downloads\winlibs-x86_64-posix-seh-gcc-11.2.0-llvm-12.0.1-mingw-w64-9.0.0-r1\mingw64\bin;C:\WINDOWS\System32\OpenSSH\;C:\Program Files\Broadcom\Broadcom 802.11\Driver;C:\Program Files\Azure Data Studio\bin;C:\Program Files\Java\jdk1.8.0_45;C:\Program Files\Java\jdbc\sqljdbc42.jar;d:\Program Files(x86)\100\Tools\Binn\;d:\Program Files\100\Tools\Binn\;d:\Program Files\100\DTS\Binn\;C:\Program Files (x86)\Microsoft SQL Server\100\Tools\Binn\;C:\Program Files (x86)\Microsoft SQL Server\100\Tools\Binn\VSShell\Common7\IDE\;C:\Program Files (x86)\Microsoft SQL Server\100\DTS\Binn\;C:\Program Files (x86)\Microsoft SQL Server\110\Tools\Binn\;C:\Program Files (x86)\Microsoft SQL Server\110\DTS\Binn\;C:\Program Files (x86)\Microsoft SQL Server\160\Tools\Binn\;C:\Program Files\Microsoft SQL Server\160\Tools\Binn\;C:\Program Files\Microsoft SQL Server\Client SDK\ODBC\170\Tools\Binn\;C:\Program Files\Microsoft SQL Server\160\DTS\Binn\;C:\Program Files (x86)\Microsoft SQL Server\160\DTS\Binn\;C:\Program Files\Java\jdk1.8.0_45\bin;E:\vs\Git\cmd;C:\Users\HP\AppData\Local\Microsoft\WindowsApps;C:\Users\HP\Downloads\winlibs-x86_64-posix-seh-gcc-11.2.0-llvm-12.0.1-mingw-w64-9.0.0-r1\mingw64\bin;;C:\Program Files\Azure Data Studio\bin;E:\vs\Microsoft VS Code\bin
USERNAME=HP
OS=Windows_NT
PROCESSOR_IDENTIFIER=Intel64 Family 6 Model 58 Stepping 9, GenuineIntel
TMP=C:\Users\HP\AppData\Local\Temp
TEMP=D:\



Periodic native trim disabled


---------------  S Y S T E M  ---------------

OS:
 Windows 10 , 64 bit Build 19041 (10.0.19041.1)
OS uptime: 0 days 0:59 hours

CPU: total 4 (initial active 4) (2 cores per cpu, 2 threads per core) family 6 model 58 stepping 9 microcode 0x21, cx8, cmov, fxsr, ht, mmx, sse, sse2, sse3, ssse3, sse4.1, sse4.2, popcnt, tsc, tscinvbit, avx, aes, erms, clmul, vzeroupper, clflush
Processor Information for all 4 processors :
  Max Mhz: 2401, Current Mhz: 2401, Mhz Limit: 2401

Memory: 4k page, system-wide physical 3959M (515M free)
TotalPageFile size 5857M (AvailPageFile size 2M)
current process WorkingSet (physical memory assigned to process): 201M, peak: 203M
current process commit charge ("private bytes"): 281M, peak: 286M

vm_info: OpenJDK 64-Bit Server VM (17.0.9+9) for windows-amd64 JRE (17.0.9+9), built on Oct 26 2023 14:01:42 by "admin" with MS VC++ 16.10 / 16.11 (VS2019)

END.
