#
# There is insufficient memory for the Java Runtime Environment to continue.
# Native memory allocation (malloc) failed to allocate 1667088 bytes for Chunk::new
# Possible reasons:
#   The system is out of physical RAM or swap space
#   The process is running with CompressedOops enabled, and the Java Heap may be blocking the growth of the native heap
# Possible solutions:
#   Reduce memory load on the system
#   Increase physical memory or swap space
#   Check if swap backing store is full
#   Decrease Java heap size (-Xmx/-Xms)
#   Decrease number of Java threads
#   Decrease Java thread stack sizes (-Xss)
#   Set larger code cache with -XX:ReservedCodeCacheSize=
#   JVM is running with Unscaled Compressed Oops mode in which the Java heap is
#     placed in the first 4GB address space. The Java Heap base address is the
#     maximum limit for the native heap growth. Please use -XX:HeapBaseMinAddress
#     to set the Java Heap base and to place the Java Heap above 4GB virtual address.
# This output file may be truncated or incomplete.
#
#  Out of Memory Error (arena.cpp:191), pid=2452, tid=10452
#
# JRE version: OpenJDK Runtime Environment Temurin-17.0.9+9 (17.0.9+9) (build 17.0.9+9)
# Java VM: OpenJDK 64-Bit Server VM Temurin-17.0.9+9 (17.0.9+9, mixed mode, tiered, compressed oops, compressed class ptrs, parallel gc, windows-amd64)
# No core dump will be written. Minidumps are not enabled by default on client versions of Windows
#

---------------  S U M M A R Y ------------

Command Line: --add-modules=ALL-SYSTEM --add-opens=java.base/java.util=ALL-UNNAMED --add-opens=java.base/java.lang=ALL-UNNAMED --add-opens=java.base/sun.nio.fs=ALL-UNNAMED -Declipse.application=org.eclipse.jdt.ls.core.id1 -Dosgi.bundles.defaultStartLevel=4 -Declipse.product=org.eclipse.jdt.ls.core.product -Djava.import.generatesMetadataFilesAtProjectRoot=false -DDetectVMInstallationsJob.disabled=true -Dfile.encoding=utf8 -XX:+UseParallelGC -XX:GCTimeRatio=4 -XX:AdaptiveSizePolicyWeight=90 -Dsun.zip.disableMemoryMapping=true -Xmx1G -Xms100m -Xlog:disable -javaagent:c:\Users\HP\.vscode\extensions\redhat.java-1.25.0-win32-x64\lombok\lombok-1.18.30.jar c:\Users\HP\.vscode\extensions\redhat.java-1.25.0-win32-x64\server\plugins\org.eclipse.equinox.launcher_1.6.600.v20231012-1237.jar -configuration c:\Users\HP\AppData\Roaming\Code\User\globalStorage\redhat.java\1.25.0\config_ss_win -data c:\Users\HP\AppData\Roaming\Code\User\workspaceStorage\7145003809ee5229b52fc69e90d06eaa\redhat.java\ss_ws --stdio

Host: Intel(R) Core(TM) i5-3437U CPU @ 1.90GHz, 4 cores, 3G,  Windows 10 , 64 bit Build 19041 (10.0.19041.1)
Time: Fri Dec  1 16:52:58 2023 SE Asia Standard Time elapsed time: 9.662872 seconds (0d 0h 0m 9s)

---------------  T H R E A D  ---------------

Current thread (0x000001b4de741020):  JavaThread "C2 CompilerThread1" daemon [_thread_in_native, id=10452, stack(0x000000374c100000,0x000000374c200000)]


Current CompileTask:
C2:   9662 4027 %     4       org.lombokweb.asm.SymbolTable::<init> @ 98 (536 bytes)

Stack: [0x000000374c100000,0x000000374c200000]
Native frames: (J=compiled Java code, j=interpreted, Vv=VM code, C=native code)
V  [jvm.dll+0x67cf49]
V  [jvm.dll+0x83478a]
V  [jvm.dll+0x83624e]
V  [jvm.dll+0x8368b3]
V  [jvm.dll+0x247f1f]
V  [jvm.dll+0xac43c]
V  [jvm.dll+0xaca8c]
V  [jvm.dll+0x367067]
V  [jvm.dll+0x3313ba]
V  [jvm.dll+0x33085a]
V  [jvm.dll+0x21a5b1]
V  [jvm.dll+0x2199d1]
V  [jvm.dll+0x1a57cd]
V  [jvm.dll+0x2297ae]
V  [jvm.dll+0x22797c]
V  [jvm.dll+0x7e9877]
V  [jvm.dll+0x7e3c3a]
V  [jvm.dll+0x67be35]
C  [ucrtbase.dll+0x21542]
C  [KERNEL32.DLL+0x16fd4]
C  [ntdll.dll+0x4cf31]


---------------  P R O C E S S  ---------------

Threads class SMR info:
_java_thread_list=0x000001b4ddc83a40, length=26, elements={
0x000001b4c26eeae0, 0x000001b4c47da640, 0x000001b4c47dce00, 0x000001b4d8581270,
0x000001b4d8582000, 0x000001b4d8584ca0, 0x000001b4d85866e0, 0x000001b4d8587390,
0x000001b4dd7880e0, 0x000001b4d85bdcb0, 0x000001b4dd864760, 0x000001b4dda37760,
0x000001b4de313410, 0x000001b4de214b70, 0x000001b4de215050, 0x000001b4de274630,
0x000001b4de228e20, 0x000001b4de228400, 0x000001b4de229840, 0x000001b4de227ef0,
0x000001b4de229330, 0x000001b4df31d2f0, 0x000001b4df320080, 0x000001b4df31f150,
0x000001b4df31b9a0, 0x000001b4de741020
}

Java Threads: ( => current thread )
  0x000001b4c26eeae0 JavaThread "main" [_thread_blocked, id=11740, stack(0x000000374aa00000,0x000000374ab00000)]
  0x000001b4c47da640 JavaThread "Reference Handler" daemon [_thread_blocked, id=11932, stack(0x000000374ad00000,0x000000374ae00000)]
  0x000001b4c47dce00 JavaThread "Finalizer" daemon [_thread_blocked, id=11676, stack(0x000000374ae00000,0x000000374af00000)]
  0x000001b4d8581270 JavaThread "Signal Dispatcher" daemon [_thread_blocked, id=4240, stack(0x000000374af00000,0x000000374b000000)]
  0x000001b4d8582000 JavaThread "Attach Listener" daemon [_thread_blocked, id=10792, stack(0x000000374b000000,0x000000374b100000)]
  0x000001b4d8584ca0 JavaThread "Service Thread" daemon [_thread_blocked, id=7992, stack(0x000000374b100000,0x000000374b200000)]
  0x000001b4d85866e0 JavaThread "Monitor Deflation Thread" daemon [_thread_blocked, id=10972, stack(0x000000374b200000,0x000000374b300000)]
  0x000001b4d8587390 JavaThread "C2 CompilerThread0" daemon [_thread_in_native, id=1964, stack(0x000000374b300000,0x000000374b400000)]
  0x000001b4dd7880e0 JavaThread "C1 CompilerThread0" daemon [_thread_blocked, id=9652, stack(0x000000374b400000,0x000000374b500000)]
  0x000001b4d85bdcb0 JavaThread "Sweeper thread" daemon [_thread_blocked, id=11412, stack(0x000000374b500000,0x000000374b600000)]
  0x000001b4dd864760 JavaThread "Common-Cleaner" daemon [_thread_blocked, id=12184, stack(0x000000374b600000,0x000000374b700000)]
  0x000001b4dda37760 JavaThread "Notification Thread" daemon [_thread_blocked, id=11304, stack(0x000000374b700000,0x000000374b800000)]
  0x000001b4de313410 JavaThread "Active Thread: Equinox Container: 6ea8e2c8-670c-4ce5-b9ad-2128fea784b1" [_thread_blocked, id=12164, stack(0x000000374bd00000,0x000000374be00000)]
  0x000001b4de214b70 JavaThread "Framework Event Dispatcher: Equinox Container: 6ea8e2c8-670c-4ce5-b9ad-2128fea784b1" daemon [_thread_blocked, id=11544, stack(0x000000374be00000,0x000000374bf00000)]
  0x000001b4de215050 JavaThread "Start Level: Equinox Container: 6ea8e2c8-670c-4ce5-b9ad-2128fea784b1" daemon [_thread_blocked, id=11508, stack(0x000000374bf00000,0x000000374c000000)]
  0x000001b4de274630 JavaThread "SCR Component Actor" daemon [_thread_blocked, id=11560, stack(0x000000374c000000,0x000000374c100000)]
  0x000001b4de228e20 JavaThread "Worker-JM" [_thread_blocked, id=2012, stack(0x000000374bc00000,0x000000374bd00000)]
  0x000001b4de228400 JavaThread "Worker-0" [_thread_blocked, id=11472, stack(0x000000374c300000,0x000000374c400000)]
  0x000001b4de229840 JavaThread "Worker-1" [_thread_blocked, id=11448, stack(0x000000374c400000,0x000000374c500000)]
  0x000001b4de227ef0 JavaThread "JNA Cleaner" daemon [_thread_blocked, id=9796, stack(0x000000374c500000,0x000000374c600000)]
  0x000001b4de229330 JavaThread "pool-2-thread-1" [_thread_blocked, id=6524, stack(0x000000374c600000,0x000000374c700000)]
  0x000001b4df31d2f0 JavaThread "WorkspaceEventsHandler" [_thread_blocked, id=11512, stack(0x000000374c700000,0x000000374c800000)]
  0x000001b4df320080 JavaThread "pool-1-thread-1" [_thread_in_native, id=3056, stack(0x000000374c800000,0x000000374c900000)]
  0x000001b4df31f150 JavaThread "ForkJoinPool.commonPool-worker-1" daemon [_thread_in_Java, id=11280, stack(0x000000374c200000,0x000000374c300000)]
  0x000001b4df31b9a0 JavaThread "ForkJoinPool.commonPool-worker-2" daemon [_thread_blocked, id=10864, stack(0x000000374c900000,0x000000374ca00000)]
=>0x000001b4de741020 JavaThread "C2 CompilerThread1" daemon [_thread_in_native, id=10452, stack(0x000000374c100000,0x000000374c200000)]

Other Threads:
  0x000001b4d854cd20 VMThread "VM Thread" [stack: 0x000000374ac00000,0x000000374ad00000] [id=12204]
  0x000001b4dda37c40 WatcherThread [stack: 0x000000374b800000,0x000000374b900000] [id=9800]
  0x000001b4c472d640 GCTaskThread "GC Thread#0" [stack: 0x000000374ab00000,0x000000374ac00000] [id=11112]
  0x000001b4de195150 GCTaskThread "GC Thread#1" [stack: 0x000000374b900000,0x000000374ba00000] [id=7416]
  0x000001b4ddb22330 GCTaskThread "GC Thread#2" [stack: 0x000000374ba00000,0x000000374bb00000] [id=11568]
  0x000001b4ddefb2b0 GCTaskThread "GC Thread#3" [stack: 0x000000374bb00000,0x000000374bc00000] [id=11600]

Threads with active compile tasks:
C2 CompilerThread0     9705 4051 %     4       org.lombokweb.asm.ClassReader::readCode @ 92 (5117 bytes)
C2 CompilerThread1     9705 4027 %     4       org.lombokweb.asm.SymbolTable::<init> @ 98 (536 bytes)

VM state: not at safepoint (normal execution)

VM Mutex/Monitor currently owned by a thread: None

Heap address: 0x00000000c0000000, size: 1024 MB, Compressed Oops mode: 32-bit

CDS archive(s) not mapped
Compressed class space mapped at: 0x0000000100000000-0x0000000140000000, reserved size: 1073741824
Narrow klass base: 0x0000000000000000, Narrow klass shift: 3, Narrow klass range: 0x140000000

GC Precious Log:
 CPUs: 4 total, 4 available
 Memory: 3959M
 Large Page Support: Disabled
 NUMA Support: Disabled
 Compressed Oops: Enabled (32-bit)
 Alignments: Space 512K, Generation 512K, Heap 2M
 Heap Min Capacity: 100M
 Heap Initial Capacity: 100M
 Heap Max Capacity: 1G
 Pre-touch: Disabled
 Parallel Workers: 4

Heap:
 PSYoungGen      total 23040K, used 7440K [0x00000000eab00000, 0x00000000ec500000, 0x0000000100000000)
  eden space 22016K, 29% used [0x00000000eab00000,0x00000000eb14bdd0,0x00000000ec080000)
  from space 1024K, 97% used [0x00000000ec400000,0x00000000ec4f8588,0x00000000ec500000)
  to   space 2048K, 0% used [0x00000000ec100000,0x00000000ec100000,0x00000000ec300000)
 ParOldGen       total 68608K, used 18453K [0x00000000c0000000, 0x00000000c4300000, 0x00000000eab00000)
  object space 68608K, 26% used [0x00000000c0000000,0x00000000c1205480,0x00000000c4300000)
 Metaspace       used 43702K, committed 44544K, reserved 1114112K
  class space    used 4423K, committed 4800K, reserved 1048576K

Card table byte_map: [0x000001b4c40f0000,0x000001b4c4300000] _byte_map_base: 0x000001b4c3af0000

Marking Bits: (ParMarkBitMap*) 0x00007ff977aad0b0
 Begin Bits: [0x000001b4d63c0000, 0x000001b4d73c0000)
 End Bits:   [0x000001b4d73c0000, 0x000001b4d83c0000)

Polling page: 0x000001b4c3ee0000

Metaspace:

Usage:
  Non-class:     38.36 MB used.
      Class:      4.32 MB used.
       Both:     42.68 MB used.

Virtual space:
  Non-class space:       64.00 MB reserved,      38.81 MB ( 61%) committed,  1 nodes.
      Class space:        1.00 GB reserved,       4.69 MB ( <1%) committed,  1 nodes.
             Both:        1.06 GB reserved,      43.50 MB (  4%) committed. 

Chunk freelists:
   Non-Class:  9.22 MB
       Class:  11.18 MB
        Both:  20.40 MB

MaxMetaspaceSize: unlimited
CompressedClassSpaceSize: 1.00 GB
Initial GC threshold: 21.00 MB
Current GC threshold: 58.38 MB
CDS: off
MetaspaceReclaimPolicy: balanced
 - commit_granule_bytes: 65536.
 - commit_granule_words: 8192.
 - virtual_space_node_default_size: 8388608.
 - enlarge_chunks_in_place: 1.
 - new_chunks_are_fully_committed: 0.
 - uncommit_free_chunks: 1.
 - use_allocation_guard: 0.
 - handle_deallocations: 1.


Internal statistics:

num_allocs_failed_limit: 6.
num_arena_births: 404.
num_arena_deaths: 14.
num_vsnodes_births: 2.
num_vsnodes_deaths: 0.
num_space_committed: 696.
num_space_uncommitted: 0.
num_chunks_returned_to_freelist: 20.
num_chunks_taken_from_freelist: 1862.
num_chunk_merges: 7.
num_chunk_splits: 1198.
num_chunks_enlarged: 800.
num_inconsistent_stats: 0.

CodeHeap 'non-profiled nmethods': size=120000Kb used=1998Kb max_used=1998Kb free=118001Kb
 bounds [0x000001b4cee90000, 0x000001b4cf100000, 0x000001b4d63c0000]
CodeHeap 'profiled nmethods': size=120000Kb used=9165Kb max_used=9165Kb free=110835Kb
 bounds [0x000001b4c73c0000, 0x000001b4c7cc0000, 0x000001b4ce8f0000]
CodeHeap 'non-nmethods': size=5760Kb used=1317Kb max_used=1362Kb free=4442Kb
 bounds [0x000001b4ce8f0000, 0x000001b4ceb60000, 0x000001b4cee90000]
 total_blobs=4788 nmethods=4132 adapters=569
 compilation: enabled
              stopped_count=0, restarted_count=0
 full_count=0

Compilation events (20 events):
Event: 9.551 Thread 0x000001b4dd7880e0 4126       3       org.lombokweb.asm.MethodWriter::visitMaxs (60 bytes)
Event: 9.552 Thread 0x000001b4dd7880e0 nmethod 4126 0x000001b4c7ca7510 code [0x000001b4c7ca76e0, 0x000001b4c7ca79b8]
Event: 9.552 Thread 0x000001b4dd7880e0 4128       3       org.lombokweb.asm.Handler::getExceptionTableLength (21 bytes)
Event: 9.552 Thread 0x000001b4dd7880e0 nmethod 4128 0x000001b4c7ca7a90 code [0x000001b4c7ca7c20, 0x000001b4c7ca7db8]
Event: 9.552 Thread 0x000001b4dd7880e0 4129       3       org.lombokweb.asm.Handler::getExceptionTableSize (10 bytes)
Event: 9.552 Thread 0x000001b4dd7880e0 nmethod 4129 0x000001b4c7ca7e90 code [0x000001b4c7ca8040, 0x000001b4c7ca8238]
Event: 9.552 Thread 0x000001b4dd7880e0 4127       3       org.lombokweb.asm.MethodWriter::visitEnd (1 bytes)
Event: 9.552 Thread 0x000001b4dd7880e0 nmethod 4127 0x000001b4c7ca8390 code [0x000001b4c7ca8520, 0x000001b4c7ca8638]
Event: 9.554 Thread 0x000001b4dd7880e0 4130       3       org.lombokweb.asm.MethodWriter::visitIntInsn (113 bytes)
Event: 9.555 Thread 0x000001b4dd7880e0 nmethod 4130 0x000001b4c7ca8710 code [0x000001b4c7ca88e0, 0x000001b4c7ca8d48]
Event: 9.557 Thread 0x000001b4dd7880e0 4131       3       org.lombokweb.asm.MethodWriter::putMethodInfo (1274 bytes)
Event: 9.562 Thread 0x000001b4dd7880e0 nmethod 4131 0x000001b4c7ca8e90 code [0x000001b4c7ca9520, 0x000001b4c7cabae8]
Event: 9.597 Thread 0x000001b4dd7880e0 4132       3       org.lombokweb.asm.MethodVisitor::visitIntInsn (17 bytes)
Event: 9.598 Thread 0x000001b4dd7880e0 nmethod 4132 0x000001b4c7cace10 code [0x000001b4c7cacfc0, 0x000001b4c7cad1c8]
Event: 9.602 Thread 0x000001b4dd7880e0 4134       3       lombok.patcher.Hook::getMethodDescriptor (80 bytes)
Event: 9.603 Thread 0x000001b4dd7880e0 nmethod 4134 0x000001b4c7cad290 code [0x000001b4c7cad540, 0x000001b4c7cae018]
Event: 9.606 Thread 0x000001b4dd7880e0 4135       3       org.lombokweb.asm.SymbolTable::addConstantLongOrDouble (20 bytes)
Event: 9.606 Thread 0x000001b4dd7880e0 nmethod 4135 0x000001b4c7cae390 code [0x000001b4c7cae540, 0x000001b4c7cae788]
Event: 9.607 Thread 0x000001b4dd7880e0 4136       3       lombok.patcher.MethodLogistics::loadOpcodeFor (145 bytes)
Event: 9.608 Thread 0x000001b4dd7880e0 nmethod 4136 0x000001b4c7cae890 code [0x000001b4c7caeb40, 0x000001b4c7caf878]

GC Heap History (20 events):
Event: 4.000 GC heap before
{Heap before GC invocations=6 (full 1):
 PSYoungGen      total 29696K, used 25600K [0x00000000eab00000, 0x00000000ecc00000, 0x0000000100000000)
  eden space 25600K, 100% used [0x00000000eab00000,0x00000000ec400000,0x00000000ec400000)
  from space 4096K, 0% used [0x00000000ec800000,0x00000000ec800000,0x00000000ecc00000)
  to   space 4096K, 0% used [0x00000000ec400000,0x00000000ec400000,0x00000000ec800000)
 ParOldGen       total 68608K, used 6661K [0x00000000c0000000, 0x00000000c4300000, 0x00000000eab00000)
  object space 68608K, 9% used [0x00000000c0000000,0x00000000c0681728,0x00000000c4300000)
 Metaspace       used 24506K, committed 24960K, reserved 1114112K
  class space    used 2409K, committed 2624K, reserved 1048576K
}
Event: 4.001 GC heap after
{Heap after GC invocations=6 (full 1):
 PSYoungGen      total 26112K, used 602K [0x00000000eab00000, 0x00000000ec880000, 0x0000000100000000)
  eden space 25088K, 0% used [0x00000000eab00000,0x00000000eab00000,0x00000000ec380000)
  from space 1024K, 58% used [0x00000000ec400000,0x00000000ec496ab8,0x00000000ec500000)
  to   space 2560K, 0% used [0x00000000ec600000,0x00000000ec600000,0x00000000ec880000)
 ParOldGen       total 68608K, used 6669K [0x00000000c0000000, 0x00000000c4300000, 0x00000000eab00000)
  object space 68608K, 9% used [0x00000000c0000000,0x00000000c0683728,0x00000000c4300000)
 Metaspace       used 24506K, committed 24960K, reserved 1114112K
  class space    used 2409K, committed 2624K, reserved 1048576K
}
Event: 4.352 GC heap before
{Heap before GC invocations=7 (full 1):
 PSYoungGen      total 26112K, used 25690K [0x00000000eab00000, 0x00000000ec880000, 0x0000000100000000)
  eden space 25088K, 100% used [0x00000000eab00000,0x00000000ec380000,0x00000000ec380000)
  from space 1024K, 58% used [0x00000000ec400000,0x00000000ec496ab8,0x00000000ec500000)
  to   space 2560K, 0% used [0x00000000ec600000,0x00000000ec600000,0x00000000ec880000)
 ParOldGen       total 68608K, used 6669K [0x00000000c0000000, 0x00000000c4300000, 0x00000000eab00000)
  object space 68608K, 9% used [0x00000000c0000000,0x00000000c0683728,0x00000000c4300000)
 Metaspace       used 27323K, committed 27840K, reserved 1114112K
  class space    used 2638K, committed 2880K, reserved 1048576K
}
Event: 4.353 GC heap after
{Heap after GC invocations=7 (full 1):
 PSYoungGen      total 26112K, used 1051K [0x00000000eab00000, 0x00000000ec780000, 0x0000000100000000)
  eden space 24576K, 0% used [0x00000000eab00000,0x00000000eab00000,0x00000000ec300000)
  from space 1536K, 68% used [0x00000000ec600000,0x00000000ec706c68,0x00000000ec780000)
  to   space 1536K, 0% used [0x00000000ec480000,0x00000000ec480000,0x00000000ec600000)
 ParOldGen       total 68608K, used 6677K [0x00000000c0000000, 0x00000000c4300000, 0x00000000eab00000)
  object space 68608K, 9% used [0x00000000c0000000,0x00000000c0685728,0x00000000c4300000)
 Metaspace       used 27323K, committed 27840K, reserved 1114112K
  class space    used 2638K, committed 2880K, reserved 1048576K
}
Event: 5.447 GC heap before
{Heap before GC invocations=8 (full 1):
 PSYoungGen      total 26112K, used 25627K [0x00000000eab00000, 0x00000000ec780000, 0x0000000100000000)
  eden space 24576K, 100% used [0x00000000eab00000,0x00000000ec300000,0x00000000ec300000)
  from space 1536K, 68% used [0x00000000ec600000,0x00000000ec706c68,0x00000000ec780000)
  to   space 1536K, 0% used [0x00000000ec480000,0x00000000ec480000,0x00000000ec600000)
 ParOldGen       total 68608K, used 6677K [0x00000000c0000000, 0x00000000c4300000, 0x00000000eab00000)
  object space 68608K, 9% used [0x00000000c0000000,0x00000000c0685728,0x00000000c4300000)
 Metaspace       used 31345K, committed 31936K, reserved 1114112K
  class space    used 3070K, committed 3328K, reserved 1048576K
}
Event: 5.451 GC heap after
{Heap after GC invocations=8 (full 1):
 PSYoungGen      total 25600K, used 1512K [0x00000000eab00000, 0x00000000ec980000, 0x0000000100000000)
  eden space 24064K, 0% used [0x00000000eab00000,0x00000000eab00000,0x00000000ec280000)
  from space 1536K, 98% used [0x00000000ec480000,0x00000000ec5fa310,0x00000000ec600000)
  to   space 3584K, 0% used [0x00000000ec600000,0x00000000ec600000,0x00000000ec980000)
 ParOldGen       total 68608K, used 8172K [0x00000000c0000000, 0x00000000c4300000, 0x00000000eab00000)
  object space 68608K, 11% used [0x00000000c0000000,0x00000000c07fb270,0x00000000c4300000)
 Metaspace       used 31345K, committed 31936K, reserved 1114112K
  class space    used 3070K, committed 3328K, reserved 1048576K
}
Event: 6.128 GC heap before
{Heap before GC invocations=9 (full 1):
 PSYoungGen      total 25600K, used 25354K [0x00000000eab00000, 0x00000000ec980000, 0x0000000100000000)
  eden space 24064K, 99% used [0x00000000eab00000,0x00000000ec248868,0x00000000ec280000)
  from space 1536K, 98% used [0x00000000ec480000,0x00000000ec5fa310,0x00000000ec600000)
  to   space 3584K, 0% used [0x00000000ec600000,0x00000000ec600000,0x00000000ec980000)
 ParOldGen       total 68608K, used 8172K [0x00000000c0000000, 0x00000000c4300000, 0x00000000eab00000)
  object space 68608K, 11% used [0x00000000c0000000,0x00000000c07fb270,0x00000000c4300000)
 Metaspace       used 35125K, committed 35840K, reserved 1114112K
  class space    used 3548K, committed 3904K, reserved 1048576K
}
Event: 6.132 GC heap after
{Heap after GC invocations=9 (full 1):
 PSYoungGen      total 27648K, used 3272K [0x00000000eab00000, 0x00000000ec980000, 0x0000000100000000)
  eden space 24064K, 0% used [0x00000000eab00000,0x00000000eab00000,0x00000000ec280000)
  from space 3584K, 91% used [0x00000000ec600000,0x00000000ec9320b8,0x00000000ec980000)
  to   space 3584K, 0% used [0x00000000ec280000,0x00000000ec280000,0x00000000ec600000)
 ParOldGen       total 68608K, used 8180K [0x00000000c0000000, 0x00000000c4300000, 0x00000000eab00000)
  object space 68608K, 11% used [0x00000000c0000000,0x00000000c07fd270,0x00000000c4300000)
 Metaspace       used 35125K, committed 35840K, reserved 1114112K
  class space    used 3548K, committed 3904K, reserved 1048576K
}
Event: 6.132 GC heap before
{Heap before GC invocations=10 (full 2):
 PSYoungGen      total 27648K, used 3272K [0x00000000eab00000, 0x00000000ec980000, 0x0000000100000000)
  eden space 24064K, 0% used [0x00000000eab00000,0x00000000eab00000,0x00000000ec280000)
  from space 3584K, 91% used [0x00000000ec600000,0x00000000ec9320b8,0x00000000ec980000)
  to   space 3584K, 0% used [0x00000000ec280000,0x00000000ec280000,0x00000000ec600000)
 ParOldGen       total 68608K, used 8180K [0x00000000c0000000, 0x00000000c4300000, 0x00000000eab00000)
  object space 68608K, 11% used [0x00000000c0000000,0x00000000c07fd270,0x00000000c4300000)
 Metaspace       used 35125K, committed 35840K, reserved 1114112K
  class space    used 3548K, committed 3904K, reserved 1048576K
}
Event: 6.176 GC heap after
{Heap after GC invocations=10 (full 2):
 PSYoungGen      total 27648K, used 0K [0x00000000eab00000, 0x00000000ec980000, 0x0000000100000000)
  eden space 24064K, 0% used [0x00000000eab00000,0x00000000eab00000,0x00000000ec280000)
  from space 3584K, 0% used [0x00000000ec600000,0x00000000ec600000,0x00000000ec980000)
  to   space 3584K, 0% used [0x00000000ec280000,0x00000000ec280000,0x00000000ec600000)
 ParOldGen       total 68608K, used 11223K [0x00000000c0000000, 0x00000000c4300000, 0x00000000eab00000)
  object space 68608K, 16% used [0x00000000c0000000,0x00000000c0af5d20,0x00000000c4300000)
 Metaspace       used 35125K, committed 35840K, reserved 1114112K
  class space    used 3548K, committed 3904K, reserved 1048576K
}
Event: 6.511 GC heap before
{Heap before GC invocations=11 (full 2):
 PSYoungGen      total 27648K, used 24064K [0x00000000eab00000, 0x00000000ec980000, 0x0000000100000000)
  eden space 24064K, 100% used [0x00000000eab00000,0x00000000ec280000,0x00000000ec280000)
  from space 3584K, 0% used [0x00000000ec600000,0x00000000ec600000,0x00000000ec980000)
  to   space 3584K, 0% used [0x00000000ec280000,0x00000000ec280000,0x00000000ec600000)
 ParOldGen       total 68608K, used 11223K [0x00000000c0000000, 0x00000000c4300000, 0x00000000eab00000)
  object space 68608K, 16% used [0x00000000c0000000,0x00000000c0af5d20,0x00000000c4300000)
 Metaspace       used 36001K, committed 36736K, reserved 1114112K
  class space    used 3655K, committed 3968K, reserved 1048576K
}
Event: 6.515 GC heap after
{Heap after GC invocations=11 (full 2):
 PSYoungGen      total 27136K, used 3097K [0x00000000eab00000, 0x00000000ec900000, 0x0000000100000000)
  eden space 23552K, 0% used [0x00000000eab00000,0x00000000eab00000,0x00000000ec200000)
  from space 3584K, 86% used [0x00000000ec280000,0x00000000ec586798,0x00000000ec600000)
  to   space 3072K, 0% used [0x00000000ec600000,0x00000000ec600000,0x00000000ec900000)
 ParOldGen       total 68608K, used 11231K [0x00000000c0000000, 0x00000000c4300000, 0x00000000eab00000)
  object space 68608K, 16% used [0x00000000c0000000,0x00000000c0af7d20,0x00000000c4300000)
 Metaspace       used 36001K, committed 36736K, reserved 1114112K
  class space    used 3655K, committed 3968K, reserved 1048576K
}
Event: 7.147 GC heap before
{Heap before GC invocations=12 (full 2):
 PSYoungGen      total 27136K, used 26633K [0x00000000eab00000, 0x00000000ec900000, 0x0000000100000000)
  eden space 23552K, 99% used [0x00000000eab00000,0x00000000ec1fbcc8,0x00000000ec200000)
  from space 3584K, 86% used [0x00000000ec280000,0x00000000ec586798,0x00000000ec600000)
  to   space 3072K, 0% used [0x00000000ec600000,0x00000000ec600000,0x00000000ec900000)
 ParOldGen       total 68608K, used 11231K [0x00000000c0000000, 0x00000000c4300000, 0x00000000eab00000)
  object space 68608K, 16% used [0x00000000c0000000,0x00000000c0af7d20,0x00000000c4300000)
 Metaspace       used 38444K, committed 39168K, reserved 1114112K
  class space    used 3944K, committed 4288K, reserved 1048576K
}
Event: 7.153 GC heap after
{Heap after GC invocations=12 (full 2):
 PSYoungGen      total 25600K, used 3063K [0x00000000eab00000, 0x00000000ecb80000, 0x0000000100000000)
  eden space 22528K, 0% used [0x00000000eab00000,0x00000000eab00000,0x00000000ec100000)
  from space 3072K, 99% used [0x00000000ec600000,0x00000000ec8fdd60,0x00000000ec900000)
  to   space 5120K, 0% used [0x00000000ec100000,0x00000000ec100000,0x00000000ec600000)
 ParOldGen       total 68608K, used 12959K [0x00000000c0000000, 0x00000000c4300000, 0x00000000eab00000)
  object space 68608K, 18% used [0x00000000c0000000,0x00000000c0ca7d20,0x00000000c4300000)
 Metaspace       used 38444K, committed 39168K, reserved 1114112K
  class space    used 3944K, committed 4288K, reserved 1048576K
}
Event: 7.817 GC heap before
{Heap before GC invocations=13 (full 2):
 PSYoungGen      total 25600K, used 25591K [0x00000000eab00000, 0x00000000ecb80000, 0x0000000100000000)
  eden space 22528K, 100% used [0x00000000eab00000,0x00000000ec100000,0x00000000ec100000)
  from space 3072K, 99% used [0x00000000ec600000,0x00000000ec8fdd60,0x00000000ec900000)
  to   space 5120K, 0% used [0x00000000ec100000,0x00000000ec100000,0x00000000ec600000)
 ParOldGen       total 68608K, used 12959K [0x00000000c0000000, 0x00000000c4300000, 0x00000000eab00000)
  object space 68608K, 18% used [0x00000000c0000000,0x00000000c0ca7d20,0x00000000c4300000)
 Metaspace       used 39405K, committed 40128K, reserved 1114112K
  class space    used 4066K, committed 4416K, reserved 1048576K
}
Event: 7.823 GC heap after
{Heap after GC invocations=13 (full 2):
 PSYoungGen      total 22528K, used 322K [0x00000000eab00000, 0x00000000ec680000, 0x0000000100000000)
  eden space 22016K, 0% used [0x00000000eab00000,0x00000000eab00000,0x00000000ec080000)
  from space 512K, 62% used [0x00000000ec100000,0x00000000ec1508a8,0x00000000ec180000)
  to   space 2048K, 0% used [0x00000000ec480000,0x00000000ec480000,0x00000000ec680000)
 ParOldGen       total 68608K, used 16014K [0x00000000c0000000, 0x00000000c4300000, 0x00000000eab00000)
  object space 68608K, 23% used [0x00000000c0000000,0x00000000c0fa3888,0x00000000c4300000)
 Metaspace       used 39405K, committed 40128K, reserved 1114112K
  class space    used 4066K, committed 4416K, reserved 1048576K
}
Event: 8.983 GC heap before
{Heap before GC invocations=14 (full 2):
 PSYoungGen      total 22528K, used 22338K [0x00000000eab00000, 0x00000000ec680000, 0x0000000100000000)
  eden space 22016K, 100% used [0x00000000eab00000,0x00000000ec080000,0x00000000ec080000)
  from space 512K, 62% used [0x00000000ec100000,0x00000000ec1508a8,0x00000000ec180000)
  to   space 2048K, 0% used [0x00000000ec480000,0x00000000ec480000,0x00000000ec680000)
 ParOldGen       total 68608K, used 16014K [0x00000000c0000000, 0x00000000c4300000, 0x00000000eab00000)
  object space 68608K, 23% used [0x00000000c0000000,0x00000000c0fa3888,0x00000000c4300000)
 Metaspace       used 41984K, committed 42752K, reserved 1114112K
  class space    used 4279K, committed 4608K, reserved 1048576K
}
Event: 8.987 GC heap after
{Heap after GC invocations=14 (full 2):
 PSYoungGen      total 23552K, used 1328K [0x00000000eab00000, 0x00000000ec600000, 0x0000000100000000)
  eden space 22016K, 0% used [0x00000000eab00000,0x00000000eab00000,0x00000000ec080000)
  from space 1536K, 86% used [0x00000000ec480000,0x00000000ec5cc020,0x00000000ec600000)
  to   space 2048K, 0% used [0x00000000ec200000,0x00000000ec200000,0x00000000ec400000)
 ParOldGen       total 68608K, used 16254K [0x00000000c0000000, 0x00000000c4300000, 0x00000000eab00000)
  object space 68608K, 23% used [0x00000000c0000000,0x00000000c0fdf888,0x00000000c4300000)
 Metaspace       used 41984K, committed 42752K, reserved 1114112K
  class space    used 4279K, committed 4608K, reserved 1048576K
}
Event: 9.398 GC heap before
{Heap before GC invocations=15 (full 2):
 PSYoungGen      total 23552K, used 23344K [0x00000000eab00000, 0x00000000ec600000, 0x0000000100000000)
  eden space 22016K, 100% used [0x00000000eab00000,0x00000000ec080000,0x00000000ec080000)
  from space 1536K, 86% used [0x00000000ec480000,0x00000000ec5cc020,0x00000000ec600000)
  to   space 2048K, 0% used [0x00000000ec200000,0x00000000ec200000,0x00000000ec400000)
 ParOldGen       total 68608K, used 16254K [0x00000000c0000000, 0x00000000c4300000, 0x00000000eab00000)
  object space 68608K, 23% used [0x00000000c0000000,0x00000000c0fdf888,0x00000000c4300000)
 Metaspace       used 43485K, committed 44288K, reserved 1114112K
  class space    used 4406K, committed 4736K, reserved 1048576K
}
Event: 9.402 GC heap after
{Heap after GC invocations=15 (full 2):
 PSYoungGen      total 24064K, used 1791K [0x00000000eab00000, 0x00000000ec500000, 0x0000000100000000)
  eden space 22016K, 0% used [0x00000000eab00000,0x00000000eab00000,0x00000000ec080000)
  from space 2048K, 87% used [0x00000000ec200000,0x00000000ec3bffb0,0x00000000ec400000)
  to   space 1024K, 0% used [0x00000000ec400000,0x00000000ec400000,0x00000000ec500000)
 ParOldGen       total 68608K, used 17518K [0x00000000c0000000, 0x00000000c4300000, 0x00000000eab00000)
  object space 68608K, 25% used [0x00000000c0000000,0x00000000c111ba38,0x00000000c4300000)
 Metaspace       used 43485K, committed 44288K, reserved 1114112K
  class space    used 4406K, committed 4736K, reserved 1048576K
}

Dll operation events (10 events):
Event: 0.013 Loaded shared library c:\Users\HP\.vscode\extensions\redhat.java-1.25.0-win32-x64\jre\17.0.9-win32-x86_64\bin\java.dll
Event: 0.371 Loaded shared library c:\Users\HP\.vscode\extensions\redhat.java-1.25.0-win32-x64\jre\17.0.9-win32-x86_64\bin\zip.dll
Event: 0.376 Loaded shared library C:\Users\HP\.vscode\extensions\redhat.java-1.25.0-win32-x64\jre\17.0.9-win32-x86_64\bin\instrument.dll
Event: 0.407 Loaded shared library C:\Users\HP\.vscode\extensions\redhat.java-1.25.0-win32-x64\jre\17.0.9-win32-x86_64\bin\net.dll
Event: 0.420 Loaded shared library C:\Users\HP\.vscode\extensions\redhat.java-1.25.0-win32-x64\jre\17.0.9-win32-x86_64\bin\nio.dll
Event: 0.435 Loaded shared library C:\Users\HP\.vscode\extensions\redhat.java-1.25.0-win32-x64\jre\17.0.9-win32-x86_64\bin\zip.dll
Event: 0.466 Loaded shared library C:\Users\HP\.vscode\extensions\redhat.java-1.25.0-win32-x64\jre\17.0.9-win32-x86_64\bin\jimage.dll
Event: 0.667 Loaded shared library c:\Users\HP\.vscode\extensions\redhat.java-1.25.0-win32-x64\jre\17.0.9-win32-x86_64\bin\verify.dll
Event: 2.593 Loaded shared library C:\Users\HP\AppData\Roaming\Code\User\globalStorage\redhat.java\1.25.0\config_ss_win\org.eclipse.equinox.launcher\org.eclipse.equinox.launcher.win32.win32.x86_64_1.2.800.v20231003-1442\eclipse_11802.dll
Event: 5.436 Loaded shared library C:\Users\HP\AppData\Local\Temp\jna-2312\jna3236351168479728496.dll

Deoptimization events (20 events):
Event: 9.434 Thread 0x000001b4df31f150 Uncommon trap: trap_request=0xffffffde fr.pc=0x000001b4cef8bc34 relative=0x00000000000083d4
Event: 9.434 Thread 0x000001b4df31f150 Uncommon trap: reason=class_check action=maybe_recompile pc=0x000001b4cef8bc34 method=lombok.patcher.PatchScript$MethodPatcher.visitMethod(ILjava/lang/String;Ljava/lang/String;Ljava/lang/String;[Ljava/lang/String;)Lorg/lombokweb/asm/MethodVisitor; @ 101 c
Event: 9.434 Thread 0x000001b4df31f150 DEOPT PACKING pc=0x000001b4cef8bc34 sp=0x000000374c2fc0b0
Event: 9.434 Thread 0x000001b4df31f150 DEOPT UNPACKING pc=0x000001b4ce9466a3 sp=0x000000374c2fc068 mode 2
Event: 9.434 Thread 0x000001b4df31f150 Uncommon trap: trap_request=0xffffffde fr.pc=0x000001b4cef8bc34 relative=0x00000000000083d4
Event: 9.434 Thread 0x000001b4df31f150 Uncommon trap: reason=class_check action=maybe_recompile pc=0x000001b4cef8bc34 method=lombok.patcher.PatchScript$MethodPatcher.visitMethod(ILjava/lang/String;Ljava/lang/String;Ljava/lang/String;[Ljava/lang/String;)Lorg/lombokweb/asm/MethodVisitor; @ 101 c
Event: 9.434 Thread 0x000001b4df31f150 DEOPT PACKING pc=0x000001b4cef8bc34 sp=0x000000374c2fc0b0
Event: 9.434 Thread 0x000001b4df31f150 DEOPT UNPACKING pc=0x000001b4ce9466a3 sp=0x000000374c2fc068 mode 2
Event: 9.434 Thread 0x000001b4df31f150 Uncommon trap: trap_request=0xffffffde fr.pc=0x000001b4cef8bc34 relative=0x00000000000083d4
Event: 9.434 Thread 0x000001b4df31f150 Uncommon trap: reason=class_check action=maybe_recompile pc=0x000001b4cef8bc34 method=lombok.patcher.PatchScript$MethodPatcher.visitMethod(ILjava/lang/String;Ljava/lang/String;Ljava/lang/String;[Ljava/lang/String;)Lorg/lombokweb/asm/MethodVisitor; @ 101 c
Event: 9.434 Thread 0x000001b4df31f150 DEOPT PACKING pc=0x000001b4cef8bc34 sp=0x000000374c2fc0b0
Event: 9.434 Thread 0x000001b4df31f150 DEOPT UNPACKING pc=0x000001b4ce9466a3 sp=0x000000374c2fc068 mode 2
Event: 9.454 Thread 0x000001b4de228400 Uncommon trap: trap_request=0xffffffcc fr.pc=0x000001b4cf044e78 relative=0x00000000000001d8
Event: 9.454 Thread 0x000001b4de228400 Uncommon trap: reason=intrinsic_or_type_checked_inlining action=make_not_entrant pc=0x000001b4cf044e78 method=java.util.Arrays.copyOf([Ljava/lang/Object;ILjava/lang/Class;)[Ljava/lang/Object; @ 35 c2
Event: 9.454 Thread 0x000001b4de228400 DEOPT PACKING pc=0x000001b4cf044e78 sp=0x000000374c3fde80
Event: 9.454 Thread 0x000001b4de228400 DEOPT UNPACKING pc=0x000001b4ce9466a3 sp=0x000000374c3fde10 mode 2
Event: 9.552 Thread 0x000001b4df31f150 Uncommon trap: trap_request=0xffffff45 fr.pc=0x000001b4cf075d48 relative=0x0000000000000de8
Event: 9.552 Thread 0x000001b4df31f150 Uncommon trap: reason=unstable_if action=reinterpret pc=0x000001b4cf075d48 method=org.lombokweb.asm.MethodWriter.putMethodInfo(Lorg/lombokweb/asm/ByteVector;)V @ 374 c2
Event: 9.552 Thread 0x000001b4df31f150 DEOPT PACKING pc=0x000001b4cf075d48 sp=0x000000374c2fc2d0
Event: 9.552 Thread 0x000001b4df31f150 DEOPT UNPACKING pc=0x000001b4ce9466a3 sp=0x000000374c2fc288 mode 2

Classes unloaded (7 events):
Event: 3.656 Thread 0x000001b4d854cd20 Unloading class 0x000000010021e000 'java/lang/invoke/LambdaForm$MH+0x000000010021e000'
Event: 3.656 Thread 0x000001b4d854cd20 Unloading class 0x000000010021dc00 'java/lang/invoke/LambdaForm$MH+0x000000010021dc00'
Event: 3.656 Thread 0x000001b4d854cd20 Unloading class 0x000000010021d800 'java/lang/invoke/LambdaForm$MH+0x000000010021d800'
Event: 3.657 Thread 0x000001b4d854cd20 Unloading class 0x000000010021d400 'java/lang/invoke/LambdaForm$MH+0x000000010021d400'
Event: 3.657 Thread 0x000001b4d854cd20 Unloading class 0x000000010021d000 'java/lang/invoke/LambdaForm$BMH+0x000000010021d000'
Event: 3.657 Thread 0x000001b4d854cd20 Unloading class 0x000000010021cc00 'java/lang/invoke/LambdaForm$DMH+0x000000010021cc00'
Event: 3.657 Thread 0x000001b4d854cd20 Unloading class 0x000000010021a000 'java/lang/invoke/LambdaForm$DMH+0x000000010021a000'

Classes redefined (0 events):
No events

Internal exceptions (20 events):
Event: 5.577 Thread 0x000001b4c26eeae0 Exception <a 'java/lang/NoSuchMethodError'{0x00000000eaf2f4d0}: 'java.lang.Object java.lang.invoke.DirectMethodHandle$Holder.newInvokeSpecial(java.lang.Object, java.lang.Object, long)'> (0x00000000eaf2f4d0) 
thrown [s\src\hotspot\share\interpreter\linkResolver.cpp, line 759]
Event: 5.640 Thread 0x000001b4c26eeae0 Exception <a 'java/lang/NoSuchMethodError'{0x00000000eb0e7868}: 'void java.lang.invoke.DirectMethodHandle$Holder.invokeStatic(java.lang.Object, java.lang.Object, java.lang.Object, java.lang.Object)'> (0x00000000eb0e7868) 
thrown [s\src\hotspot\share\interpreter\linkResolver.cpp, line 759]
Event: 5.836 Thread 0x000001b4c26eeae0 Exception <a 'java/lang/NoSuchMethodError'{0x00000000eb8f88a8}: 'void java.lang.invoke.DirectMethodHandle$Holder.invokeSpecial(java.lang.Object, java.lang.Object, java.lang.Object, java.lang.Object, java.lang.Object, java.lang.Object)'> (0x00000000eb8f88a8) 
thrown [s\src\hotspot\share\interpreter\linkResolver.cpp, line 759]
Event: 5.838 Thread 0x000001b4c26eeae0 Exception <a 'java/lang/IncompatibleClassChangeError'{0x00000000eb902338}: Found class java.lang.Object, but interface was expected> (0x00000000eb902338) 
thrown [s\src\hotspot\share\interpreter\linkResolver.cpp, line 826]
Event: 6.045 Thread 0x000001b4df320080 Exception <a 'java/io/FileNotFoundException'{0x00000000ebf98ab0}> (0x00000000ebf98ab0) 
thrown [s\src\hotspot\share\prims\jni.cpp, line 516]
Event: 6.094 Thread 0x000001b4df320080 Exception <a 'sun/nio/fs/WindowsException'{0x00000000ec147ad8}> (0x00000000ec147ad8) 
thrown [s\src\hotspot\share\prims\jni.cpp, line 516]
Event: 6.099 Thread 0x000001b4de228400 Exception <a 'java/io/FileNotFoundException'{0x00000000ebd97258}> (0x00000000ebd97258) 
thrown [s\src\hotspot\share\prims\jni.cpp, line 516]
Event: 6.099 Thread 0x000001b4de228400 Exception <a 'java/io/FileNotFoundException'{0x00000000ebd98240}> (0x00000000ebd98240) 
thrown [s\src\hotspot\share\prims\jni.cpp, line 516]
Event: 6.225 Thread 0x000001b4de229840 Exception <a 'java/io/FileNotFoundException'{0x00000000ead5f328}> (0x00000000ead5f328) 
thrown [s\src\hotspot\share\prims\jni.cpp, line 516]
Event: 6.227 Thread 0x000001b4de229840 Exception <a 'java/io/FileNotFoundException'{0x00000000ead7ad00}> (0x00000000ead7ad00) 
thrown [s\src\hotspot\share\prims\jni.cpp, line 516]
Event: 6.229 Thread 0x000001b4de229840 Exception <a 'java/lang/NoSuchMethodError'{0x00000000ead870e8}: 'void java.lang.invoke.DirectMethodHandle$Holder.invokeStaticInit(java.lang.Object, java.lang.Object, java.lang.Object)'> (0x00000000ead870e8) 
thrown [s\src\hotspot\share\interpreter\linkResolver.cpp, line 759]
Event: 6.247 Thread 0x000001b4df320080 Exception <a 'java/lang/NoSuchMethodError'{0x00000000eae53108}: 'int java.lang.invoke.DirectMethodHandle$Holder.invokeVirtual(java.lang.Object, java.lang.Object)'> (0x00000000eae53108) 
thrown [s\src\hotspot\share\interpreter\linkResolver.cpp, line 759]
Event: 6.698 Thread 0x000001b4df320080 Exception <a 'java/lang/NoSuchMethodError'{0x00000000eb2bfdd8}: 'java.lang.Object java.lang.invoke.DirectMethodHandle$Holder.invokeInterface(java.lang.Object, java.lang.Object, java.lang.Object)'> (0x00000000eb2bfdd8) 
thrown [s\src\hotspot\share\interpreter\linkResolver.cpp, line 759]
Event: 7.815 Thread 0x000001b4df320080 Implicit null exception at 0x000001b4cf02ee50 to 0x000001b4cf02fb54
Event: 9.030 Thread 0x000001b4df31f150 Exception <a 'java/lang/NoSuchMethodError'{0x00000000eab899d0}: 'int java.lang.invoke.DirectMethodHandle$Holder.invokeSpecialIFC(java.lang.Object, java.lang.Object, java.lang.Object)'> (0x00000000eab899d0) 
thrown [s\src\hotspot\share\interpreter\linkResolver.cpp, line 759]
Event: 9.038 Thread 0x000001b4df31f150 Exception <a 'java/lang/NoSuchMethodError'{0x00000000eab9ccf0}: 'int java.lang.invoke.DirectMethodHandle$Holder.invokeStatic(java.lang.Object, java.lang.Object, java.lang.Object, int)'> (0x00000000eab9ccf0) 
thrown [s\src\hotspot\share\interpreter\linkResolver.cpp, line 759]
Event: 9.103 Thread 0x000001b4df31f150 Exception <a 'java/io/FileNotFoundException'{0x00000000ead0b6d8}> (0x00000000ead0b6d8) 
thrown [s\src\hotspot\share\prims\jni.cpp, line 516]
Event: 9.109 Thread 0x000001b4df31f150 Exception <a 'java/io/FileNotFoundException'{0x00000000ead20560}> (0x00000000ead20560) 
thrown [s\src\hotspot\share\prims\jni.cpp, line 516]
Event: 9.453 Thread 0x000001b4de228400 Exception <a 'java/io/FileNotFoundException'{0x00000000eb19ca70}> (0x00000000eb19ca70) 
thrown [s\src\hotspot\share\prims\jni.cpp, line 516]
Event: 9.453 Thread 0x000001b4de228400 Exception <a 'java/io/FileNotFoundException'{0x00000000eb19da70}> (0x00000000eb19da70) 
thrown [s\src\hotspot\share\prims\jni.cpp, line 516]

VM Operations (20 events):
Event: 7.147 Executing VM operation: ParallelGCFailedAllocation
Event: 7.153 Executing VM operation: ParallelGCFailedAllocation done
Event: 7.817 Executing VM operation: ParallelGCFailedAllocation
Event: 7.823 Executing VM operation: ParallelGCFailedAllocation done
Event: 8.008 Executing VM operation: HandshakeAllThreads
Event: 8.008 Executing VM operation: HandshakeAllThreads done
Event: 8.844 Executing VM operation: HandshakeAllThreads
Event: 8.844 Executing VM operation: HandshakeAllThreads done
Event: 8.844 Executing VM operation: Cleanup
Event: 8.844 Executing VM operation: Cleanup done
Event: 8.857 Executing VM operation: HandshakeAllThreads
Event: 8.857 Executing VM operation: HandshakeAllThreads done
Event: 8.983 Executing VM operation: ParallelGCFailedAllocation
Event: 8.987 Executing VM operation: ParallelGCFailedAllocation done
Event: 9.047 Executing VM operation: HandshakeAllThreads
Event: 9.047 Executing VM operation: HandshakeAllThreads done
Event: 9.195 Executing VM operation: HandshakeAllThreads
Event: 9.195 Executing VM operation: HandshakeAllThreads done
Event: 9.380 Executing VM operation: ParallelGCFailedAllocation
Event: 9.408 Executing VM operation: ParallelGCFailedAllocation done

Events (20 events):
Event: 8.314 loading class java/util/concurrent/CompletableFuture$UniAccept done
Event: 8.314 loading class java/util/concurrent/CompletableFuture$UniExceptionally
Event: 8.314 loading class java/util/concurrent/CompletableFuture$UniExceptionally done
Event: 8.319 Thread 0x000001b4df31b9a0 Thread added: 0x000001b4df31b9a0
Event: 8.717 Thread 0x000001b4de741020 Thread exited: 0x000001b4de741020
Event: 8.747 loading class java/lang/UnsupportedClassVersionError
Event: 8.747 loading class java/lang/UnsupportedClassVersionError done
Event: 8.762 loading class jdk/internal/reflect/UnsafeQualifiedStaticIntegerFieldAccessorImpl
Event: 8.763 loading class jdk/internal/reflect/UnsafeQualifiedStaticIntegerFieldAccessorImpl done
Event: 8.774 Thread 0x000001b4de741020 Thread added: 0x000001b4de741020
Event: 8.840 loading class java/util/stream/MatchOps$MatchKind
Event: 8.840 loading class java/util/stream/MatchOps$MatchKind done
Event: 8.840 loading class java/util/stream/MatchOps
Event: 8.840 loading class java/util/stream/MatchOps done
Event: 8.840 loading class java/util/stream/MatchOps$MatchOp
Event: 8.840 loading class java/util/stream/MatchOps$MatchOp done
Event: 8.841 loading class java/util/stream/MatchOps$BooleanTerminalSink
Event: 8.841 loading class java/util/stream/MatchOps$BooleanTerminalSink done
Event: 8.841 loading class java/util/stream/MatchOps$1MatchSink
Event: 8.842 loading class java/util/stream/MatchOps$1MatchSink done


Dynamic libraries:
0x00007ff69f6a0000 - 0x00007ff69f6ae000 	c:\Users\HP\.vscode\extensions\redhat.java-1.25.0-win32-x64\jre\17.0.9-win32-x86_64\bin\java.exe
0x00007ff9db250000 - 0x00007ff9db444000 	C:\WINDOWS\SYSTEM32\ntdll.dll
0x00007ff9d9310000 - 0x00007ff9d93cd000 	C:\WINDOWS\System32\KERNEL32.DLL
0x00007ff9d8d50000 - 0x00007ff9d9017000 	C:\WINDOWS\System32\KERNELBASE.dll
0x00007ff9d8b20000 - 0x00007ff9d8c20000 	C:\WINDOWS\System32\ucrtbase.dll
0x00007ff9b99b0000 - 0x00007ff9b99c7000 	c:\Users\HP\.vscode\extensions\redhat.java-1.25.0-win32-x64\jre\17.0.9-win32-x86_64\bin\jli.dll
0x00007ff9dab20000 - 0x00007ff9dacc0000 	C:\WINDOWS\System32\USER32.dll
0x00007ff9d8990000 - 0x00007ff9d89b2000 	C:\WINDOWS\System32\win32u.dll
0x00007ff9d93e0000 - 0x00007ff9d940a000 	C:\WINDOWS\System32\GDI32.dll
0x00007ff9d90d0000 - 0x00007ff9d91da000 	C:\WINDOWS\System32\gdi32full.dll
0x00007ff9d91e0000 - 0x00007ff9d927d000 	C:\WINDOWS\System32\msvcp_win.dll
0x00007ff9b00f0000 - 0x00007ff9b010b000 	c:\Users\HP\.vscode\extensions\redhat.java-1.25.0-win32-x64\jre\17.0.9-win32-x86_64\bin\VCRUNTIME140.dll
0x00007ff9bfce0000 - 0x00007ff9bff7a000 	C:\WINDOWS\WinSxS\amd64_microsoft.windows.common-controls_6595b64144ccf1df_6.0.19041.1_none_b555e41d4684ddec\COMCTL32.dll
0x00007ff9db170000 - 0x00007ff9db20e000 	C:\WINDOWS\System32\msvcrt.dll
0x00007ff9d95a0000 - 0x00007ff9d95d0000 	C:\WINDOWS\System32\IMM32.DLL
0x00007ff9d3b10000 - 0x00007ff9d3b1c000 	c:\Users\HP\.vscode\extensions\redhat.java-1.25.0-win32-x64\jre\17.0.9-win32-x86_64\bin\vcruntime140_1.dll
0x00007ff97ad80000 - 0x00007ff97ae0d000 	c:\Users\HP\.vscode\extensions\redhat.java-1.25.0-win32-x64\jre\17.0.9-win32-x86_64\bin\msvcp140.dll
0x00007ff976f10000 - 0x00007ff977b71000 	c:\Users\HP\.vscode\extensions\redhat.java-1.25.0-win32-x64\jre\17.0.9-win32-x86_64\bin\server\jvm.dll
0x00007ff9d95d0000 - 0x00007ff9d967a000 	C:\WINDOWS\System32\ADVAPI32.dll
0x00007ff9daeb0000 - 0x00007ff9daf4b000 	C:\WINDOWS\System32\sechost.dll
0x00007ff9d9470000 - 0x00007ff9d9593000 	C:\WINDOWS\System32\RPCRT4.dll
0x00007ff9d7fa0000 - 0x00007ff9d7feb000 	C:\WINDOWS\SYSTEM32\POWRPROF.dll
0x00007ff9cb660000 - 0x00007ff9cb669000 	C:\WINDOWS\SYSTEM32\WSOCK32.dll
0x00007ff9db080000 - 0x00007ff9db0eb000 	C:\WINDOWS\System32\WS2_32.dll
0x00007ff9d02c0000 - 0x00007ff9d02e7000 	C:\WINDOWS\SYSTEM32\WINMM.dll
0x00007ff9c9820000 - 0x00007ff9c982a000 	C:\WINDOWS\SYSTEM32\VERSION.dll
0x00007ff9d7e10000 - 0x00007ff9d7e22000 	C:\WINDOWS\SYSTEM32\UMPDC.dll
0x00007ff9d6840000 - 0x00007ff9d6853000 	C:\WINDOWS\SYSTEM32\kernel.appcore.dll
0x00007ff9c67b0000 - 0x00007ff9c67ba000 	c:\Users\HP\.vscode\extensions\redhat.java-1.25.0-win32-x64\jre\17.0.9-win32-x86_64\bin\jimage.dll
0x00007ff9c9d70000 - 0x00007ff9c9f54000 	C:\WINDOWS\SYSTEM32\DBGHELP.DLL
0x00007ff9c9cd0000 - 0x00007ff9c9cfc000 	C:\WINDOWS\SYSTEM32\dbgcore.DLL
0x00007ff9d8cd0000 - 0x00007ff9d8d4f000 	C:\WINDOWS\System32\bcryptPrimitives.dll
0x00007ff9c54e0000 - 0x00007ff9c54ee000 	c:\Users\HP\.vscode\extensions\redhat.java-1.25.0-win32-x64\jre\17.0.9-win32-x86_64\bin\instrument.dll
0x00007ff98cb50000 - 0x00007ff98cb75000 	c:\Users\HP\.vscode\extensions\redhat.java-1.25.0-win32-x64\jre\17.0.9-win32-x86_64\bin\java.dll
0x00007ff9af0f0000 - 0x00007ff9af108000 	c:\Users\HP\.vscode\extensions\redhat.java-1.25.0-win32-x64\jre\17.0.9-win32-x86_64\bin\zip.dll
0x00007ff9da380000 - 0x00007ff9daab1000 	C:\WINDOWS\System32\SHELL32.dll
0x00007ff9d6b20000 - 0x00007ff9d72aa000 	C:\WINDOWS\SYSTEM32\windows.storage.dll
0x00007ff9d9830000 - 0x00007ff9d9b84000 	C:\WINDOWS\System32\combase.dll
0x00007ff9d8410000 - 0x00007ff9d843b000 	C:\WINDOWS\SYSTEM32\Wldp.dll
0x00007ff9d9d00000 - 0x00007ff9d9dae000 	C:\WINDOWS\System32\SHCORE.dll
0x00007ff9d92b0000 - 0x00007ff9d9305000 	C:\WINDOWS\System32\shlwapi.dll
0x00007ff9d88d0000 - 0x00007ff9d88ef000 	C:\WINDOWS\SYSTEM32\profapi.dll
0x00007ff9af030000 - 0x00007ff9af049000 	C:\Users\HP\.vscode\extensions\redhat.java-1.25.0-win32-x64\jre\17.0.9-win32-x86_64\bin\net.dll
0x00007ff9d0170000 - 0x00007ff9d0272000 	C:\WINDOWS\SYSTEM32\WINHTTP.dll
0x00007ff9d8190000 - 0x00007ff9d81fa000 	C:\WINDOWS\system32\mswsock.dll
0x00007ff9a8170000 - 0x00007ff9a8186000 	C:\Users\HP\.vscode\extensions\redhat.java-1.25.0-win32-x64\jre\17.0.9-win32-x86_64\bin\nio.dll
0x00007ff9c54c0000 - 0x00007ff9c54d0000 	c:\Users\HP\.vscode\extensions\redhat.java-1.25.0-win32-x64\jre\17.0.9-win32-x86_64\bin\verify.dll
0x00007ff98c4b0000 - 0x00007ff98c4ee000 	C:\Users\HP\AppData\Roaming\Code\User\globalStorage\redhat.java\1.25.0\config_ss_win\org.eclipse.equinox.launcher\org.eclipse.equinox.launcher.win32.win32.x86_64_1.2.800.v20231003-1442\eclipse_11802.dll
0x00007ff9daf50000 - 0x00007ff9db07b000 	C:\WINDOWS\System32\ole32.dll
0x00007ff9d8360000 - 0x00007ff9d8378000 	C:\WINDOWS\SYSTEM32\CRYPTSP.dll
0x00007ff9d7ab0000 - 0x00007ff9d7ae4000 	C:\WINDOWS\system32\rsaenh.dll
0x00007ff9d9280000 - 0x00007ff9d92a7000 	C:\WINDOWS\System32\bcrypt.dll
0x00007ff9d8890000 - 0x00007ff9d88be000 	C:\WINDOWS\SYSTEM32\USERENV.dll
0x00007ff9d8380000 - 0x00007ff9d838c000 	C:\WINDOWS\SYSTEM32\CRYPTBASE.dll
0x00007ff9d7e30000 - 0x00007ff9d7e6b000 	C:\WINDOWS\SYSTEM32\IPHLPAPI.DLL
0x00007ff9da370000 - 0x00007ff9da379000 	C:\WINDOWS\System32\NSI.dll
0x00007ff9d07b0000 - 0x00007ff9d07c7000 	C:\WINDOWS\SYSTEM32\dhcpcsvc6.DLL
0x00007ff9d1370000 - 0x00007ff9d138d000 	C:\WINDOWS\SYSTEM32\dhcpcsvc.DLL
0x00007ff9d7e80000 - 0x00007ff9d7f4a000 	C:\WINDOWS\SYSTEM32\DNSAPI.dll
0x00007ff98b8a0000 - 0x00007ff98b8e5000 	C:\Users\HP\AppData\Local\Temp\jna-2312\jna3236351168479728496.dll
0x00007ff9d93d0000 - 0x00007ff9d93d8000 	C:\WINDOWS\System32\PSAPI.DLL

dbghelp: loaded successfully - version: 4.0.5 - missing functions: none
symbol engine: initialized successfully - sym options: 0x614 - pdb path: .;c:\Users\HP\.vscode\extensions\redhat.java-1.25.0-win32-x64\jre\17.0.9-win32-x86_64\bin;C:\WINDOWS\SYSTEM32;C:\WINDOWS\WinSxS\amd64_microsoft.windows.common-controls_6595b64144ccf1df_6.0.19041.1_none_b555e41d4684ddec;c:\Users\HP\.vscode\extensions\redhat.java-1.25.0-win32-x64\jre\17.0.9-win32-x86_64\bin\server;C:\Users\HP\AppData\Roaming\Code\User\globalStorage\redhat.java\1.25.0\config_ss_win\org.eclipse.equinox.launcher\org.eclipse.equinox.launcher.win32.win32.x86_64_1.2.800.v20231003-1442;C:\Users\HP\AppData\Local\Temp\jna-2312

VM Arguments:
jvm_args: --add-modules=ALL-SYSTEM --add-opens=java.base/java.util=ALL-UNNAMED --add-opens=java.base/java.lang=ALL-UNNAMED --add-opens=java.base/sun.nio.fs=ALL-UNNAMED -Declipse.application=org.eclipse.jdt.ls.core.id1 -Dosgi.bundles.defaultStartLevel=4 -Declipse.product=org.eclipse.jdt.ls.core.product -Djava.import.generatesMetadataFilesAtProjectRoot=false -DDetectVMInstallationsJob.disabled=true -Dfile.encoding=utf8 -XX:+UseParallelGC -XX:GCTimeRatio=4 -XX:AdaptiveSizePolicyWeight=90 -Dsun.zip.disableMemoryMapping=true -Xmx1G -Xms100m -Xlog:disable -javaagent:c:\Users\HP\.vscode\extensions\redhat.java-1.25.0-win32-x64\lombok\lombok-1.18.30.jar 
java_command: c:\Users\HP\.vscode\extensions\redhat.java-1.25.0-win32-x64\server\plugins\org.eclipse.equinox.launcher_1.6.600.v20231012-1237.jar -configuration c:\Users\HP\AppData\Roaming\Code\User\globalStorage\redhat.java\1.25.0\config_ss_win -data c:\Users\HP\AppData\Roaming\Code\User\workspaceStorage\7145003809ee5229b52fc69e90d06eaa\redhat.java\ss_ws --stdio
java_class_path (initial): c:\Users\HP\.vscode\extensions\redhat.java-1.25.0-win32-x64\server\plugins\org.eclipse.equinox.launcher_1.6.600.v20231012-1237.jar
Launcher Type: SUN_STANDARD

[Global flags]
    uintx AdaptiveSizePolicyWeight                 = 90                                        {product} {command line}
     intx CICompilerCount                          = 3                                         {product} {ergonomic}
    uintx GCTimeRatio                              = 4                                         {product} {command line}
   size_t InitialHeapSize                          = 104857600                                 {product} {command line}
   size_t MaxHeapSize                              = 1073741824                                {product} {command line}
   size_t MaxNewSize                               = 357564416                                 {product} {ergonomic}
   size_t MinHeapDeltaBytes                        = 524288                                    {product} {ergonomic}
   size_t MinHeapSize                              = 104857600                                 {product} {command line}
   size_t NewSize                                  = 34603008                                  {product} {ergonomic}
    uintx NonNMethodCodeHeapSize                   = 5832780                                {pd product} {ergonomic}
    uintx NonProfiledCodeHeapSize                  = 122912730                              {pd product} {ergonomic}
   size_t OldSize                                  = 70254592                                  {product} {ergonomic}
    uintx ProfiledCodeHeapSize                     = 122912730                              {pd product} {ergonomic}
    uintx ReservedCodeCacheSize                    = 251658240                              {pd product} {ergonomic}
     bool SegmentedCodeCache                       = true                                      {product} {ergonomic}
   size_t SoftMaxHeapSize                          = 1073741824                             {manageable} {ergonomic}
     bool UseCompressedClassPointers               = true                           {product lp64_product} {ergonomic}
     bool UseCompressedOops                        = true                           {product lp64_product} {ergonomic}
     bool UseLargePagesIndividualAllocation        = false                                  {pd product} {ergonomic}
     bool UseParallelGC                            = true                                      {product} {command line}

Logging:
Log output configuration:
 #0: stdout all=off uptime,level,tags
 #1: stderr all=off uptime,level,tags

Environment Variables:
JAVA_HOME=C:\Program Files\Java\jdk1.8.0_45
CLASSPATH=%CLASSPATH%;E:\kiemthunangcao\junit\junit-4.13.2.jar;hamcrest-core-1.3.jar;
PATH=C:\ProgramData\Oracle\Java\javapath;C:\Program Files (x86)\Common Files\Oracle\Java\javapath;C:\WINDOWS\system32;C:\WINDOWS;C:\WINDOWS\System32\Wbem;C:\WINDOWS\System32\WindowsPowerShell\v1.0\;C:\Users\HP\Downloads\winlibs-x86_64-posix-seh-gcc-11.2.0-llvm-12.0.1-mingw-w64-9.0.0-r1\mingw64\bin;C:\WINDOWS\System32\OpenSSH\;C:\Program Files\Broadcom\Broadcom 802.11\Driver;C:\Program Files\Azure Data Studio\bin;C:\Program Files\Java\jdk1.8.0_45;C:\Program Files\Java\jdbc\sqljdbc42.jar;d:\Program Files(x86)\100\Tools\Binn\;d:\Program Files\100\Tools\Binn\;d:\Program Files\100\DTS\Binn\;C:\Program Files (x86)\Microsoft SQL Server\100\Tools\Binn\;C:\Program Files (x86)\Microsoft SQL Server\100\Tools\Binn\VSShell\Common7\IDE\;C:\Program Files (x86)\Microsoft SQL Server\100\DTS\Binn\;C:\Program Files (x86)\Microsoft SQL Server\110\Tools\Binn\;C:\Program Files (x86)\Microsoft SQL Server\110\DTS\Binn\;C:\Program Files (x86)\Microsoft SQL Server\160\Tools\Binn\;C:\Program Files\Microsoft SQL Server\160\Tools\Binn\;C:\Program Files\Microsoft SQL Server\Client SDK\ODBC\170\Tools\Binn\;C:\Program Files\Microsoft SQL Server\160\DTS\Binn\;C:\Program Files (x86)\Microsoft SQL Server\160\DTS\Binn\;C:\Program Files\Java\jdk1.8.0_45\bin;E:\vs\Git\cmd;C:\Users\HP\AppData\Local\Microsoft\WindowsApps;C:\Users\HP\Downloads\winlibs-x86_64-posix-seh-gcc-11.2.0-llvm-12.0.1-mingw-w64-9.0.0-r1\mingw64\bin;;C:\Program Files\Azure Data Studio\bin;E:\vs\Microsoft VS Code\bin
USERNAME=HP
OS=Windows_NT
PROCESSOR_IDENTIFIER=Intel64 Family 6 Model 58 Stepping 9, GenuineIntel
TMP=C:\Users\HP\AppData\Local\Temp
TEMP=D:\



Periodic native trim disabled


---------------  S Y S T E M  ---------------

OS:
 Windows 10 , 64 bit Build 19041 (10.0.19041.1)
OS uptime: 0 days 0:13 hours

CPU: total 4 (initial active 4) (2 cores per cpu, 2 threads per core) family 6 model 58 stepping 9 microcode 0x21, cx8, cmov, fxsr, ht, mmx, sse, sse2, sse3, ssse3, sse4.1, sse4.2, popcnt, tsc, tscinvbit, avx, aes, erms, clmul, vzeroupper, clflush
Processor Information for all 4 processors :
  Max Mhz: 2401, Current Mhz: 2401, Mhz Limit: 2401

Memory: 4k page, system-wide physical 3959M (669M free)
TotalPageFile size 4176M (AvailPageFile size 5M)
current process WorkingSet (physical memory assigned to process): 182M, peak: 182M
current process commit charge ("private bytes"): 266M, peak: 268M

vm_info: OpenJDK 64-Bit Server VM (17.0.9+9) for windows-amd64 JRE (17.0.9+9), built on Oct 26 2023 14:01:42 by "admin" with MS VC++ 16.10 / 16.11 (VS2019)

END.
