#
# There is insufficient memory for the Java Runtime Environment to continue.
# Native memory allocation (malloc) failed to allocate 306256 bytes for Chunk::new
# Possible reasons:
#   The system is out of physical RAM or swap space
#   The process is running with CompressedOops enabled, and the Java Heap may be blocking the growth of the native heap
# Possible solutions:
#   Reduce memory load on the system
#   Increase physical memory or swap space
#   Check if swap backing store is full
#   Decrease Java heap size (-Xmx/-Xms)
#   Decrease number of Java threads
#   Decrease Java thread stack sizes (-Xss)
#   Set larger code cache with -XX:ReservedCodeCacheSize=
#   JVM is running with Unscaled Compressed Oops mode in which the Java heap is
#     placed in the first 4GB address space. The Java Heap base address is the
#     maximum limit for the native heap growth. Please use -XX:HeapBaseMinAddress
#     to set the Java Heap base and to place the Java Heap above 4GB virtual address.
# This output file may be truncated or incomplete.
#
#  Out of Memory Error (arena.cpp:191), pid=2424, tid=10796
#
# JRE version: OpenJDK Runtime Environment Temurin-17.0.9+9 (17.0.9+9) (build 17.0.9+9)
# Java VM: OpenJDK 64-Bit Server VM Temurin-17.0.9+9 (17.0.9+9, mixed mode, tiered, compressed oops, compressed class ptrs, parallel gc, windows-amd64)
# No core dump will be written. Minidumps are not enabled by default on client versions of Windows
#

---------------  S U M M A R Y ------------

Command Line: --add-modules=ALL-SYSTEM --add-opens=java.base/java.util=ALL-UNNAMED --add-opens=java.base/java.lang=ALL-UNNAMED --add-opens=java.base/sun.nio.fs=ALL-UNNAMED -Declipse.application=org.eclipse.jdt.ls.core.id1 -Dosgi.bundles.defaultStartLevel=4 -Declipse.product=org.eclipse.jdt.ls.core.product -Djava.import.generatesMetadataFilesAtProjectRoot=false -DDetectVMInstallationsJob.disabled=true -Dfile.encoding=utf8 -XX:+UseParallelGC -XX:GCTimeRatio=4 -XX:AdaptiveSizePolicyWeight=90 -Dsun.zip.disableMemoryMapping=true -Xmx1G -Xms100m -Xlog:disable -javaagent:c:\Users\HP\.vscode\extensions\redhat.java-1.25.0-win32-x64\lombok\lombok-1.18.30.jar c:\Users\HP\.vscode\extensions\redhat.java-1.25.0-win32-x64\server\plugins\org.eclipse.equinox.launcher_1.6.600.v20231012-1237.jar -configuration c:\Users\HP\AppData\Roaming\Code\User\globalStorage\redhat.java\1.25.0\config_ss_win -data c:\Users\HP\AppData\Roaming\Code\User\workspaceStorage\7145003809ee5229b52fc69e90d06eaa\redhat.java\ss_ws --stdio

Host: Intel(R) Core(TM) i5-3437U CPU @ 1.90GHz, 4 cores, 3G,  Windows 10 , 64 bit Build 19041 (10.0.19041.1)
Time: Sat Dec  2 03:28:39 2023 SE Asia Standard Time elapsed time: 15.306623 seconds (0d 0h 0m 15s)

---------------  T H R E A D  ---------------

Current thread (0x0000028cf34780c0):  JavaThread "C2 CompilerThread0" daemon [_thread_in_native, id=10796, stack(0x000000b264800000,0x000000b264900000)]


Current CompileTask:
C2:  15306 2891       4       java.util.Properties::loadConvert (540 bytes)

Stack: [0x000000b264800000,0x000000b264900000]
Native frames: (J=compiled Java code, j=interpreted, Vv=VM code, C=native code)
V  [jvm.dll+0x67cf49]
V  [jvm.dll+0x83478a]
V  [jvm.dll+0x83624e]
V  [jvm.dll+0x8368b3]
V  [jvm.dll+0x247f1f]
V  [jvm.dll+0xac43c]
V  [jvm.dll+0xaca8c]
V  [jvm.dll+0x367067]
V  [jvm.dll+0x3313ba]
V  [jvm.dll+0x33085a]
V  [jvm.dll+0x21a5b1]
V  [jvm.dll+0x2199d1]
V  [jvm.dll+0x1a57cd]
V  [jvm.dll+0x2297ae]
V  [jvm.dll+0x22797c]
V  [jvm.dll+0x7e9877]
V  [jvm.dll+0x7e3c3a]
V  [jvm.dll+0x67be35]
C  [ucrtbase.dll+0x21542]
C  [KERNEL32.DLL+0x16fd4]
C  [ntdll.dll+0x4cf31]


---------------  P R O C E S S  ---------------

Threads class SMR info:
_java_thread_list=0x0000028cf8e818e0, length=21, elements={
0x0000028cdd6baaf0, 0x0000028cdd77aa50, 0x0000028cdd77c200, 0x0000028cf3472150,
0x0000028cf3472ee0, 0x0000028cf3475a80, 0x0000028cf34774c0, 0x0000028cf34780c0,
0x0000028cf867cc10, 0x0000028cf867f8e0, 0x0000028cdd71b720, 0x0000028cf87ad660,
0x0000028cf8fcc200, 0x0000028cf8fcb2d0, 0x0000028cf8fca8b0, 0x0000028cf8fcd130,
0x0000028cf8fcb7e0, 0x0000028cf8fcdb50, 0x0000028cf8fcc710, 0x0000028cf8fccc20,
0x0000028cf8fcadc0
}

Java Threads: ( => current thread )
  0x0000028cdd6baaf0 JavaThread "main" [_thread_blocked, id=1492, stack(0x000000b263f00000,0x000000b264000000)]
  0x0000028cdd77aa50 JavaThread "Reference Handler" daemon [_thread_blocked, id=4068, stack(0x000000b264200000,0x000000b264300000)]
  0x0000028cdd77c200 JavaThread "Finalizer" daemon [_thread_blocked, id=7708, stack(0x000000b264300000,0x000000b264400000)]
  0x0000028cf3472150 JavaThread "Signal Dispatcher" daemon [_thread_blocked, id=11800, stack(0x000000b264400000,0x000000b264500000)]
  0x0000028cf3472ee0 JavaThread "Attach Listener" daemon [_thread_blocked, id=4544, stack(0x000000b264500000,0x000000b264600000)]
  0x0000028cf3475a80 JavaThread "Service Thread" daemon [_thread_blocked, id=10864, stack(0x000000b264600000,0x000000b264700000)]
  0x0000028cf34774c0 JavaThread "Monitor Deflation Thread" daemon [_thread_blocked, id=10696, stack(0x000000b264700000,0x000000b264800000)]
=>0x0000028cf34780c0 JavaThread "C2 CompilerThread0" daemon [_thread_in_native, id=10796, stack(0x000000b264800000,0x000000b264900000)]
  0x0000028cf867cc10 JavaThread "C1 CompilerThread0" daemon [_thread_blocked, id=7828, stack(0x000000b264900000,0x000000b264a00000)]
  0x0000028cf867f8e0 JavaThread "Sweeper thread" daemon [_thread_blocked, id=11596, stack(0x000000b264a00000,0x000000b264b00000)]
  0x0000028cdd71b720 JavaThread "Common-Cleaner" daemon [_thread_blocked, id=11712, stack(0x000000b264b00000,0x000000b264c00000)]
  0x0000028cf87ad660 JavaThread "Notification Thread" daemon [_thread_blocked, id=4412, stack(0x000000b264c00000,0x000000b264d00000)]
  0x0000028cf8fcc200 JavaThread "Active Thread: Equinox Container: 947242b3-511e-42a1-a001-2b91c899c6fc" [_thread_blocked, id=5356, stack(0x000000b265100000,0x000000b265200000)]
  0x0000028cf8fcb2d0 JavaThread "Framework Event Dispatcher: Equinox Container: 947242b3-511e-42a1-a001-2b91c899c6fc" daemon [_thread_blocked, id=7792, stack(0x000000b265200000,0x000000b265300000)]
  0x0000028cf8fca8b0 JavaThread "Start Level: Equinox Container: 947242b3-511e-42a1-a001-2b91c899c6fc" daemon [_thread_blocked, id=9636, stack(0x000000b265300000,0x000000b265400000)]
  0x0000028cf8fcd130 JavaThread "SCR Component Actor" daemon [_thread_blocked, id=7276, stack(0x000000b265400000,0x000000b265500000)]
  0x0000028cf8fcb7e0 JavaThread "Worker-JM" [_thread_blocked, id=11200, stack(0x000000b265600000,0x000000b265700000)]
  0x0000028cf8fcdb50 JavaThread "Worker-0" [_thread_blocked, id=11636, stack(0x000000b265700000,0x000000b265800000)]
  0x0000028cf8fcc710 JavaThread "Worker-1" [_thread_blocked, id=4624, stack(0x000000b265800000,0x000000b265900000)]
  0x0000028cf8fccc20 JavaThread "JNA Cleaner" daemon [_thread_blocked, id=10524, stack(0x000000b265500000,0x000000b265600000)]
  0x0000028cf8fcadc0 JavaThread "Framework stop - Equinox Container: 947242b3-511e-42a1-a001-2b91c899c6fc" [_thread_in_vm, id=10296, stack(0x000000b265900000,0x000000b265a00000)]

Other Threads:
  0x0000028cf343c7a0 VMThread "VM Thread" [stack: 0x000000b264100000,0x000000b264200000] [id=4844]
  0x0000028cf891e030 WatcherThread [stack: 0x000000b264d00000,0x000000b264e00000] [id=8212]
  0x0000028cdd6c8f90 GCTaskThread "GC Thread#0" [stack: 0x000000b264000000,0x000000b264100000] [id=11772]
  0x0000028cf8d9e840 GCTaskThread "GC Thread#1" [stack: 0x000000b264e00000,0x000000b264f00000] [id=512]
  0x0000028cf8dcf870 GCTaskThread "GC Thread#2" [stack: 0x000000b264f00000,0x000000b265000000] [id=10708]
  0x0000028cf8dcfb30 GCTaskThread "GC Thread#3" [stack: 0x000000b265000000,0x000000b265100000] [id=11484]

Threads with active compile tasks:
C2 CompilerThread0    15335 2891       4       java.util.Properties::loadConvert (540 bytes)

VM state: not at safepoint (normal execution)

VM Mutex/Monitor currently owned by a thread: None

Heap address: 0x00000000c0000000, size: 1024 MB, Compressed Oops mode: 32-bit

CDS archive(s) not mapped
Compressed class space mapped at: 0x0000000100000000-0x0000000140000000, reserved size: 1073741824
Narrow klass base: 0x0000000000000000, Narrow klass shift: 3, Narrow klass range: 0x140000000

GC Precious Log:
 CPUs: 4 total, 4 available
 Memory: 3959M
 Large Page Support: Disabled
 NUMA Support: Disabled
 Compressed Oops: Enabled (32-bit)
 Alignments: Space 512K, Generation 512K, Heap 2M
 Heap Min Capacity: 100M
 Heap Initial Capacity: 100M
 Heap Max Capacity: 1G
 Pre-touch: Disabled
 Parallel Workers: 4

Heap:
 PSYoungGen      total 25600K, used 6964K [0x00000000eab00000, 0x00000000ec980000, 0x0000000100000000)
  eden space 24064K, 22% used [0x00000000eab00000,0x00000000eb0505c0,0x00000000ec280000)
  from space 1536K, 99% used [0x00000000ec500000,0x00000000ec67cc08,0x00000000ec680000)
  to   space 3072K, 0% used [0x00000000ec680000,0x00000000ec680000,0x00000000ec980000)
 ParOldGen       total 68608K, used 8175K [0x00000000c0000000, 0x00000000c4300000, 0x00000000eab00000)
  object space 68608K, 11% used [0x00000000c0000000,0x00000000c07fbc30,0x00000000c4300000)
 Metaspace       used 32132K, committed 32768K, reserved 1114112K
  class space    used 3168K, committed 3456K, reserved 1048576K

Card table byte_map: [0x0000028cf0d20000,0x0000028cf0f30000] _byte_map_base: 0x0000028cf0720000

Marking Bits: (ParMarkBitMap*) 0x00007fff98f0d0b0
 Begin Bits: [0x0000028cf1090000, 0x0000028cf2090000)
 End Bits:   [0x0000028cf2090000, 0x0000028cf3090000)

Polling page: 0x0000028cdd780000

Metaspace:

Usage:
  Non-class:     28.29 MB used.
      Class:      3.09 MB used.
       Both:     31.38 MB used.

Virtual space:
  Non-class space:       64.00 MB reserved,      28.62 MB ( 45%) committed,  1 nodes.
      Class space:        1.00 GB reserved,       3.38 MB ( <1%) committed,  1 nodes.
             Both:        1.06 GB reserved,      32.00 MB (  3%) committed. 

Chunk freelists:
   Non-Class:  3.39 MB
       Class:  12.67 MB
        Both:  16.06 MB

MaxMetaspaceSize: unlimited
CompressedClassSpaceSize: 1.00 GB
Initial GC threshold: 21.00 MB
Current GC threshold: 35.00 MB
CDS: off
MetaspaceReclaimPolicy: balanced
 - commit_granule_bytes: 65536.
 - commit_granule_words: 8192.
 - virtual_space_node_default_size: 8388608.
 - enlarge_chunks_in_place: 1.
 - new_chunks_are_fully_committed: 0.
 - uncommit_free_chunks: 1.
 - use_allocation_guard: 0.
 - handle_deallocations: 1.


Internal statistics:

num_allocs_failed_limit: 3.
num_arena_births: 334.
num_arena_deaths: 14.
num_vsnodes_births: 2.
num_vsnodes_deaths: 0.
num_space_committed: 512.
num_space_uncommitted: 0.
num_chunks_returned_to_freelist: 17.
num_chunks_taken_from_freelist: 1245.
num_chunk_merges: 7.
num_chunk_splits: 826.
num_chunks_enlarged: 565.
num_inconsistent_stats: 0.

CodeHeap 'non-profiled nmethods': size=120000Kb used=1225Kb max_used=1225Kb free=118774Kb
 bounds [0x0000028ce9600000, 0x0000028ce9870000, 0x0000028cf0b30000]
CodeHeap 'profiled nmethods': size=120000Kb used=5782Kb max_used=5782Kb free=114217Kb
 bounds [0x0000028ce1b30000, 0x0000028ce20e0000, 0x0000028ce9060000]
CodeHeap 'non-nmethods': size=5760Kb used=1246Kb max_used=1272Kb free=4513Kb
 bounds [0x0000028ce9060000, 0x0000028ce92d0000, 0x0000028ce9600000]
 total_blobs=3458 nmethods=2891 adapters=481
 compilation: enabled
              stopped_count=0, restarted_count=0
 full_count=0

Compilation events (20 events):
Event: 15.049 Thread 0x0000028cf867cc10 nmethod 2879 0x0000028ce20c8c10 code [0x0000028ce20c8de0, 0x0000028ce20c91b8]
Event: 15.050 Thread 0x0000028cf34780c0 2880       4       java.lang.String::newStringUTF8NoRepl (274 bytes)
Event: 15.057 Thread 0x0000028cf34780c0 nmethod 2880 0x0000028ce9730790 code [0x0000028ce9730920, 0x0000028ce9730e58]
Event: 15.057 Thread 0x0000028cf34780c0 2881       4       java.util.zip.ZipCoder$UTF8ZipCoder::toString (12 bytes)
Event: 15.065 Thread 0x0000028cf34780c0 nmethod 2881 0x0000028ce9731110 code [0x0000028ce97312a0, 0x0000028ce97317f8]
Event: 15.066 Thread 0x0000028cf867cc10 2882       3       org.eclipse.core.internal.resources.ResourceInfo::getType (8 bytes)
Event: 15.066 Thread 0x0000028cf867cc10 nmethod 2882 0x0000028ce20c9310 code [0x0000028ce20c94c0, 0x0000028ce20c9698]
Event: 15.082 Thread 0x0000028cf867cc10 2883   !   3       org.eclipse.osgi.internal.loader.classpath.ClasspathManager::findClassImpl (308 bytes)
Event: 15.089 Thread 0x0000028cf867cc10 nmethod 2883 0x0000028ce20c9790 code [0x0000028ce20ca020, 0x0000028ce20ce218]
Event: 15.089 Thread 0x0000028cf867cc10 2884       3       org.eclipse.osgi.internal.loader.classpath.ClasspathEntry::findEntry (56 bytes)
Event: 15.090 Thread 0x0000028cf867cc10 nmethod 2884 0x0000028ce20cfb90 code [0x0000028ce20cfda0, 0x0000028ce20d04a8]
Event: 15.254 Thread 0x0000028cf867cc10 2887       3       org.eclipse.osgi.internal.framework.FilterImpl$Item::compare_ObjectArray (38 bytes)
Event: 15.254 Thread 0x0000028cf867cc10 nmethod 2887 0x0000028ce20d0690 code [0x0000028ce20d0840, 0x0000028ce20d0ae8]
Event: 15.254 Thread 0x0000028cf867cc10 2888       3       org.eclipse.osgi.internal.framework.FilterImpl$Equal::compare_String (25 bytes)
Event: 15.254 Thread 0x0000028cf867cc10 nmethod 2888 0x0000028ce20d0c10 code [0x0000028ce20d0dc0, 0x0000028ce20d1088]
Event: 15.260 Thread 0x0000028cf867cc10 2889       3       java.util.concurrent.atomic.AtomicReference::<init> (5 bytes)
Event: 15.261 Thread 0x0000028cf867cc10 nmethod 2889 0x0000028ce20d1190 code [0x0000028ce20d1320, 0x0000028ce20d1478]
Event: 15.264 Thread 0x0000028cf867cc10 2890       3       sun.net.www.protocol.jar.Handler::parseContextSpec (150 bytes)
Event: 15.267 Thread 0x0000028cf867cc10 nmethod 2890 0x0000028ce20d1510 code [0x0000028ce20d19a0, 0x0000028ce20d3658]
Event: 15.280 Thread 0x0000028cf34780c0 2891       4       java.util.Properties::loadConvert (540 bytes)

GC Heap History (16 events):
Event: 2.752 GC heap before
{Heap before GC invocations=1 (full 0):
 PSYoungGen      total 29696K, used 25600K [0x00000000eab00000, 0x00000000ecc00000, 0x0000000100000000)
  eden space 25600K, 100% used [0x00000000eab00000,0x00000000ec400000,0x00000000ec400000)
  from space 4096K, 0% used [0x00000000ec800000,0x00000000ec800000,0x00000000ecc00000)
  to   space 4096K, 0% used [0x00000000ec400000,0x00000000ec400000,0x00000000ec800000)
 ParOldGen       total 68608K, used 0K [0x00000000c0000000, 0x00000000c4300000, 0x00000000eab00000)
  object space 68608K, 0% used [0x00000000c0000000,0x00000000c0000000,0x00000000c4300000)
 Metaspace       used 11025K, committed 11200K, reserved 1114112K
  class space    used 1098K, committed 1216K, reserved 1048576K
}
Event: 2.769 GC heap after
{Heap after GC invocations=1 (full 0):
 PSYoungGen      total 29696K, used 3155K [0x00000000eab00000, 0x00000000ecc00000, 0x0000000100000000)
  eden space 25600K, 0% used [0x00000000eab00000,0x00000000eab00000,0x00000000ec400000)
  from space 4096K, 77% used [0x00000000ec400000,0x00000000ec714c18,0x00000000ec800000)
  to   space 4096K, 0% used [0x00000000ec800000,0x00000000ec800000,0x00000000ecc00000)
 ParOldGen       total 68608K, used 0K [0x00000000c0000000, 0x00000000c4300000, 0x00000000eab00000)
  object space 68608K, 0% used [0x00000000c0000000,0x00000000c0000000,0x00000000c4300000)
 Metaspace       used 11025K, committed 11200K, reserved 1114112K
  class space    used 1098K, committed 1216K, reserved 1048576K
}
Event: 4.917 GC heap before
{Heap before GC invocations=2 (full 0):
 PSYoungGen      total 29696K, used 28755K [0x00000000eab00000, 0x00000000ecc00000, 0x0000000100000000)
  eden space 25600K, 100% used [0x00000000eab00000,0x00000000ec400000,0x00000000ec400000)
  from space 4096K, 77% used [0x00000000ec400000,0x00000000ec714c18,0x00000000ec800000)
  to   space 4096K, 0% used [0x00000000ec800000,0x00000000ec800000,0x00000000ecc00000)
 ParOldGen       total 68608K, used 0K [0x00000000c0000000, 0x00000000c4300000, 0x00000000eab00000)
  object space 68608K, 0% used [0x00000000c0000000,0x00000000c0000000,0x00000000c4300000)
 Metaspace       used 15116K, committed 15360K, reserved 1114112K
  class space    used 1534K, committed 1664K, reserved 1048576K
}
Event: 4.924 GC heap after
{Heap after GC invocations=2 (full 0):
 PSYoungGen      total 29696K, used 4072K [0x00000000eab00000, 0x00000000ecc00000, 0x0000000100000000)
  eden space 25600K, 0% used [0x00000000eab00000,0x00000000eab00000,0x00000000ec400000)
  from space 4096K, 99% used [0x00000000ec800000,0x00000000ecbfa128,0x00000000ecc00000)
  to   space 4096K, 0% used [0x00000000ec400000,0x00000000ec400000,0x00000000ec800000)
 ParOldGen       total 68608K, used 722K [0x00000000c0000000, 0x00000000c4300000, 0x00000000eab00000)
  object space 68608K, 1% used [0x00000000c0000000,0x00000000c00b4b70,0x00000000c4300000)
 Metaspace       used 15116K, committed 15360K, reserved 1114112K
  class space    used 1534K, committed 1664K, reserved 1048576K
}
Event: 7.391 GC heap before
{Heap before GC invocations=3 (full 0):
 PSYoungGen      total 29696K, used 29672K [0x00000000eab00000, 0x00000000ecc00000, 0x0000000100000000)
  eden space 25600K, 100% used [0x00000000eab00000,0x00000000ec400000,0x00000000ec400000)
  from space 4096K, 99% used [0x00000000ec800000,0x00000000ecbfa128,0x00000000ecc00000)
  to   space 4096K, 0% used [0x00000000ec400000,0x00000000ec400000,0x00000000ec800000)
 ParOldGen       total 68608K, used 722K [0x00000000c0000000, 0x00000000c4300000, 0x00000000eab00000)
  object space 68608K, 1% used [0x00000000c0000000,0x00000000c00b4b70,0x00000000c4300000)
 Metaspace       used 20188K, committed 20608K, reserved 1114112K
  class space    used 2060K, committed 2240K, reserved 1048576K
}
Event: 7.401 GC heap after
{Heap after GC invocations=3 (full 0):
 PSYoungGen      total 29696K, used 4094K [0x00000000eab00000, 0x00000000ecc00000, 0x0000000100000000)
  eden space 25600K, 0% used [0x00000000eab00000,0x00000000eab00000,0x00000000ec400000)
  from space 4096K, 99% used [0x00000000ec400000,0x00000000ec7ff820,0x00000000ec800000)
  to   space 4096K, 0% used [0x00000000ec800000,0x00000000ec800000,0x00000000ecc00000)
 ParOldGen       total 68608K, used 2520K [0x00000000c0000000, 0x00000000c4300000, 0x00000000eab00000)
  object space 68608K, 3% used [0x00000000c0000000,0x00000000c02763c0,0x00000000c4300000)
 Metaspace       used 20188K, committed 20608K, reserved 1114112K
  class space    used 2060K, committed 2240K, reserved 1048576K
}
Event: 7.858 GC heap before
{Heap before GC invocations=4 (full 0):
 PSYoungGen      total 29696K, used 9703K [0x00000000eab00000, 0x00000000ecc00000, 0x0000000100000000)
  eden space 25600K, 21% used [0x00000000eab00000,0x00000000eb07a4e0,0x00000000ec400000)
  from space 4096K, 99% used [0x00000000ec400000,0x00000000ec7ff820,0x00000000ec800000)
  to   space 4096K, 0% used [0x00000000ec800000,0x00000000ec800000,0x00000000ecc00000)
 ParOldGen       total 68608K, used 2520K [0x00000000c0000000, 0x00000000c4300000, 0x00000000eab00000)
  object space 68608K, 3% used [0x00000000c0000000,0x00000000c02763c0,0x00000000c4300000)
 Metaspace       used 21093K, committed 21504K, reserved 1114112K
  class space    used 2159K, committed 2368K, reserved 1048576K
}
Event: 7.864 GC heap after
{Heap after GC invocations=4 (full 0):
 PSYoungGen      total 29696K, used 4094K [0x00000000eab00000, 0x00000000ecc00000, 0x0000000100000000)
  eden space 25600K, 0% used [0x00000000eab00000,0x00000000eab00000,0x00000000ec400000)
  from space 4096K, 99% used [0x00000000ec800000,0x00000000ecbff820,0x00000000ecc00000)
  to   space 4096K, 0% used [0x00000000ec400000,0x00000000ec400000,0x00000000ec800000)
 ParOldGen       total 68608K, used 2723K [0x00000000c0000000, 0x00000000c4300000, 0x00000000eab00000)
  object space 68608K, 3% used [0x00000000c0000000,0x00000000c02a8c40,0x00000000c4300000)
 Metaspace       used 21093K, committed 21504K, reserved 1114112K
  class space    used 2159K, committed 2368K, reserved 1048576K
}
Event: 7.864 GC heap before
{Heap before GC invocations=5 (full 1):
 PSYoungGen      total 29696K, used 4094K [0x00000000eab00000, 0x00000000ecc00000, 0x0000000100000000)
  eden space 25600K, 0% used [0x00000000eab00000,0x00000000eab00000,0x00000000ec400000)
  from space 4096K, 99% used [0x00000000ec800000,0x00000000ecbff820,0x00000000ecc00000)
  to   space 4096K, 0% used [0x00000000ec400000,0x00000000ec400000,0x00000000ec800000)
 ParOldGen       total 68608K, used 2723K [0x00000000c0000000, 0x00000000c4300000, 0x00000000eab00000)
  object space 68608K, 3% used [0x00000000c0000000,0x00000000c02a8c40,0x00000000c4300000)
 Metaspace       used 21093K, committed 21504K, reserved 1114112K
  class space    used 2159K, committed 2368K, reserved 1048576K
}
Event: 7.904 GC heap after
{Heap after GC invocations=5 (full 1):
 PSYoungGen      total 29696K, used 0K [0x00000000eab00000, 0x00000000ecc00000, 0x0000000100000000)
  eden space 25600K, 0% used [0x00000000eab00000,0x00000000eab00000,0x00000000ec400000)
  from space 4096K, 0% used [0x00000000ec800000,0x00000000ec800000,0x00000000ecc00000)
  to   space 4096K, 0% used [0x00000000ec400000,0x00000000ec400000,0x00000000ec800000)
 ParOldGen       total 68608K, used 6684K [0x00000000c0000000, 0x00000000c4300000, 0x00000000eab00000)
  object space 68608K, 9% used [0x00000000c0000000,0x00000000c06871a0,0x00000000c4300000)
 Metaspace       used 21080K, committed 21504K, reserved 1114112K
  class space    used 2155K, committed 2368K, reserved 1048576K
}
Event: 8.753 GC heap before
{Heap before GC invocations=6 (full 1):
 PSYoungGen      total 29696K, used 25600K [0x00000000eab00000, 0x00000000ecc00000, 0x0000000100000000)
  eden space 25600K, 100% used [0x00000000eab00000,0x00000000ec400000,0x00000000ec400000)
  from space 4096K, 0% used [0x00000000ec800000,0x00000000ec800000,0x00000000ecc00000)
  to   space 4096K, 0% used [0x00000000ec400000,0x00000000ec400000,0x00000000ec800000)
 ParOldGen       total 68608K, used 6684K [0x00000000c0000000, 0x00000000c4300000, 0x00000000eab00000)
  object space 68608K, 9% used [0x00000000c0000000,0x00000000c06871a0,0x00000000c4300000)
 Metaspace       used 24567K, committed 25024K, reserved 1114112K
  class space    used 2407K, committed 2624K, reserved 1048576K
}
Event: 8.755 GC heap after
{Heap after GC invocations=6 (full 1):
 PSYoungGen      total 26112K, used 538K [0x00000000eab00000, 0x00000000ec880000, 0x0000000100000000)
  eden space 25088K, 0% used [0x00000000eab00000,0x00000000eab00000,0x00000000ec380000)
  from space 1024K, 52% used [0x00000000ec400000,0x00000000ec486ab8,0x00000000ec500000)
  to   space 2048K, 0% used [0x00000000ec680000,0x00000000ec680000,0x00000000ec880000)
 ParOldGen       total 68608K, used 6692K [0x00000000c0000000, 0x00000000c4300000, 0x00000000eab00000)
  object space 68608K, 9% used [0x00000000c0000000,0x00000000c06891a0,0x00000000c4300000)
 Metaspace       used 24567K, committed 25024K, reserved 1114112K
  class space    used 2407K, committed 2624K, reserved 1048576K
}
Event: 10.496 GC heap before
{Heap before GC invocations=7 (full 1):
 PSYoungGen      total 26112K, used 25626K [0x00000000eab00000, 0x00000000ec880000, 0x0000000100000000)
  eden space 25088K, 100% used [0x00000000eab00000,0x00000000ec380000,0x00000000ec380000)
  from space 1024K, 52% used [0x00000000ec400000,0x00000000ec486ab8,0x00000000ec500000)
  to   space 2048K, 0% used [0x00000000ec680000,0x00000000ec680000,0x00000000ec880000)
 ParOldGen       total 68608K, used 6692K [0x00000000c0000000, 0x00000000c4300000, 0x00000000eab00000)
  object space 68608K, 9% used [0x00000000c0000000,0x00000000c06891a0,0x00000000c4300000)
 Metaspace       used 27329K, committed 27840K, reserved 1114112K
  class space    used 2637K, committed 2880K, reserved 1048576K
}
Event: 10.497 GC heap after
{Heap after GC invocations=7 (full 1):
 PSYoungGen      total 26112K, used 1146K [0x00000000eab00000, 0x00000000ec800000, 0x0000000100000000)
  eden space 24576K, 0% used [0x00000000eab00000,0x00000000eab00000,0x00000000ec300000)
  from space 1536K, 74% used [0x00000000ec680000,0x00000000ec79ea88,0x00000000ec800000)
  to   space 1536K, 0% used [0x00000000ec500000,0x00000000ec500000,0x00000000ec680000)
 ParOldGen       total 68608K, used 6700K [0x00000000c0000000, 0x00000000c4300000, 0x00000000eab00000)
  object space 68608K, 9% used [0x00000000c0000000,0x00000000c068b1a0,0x00000000c4300000)
 Metaspace       used 27329K, committed 27840K, reserved 1114112K
  class space    used 2637K, committed 2880K, reserved 1048576K
}
Event: 14.602 GC heap before
{Heap before GC invocations=8 (full 1):
 PSYoungGen      total 26112K, used 25722K [0x00000000eab00000, 0x00000000ec800000, 0x0000000100000000)
  eden space 24576K, 100% used [0x00000000eab00000,0x00000000ec300000,0x00000000ec300000)
  from space 1536K, 74% used [0x00000000ec680000,0x00000000ec79ea88,0x00000000ec800000)
  to   space 1536K, 0% used [0x00000000ec500000,0x00000000ec500000,0x00000000ec680000)
 ParOldGen       total 68608K, used 6700K [0x00000000c0000000, 0x00000000c4300000, 0x00000000eab00000)
  object space 68608K, 9% used [0x00000000c0000000,0x00000000c068b1a0,0x00000000c4300000)
 Metaspace       used 31335K, committed 31872K, reserved 1114112K
  class space    used 3070K, committed 3328K, reserved 1048576K
}
Event: 14.606 GC heap after
{Heap after GC invocations=8 (full 1):
 PSYoungGen      total 25600K, used 1523K [0x00000000eab00000, 0x00000000ec980000, 0x0000000100000000)
  eden space 24064K, 0% used [0x00000000eab00000,0x00000000eab00000,0x00000000ec280000)
  from space 1536K, 99% used [0x00000000ec500000,0x00000000ec67cc08,0x00000000ec680000)
  to   space 3072K, 0% used [0x00000000ec680000,0x00000000ec680000,0x00000000ec980000)
 ParOldGen       total 68608K, used 8175K [0x00000000c0000000, 0x00000000c4300000, 0x00000000eab00000)
  object space 68608K, 11% used [0x00000000c0000000,0x00000000c07fbc30,0x00000000c4300000)
 Metaspace       used 31335K, committed 31872K, reserved 1114112K
  class space    used 3070K, committed 3328K, reserved 1048576K
}

Dll operation events (10 events):
Event: 0.012 Loaded shared library c:\Users\HP\.vscode\extensions\redhat.java-1.25.0-win32-x64\jre\17.0.9-win32-x86_64\bin\java.dll
Event: 0.595 Loaded shared library c:\Users\HP\.vscode\extensions\redhat.java-1.25.0-win32-x64\jre\17.0.9-win32-x86_64\bin\zip.dll
Event: 0.601 Loaded shared library C:\Users\HP\.vscode\extensions\redhat.java-1.25.0-win32-x64\jre\17.0.9-win32-x86_64\bin\instrument.dll
Event: 0.649 Loaded shared library C:\Users\HP\.vscode\extensions\redhat.java-1.25.0-win32-x64\jre\17.0.9-win32-x86_64\bin\net.dll
Event: 0.652 Loaded shared library C:\Users\HP\.vscode\extensions\redhat.java-1.25.0-win32-x64\jre\17.0.9-win32-x86_64\bin\nio.dll
Event: 0.692 Loaded shared library C:\Users\HP\.vscode\extensions\redhat.java-1.25.0-win32-x64\jre\17.0.9-win32-x86_64\bin\zip.dll
Event: 0.759 Loaded shared library C:\Users\HP\.vscode\extensions\redhat.java-1.25.0-win32-x64\jre\17.0.9-win32-x86_64\bin\jimage.dll
Event: 0.969 Loaded shared library c:\Users\HP\.vscode\extensions\redhat.java-1.25.0-win32-x64\jre\17.0.9-win32-x86_64\bin\verify.dll
Event: 4.266 Loaded shared library C:\Users\HP\AppData\Roaming\Code\User\globalStorage\redhat.java\1.25.0\config_ss_win\org.eclipse.equinox.launcher\org.eclipse.equinox.launcher.win32.win32.x86_64_1.2.800.v20231003-1442\eclipse_11802.dll
Event: 14.571 Loaded shared library C:\Users\HP\AppData\Local\Temp\jna-2312\jna17255244285727961934.dll

Deoptimization events (20 events):
Event: 13.230 Thread 0x0000028cf8fca8b0 Uncommon trap: trap_request=0xffffff45 fr.pc=0x0000028ce9653e9c relative=0x000000000000069c
Event: 13.230 Thread 0x0000028cf8fca8b0 Uncommon trap: reason=unstable_if action=reinterpret pc=0x0000028ce9653e9c method=java.lang.String.replace(Ljava/lang/CharSequence;Ljava/lang/CharSequence;)Ljava/lang/String; @ 42 c2
Event: 13.230 Thread 0x0000028cf8fca8b0 DEOPT PACKING pc=0x0000028ce9653e9c sp=0x000000b2653fb820
Event: 13.230 Thread 0x0000028cf8fca8b0 DEOPT UNPACKING pc=0x0000028ce90b66a3 sp=0x000000b2653fb7b0 mode 2
Event: 14.860 Thread 0x0000028cf8fca8b0 Uncommon trap: trap_request=0xffffff45 fr.pc=0x0000028ce96c57b4 relative=0x0000000000000a54
Event: 14.860 Thread 0x0000028cf8fca8b0 Uncommon trap: reason=unstable_if action=reinterpret pc=0x0000028ce96c57b4 method=jdk.internal.org.objectweb.asm.SymbolTable.put(Ljdk/internal/org/objectweb/asm/SymbolTable$Entry;)Ljdk/internal/org/objectweb/asm/SymbolTable$Entry; @ 13 c2
Event: 14.860 Thread 0x0000028cf8fca8b0 DEOPT PACKING pc=0x0000028ce96c57b4 sp=0x000000b2653fbcf0
Event: 14.860 Thread 0x0000028cf8fca8b0 DEOPT UNPACKING pc=0x0000028ce90b66a3 sp=0x000000b2653fbc38 mode 2
Event: 14.878 Thread 0x0000028cf8fca8b0 Uncommon trap: trap_request=0xffffff45 fr.pc=0x0000028ce9630b90 relative=0x0000000000000350
Event: 14.878 Thread 0x0000028cf8fca8b0 Uncommon trap: reason=unstable_if action=reinterpret pc=0x0000028ce9630b90 method=java.lang.Integer.parseInt(Ljava/lang/String;I)I @ 119 c2
Event: 14.878 Thread 0x0000028cf8fca8b0 DEOPT PACKING pc=0x0000028ce9630b90 sp=0x000000b2653fcae0
Event: 14.878 Thread 0x0000028cf8fca8b0 DEOPT UNPACKING pc=0x0000028ce90b66a3 sp=0x000000b2653fca48 mode 2
Event: 14.880 Thread 0x0000028cf8fca8b0 Uncommon trap: trap_request=0xffffff76 fr.pc=0x0000028ce971ac4c relative=0x000000000000060c
Event: 14.880 Thread 0x0000028cf8fca8b0 Uncommon trap: reason=predicate action=maybe_recompile pc=0x0000028ce971ac4c method=java.util.TreeMap.getEntryUsingComparator(Ljava/lang/Object;)Ljava/util/TreeMap$Entry; @ 19 c2
Event: 14.880 Thread 0x0000028cf8fca8b0 DEOPT PACKING pc=0x0000028ce971ac4c sp=0x000000b2653fc8d0
Event: 14.880 Thread 0x0000028cf8fca8b0 DEOPT UNPACKING pc=0x0000028ce90b66a3 sp=0x000000b2653fc7f0 mode 2
Event: 15.067 Thread 0x0000028cdd6baaf0 Uncommon trap: trap_request=0xffffff76 fr.pc=0x0000028ce9715ec0 relative=0x0000000000000600
Event: 15.067 Thread 0x0000028cdd6baaf0 Uncommon trap: reason=predicate action=maybe_recompile pc=0x0000028ce9715ec0 method=java.util.TreeMap.getEntryUsingComparator(Ljava/lang/Object;)Ljava/util/TreeMap$Entry; @ 19 c2
Event: 15.067 Thread 0x0000028cdd6baaf0 DEOPT PACKING pc=0x0000028ce9715ec0 sp=0x000000b263ffdd60
Event: 15.067 Thread 0x0000028cdd6baaf0 DEOPT UNPACKING pc=0x0000028ce90b66a3 sp=0x000000b263ffdd10 mode 2

Classes unloaded (7 events):
Event: 7.872 Thread 0x0000028cf343c7a0 Unloading class 0x000000010021c000 'java/lang/invoke/LambdaForm$MH+0x000000010021c000'
Event: 7.872 Thread 0x0000028cf343c7a0 Unloading class 0x000000010021bc00 'java/lang/invoke/LambdaForm$MH+0x000000010021bc00'
Event: 7.872 Thread 0x0000028cf343c7a0 Unloading class 0x000000010021b800 'java/lang/invoke/LambdaForm$MH+0x000000010021b800'
Event: 7.872 Thread 0x0000028cf343c7a0 Unloading class 0x000000010021b400 'java/lang/invoke/LambdaForm$MH+0x000000010021b400'
Event: 7.872 Thread 0x0000028cf343c7a0 Unloading class 0x000000010021b000 'java/lang/invoke/LambdaForm$BMH+0x000000010021b000'
Event: 7.872 Thread 0x0000028cf343c7a0 Unloading class 0x000000010021ac00 'java/lang/invoke/LambdaForm$DMH+0x000000010021ac00'
Event: 7.872 Thread 0x0000028cf343c7a0 Unloading class 0x0000000100218000 'java/lang/invoke/LambdaForm$DMH+0x0000000100218000'

Classes redefined (0 events):
No events

Internal exceptions (20 events):
Event: 7.780 Thread 0x0000028cf8fcdb50 Exception <a 'java/lang/NoSuchMethodError'{0x00000000eae92c80}: 'java.lang.Object java.lang.invoke.DirectMethodHandle$Holder.invokeSpecial(java.lang.Object, java.lang.Object, int, java.lang.Object, java.lang.Object)'> (0x00000000eae92c80) 
thrown [s\src\hotspot\share\interpreter\linkResolver.cpp, line 759]
Event: 7.781 Thread 0x0000028cf8fcdb50 Exception <a 'java/lang/NoSuchMethodError'{0x00000000eae9a350}: 'java.lang.Object java.lang.invoke.DirectMethodHandle$Holder.newInvokeSpecial(java.lang.Object, java.lang.Object, int, java.lang.Object)'> (0x00000000eae9a350) 
thrown [s\src\hotspot\share\interpreter\linkResolver.cpp, line 759]
Event: 7.782 Thread 0x0000028cf8fcdb50 Exception <a 'java/lang/NoSuchMethodError'{0x00000000eae9de60}: 'java.lang.Object java.lang.invoke.DirectMethodHandle$Holder.invokeSpecial(java.lang.Object, java.lang.Object, java.lang.Object, int, java.lang.Object)'> (0x00000000eae9de60) 
thrown [s\src\hotspot\share\interpreter\linkResolver.cpp, line 759]
Event: 9.446 Thread 0x0000028cf8fca8b0 Exception <a 'java/lang/ClassNotFoundException'{0x00000000ec1b1750}: com/sun/org/apache/xerces/internal/impl/msg/spi/DOMMessagesProvider> (0x00000000ec1b1750) 
thrown [s\src\hotspot\share\classfile\systemDictionary.cpp, line 256]
Event: 9.451 Thread 0x0000028cf8fca8b0 Exception <a 'java/lang/ClassNotFoundException'{0x00000000ec1de730}: com/sun/org/apache/xerces/internal/impl/msg/spi/XMLSerializerMessagesProvider> (0x00000000ec1de730) 
thrown [s\src\hotspot\share\classfile\systemDictionary.cpp, line 256]
Event: 9.453 Thread 0x0000028cf8fca8b0 Exception <a 'java/lang/ClassNotFoundException'{0x00000000ec1eba08}: com/sun/org/apache/xerces/internal/impl/msg/spi/XMLMessagesProvider> (0x00000000ec1eba08) 
thrown [s\src\hotspot\share\classfile\systemDictionary.cpp, line 256]
Event: 9.546 Thread 0x0000028cf8fca8b0 Exception <a 'java/lang/NoSuchMethodError'{0x00000000ec2b2160}: 'void java.lang.invoke.DirectMethodHandle$Holder.invokeVirtual(java.lang.Object, java.lang.Object)'> (0x00000000ec2b2160) 
thrown [s\src\hotspot\share\interpreter\linkResolver.cpp, line 759]
Event: 11.968 Thread 0x0000028cf8fca8b0 Exception <a 'java/lang/NoSuchMethodError'{0x00000000ead05ae8}: 'java.lang.Object java.lang.invoke.DirectMethodHandle$Holder.invokeStaticInit(java.lang.Object, int, int, int, int)'> (0x00000000ead05ae8) 
thrown [s\src\hotspot\share\interpreter\linkResolver.cpp, line 759]
Event: 12.347 Thread 0x0000028cf8fca8b0 Exception <a 'java/lang/NoSuchMethodError'{0x00000000eae3ddb8}: 'java.lang.Object java.lang.invoke.DirectMethodHandle$Holder.invokeStaticInit(java.lang.Object, java.lang.Object, int, int, int, int)'> (0x00000000eae3ddb8) 
thrown [s\src\hotspot\share\interpreter\linkResolver.cpp, line 759]
Event: 12.419 Thread 0x0000028cf8fca8b0 Exception <a 'sun/nio/fs/WindowsException'{0x00000000eafc5c40}> (0x00000000eafc5c40) 
thrown [s\src\hotspot\share\prims\jni.cpp, line 516]
Event: 12.554 Thread 0x0000028cf8fca8b0 Implicit null exception at 0x0000028ce96c76f5 to 0x0000028ce96c8328
Event: 12.653 Thread 0x0000028cf8fca8b0 Exception <a 'java/lang/ClassNotFoundException'{0x00000000eb5aaba0}: com/sun/org/apache/xml/internal/serializer/spi/XMLEntitiesProvider> (0x00000000eb5aaba0) 
thrown [s\src\hotspot\share\classfile\systemDictionary.cpp, line 256]
Event: 13.079 Thread 0x0000028cf8fca8b0 Exception <a 'java/io/FileNotFoundException'{0x00000000ebce4dd0}> (0x00000000ebce4dd0) 
thrown [s\src\hotspot\share\prims\jni.cpp, line 516]
Event: 14.870 Thread 0x0000028cf8fca8b0 Exception <a 'java/lang/UnsatisfiedLinkError'{0x00000000eabe3d58}: The specified procedure could not be found.
> (0x00000000eabe3d58) 
thrown [s\src\hotspot\share\prims\jni.cpp, line 535]
Event: 14.877 Thread 0x0000028cf8fca8b0 Exception <a 'java/io/FileNotFoundException'{0x00000000eac06c10}> (0x00000000eac06c10) 
thrown [s\src\hotspot\share\prims\jni.cpp, line 516]
Event: 14.993 Thread 0x0000028cf8fca8b0 Exception <a 'java/lang/UnsatisfiedLinkError'{0x00000000ead1bc48}: The specified procedure could not be found.
> (0x00000000ead1bc48) 
thrown [s\src\hotspot\share\prims\jni.cpp, line 535]
Event: 15.159 Thread 0x0000028cdd6baaf0 Exception <a 'java/lang/NoSuchMethodError'{0x00000000eaed2758}: 'java.lang.Object java.lang.invoke.DirectMethodHandle$Holder.invokeStatic(java.lang.Object, java.lang.Object, long, java.lang.Object)'> (0x00000000eaed2758) 
thrown [s\src\hotspot\share\interpreter\linkResolver.cpp, line 759]
Event: 15.161 Thread 0x0000028cdd6baaf0 Exception <a 'java/lang/NoSuchMethodError'{0x00000000eaed61f0}: 'java.lang.Object java.lang.invoke.DirectMethodHandle$Holder.invokeStaticInit(java.lang.Object, java.lang.Object, long, java.lang.Object)'> (0x00000000eaed61f0) 
thrown [s\src\hotspot\share\interpreter\linkResolver.cpp, line 759]
Event: 15.162 Thread 0x0000028cdd6baaf0 Exception <a 'java/lang/NoSuchMethodError'{0x00000000eaedc800}: 'java.lang.Object java.lang.invoke.DirectMethodHandle$Holder.newInvokeSpecial(java.lang.Object, java.lang.Object, long)'> (0x00000000eaedc800) 
thrown [s\src\hotspot\share\interpreter\linkResolver.cpp, line 759]
Event: 15.252 Thread 0x0000028cdd6baaf0 Exception <a 'java/lang/RuntimeException'{0x00000000eaefa5c0}: snapshot not available> (0x00000000eaefa5c0) 
thrown [s\src\hotspot\share\prims\jni.cpp, line 535]

VM Operations (20 events):
Event: 10.530 Executing VM operation: HandshakeAllThreads
Event: 10.530 Executing VM operation: HandshakeAllThreads done
Event: 11.530 Executing VM operation: Cleanup
Event: 11.530 Executing VM operation: Cleanup done
Event: 12.436 Executing VM operation: HandshakeAllThreads
Event: 12.436 Executing VM operation: HandshakeAllThreads done
Event: 12.591 Executing VM operation: HandshakeAllThreads
Event: 12.591 Executing VM operation: HandshakeAllThreads done
Event: 12.591 Executing VM operation: Cleanup
Event: 12.592 Executing VM operation: Cleanup done
Event: 12.763 Executing VM operation: HandshakeAllThreads
Event: 12.764 Executing VM operation: HandshakeAllThreads done
Event: 13.764 Executing VM operation: Cleanup
Event: 13.764 Executing VM operation: Cleanup done
Event: 14.602 Executing VM operation: ParallelGCFailedAllocation
Event: 14.606 Executing VM operation: ParallelGCFailedAllocation done
Event: 14.613 Executing VM operation: HandshakeAllThreads
Event: 14.613 Executing VM operation: HandshakeAllThreads done
Event: 15.058 Executing VM operation: HandshakeAllThreads
Event: 15.058 Executing VM operation: HandshakeAllThreads done

Events (20 events):
Event: 14.980 loading class java/lang/annotation/Documented done
Event: 14.989 loading class java/lang/Class$AnnotationData
Event: 14.989 loading class java/lang/Class$AnnotationData done
Event: 14.991 loading class jdk/internal/reflect/UnsafeBooleanFieldAccessorImpl
Event: 14.991 loading class jdk/internal/reflect/UnsafeBooleanFieldAccessorImpl done
Event: 15.066 loading class java/util/concurrent/Executors$DefaultThreadFactory
Event: 15.066 loading class java/util/concurrent/Executors$DefaultThreadFactory done
Event: 15.156 loading class java/lang/ProcessHandle
Event: 15.156 loading class java/lang/ProcessHandle done
Event: 15.156 loading class java/lang/ProcessHandleImpl
Event: 15.157 loading class java/lang/ProcessHandleImpl done
Event: 15.163 loading class java/lang/ProcessHandleImpl$Info
Event: 15.163 loading class java/lang/ProcessHandle$Info
Event: 15.163 loading class java/lang/ProcessHandle$Info done
Event: 15.163 loading class java/lang/ProcessHandleImpl$Info done
Event: 15.298 loading class java/lang/Throwable$WrappedPrintWriter
Event: 15.298 loading class java/lang/Throwable$PrintStreamOrWriter
Event: 15.298 loading class java/lang/Throwable$PrintStreamOrWriter done
Event: 15.298 loading class java/lang/Throwable$WrappedPrintWriter done
Event: 15.301 Thread 0x0000028cf8fcadc0 Thread added: 0x0000028cf8fcadc0


Dynamic libraries:
0x00007ff71b710000 - 0x00007ff71b71e000 	c:\Users\HP\.vscode\extensions\redhat.java-1.25.0-win32-x64\jre\17.0.9-win32-x86_64\bin\java.exe
0x00007fffeb110000 - 0x00007fffeb304000 	C:\WINDOWS\SYSTEM32\ntdll.dll
0x00007fffe9a80000 - 0x00007fffe9b3d000 	C:\WINDOWS\System32\KERNEL32.DLL
0x00007fffe89e0000 - 0x00007fffe8ca7000 	C:\WINDOWS\System32\KERNELBASE.dll
0x00007fffe88b0000 - 0x00007fffe89b0000 	C:\WINDOWS\System32\ucrtbase.dll
0x00007fffc1f80000 - 0x00007fffc1f97000 	c:\Users\HP\.vscode\extensions\redhat.java-1.25.0-win32-x64\jre\17.0.9-win32-x86_64\bin\jli.dll
0x00007fffe9750000 - 0x00007fffe98f0000 	C:\WINDOWS\System32\USER32.dll
0x00007fffe89b0000 - 0x00007fffe89d2000 	C:\WINDOWS\System32\win32u.dll
0x00007fffe99f0000 - 0x00007fffe9a1a000 	C:\WINDOWS\System32\GDI32.dll
0x00007fffe8e00000 - 0x00007fffe8f0a000 	C:\WINDOWS\System32\gdi32full.dll
0x00007fffe8ce0000 - 0x00007fffe8d7d000 	C:\WINDOWS\System32\msvcp_win.dll
0x00007fffc1e70000 - 0x00007fffc1e8b000 	c:\Users\HP\.vscode\extensions\redhat.java-1.25.0-win32-x64\jre\17.0.9-win32-x86_64\bin\VCRUNTIME140.dll
0x00007fffd0210000 - 0x00007fffd04aa000 	C:\WINDOWS\WinSxS\amd64_microsoft.windows.common-controls_6595b64144ccf1df_6.0.19041.1_none_b555e41d4684ddec\COMCTL32.dll
0x00007fffe9220000 - 0x00007fffe92be000 	C:\WINDOWS\System32\msvcrt.dll
0x00007fffea720000 - 0x00007fffea750000 	C:\WINDOWS\System32\IMM32.DLL
0x00007fffdc6f0000 - 0x00007fffdc6fc000 	c:\Users\HP\.vscode\extensions\redhat.java-1.25.0-win32-x64\jre\17.0.9-win32-x86_64\bin\vcruntime140_1.dll
0x00007fff9e170000 - 0x00007fff9e1fd000 	c:\Users\HP\.vscode\extensions\redhat.java-1.25.0-win32-x64\jre\17.0.9-win32-x86_64\bin\msvcp140.dll
0x00007fff98370000 - 0x00007fff98fd1000 	c:\Users\HP\.vscode\extensions\redhat.java-1.25.0-win32-x64\jre\17.0.9-win32-x86_64\bin\server\jvm.dll
0x00007fffe9170000 - 0x00007fffe921a000 	C:\WINDOWS\System32\ADVAPI32.dll
0x00007fffe9950000 - 0x00007fffe99eb000 	C:\WINDOWS\System32\sechost.dll
0x00007fffe9b40000 - 0x00007fffe9c63000 	C:\WINDOWS\System32\RPCRT4.dll
0x00007fffe7e60000 - 0x00007fffe7eab000 	C:\WINDOWS\SYSTEM32\POWRPROF.dll
0x00007fffdc100000 - 0x00007fffdc109000 	C:\WINDOWS\SYSTEM32\WSOCK32.dll
0x00007fffeafb0000 - 0x00007fffeb01b000 	C:\WINDOWS\System32\WS2_32.dll
0x00007fffdd870000 - 0x00007fffdd897000 	C:\WINDOWS\SYSTEM32\WINMM.dll
0x00007fffdb930000 - 0x00007fffdb93a000 	C:\WINDOWS\SYSTEM32\VERSION.dll
0x00007fffe7cd0000 - 0x00007fffe7ce2000 	C:\WINDOWS\SYSTEM32\UMPDC.dll
0x00007fffe67e0000 - 0x00007fffe67f3000 	C:\WINDOWS\SYSTEM32\kernel.appcore.dll
0x00007fffdc0c0000 - 0x00007fffdc0ca000 	c:\Users\HP\.vscode\extensions\redhat.java-1.25.0-win32-x64\jre\17.0.9-win32-x86_64\bin\jimage.dll
0x00007fffdb740000 - 0x00007fffdb924000 	C:\WINDOWS\SYSTEM32\DBGHELP.DLL
0x00007fffdb6b0000 - 0x00007fffdb6dc000 	C:\WINDOWS\SYSTEM32\dbgcore.DLL
0x00007fffe8d80000 - 0x00007fffe8dff000 	C:\WINDOWS\System32\bcryptPrimitives.dll
0x00007fffd1200000 - 0x00007fffd120e000 	c:\Users\HP\.vscode\extensions\redhat.java-1.25.0-win32-x64\jre\17.0.9-win32-x86_64\bin\instrument.dll
0x00007fffbe090000 - 0x00007fffbe0b5000 	c:\Users\HP\.vscode\extensions\redhat.java-1.25.0-win32-x64\jre\17.0.9-win32-x86_64\bin\java.dll
0x00007fffbdf90000 - 0x00007fffbdfa8000 	c:\Users\HP\.vscode\extensions\redhat.java-1.25.0-win32-x64\jre\17.0.9-win32-x86_64\bin\zip.dll
0x00007fffe9d80000 - 0x00007fffea4b1000 	C:\WINDOWS\System32\SHELL32.dll
0x00007fffe69e0000 - 0x00007fffe716a000 	C:\WINDOWS\SYSTEM32\windows.storage.dll
0x00007fffeac50000 - 0x00007fffeafa4000 	C:\WINDOWS\System32\combase.dll
0x00007fffe82d0000 - 0x00007fffe82fb000 	C:\WINDOWS\SYSTEM32\Wldp.dll
0x00007fffeb020000 - 0x00007fffeb0ce000 	C:\WINDOWS\System32\SHCORE.dll
0x00007fffe96f0000 - 0x00007fffe9745000 	C:\WINDOWS\System32\shlwapi.dll
0x00007fffe8790000 - 0x00007fffe87af000 	C:\WINDOWS\SYSTEM32\profapi.dll
0x00007fffbdab0000 - 0x00007fffbdac9000 	C:\Users\HP\.vscode\extensions\redhat.java-1.25.0-win32-x64\jre\17.0.9-win32-x86_64\bin\net.dll
0x00007fffdd430000 - 0x00007fffdd532000 	C:\WINDOWS\SYSTEM32\WINHTTP.dll
0x00007fffe8050000 - 0x00007fffe80ba000 	C:\WINDOWS\system32\mswsock.dll
0x00007fffbd2d0000 - 0x00007fffbd2e6000 	C:\Users\HP\.vscode\extensions\redhat.java-1.25.0-win32-x64\jre\17.0.9-win32-x86_64\bin\nio.dll
0x00007fffc7330000 - 0x00007fffc7340000 	c:\Users\HP\.vscode\extensions\redhat.java-1.25.0-win32-x64\jre\17.0.9-win32-x86_64\bin\verify.dll
0x00007fffd9e40000 - 0x00007fffd9e7e000 	C:\Users\HP\AppData\Roaming\Code\User\globalStorage\redhat.java\1.25.0\config_ss_win\org.eclipse.equinox.launcher\org.eclipse.equinox.launcher.win32.win32.x86_64_1.2.800.v20231003-1442\eclipse_11802.dll
0x00007fffea4d0000 - 0x00007fffea5fb000 	C:\WINDOWS\System32\ole32.dll
0x00007fffe8220000 - 0x00007fffe8238000 	C:\WINDOWS\SYSTEM32\CRYPTSP.dll
0x00007fffe7970000 - 0x00007fffe79a4000 	C:\WINDOWS\system32\rsaenh.dll
0x00007fffe8cb0000 - 0x00007fffe8cd7000 	C:\WINDOWS\System32\bcrypt.dll
0x00007fffe8710000 - 0x00007fffe873e000 	C:\WINDOWS\SYSTEM32\USERENV.dll
0x00007fffe8240000 - 0x00007fffe824c000 	C:\WINDOWS\SYSTEM32\CRYPTBASE.dll
0x00007fffe7cf0000 - 0x00007fffe7d2b000 	C:\WINDOWS\SYSTEM32\IPHLPAPI.DLL
0x00007fffea4c0000 - 0x00007fffea4c9000 	C:\WINDOWS\System32\NSI.dll
0x00007fffdd930000 - 0x00007fffdd947000 	C:\WINDOWS\SYSTEM32\dhcpcsvc6.DLL
0x00007fffdf500000 - 0x00007fffdf51d000 	C:\WINDOWS\SYSTEM32\dhcpcsvc.DLL
0x00007fffe7d30000 - 0x00007fffe7dfa000 	C:\WINDOWS\SYSTEM32\DNSAPI.dll
0x00007fffc9ab0000 - 0x00007fffc9af5000 	C:\Users\HP\AppData\Local\Temp\jna-2312\jna17255244285727961934.dll
0x00007fffe9d50000 - 0x00007fffe9d58000 	C:\WINDOWS\System32\PSAPI.DLL

dbghelp: loaded successfully - version: 4.0.5 - missing functions: none
symbol engine: initialized successfully - sym options: 0x614 - pdb path: .;c:\Users\HP\.vscode\extensions\redhat.java-1.25.0-win32-x64\jre\17.0.9-win32-x86_64\bin;C:\WINDOWS\SYSTEM32;C:\WINDOWS\WinSxS\amd64_microsoft.windows.common-controls_6595b64144ccf1df_6.0.19041.1_none_b555e41d4684ddec;c:\Users\HP\.vscode\extensions\redhat.java-1.25.0-win32-x64\jre\17.0.9-win32-x86_64\bin\server;C:\Users\HP\AppData\Roaming\Code\User\globalStorage\redhat.java\1.25.0\config_ss_win\org.eclipse.equinox.launcher\org.eclipse.equinox.launcher.win32.win32.x86_64_1.2.800.v20231003-1442;C:\Users\HP\AppData\Local\Temp\jna-2312

VM Arguments:
jvm_args: --add-modules=ALL-SYSTEM --add-opens=java.base/java.util=ALL-UNNAMED --add-opens=java.base/java.lang=ALL-UNNAMED --add-opens=java.base/sun.nio.fs=ALL-UNNAMED -Declipse.application=org.eclipse.jdt.ls.core.id1 -Dosgi.bundles.defaultStartLevel=4 -Declipse.product=org.eclipse.jdt.ls.core.product -Djava.import.generatesMetadataFilesAtProjectRoot=false -DDetectVMInstallationsJob.disabled=true -Dfile.encoding=utf8 -XX:+UseParallelGC -XX:GCTimeRatio=4 -XX:AdaptiveSizePolicyWeight=90 -Dsun.zip.disableMemoryMapping=true -Xmx1G -Xms100m -Xlog:disable -javaagent:c:\Users\HP\.vscode\extensions\redhat.java-1.25.0-win32-x64\lombok\lombok-1.18.30.jar 
java_command: c:\Users\HP\.vscode\extensions\redhat.java-1.25.0-win32-x64\server\plugins\org.eclipse.equinox.launcher_1.6.600.v20231012-1237.jar -configuration c:\Users\HP\AppData\Roaming\Code\User\globalStorage\redhat.java\1.25.0\config_ss_win -data c:\Users\HP\AppData\Roaming\Code\User\workspaceStorage\7145003809ee5229b52fc69e90d06eaa\redhat.java\ss_ws --stdio
java_class_path (initial): c:\Users\HP\.vscode\extensions\redhat.java-1.25.0-win32-x64\server\plugins\org.eclipse.equinox.launcher_1.6.600.v20231012-1237.jar
Launcher Type: SUN_STANDARD

[Global flags]
    uintx AdaptiveSizePolicyWeight                 = 90                                        {product} {command line}
     intx CICompilerCount                          = 3                                         {product} {ergonomic}
    uintx GCTimeRatio                              = 4                                         {product} {command line}
   size_t InitialHeapSize                          = 104857600                                 {product} {command line}
   size_t MaxHeapSize                              = 1073741824                                {product} {command line}
   size_t MaxNewSize                               = 357564416                                 {product} {ergonomic}
   size_t MinHeapDeltaBytes                        = 524288                                    {product} {ergonomic}
   size_t MinHeapSize                              = 104857600                                 {product} {command line}
   size_t NewSize                                  = 34603008                                  {product} {ergonomic}
    uintx NonNMethodCodeHeapSize                   = 5832780                                {pd product} {ergonomic}
    uintx NonProfiledCodeHeapSize                  = 122912730                              {pd product} {ergonomic}
   size_t OldSize                                  = 70254592                                  {product} {ergonomic}
    uintx ProfiledCodeHeapSize                     = 122912730                              {pd product} {ergonomic}
    uintx ReservedCodeCacheSize                    = 251658240                              {pd product} {ergonomic}
     bool SegmentedCodeCache                       = true                                      {product} {ergonomic}
   size_t SoftMaxHeapSize                          = 1073741824                             {manageable} {ergonomic}
     bool UseCompressedClassPointers               = true                           {product lp64_product} {ergonomic}
     bool UseCompressedOops                        = true                           {product lp64_product} {ergonomic}
     bool UseLargePagesIndividualAllocation        = false                                  {pd product} {ergonomic}
     bool UseParallelGC                            = true                                      {product} {command line}

Logging:
Log output configuration:
 #0: stdout all=off uptime,level,tags
 #1: stderr all=off uptime,level,tags

Environment Variables:
JAVA_HOME=C:\Program Files\Java\jdk1.8.0_45
CLASSPATH=%CLASSPATH%;%JUNIT_HOME%\junit-4.13.2.jar;hamcrest-core-1.3.jar;;E:\kiemthunangcao\junit\junit-4.13.2.jar;hamcrest-core-1.3.jar;;E:\kiemthunangcao\junit\junit-4.13.2.jar;hamcrest-core-1.3.jar;
PATH=C:\ProgramData\Oracle\Java\javapath;C:\Program Files (x86)\Common Files\Oracle\Java\javapath;C:\WINDOWS\system32;C:\WINDOWS;C:\WINDOWS\System32\Wbem;C:\WINDOWS\System32\WindowsPowerShell\v1.0\;C:\Users\HP\Downloads\winlibs-x86_64-posix-seh-gcc-11.2.0-llvm-12.0.1-mingw-w64-9.0.0-r1\mingw64\bin;C:\WINDOWS\System32\OpenSSH\;C:\Program Files\Broadcom\Broadcom 802.11\Driver;C:\Program Files\Azure Data Studio\bin;C:\Program Files\Java\jdk1.8.0_45;C:\Program Files\Java\jdbc\sqljdbc42.jar;d:\Program Files(x86)\100\Tools\Binn\;d:\Program Files\100\Tools\Binn\;d:\Program Files\100\DTS\Binn\;C:\Program Files (x86)\Microsoft SQL Server\100\Tools\Binn\;C:\Program Files (x86)\Microsoft SQL Server\100\Tools\Binn\VSShell\Common7\IDE\;C:\Program Files (x86)\Microsoft SQL Server\100\DTS\Binn\;C:\Program Files (x86)\Microsoft SQL Server\110\Tools\Binn\;C:\Program Files (x86)\Microsoft SQL Server\110\DTS\Binn\;C:\Program Files (x86)\Microsoft SQL Server\160\Tools\Binn\;C:\Program Files\Microsoft SQL Server\160\Tools\Binn\;C:\Program Files\Microsoft SQL Server\Client SDK\ODBC\170\Tools\Binn\;C:\Program Files\Microsoft SQL Server\160\DTS\Binn\;C:\Program Files (x86)\Microsoft SQL Server\160\DTS\Binn\;C:\Program Files\Java\jdk1.8.0_45\bin;E:\vs\Git\cmd;C:\Users\HP\AppData\Local\Microsoft\WindowsApps;C:\Users\HP\Downloads\winlibs-x86_64-posix-seh-gcc-11.2.0-llvm-12.0.1-mingw-w64-9.0.0-r1\mingw64\bin;;C:\Program Files\Azure Data Studio\bin;E:\vs\Microsoft VS Code\bin
USERNAME=HP
OS=Windows_NT
PROCESSOR_IDENTIFIER=Intel64 Family 6 Model 58 Stepping 9, GenuineIntel
TMP=C:\Users\HP\AppData\Local\Temp
TEMP=D:\



Periodic native trim disabled


---------------  S Y S T E M  ---------------

OS:
 Windows 10 , 64 bit Build 19041 (10.0.19041.1)
OS uptime: 0 days 0:51 hours

CPU: total 4 (initial active 4) (2 cores per cpu, 2 threads per core) family 6 model 58 stepping 9 microcode 0x21, cx8, cmov, fxsr, ht, mmx, sse, sse2, sse3, ssse3, sse4.1, sse4.2, popcnt, tsc, tscinvbit, avx, aes, erms, clmul, vzeroupper, clflush
Processor Information for all 4 processors :
  Max Mhz: 2401, Current Mhz: 2401, Mhz Limit: 2401

Memory: 4k page, system-wide physical 3959M (356M free)
TotalPageFile size 5857M (AvailPageFile size 0M)
current process WorkingSet (physical memory assigned to process): 124M, peak: 139M
current process commit charge ("private bytes"): 218M, peak: 237M

vm_info: OpenJDK 64-Bit Server VM (17.0.9+9) for windows-amd64 JRE (17.0.9+9), built on Oct 26 2023 14:01:42 by "admin" with MS VC++ 16.10 / 16.11 (VS2019)

END.
