#
# There is insufficient memory for the Java Runtime Environment to continue.
# Native memory allocation (mmap) failed to map 67108864 bytes for G1 virtual space
# Possible reasons:
#   The system is out of physical RAM or swap space
#   The process is running with CompressedOops enabled, and the Java Heap may be blocking the growth of the native heap
# Possible solutions:
#   Reduce memory load on the system
#   Increase physical memory or swap space
#   Check if swap backing store is full
#   Decrease Java heap size (-Xmx/-Xms)
#   Decrease number of Java threads
#   Decrease Java thread stack sizes (-Xss)
#   Set larger code cache with -XX:ReservedCodeCacheSize=
#   JVM is running with Unscaled Compressed Oops mode in which the Java heap is
#     placed in the first 4GB address space. The Java Heap base address is the
#     maximum limit for the native heap growth. Please use -XX:HeapBaseMinAddress
#     to set the Java Heap base and to place the Java Heap above 4GB virtual address.
# This output file may be truncated or incomplete.
#
#  Out of Memory Error (os_windows.cpp:3613), pid=8960, tid=11144
#
# JRE version: OpenJDK Runtime Environment Temurin-17.0.9+9 (17.0.9+9) (build 17.0.9+9)
# Java VM: OpenJDK 64-Bit Server VM Temurin-17.0.9+9 (17.0.9+9, mixed mode, emulated-client, tiered, compressed oops, compressed class ptrs, g1 gc, windows-amd64)
# No core dump will be written. Minidumps are not enabled by default on client versions of Windows
#

---------------  S U M M A R Y ------------

Command Line: -XX:+HeapDumpOnOutOfMemoryError -Xmx1024m -Dsts.lsp.client=vscode -Dsts.log.file=/dev/null -XX:TieredStopAtLevel=1 -Xlog:jni+resolve=off -Dspring.config.location=file:c:\Users\HP\.vscode\extensions\vmware.vscode-spring-boot-1.50.0\language-server\BOOT-INF\classes\application.properties org.springframework.ide.vscode.boot.app.BootLanguageServerBootApp

Host: Intel(R) Core(TM) i5-3437U CPU @ 1.90GHz, 4 cores, 3G,  Windows 10 , 64 bit Build 19041 (10.0.19041.1)
Time: Fri Dec  1 20:44:07 2023 SE Asia Standard Time elapsed time: 54.289687 seconds (0d 0h 0m 54s)

---------------  T H R E A D  ---------------

Current thread (0x00000245c6c12ce0):  VMThread "VM Thread" [stack: 0x0000007387500000,0x0000007387600000] [id=11144]

Stack: [0x0000007387500000,0x0000007387600000]
Native frames: (J=compiled Java code, j=interpreted, Vv=VM code, C=native code)
V  [jvm.dll+0x67cf49]
V  [jvm.dll+0x83478a]
V  [jvm.dll+0x83624e]
V  [jvm.dll+0x8368b3]
V  [jvm.dll+0x247f1f]
V  [jvm.dll+0x679d69]
V  [jvm.dll+0x66e6ba]
V  [jvm.dll+0x307e5b]
V  [jvm.dll+0x30f306]
V  [jvm.dll+0x35f0ce]
V  [jvm.dll+0x35f2ff]
V  [jvm.dll+0x2dea58]
V  [jvm.dll+0x2dcc34]
V  [jvm.dll+0x2dc23c]
V  [jvm.dll+0x3202bb]
V  [jvm.dll+0x83adab]
V  [jvm.dll+0x83baf1]
V  [jvm.dll+0x83c00d]
V  [jvm.dll+0x83c3e4]
V  [jvm.dll+0x83c4b0]
V  [jvm.dll+0x7e3c3a]
V  [jvm.dll+0x67be35]
C  [ucrtbase.dll+0x21542]
C  [KERNEL32.DLL+0x16fd4]
C  [ntdll.dll+0x4cf31]

VM_Operation (0x00000073892fd080): G1CollectForAllocation, mode: safepoint, requested by thread 0x00000245cc3379c0


---------------  P R O C E S S  ---------------

Threads class SMR info:
_java_thread_list=0x00000245cd1396f0, length=41, elements={
0x00000245c6c5f750, 0x00000245c6c604e0, 0x00000245c6c8d920, 0x00000245c6c905c0,
0x00000245c6c91ea0, 0x00000245c6c92770, 0x00000245c6c930f0, 0x00000245c6cbd4c0,
0x00000245cb1df660, 0x00000245cb1e7620, 0x00000245cc5b42e0, 0x00000245cc4b2de0,
0x00000245cbae1760, 0x00000245bc712e40, 0x00000245cc55bca0, 0x00000245cbb01030,
0x00000245cbb01510, 0x00000245cc69b860, 0x00000245cc69bd40, 0x00000245cc3388f0,
0x00000245cc336a90, 0x00000245cc3374b0, 0x00000245cc335650, 0x00000245cc336fa0,
0x00000245cc3379c0, 0x00000245cc337ed0, 0x00000245cc338e00, 0x00000245cc336580,
0x00000245cc335b60, 0x00000245cc3383e0, 0x00000245cc336070, 0x00000245cbb40e90,
0x00000245cc80b290, 0x00000245cc809e50, 0x00000245cc805770, 0x00000245cb180760,
0x00000245cc807ae0, 0x00000245cc804840, 0x00000245cc804d50, 0x00000245cc807ff0,
0x00000245cc805c80
}

Java Threads: ( => current thread )
  0x00000245c6c5f750 JavaThread "Reference Handler" daemon [_thread_blocked, id=6028, stack(0x0000007387600000,0x0000007387700000)]
  0x00000245c6c604e0 JavaThread "Finalizer" daemon [_thread_blocked, id=2596, stack(0x0000007387700000,0x0000007387800000)]
  0x00000245c6c8d920 JavaThread "Signal Dispatcher" daemon [_thread_blocked, id=6008, stack(0x0000007387800000,0x0000007387900000)]
  0x00000245c6c905c0 JavaThread "Attach Listener" daemon [_thread_blocked, id=6128, stack(0x0000007387900000,0x0000007387a00000)]
  0x00000245c6c91ea0 JavaThread "Service Thread" daemon [_thread_blocked, id=7216, stack(0x0000007387a00000,0x0000007387b00000)]
  0x00000245c6c92770 JavaThread "Monitor Deflation Thread" daemon [_thread_blocked, id=6584, stack(0x0000007387b00000,0x0000007387c00000)]
  0x00000245c6c930f0 JavaThread "C1 CompilerThread0" daemon [_thread_blocked, id=6152, stack(0x0000007387c00000,0x0000007387d00000)]
  0x00000245c6cbd4c0 JavaThread "Sweeper thread" daemon [_thread_blocked, id=7408, stack(0x0000007387d00000,0x0000007387e00000)]
  0x00000245cb1df660 JavaThread "Notification Thread" daemon [_thread_blocked, id=12560, stack(0x0000007387f00000,0x0000007388000000)]
  0x00000245cb1e7620 JavaThread "Common-Cleaner" daemon [_thread_blocked, id=13300, stack(0x0000007388100000,0x0000007388200000)]
  0x00000245cc5b42e0 JavaThread "boundedElastic-evictor-1" daemon [_thread_blocked, id=5712, stack(0x0000007388500000,0x0000007388600000)]
  0x00000245cc4b2de0 JavaThread "pool-11-thread-1" [_thread_blocked, id=12592, stack(0x0000007388600000,0x0000007388700000)]
  0x00000245cbae1760 JavaThread "LanguageServerApp-lifecycle" [_thread_blocked, id=10748, stack(0x0000007388700000,0x0000007388800000)]
  0x00000245bc712e40 JavaThread "DestroyJavaVM" [_thread_blocked, id=10912, stack(0x0000007386f00000,0x0000007387000000)]
  0x00000245cc55bca0 JavaThread "pool-12-thread-1" [_thread_in_native, id=9148, stack(0x0000007388800000,0x0000007388900000)]
  0x00000245cbb01030 JavaThread "Simple-Language-Server main thread" daemon [_thread_blocked, id=11296, stack(0x0000007388900000,0x0000007388a00000)]
  0x00000245cbb01510 JavaThread "pool-3-thread-1" [_thread_blocked, id=6948, stack(0x0000007388a00000,0x0000007388b00000)]
  0x00000245cc69b860 JavaThread "pool-3-thread-2" [_thread_blocked, id=3872, stack(0x0000007388b00000,0x0000007388c00000)]
  0x00000245cc69bd40 JavaThread "pool-3-thread-3" [_thread_blocked, id=3916, stack(0x0000007388c00000,0x0000007388d00000)]
  0x00000245cc3388f0 JavaThread "pool-3-thread-4" [_thread_blocked, id=10044, stack(0x0000007388d00000,0x0000007388e00000)]
  0x00000245cc336a90 JavaThread "pool-3-thread-5" [_thread_blocked, id=396, stack(0x0000007388e00000,0x0000007388f00000)]
  0x00000245cc3374b0 JavaThread "pool-7-thread-1" [_thread_blocked, id=10772, stack(0x0000007388f00000,0x0000007389000000)]
  0x00000245cc335650 JavaThread "parallel-1" daemon [_thread_blocked, id=6376, stack(0x0000007389000000,0x0000007389100000)]
  0x00000245cc336fa0 JavaThread "pool-4-thread-1" [_thread_blocked, id=4920, stack(0x0000007389100000,0x0000007389200000)]
  0x00000245cc3379c0 JavaThread "ForkJoinPool.commonPool-worker-1" daemon [_thread_blocked, id=3580, stack(0x0000007389200000,0x0000007389300000)]
  0x00000245cc337ed0 JavaThread "pool-4-thread-2" [_thread_blocked, id=9772, stack(0x0000007389300000,0x0000007389400000)]
  0x00000245cc338e00 JavaThread "Reconciler-1" daemon [_thread_blocked, id=8472, stack(0x0000007388300000,0x0000007388400000)]
  0x00000245cc336580 JavaThread "pool-4-thread-3" [_thread_blocked, id=4220, stack(0x0000007389400000,0x0000007389500000)]
  0x00000245cc335b60 JavaThread "parallel-2" daemon [_thread_blocked, id=4264, stack(0x0000007389500000,0x0000007389600000)]
  0x00000245cc3383e0 JavaThread "pool-5-thread-1" [_thread_blocked, id=9512, stack(0x0000007389600000,0x0000007389700000)]
  0x00000245cc336070 JavaThread "parallel-3" daemon [_thread_blocked, id=1784, stack(0x0000007389700000,0x0000007389800000)]
  0x00000245cbb40e90 JavaThread "C1 CompilerThread1" daemon [_thread_blocked, id=10896, stack(0x0000007389800000,0x0000007389900000)]
  0x00000245cc80b290 JavaThread "parallel-4" daemon [_thread_blocked, id=3236, stack(0x0000007389900000,0x0000007389a00000)]
  0x00000245cc809e50 JavaThread "Project-Reconciler-1" daemon [_thread_blocked, id=6020, stack(0x0000007389a00000,0x0000007389b00000)]
  0x00000245cc805770 JavaThread "ForkJoinPool.commonPool-worker-2" daemon [_thread_blocked, id=5316, stack(0x0000007389b00000,0x0000007389c00000)]
  0x00000245cb180760 JavaThread "C1 CompilerThread2" daemon [_thread_blocked, id=432, stack(0x0000007389c00000,0x0000007389d00000)]
  0x00000245cc807ae0 JavaThread "OkHttp api.spring.io" daemon [_thread_blocked, id=12640, stack(0x0000007389e00000,0x0000007389f00000)]
  0x00000245cc804840 JavaThread "OkHttp TaskRunner" daemon [_thread_blocked, id=5748, stack(0x0000007389f00000,0x000000738a000000)]
  0x00000245cc804d50 JavaThread "Okio Watchdog" daemon [_thread_blocked, id=12260, stack(0x000000738a000000,0x000000738a100000)]
  0x00000245cc807ff0 JavaThread "OkHttp TaskRunner" daemon [_thread_blocked, id=13260, stack(0x000000738a100000,0x000000738a200000)]
  0x00000245cc805c80 JavaThread "OkHttp TaskRunner" daemon [_thread_blocked, id=1056, stack(0x000000738a200000,0x000000738a300000)]

Other Threads:
=>0x00000245c6c12ce0 VMThread "VM Thread" [stack: 0x0000007387500000,0x0000007387600000] [id=11144]
  0x00000245cb1e0350 WatcherThread [stack: 0x0000007388000000,0x0000007388100000] [id=5924]
  0x00000245bc750c80 GCTaskThread "GC Thread#0" [stack: 0x0000007387000000,0x0000007387100000] [id=1724]
  0x00000245cb795240 GCTaskThread "GC Thread#1" [stack: 0x0000007387e00000,0x0000007387f00000] [id=12920]
  0x00000245cb3fd6a0 GCTaskThread "GC Thread#2" [stack: 0x0000007388200000,0x0000007388300000] [id=10588]
  0x00000245cb6be6c0 GCTaskThread "GC Thread#3" [stack: 0x0000007388400000,0x0000007388500000] [id=5444]
  0x00000245bc759ae0 ConcurrentGCThread "G1 Main Marker" [stack: 0x0000007387100000,0x0000007387200000] [id=9028]
  0x00000245bc75a410 ConcurrentGCThread "G1 Conc#0" [stack: 0x0000007387200000,0x0000007387300000] [id=4580]
  0x00000245bc797050 ConcurrentGCThread "G1 Refine#0" [stack: 0x0000007387300000,0x0000007387400000] [id=4660]
  0x00000245bc797990 ConcurrentGCThread "G1 Service" [stack: 0x0000007387400000,0x0000007387500000] [id=5404]

Threads with active compile tasks:

VM state: at safepoint (normal execution)

VM Mutex/Monitor currently owned by a thread:  ([mutex/lock_event])
[0x00000245ba48d130] Threads_lock - owner thread: 0x00000245c6c12ce0
[0x00000245bc711000] Heap_lock - owner thread: 0x00000245cc3379c0

Heap address: 0x00000000c0000000, size: 1024 MB, Compressed Oops mode: 32-bit

CDS archive(s) not mapped
Compressed class space mapped at: 0x0000000100000000-0x0000000140000000, reserved size: 1073741824
Narrow klass base: 0x0000000000000000, Narrow klass shift: 3, Narrow klass range: 0x140000000

GC Precious Log:
 CPUs: 4 total, 4 available
 Memory: 3959M
 Large Page Support: Disabled
 NUMA Support: Disabled
 Compressed Oops: Enabled (32-bit)
 Heap Region Size: 1M
 Heap Min Capacity: 8M
 Heap Initial Capacity: 62M
 Heap Max Capacity: 1G
 Pre-touch: Disabled
 Parallel Workers: 4
 Concurrent Workers: 1
 Concurrent Refinement Workers: 4
 Periodic GC: Disabled

Heap:
 garbage-first heap   total 65536K, used 37377K [0x00000000c0000000, 0x0000000100000000)
  region size 1024K, 2 young (2048K), 2 survivors (2048K)
 Metaspace       used 53760K, committed 54208K, reserved 1114112K
  class space    used 6693K, committed 6912K, reserved 1048576K

Heap Regions: E=young(eden), S=young(survivor), O=old, HS=humongous(starts), HC=humongous(continues), CS=collection set, F=free, OA=open archive, CA=closed archive, TAMS=top-at-mark-start (previous, next)
|   0|0x00000000c0000000, 0x00000000c0100000, 0x00000000c0100000|100%| O|  |TAMS 0x00000000c0100000, 0x00000000c0100000| Untracked 
|   1|0x00000000c0100000, 0x00000000c0200000, 0x00000000c0200000|100%| O|  |TAMS 0x00000000c0200000, 0x00000000c0200000| Untracked 
|   2|0x00000000c0200000, 0x00000000c0300000, 0x00000000c0300000|100%| O|  |TAMS 0x00000000c0300000, 0x00000000c0300000| Untracked 
|   3|0x00000000c0300000, 0x00000000c0400000, 0x00000000c0400000|100%| O|  |TAMS 0x00000000c0400000, 0x00000000c0400000| Untracked 
|   4|0x00000000c0400000, 0x00000000c0500000, 0x00000000c0500000|100%| O|  |TAMS 0x00000000c0500000, 0x00000000c0500000| Untracked 
|   5|0x00000000c0500000, 0x00000000c0600000, 0x00000000c0600000|100%| O|  |TAMS 0x00000000c0600000, 0x00000000c0600000| Untracked 
|   6|0x00000000c0600000, 0x00000000c0700000, 0x00000000c0700000|100%| O|  |TAMS 0x00000000c0700000, 0x00000000c0700000| Untracked 
|   7|0x00000000c0700000, 0x00000000c0800000, 0x00000000c0800000|100%| O|  |TAMS 0x00000000c0800000, 0x00000000c0800000| Untracked 
|   8|0x00000000c0800000, 0x00000000c0900000, 0x00000000c0900000|100%| O|  |TAMS 0x00000000c0900000, 0x00000000c0900000| Untracked 
|   9|0x00000000c0900000, 0x00000000c0a00000, 0x00000000c0a00000|100%| O|  |TAMS 0x00000000c0a00000, 0x00000000c0a00000| Untracked 
|  10|0x00000000c0a00000, 0x00000000c0b00000, 0x00000000c0b00000|100%| O|  |TAMS 0x00000000c0b00000, 0x00000000c0b00000| Untracked 
|  11|0x00000000c0b00000, 0x00000000c0c00000, 0x00000000c0c00000|100%| O|  |TAMS 0x00000000c0c00000, 0x00000000c0c00000| Untracked 
|  12|0x00000000c0c00000, 0x00000000c0c00000, 0x00000000c0d00000|  0%| F|  |TAMS 0x00000000c0c00000, 0x00000000c0c00000| Untracked 
|  13|0x00000000c0d00000, 0x00000000c0e00000, 0x00000000c0e00000|100%| O|  |TAMS 0x00000000c0e00000, 0x00000000c0e00000| Untracked 
|  14|0x00000000c0e00000, 0x00000000c0f00000, 0x00000000c0f00000|100%| O|  |TAMS 0x00000000c0f00000, 0x00000000c0f00000| Untracked 
|  15|0x00000000c0f00000, 0x00000000c1000000, 0x00000000c1000000|100%| O|  |TAMS 0x00000000c1000000, 0x00000000c1000000| Untracked 
|  16|0x00000000c1000000, 0x00000000c1100000, 0x00000000c1100000|100%| O|  |TAMS 0x00000000c1100000, 0x00000000c1100000| Untracked 
|  17|0x00000000c1100000, 0x00000000c1200000, 0x00000000c1200000|100%| O|  |TAMS 0x00000000c1200000, 0x00000000c1200000| Untracked 
|  18|0x00000000c1200000, 0x00000000c1300000, 0x00000000c1300000|100%| O|  |TAMS 0x00000000c1300000, 0x00000000c1300000| Untracked 
|  19|0x00000000c1300000, 0x00000000c1400000, 0x00000000c1400000|100%| O|  |TAMS 0x00000000c1400000, 0x00000000c1400000| Untracked 
|  20|0x00000000c1400000, 0x00000000c1500000, 0x00000000c1500000|100%| O|  |TAMS 0x00000000c1500000, 0x00000000c1500000| Untracked 
|  21|0x00000000c1500000, 0x00000000c1600000, 0x00000000c1600000|100%| O|  |TAMS 0x00000000c1600000, 0x00000000c1600000| Untracked 
|  22|0x00000000c1600000, 0x00000000c1700000, 0x00000000c1700000|100%| O|  |TAMS 0x00000000c1700000, 0x00000000c1700000| Untracked 
|  23|0x00000000c1700000, 0x00000000c1800000, 0x00000000c1800000|100%| O|  |TAMS 0x00000000c1800000, 0x00000000c1800000| Untracked 
|  24|0x00000000c1800000, 0x00000000c1900000, 0x00000000c1900000|100%| O|  |TAMS 0x00000000c1900000, 0x00000000c1900000| Untracked 
|  25|0x00000000c1900000, 0x00000000c1a00000, 0x00000000c1a00000|100%| O|  |TAMS 0x00000000c1a00000, 0x00000000c1a00000| Untracked 
|  26|0x00000000c1a00000, 0x00000000c1b00000, 0x00000000c1b00000|100%| O|  |TAMS 0x00000000c1b00000, 0x00000000c1b00000| Untracked 
|  27|0x00000000c1b00000, 0x00000000c1c00000, 0x00000000c1c00000|100%| O|  |TAMS 0x00000000c1c00000, 0x00000000c1c00000| Untracked 
|  28|0x00000000c1c00000, 0x00000000c1d00000, 0x00000000c1d00000|100%| O|  |TAMS 0x00000000c1d00000, 0x00000000c1d00000| Untracked 
|  29|0x00000000c1d00000, 0x00000000c1e00000, 0x00000000c1e00000|100%|HS|  |TAMS 0x00000000c1e00000, 0x00000000c1e00000| Complete 
|  30|0x00000000c1e00000, 0x00000000c1f00000, 0x00000000c1f00000|100%| O|  |TAMS 0x00000000c1f00000, 0x00000000c1f00000| Untracked 
|  31|0x00000000c1f00000, 0x00000000c2000000, 0x00000000c2000000|100%| O|  |TAMS 0x00000000c2000000, 0x00000000c2000000| Untracked 
|  32|0x00000000c2000000, 0x00000000c2100000, 0x00000000c2100000|100%| O|  |TAMS 0x00000000c2100000, 0x00000000c2100000| Untracked 
|  33|0x00000000c2100000, 0x00000000c2200000, 0x00000000c2200000|100%| O|  |TAMS 0x00000000c212ee00, 0x00000000c2200000| Untracked 
|  34|0x00000000c2200000, 0x00000000c2300000, 0x00000000c2300000|100%| O|  |TAMS 0x00000000c2200000, 0x00000000c2300000| Untracked 
|  35|0x00000000c2300000, 0x00000000c2400000, 0x00000000c2400000|100%| O|  |TAMS 0x00000000c2300000, 0x00000000c2400000| Untracked 
|  36|0x00000000c2400000, 0x00000000c2415400, 0x00000000c2500000|  8%| O|  |TAMS 0x00000000c2400000, 0x00000000c2415400| Untracked 
|  37|0x00000000c2500000, 0x00000000c2500000, 0x00000000c2600000|  0%| F|  |TAMS 0x00000000c2500000, 0x00000000c2500000| Untracked 
|  38|0x00000000c2600000, 0x00000000c2600000, 0x00000000c2700000|  0%| F|  |TAMS 0x00000000c2600000, 0x00000000c2600000| Untracked 
|  39|0x00000000c2700000, 0x00000000c2700000, 0x00000000c2800000|  0%| F|  |TAMS 0x00000000c2700000, 0x00000000c2700000| Untracked 
|  40|0x00000000c2800000, 0x00000000c2800000, 0x00000000c2900000|  0%| F|  |TAMS 0x00000000c2800000, 0x00000000c2800000| Untracked 
|  41|0x00000000c2900000, 0x00000000c2900000, 0x00000000c2a00000|  0%| F|  |TAMS 0x00000000c2900000, 0x00000000c2900000| Untracked 
|  42|0x00000000c2a00000, 0x00000000c2a00000, 0x00000000c2b00000|  0%| F|  |TAMS 0x00000000c2a00000, 0x00000000c2a00000| Untracked 
|  43|0x00000000c2b00000, 0x00000000c2b00000, 0x00000000c2c00000|  0%| F|  |TAMS 0x00000000c2b00000, 0x00000000c2b00000| Untracked 
|  44|0x00000000c2c00000, 0x00000000c2c00000, 0x00000000c2d00000|  0%| F|  |TAMS 0x00000000c2c00000, 0x00000000c2c00000| Untracked 
|  45|0x00000000c2d00000, 0x00000000c2d00000, 0x00000000c2e00000|  0%| F|  |TAMS 0x00000000c2d00000, 0x00000000c2d00000| Untracked 
|  46|0x00000000c2e00000, 0x00000000c2e00000, 0x00000000c2f00000|  0%| F|  |TAMS 0x00000000c2e00000, 0x00000000c2e00000| Untracked 
|  47|0x00000000c2f00000, 0x00000000c2f00000, 0x00000000c3000000|  0%| F|  |TAMS 0x00000000c2f00000, 0x00000000c2f00000| Untracked 
|  48|0x00000000c3000000, 0x00000000c3000000, 0x00000000c3100000|  0%| F|  |TAMS 0x00000000c3000000, 0x00000000c3000000| Untracked 
|  49|0x00000000c3100000, 0x00000000c316b160, 0x00000000c3200000| 41%| S|CS|TAMS 0x00000000c3100000, 0x00000000c3100000| Complete 
|  50|0x00000000c3200000, 0x00000000c3300000, 0x00000000c3300000|100%| S|CS|TAMS 0x00000000c3200000, 0x00000000c3200000| Complete 
|  51|0x00000000c3300000, 0x00000000c3300000, 0x00000000c3400000|  0%| F|  |TAMS 0x00000000c3300000, 0x00000000c3300000| Untracked 
|  52|0x00000000c3400000, 0x00000000c3400000, 0x00000000c3500000|  0%| F|  |TAMS 0x00000000c3400000, 0x00000000c3400000| Untracked 
|  53|0x00000000c3500000, 0x00000000c3500000, 0x00000000c3600000|  0%| F|  |TAMS 0x00000000c3500000, 0x00000000c3500000| Untracked 
|  54|0x00000000c3600000, 0x00000000c3600000, 0x00000000c3700000|  0%| F|  |TAMS 0x00000000c3600000, 0x00000000c3600000| Untracked 
|  55|0x00000000c3700000, 0x00000000c3700000, 0x00000000c3800000|  0%| F|  |TAMS 0x00000000c3700000, 0x00000000c3700000| Untracked 
|  56|0x00000000c3800000, 0x00000000c3800000, 0x00000000c3900000|  0%| F|  |TAMS 0x00000000c3800000, 0x00000000c3800000| Untracked 
|  57|0x00000000c3900000, 0x00000000c3900000, 0x00000000c3a00000|  0%| F|  |TAMS 0x00000000c3900000, 0x00000000c3900000| Untracked 
|  58|0x00000000c3a00000, 0x00000000c3a00000, 0x00000000c3b00000|  0%| F|  |TAMS 0x00000000c3a00000, 0x00000000c3a00000| Untracked 
|  59|0x00000000c3b00000, 0x00000000c3b00000, 0x00000000c3c00000|  0%| F|  |TAMS 0x00000000c3b00000, 0x00000000c3b00000| Untracked 
|  60|0x00000000c3c00000, 0x00000000c3c00000, 0x00000000c3d00000|  0%| F|  |TAMS 0x00000000c3c00000, 0x00000000c3c00000| Untracked 
|  61|0x00000000c3d00000, 0x00000000c3d00000, 0x00000000c3e00000|  0%| F|  |TAMS 0x00000000c3d00000, 0x00000000c3d00000| Untracked 
|  62|0x00000000c3e00000, 0x00000000c3e00000, 0x00000000c3f00000|  0%| F|  |TAMS 0x00000000c3e00000, 0x00000000c3e00000| Untracked 
|  63|0x00000000c3f00000, 0x00000000c3f00000, 0x00000000c4000000|  0%| F|  |TAMS 0x00000000c3f00000, 0x00000000c3f00000| Untracked 

Card table byte_map: [0x00000245c23b0000,0x00000245c25b0000] _byte_map_base: 0x00000245c1db0000

Marking Bits (Prev, Next): (CMBitMap*) 0x00000245bc7511b0, (CMBitMap*) 0x00000245bc7511f0
 Prev Bits: [0x00000245c27b0000, 0x00000245c37b0000)
 Next Bits: [0x00000245c37b0000, 0x00000245c47b0000)

Polling page: 0x00000245ba660000

Metaspace:

Usage:
  Non-class:     45.96 MB used.
      Class:      6.54 MB used.
       Both:     52.50 MB used.

Virtual space:
  Non-class space:       64.00 MB reserved,      46.19 MB ( 72%) committed,  1 nodes.
      Class space:        1.00 GB reserved,       6.75 MB ( <1%) committed,  1 nodes.
             Both:        1.06 GB reserved,      52.94 MB (  5%) committed. 

Chunk freelists:
   Non-Class:  1.70 MB
       Class:  9.12 MB
        Both:  10.83 MB

MaxMetaspaceSize: unlimited
CompressedClassSpaceSize: 1.00 GB
Initial GC threshold: 21.00 MB
Current GC threshold: 81.56 MB
CDS: off
MetaspaceReclaimPolicy: balanced
 - commit_granule_bytes: 65536.
 - commit_granule_words: 8192.
 - virtual_space_node_default_size: 8388608.
 - enlarge_chunks_in_place: 1.
 - new_chunks_are_fully_committed: 0.
 - uncommit_free_chunks: 1.
 - use_allocation_guard: 0.
 - handle_deallocations: 1.


Internal statistics:

num_allocs_failed_limit: 6.
num_arena_births: 590.
num_arena_deaths: 14.
num_vsnodes_births: 2.
num_vsnodes_deaths: 0.
num_space_committed: 847.
num_space_uncommitted: 0.
num_chunks_returned_to_freelist: 21.
num_chunks_taken_from_freelist: 2223.
num_chunk_merges: 7.
num_chunk_splits: 1569.
num_chunks_enlarged: 1181.
num_inconsistent_stats: 0.

CodeCache: size=49152Kb used=10010Kb max_used=10010Kb free=39141Kb
 bounds [0x00000245bf3b0000, 0x00000245bfd80000, 0x00000245c23b0000]
 total_blobs=5455 nmethods=4806 adapters=574
 compilation: enabled
              stopped_count=0, restarted_count=0
 full_count=0

Compilation events (20 events):
Event: 54.263 Thread 0x00000245cb180760 4798       1       org.eclipse.jdt.internal.compiler.lookup.AnnotationHolder::<init> (5 bytes)
Event: 54.263 Thread 0x00000245cb180760 nmethod 4798 0x00000245bfd6f090 code [0x00000245bfd6f220, 0x00000245bfd6f2d8]
Event: 54.263 Thread 0x00000245cb180760 4799       1       org.eclipse.jdt.internal.compiler.lookup.AnnotationHolder::setAnnotations (18 bytes)
Event: 54.264 Thread 0x00000245cb180760 nmethod 4799 0x00000245bfd6f390 code [0x00000245bfd6f520, 0x00000245bfd6f678]
Event: 54.264 Thread 0x00000245cb180760 4800       1       org.eclipse.jdt.internal.compiler.lookup.ReferenceBinding::storeAnnotationHolder (43 bytes)
Event: 54.264 Thread 0x00000245cbb40e90 nmethod 4802 0x00000245bfd6f710 code [0x00000245bfd6f900, 0x00000245bfd6fe58]
Event: 54.264 Thread 0x00000245cbb40e90 4801       1       org.eclipse.jdt.internal.compiler.env.ITypeAnnotationWalker$1::toMethodReturn (2 bytes)
Event: 54.264 Thread 0x00000245cbb40e90 nmethod 4801 0x00000245bfd70190 code [0x00000245bfd70320, 0x00000245bfd703f8]
Event: 54.264 Thread 0x00000245cb180760 nmethod 4800 0x00000245bfd70490 code [0x00000245bfd70660, 0x00000245bfd70838]
Event: 54.264 Thread 0x00000245c6c930f0 nmethod 4793 0x00000245bfd70990 code [0x00000245bfd70d40, 0x00000245bfd72758]
Event: 54.265 Thread 0x00000245cb180760 4803       1       org.eclipse.jdt.internal.compiler.util.CharArrayHashMap::put (17 bytes)
Event: 54.266 Thread 0x00000245cb180760 nmethod 4803 0x00000245bfd73490 code [0x00000245bfd73640, 0x00000245bfd737c8]
Event: 54.269 Thread 0x00000245cbb40e90 4804       1       org.eclipse.jdt.internal.compiler.batch.ClasspathDirectory::directoryList (201 bytes)
Event: 54.269 Thread 0x00000245c6c930f0 4805       1       java.nio.Buffer::checkScope (16 bytes)
Event: 54.270 Thread 0x00000245c6c930f0 nmethod 4805 0x00000245bfd73890 code [0x00000245bfd73a40, 0x00000245bfd73b78]
Event: 54.271 Thread 0x00000245cbb40e90 nmethod 4804 0x00000245bfd73c10 code [0x00000245bfd73f20, 0x00000245bfd74a28]
Event: 54.275 Thread 0x00000245cbb40e90 4806       1       org.eclipse.jdt.internal.compiler.batch.ClasspathDirectory::getModulesDeclaringPackage (40 bytes)
Event: 54.275 Thread 0x00000245cb180760 4807       1       org.eclipse.jdt.internal.compiler.batch.FileSystem::getModulesDeclaringPackage (271 bytes)
Event: 54.275 Thread 0x00000245cbb40e90 nmethod 4806 0x00000245bfd75210 code [0x00000245bfd753c0, 0x00000245bfd75508]
Event: 54.277 Thread 0x00000245cb180760 nmethod 4807 0x00000245bfd75610 code [0x00000245bfd758a0, 0x00000245bfd76468]

GC Heap History (20 events):
Event: 45.754 GC heap after
{Heap after GC invocations=10 (full 0):
 garbage-first heap   total 55296K, used 21832K [0x00000000c0000000, 0x0000000100000000)
  region size 1024K, 2 young (2048K), 2 survivors (2048K)
 Metaspace       used 35516K, committed 35904K, reserved 1114112K
  class space    used 4575K, committed 4800K, reserved 1048576K
}
Event: 46.790 GC heap before
{Heap before GC invocations=10 (full 0):
 garbage-first heap   total 55296K, used 22856K [0x00000000c0000000, 0x0000000100000000)
  region size 1024K, 4 young (4096K), 2 survivors (2048K)
 Metaspace       used 35934K, committed 36288K, reserved 1114112K
  class space    used 4642K, committed 4800K, reserved 1048576K
}
Event: 46.795 GC heap after
{Heap after GC invocations=11 (full 0):
 garbage-first heap   total 55296K, used 21832K [0x00000000c0000000, 0x0000000100000000)
  region size 1024K, 2 young (2048K), 2 survivors (2048K)
 Metaspace       used 35934K, committed 36288K, reserved 1114112K
  class space    used 4642K, committed 4800K, reserved 1048576K
}
Event: 50.348 GC heap before
{Heap before GC invocations=12 (full 0):
 garbage-first heap   total 55296K, used 39240K [0x00000000c0000000, 0x0000000100000000)
  region size 1024K, 19 young (19456K), 2 survivors (2048K)
 Metaspace       used 38488K, committed 38848K, reserved 1114112K
  class space    used 5091K, committed 5248K, reserved 1048576K
}
Event: 50.354 GC heap after
{Heap after GC invocations=13 (full 0):
 garbage-first heap   total 55296K, used 23123K [0x00000000c0000000, 0x0000000100000000)
  region size 1024K, 2 young (2048K), 2 survivors (2048K)
 Metaspace       used 38488K, committed 38848K, reserved 1114112K
  class space    used 5091K, committed 5248K, reserved 1048576K
}
Event: 51.939 GC heap before
{Heap before GC invocations=13 (full 0):
 garbage-first heap   total 55296K, used 40531K [0x00000000c0000000, 0x0000000100000000)
  region size 1024K, 19 young (19456K), 2 survivors (2048K)
 Metaspace       used 41944K, committed 42368K, reserved 1114112K
  class space    used 5383K, committed 5568K, reserved 1048576K
}
Event: 51.944 GC heap after
{Heap after GC invocations=14 (full 0):
 garbage-first heap   total 55296K, used 25740K [0x00000000c0000000, 0x0000000100000000)
  region size 1024K, 3 young (3072K), 3 survivors (3072K)
 Metaspace       used 41944K, committed 42368K, reserved 1114112K
  class space    used 5383K, committed 5568K, reserved 1048576K
}
Event: 52.475 GC heap before
{Heap before GC invocations=14 (full 0):
 garbage-first heap   total 55296K, used 41100K [0x00000000c0000000, 0x0000000100000000)
  region size 1024K, 19 young (19456K), 3 survivors (3072K)
 Metaspace       used 44436K, committed 44864K, reserved 1114112K
  class space    used 5624K, committed 5824K, reserved 1048576K
}
Event: 52.482 GC heap after
{Heap after GC invocations=15 (full 0):
 garbage-first heap   total 55296K, used 26398K [0x00000000c0000000, 0x0000000100000000)
  region size 1024K, 3 young (3072K), 3 survivors (3072K)
 Metaspace       used 44436K, committed 44864K, reserved 1114112K
  class space    used 5624K, committed 5824K, reserved 1048576K
}
Event: 52.884 GC heap before
{Heap before GC invocations=15 (full 0):
 garbage-first heap   total 55296K, used 39710K [0x00000000c0000000, 0x0000000100000000)
  region size 1024K, 18 young (18432K), 3 survivors (3072K)
 Metaspace       used 45441K, committed 45888K, reserved 1114112K
  class space    used 5758K, committed 5952K, reserved 1048576K
}
Event: 52.891 GC heap after
{Heap after GC invocations=16 (full 0):
 garbage-first heap   total 55296K, used 31846K [0x00000000c0000000, 0x0000000100000000)
  region size 1024K, 3 young (3072K), 3 survivors (3072K)
 Metaspace       used 45441K, committed 45888K, reserved 1114112K
  class space    used 5758K, committed 5952K, reserved 1048576K
}
Event: 53.336 GC heap before
{Heap before GC invocations=17 (full 0):
 garbage-first heap   total 63488K, used 40038K [0x00000000c0000000, 0x0000000100000000)
  region size 1024K, 11 young (11264K), 3 survivors (3072K)
 Metaspace       used 46924K, committed 47360K, reserved 1114112K
  class space    used 5873K, committed 6080K, reserved 1048576K
}
Event: 53.340 GC heap after
{Heap after GC invocations=18 (full 0):
 garbage-first heap   total 63488K, used 34888K [0x00000000c0000000, 0x0000000100000000)
  region size 1024K, 2 young (2048K), 2 survivors (2048K)
 Metaspace       used 46924K, committed 47360K, reserved 1114112K
  class space    used 5873K, committed 6080K, reserved 1048576K
}
Event: 53.692 GC heap before
{Heap before GC invocations=18 (full 0):
 garbage-first heap   total 63488K, used 44104K [0x00000000c0000000, 0x0000000100000000)
  region size 1024K, 12 young (12288K), 2 survivors (2048K)
 Metaspace       used 49260K, committed 49792K, reserved 1114112K
  class space    used 6107K, committed 6336K, reserved 1048576K
}
Event: 53.695 GC heap after
{Heap after GC invocations=19 (full 0):
 garbage-first heap   total 63488K, used 35265K [0x00000000c0000000, 0x0000000100000000)
  region size 1024K, 1 young (1024K), 1 survivors (1024K)
 Metaspace       used 49260K, committed 49792K, reserved 1114112K
  class space    used 6107K, committed 6336K, reserved 1048576K
}
Event: 53.977 GC heap before
{Heap before GC invocations=20 (full 0):
 garbage-first heap   total 65536K, used 46529K [0x00000000c0000000, 0x0000000100000000)
  region size 1024K, 12 young (12288K), 1 survivors (1024K)
 Metaspace       used 52033K, committed 52544K, reserved 1114112K
  class space    used 6486K, committed 6720K, reserved 1048576K
}
Event: 53.979 GC heap after
{Heap after GC invocations=21 (full 0):
 garbage-first heap   total 65536K, used 35977K [0x00000000c0000000, 0x0000000100000000)
  region size 1024K, 2 young (2048K), 2 survivors (2048K)
 Metaspace       used 52033K, committed 52544K, reserved 1114112K
  class space    used 6486K, committed 6720K, reserved 1048576K
}
Event: 53.984 GC heap before
{Heap before GC invocations=21 (full 0):
 garbage-first heap   total 65536K, used 37001K [0x00000000c0000000, 0x0000000100000000)
  region size 1024K, 3 young (3072K), 2 survivors (2048K)
 Metaspace       used 52033K, committed 52544K, reserved 1114112K
  class space    used 6486K, committed 6720K, reserved 1048576K
}
Event: 53.986 GC heap after
{Heap after GC invocations=22 (full 0):
 garbage-first heap   total 65536K, used 36066K [0x00000000c0000000, 0x0000000100000000)
  region size 1024K, 1 young (1024K), 1 survivors (1024K)
 Metaspace       used 52033K, committed 52544K, reserved 1114112K
  class space    used 6486K, committed 6720K, reserved 1048576K
}
Event: 54.282 GC heap before
{Heap before GC invocations=22 (full 0):
 garbage-first heap   total 65536K, used 48354K [0x00000000c0000000, 0x0000000100000000)
  region size 1024K, 13 young (13312K), 1 survivors (1024K)
 Metaspace       used 53760K, committed 54208K, reserved 1114112K
  class space    used 6693K, committed 6912K, reserved 1048576K
}

Dll operation events (9 events):
Event: 0.020 Loaded shared library c:\Users\HP\.vscode\extensions\redhat.java-1.25.0-win32-x64\jre\17.0.9-win32-x86_64\bin\java.dll
Event: 1.393 Loaded shared library C:\Users\HP\.vscode\extensions\redhat.java-1.25.0-win32-x64\jre\17.0.9-win32-x86_64\bin\net.dll
Event: 1.408 Loaded shared library C:\Users\HP\.vscode\extensions\redhat.java-1.25.0-win32-x64\jre\17.0.9-win32-x86_64\bin\nio.dll
Event: 2.143 Loaded shared library C:\Users\HP\.vscode\extensions\redhat.java-1.25.0-win32-x64\jre\17.0.9-win32-x86_64\bin\zip.dll
Event: 27.135 Loaded shared library C:\Users\HP\.vscode\extensions\redhat.java-1.25.0-win32-x64\jre\17.0.9-win32-x86_64\bin\jimage.dll
Event: 41.502 Loaded shared library c:\Users\HP\.vscode\extensions\redhat.java-1.25.0-win32-x64\jre\17.0.9-win32-x86_64\bin\verify.dll
Event: 46.627 Loaded shared library C:\Users\HP\.vscode\extensions\redhat.java-1.25.0-win32-x64\jre\17.0.9-win32-x86_64\bin\management.dll
Event: 46.769 Loaded shared library C:\Users\HP\.vscode\extensions\redhat.java-1.25.0-win32-x64\jre\17.0.9-win32-x86_64\bin\management_ext.dll
Event: 52.347 Loaded shared library C:\Users\HP\.vscode\extensions\redhat.java-1.25.0-win32-x64\jre\17.0.9-win32-x86_64\bin\sunmscapi.dll

Deoptimization events (14 events):
Event: 33.917 Thread 0x00000245bc712e40 DEOPT PACKING pc=0x00000245bf92b499 sp=0x0000007386ffd700
Event: 33.917 Thread 0x00000245bc712e40 DEOPT UNPACKING pc=0x00000245bf407143 sp=0x0000007386ffcbe0 mode 3
Event: 36.300 Thread 0x00000245bc712e40 DEOPT PACKING pc=0x00000245bf9a3055 sp=0x0000007386ffed10
Event: 36.300 Thread 0x00000245bc712e40 DEOPT UNPACKING pc=0x00000245bf407143 sp=0x0000007386ffe1b8 mode 3
Event: 48.637 Thread 0x00000245cbb01030 DEOPT PACKING pc=0x00000245bfaafc35 sp=0x00000073889fd3b0
Event: 48.637 Thread 0x00000245cbb01030 DEOPT UNPACKING pc=0x00000245bf407143 sp=0x00000073889fc8d8 mode 3
Event: 50.595 Thread 0x00000245cbb01030 DEOPT PACKING pc=0x00000245bf8d9a81 sp=0x00000073889fdb10
Event: 50.595 Thread 0x00000245cbb01030 DEOPT UNPACKING pc=0x00000245bf407143 sp=0x00000073889fcfa0 mode 3
Event: 50.756 Thread 0x00000245cc335650 DEOPT PACKING pc=0x00000245bf8bc417 sp=0x00000073890fef50
Event: 50.756 Thread 0x00000245cc335650 DEOPT UNPACKING pc=0x00000245bf407143 sp=0x00000073890fe3a8 mode 3
Event: 52.742 Thread 0x00000245cc809e50 DEOPT PACKING pc=0x00000245bf53930c sp=0x0000007389afab30
Event: 52.742 Thread 0x00000245cc809e50 DEOPT UNPACKING pc=0x00000245bf407143 sp=0x0000007389af9ff8 mode 0
Event: 53.867 Thread 0x00000245cc3379c0 DEOPT PACKING pc=0x00000245bfcc9adc sp=0x00000073892fe0f0
Event: 53.868 Thread 0x00000245cc3379c0 DEOPT UNPACKING pc=0x00000245bf407143 sp=0x00000073892fd598 mode 0

Classes unloaded (7 events):
Event: 52.995 Thread 0x00000245c6c12ce0 Unloading class 0x000000010008ac00 'java/lang/invoke/LambdaForm$MH+0x000000010008ac00'
Event: 52.995 Thread 0x00000245c6c12ce0 Unloading class 0x000000010008a400 'java/lang/invoke/LambdaForm$MH+0x000000010008a400'
Event: 52.995 Thread 0x00000245c6c12ce0 Unloading class 0x000000010008a000 'java/lang/invoke/LambdaForm$MH+0x000000010008a000'
Event: 52.995 Thread 0x00000245c6c12ce0 Unloading class 0x0000000100089c00 'java/lang/invoke/LambdaForm$MH+0x0000000100089c00'
Event: 52.995 Thread 0x00000245c6c12ce0 Unloading class 0x0000000100089800 'java/lang/invoke/LambdaForm$MH+0x0000000100089800'
Event: 52.995 Thread 0x00000245c6c12ce0 Unloading class 0x0000000100089400 'java/lang/invoke/LambdaForm$MH+0x0000000100089400'
Event: 52.995 Thread 0x00000245c6c12ce0 Unloading class 0x0000000100088c00 'java/lang/invoke/LambdaForm$MH+0x0000000100088c00'

Classes redefined (0 events):
No events

Internal exceptions (20 events):
Event: 51.788 Thread 0x00000245cc338e00 Exception <a 'java/lang/NoSuchMethodError'{0x00000000c3d84418}: 'java.lang.Object java.lang.invoke.DirectMethodHandle$Holder.newInvokeSpecial(java.lang.Object, java.lang.Object, java.lang.Object, java.lang.Object, java.lang.Object, long)'> (0x00000000c3d84418) 
thrown [s\src\hotspot\share\interpreter\linkResolver.cpp, line 759]
Event: 51.789 Thread 0x00000245cc338e00 Exception <a 'java/lang/NoSuchMethodError'{0x00000000c29338b8}: 'java.lang.Object java.lang.invoke.DirectMethodHandle$Holder.invokeSpecial(java.lang.Object, java.lang.Object, java.lang.Object, java.lang.Object, java.lang.Object, java.lang.Object, long)'> (0x00000000c29338b8) 
thrown [s\src\hotspot\share\interpreter\linkResolver.cpp, line 759]
Event: 52.072 Thread 0x00000245cc809e50 Exception <a 'java/lang/NoSuchMethodError'{0x00000000c2f15ed0}: 'java.lang.Object java.lang.invoke.DirectMethodHandle$Holder.invokeStatic(java.lang.Object, java.lang.Object, int, java.lang.Object)'> (0x00000000c2f15ed0) 
thrown [s\src\hotspot\share\interpreter\linkResolver.cpp, line 759]
Event: 52.076 Thread 0x00000245cc809e50 Exception <a 'java/lang/NoSuchMethodError'{0x00000000c2f1c2b0}: 'java.lang.Object java.lang.invoke.DirectMethodHandle$Holder.newInvokeSpecial(java.lang.Object, java.lang.Object, int)'> (0x00000000c2f1c2b0) 
thrown [s\src\hotspot\share\interpreter\linkResolver.cpp, line 759]
Event: 52.119 Thread 0x00000245cc3383e0 Exception <a 'sun/nio/fs/WindowsException'{0x00000000c2a3b610}> (0x00000000c2a3b610) 
thrown [s\src\hotspot\share\prims\jni.cpp, line 516]
Event: 52.119 Thread 0x00000245cc3383e0 Exception <a 'sun/nio/fs/WindowsException'{0x00000000c2a3c050}> (0x00000000c2a3c050) 
thrown [s\src\hotspot\share\prims\jni.cpp, line 516]
Event: 52.119 Thread 0x00000245cc3383e0 Exception <a 'sun/nio/fs/WindowsException'{0x00000000c2a3ca50}> (0x00000000c2a3ca50) 
thrown [s\src\hotspot\share\prims\jni.cpp, line 516]
Event: 52.119 Thread 0x00000245cc3383e0 Exception <a 'sun/nio/fs/WindowsException'{0x00000000c2a433c0}> (0x00000000c2a433c0) 
thrown [s\src\hotspot\share\prims\jni.cpp, line 516]
Event: 52.120 Thread 0x00000245cc3383e0 Exception <a 'sun/nio/fs/WindowsException'{0x00000000c2a43ec8}> (0x00000000c2a43ec8) 
thrown [s\src\hotspot\share\prims\jni.cpp, line 516]
Event: 52.120 Thread 0x00000245cc3383e0 Exception <a 'sun/nio/fs/WindowsException'{0x00000000c2a44a70}> (0x00000000c2a44a70) 
thrown [s\src\hotspot\share\prims\jni.cpp, line 516]
Event: 52.121 Thread 0x00000245cc3383e0 Exception <a 'sun/nio/fs/WindowsException'{0x00000000c2a4bbe8}> (0x00000000c2a4bbe8) 
thrown [s\src\hotspot\share\prims\jni.cpp, line 516]
Event: 52.122 Thread 0x00000245cc3383e0 Exception <a 'sun/nio/fs/WindowsException'{0x00000000c2a4c680}> (0x00000000c2a4c680) 
thrown [s\src\hotspot\share\prims\jni.cpp, line 516]
Event: 52.122 Thread 0x00000245cc3383e0 Exception <a 'sun/nio/fs/WindowsException'{0x00000000c2a4d080}> (0x00000000c2a4d080) 
thrown [s\src\hotspot\share\prims\jni.cpp, line 516]
Event: 52.122 Thread 0x00000245cc3383e0 Exception <a 'sun/nio/fs/WindowsException'{0x00000000c2a4dac0}> (0x00000000c2a4dac0) 
thrown [s\src\hotspot\share\prims\jni.cpp, line 516]
Event: 52.122 Thread 0x00000245cc3383e0 Exception <a 'sun/nio/fs/WindowsException'{0x00000000c2a4e5c8}> (0x00000000c2a4e5c8) 
thrown [s\src\hotspot\share\prims\jni.cpp, line 516]
Event: 52.122 Thread 0x00000245cc3383e0 Exception <a 'sun/nio/fs/WindowsException'{0x00000000c2a4f170}> (0x00000000c2a4f170) 
thrown [s\src\hotspot\share\prims\jni.cpp, line 516]
Event: 52.354 Thread 0x00000245cc3379c0 Exception <a 'java/lang/NoSuchMethodError'{0x00000000c27b7808}: 'java.lang.Object java.lang.invoke.Invokers$Holder.invoke_MT(java.lang.Object, java.lang.Object, java.lang.Object)'> (0x00000000c27b7808) 
thrown [s\src\hotspot\share\interpreter\linkResolver.cpp, line 759]
Event: 52.732 Thread 0x00000245cc809e50 Exception <a 'sun/nio/fs/WindowsException'{0x00000000c2b46c30}> (0x00000000c2b46c30) 
thrown [s\src\hotspot\share\prims\jni.cpp, line 516]
Event: 53.944 Thread 0x00000245cc3379c0 Exception <a 'java/lang/IncompatibleClassChangeError'{0x00000000c3a337d0}: Found class java.lang.Object, but interface was expected> (0x00000000c3a337d0) 
thrown [s\src\hotspot\share\interpreter\linkResolver.cpp, line 826]
Event: 54.068 Thread 0x00000245cc3379c0 Exception <a 'java/lang/NoSuchMethodError'{0x00000000c3acb980}: 'int java.lang.invoke.DirectMethodHandle$Holder.invokeSpecialIFC(java.lang.Object, java.lang.Object, java.lang.Object)'> (0x00000000c3acb980) 
thrown [s\src\hotspot\share\interpreter\linkResolver.cpp, line 759]

VM Operations (20 events):
Event: 53.340 Executing VM operation: G1CollectForAllocation done
Event: 53.692 Executing VM operation: G1CollectForAllocation
Event: 53.695 Executing VM operation: G1CollectForAllocation done
Event: 53.769 Executing VM operation: G1PauseRemark
Event: 53.772 Executing VM operation: G1PauseRemark done
Event: 53.804 Executing VM operation: G1PauseCleanup
Event: 53.807 Executing VM operation: G1PauseCleanup done
Event: 53.859 Executing VM operation: HandshakeAllThreads
Event: 53.859 Executing VM operation: HandshakeAllThreads done
Event: 53.864 Executing VM operation: HandshakeAllThreads
Event: 53.864 Executing VM operation: HandshakeAllThreads done
Event: 53.977 Executing VM operation: G1CollectForAllocation
Event: 53.979 Executing VM operation: G1CollectForAllocation done
Event: 53.984 Executing VM operation: G1CollectForAllocation
Event: 53.987 Executing VM operation: G1CollectForAllocation done
Event: 54.138 Executing VM operation: HandshakeAllThreads
Event: 54.138 Executing VM operation: HandshakeAllThreads done
Event: 54.272 Executing VM operation: HandshakeAllThreads
Event: 54.274 Executing VM operation: HandshakeAllThreads done
Event: 54.282 Executing VM operation: G1CollectForAllocation

Events (20 events):
Event: 54.135 loading class java/util/stream/ReferencePipeline$4$1 done
Event: 54.137 loading class com/sun/crypto/provider/GaloisCounterMode$GCMEncrypt
Event: 54.138 loading class com/sun/crypto/provider/GaloisCounterMode$GCMEncrypt done
Event: 54.138 loading class com/sun/crypto/provider/GaloisCounterMode$GCTRGHASH
Event: 54.138 loading class com/sun/crypto/provider/GaloisCounterMode$GCTRGHASH done
Event: 54.140 loading class javax/net/ssl/SSLEngineResult$HandshakeStatus
Event: 54.140 loading class javax/net/ssl/SSLEngineResult$HandshakeStatus done
Event: 54.140 loading class jdk/internal/event/TLSHandshakeEvent
Event: 54.140 loading class jdk/internal/event/TLSHandshakeEvent done
Event: 54.197 Thread 0x00000245cc807ae0 Thread added: 0x00000245cc807ae0
Event: 54.198 Thread 0x00000245cc804840 Thread added: 0x00000245cc804840
Event: 54.220 Thread 0x00000245cc804d50 Thread added: 0x00000245cc804d50
Event: 54.220 Thread 0x00000245cc807ff0 Thread added: 0x00000245cc807ff0
Event: 54.269 loading class sun/security/ssl/PostHandshakeContext
Event: 54.269 loading class sun/security/ssl/PostHandshakeContext done
Event: 54.269 loading class sun/security/ssl/NewSessionTicket$T13NewSessionTicketMessage
Event: 54.269 loading class sun/security/ssl/NewSessionTicket$NewSessionTicketMessage
Event: 54.269 loading class sun/security/ssl/NewSessionTicket$NewSessionTicketMessage done
Event: 54.269 loading class sun/security/ssl/NewSessionTicket$T13NewSessionTicketMessage done
Event: 54.278 Thread 0x00000245cc805c80 Thread added: 0x00000245cc805c80


Dynamic libraries:
0x00007ff6e79b0000 - 0x00007ff6e79be000 	c:\Users\HP\.vscode\extensions\redhat.java-1.25.0-win32-x64\jre\17.0.9-win32-x86_64\bin\java.exe
0x00007ffce2d90000 - 0x00007ffce2f84000 	C:\WINDOWS\SYSTEM32\ntdll.dll
0x00007ffce1de0000 - 0x00007ffce1e9d000 	C:\WINDOWS\System32\KERNEL32.DLL
0x00007ffce05d0000 - 0x00007ffce0897000 	C:\WINDOWS\System32\KERNELBASE.dll
0x00007ffce04d0000 - 0x00007ffce05d0000 	C:\WINDOWS\System32\ucrtbase.dll
0x00007ffcd3ea0000 - 0x00007ffcd3eb7000 	c:\Users\HP\.vscode\extensions\redhat.java-1.25.0-win32-x64\jre\17.0.9-win32-x86_64\bin\jli.dll
0x00007ffce14c0000 - 0x00007ffce1660000 	C:\WINDOWS\System32\USER32.dll
0x00007ffce08a0000 - 0x00007ffce08c2000 	C:\WINDOWS\System32\win32u.dll
0x00007ffce23c0000 - 0x00007ffce23ea000 	C:\WINDOWS\System32\GDI32.dll
0x00007ffce08d0000 - 0x00007ffce09da000 	C:\WINDOWS\System32\gdi32full.dll
0x00007ffce0a90000 - 0x00007ffce0b2d000 	C:\WINDOWS\System32\msvcp_win.dll
0x00007ffccbf90000 - 0x00007ffccbfab000 	c:\Users\HP\.vscode\extensions\redhat.java-1.25.0-win32-x64\jre\17.0.9-win32-x86_64\bin\VCRUNTIME140.dll
0x00007ffcc8450000 - 0x00007ffcc86ea000 	C:\WINDOWS\WinSxS\amd64_microsoft.windows.common-controls_6595b64144ccf1df_6.0.19041.1_none_b555e41d4684ddec\COMCTL32.dll
0x00007ffce1660000 - 0x00007ffce16fe000 	C:\WINDOWS\System32\msvcrt.dll
0x00007ffce17c0000 - 0x00007ffce17f0000 	C:\WINDOWS\System32\IMM32.DLL
0x00007ffcd9c60000 - 0x00007ffcd9c6c000 	c:\Users\HP\.vscode\extensions\redhat.java-1.25.0-win32-x64\jre\17.0.9-win32-x86_64\bin\vcruntime140_1.dll
0x00007ffcb17d0000 - 0x00007ffcb185d000 	c:\Users\HP\.vscode\extensions\redhat.java-1.25.0-win32-x64\jre\17.0.9-win32-x86_64\bin\msvcp140.dll
0x00007ffca1b10000 - 0x00007ffca2771000 	c:\Users\HP\.vscode\extensions\redhat.java-1.25.0-win32-x64\jre\17.0.9-win32-x86_64\bin\server\jvm.dll
0x00007ffce18d0000 - 0x00007ffce197a000 	C:\WINDOWS\System32\ADVAPI32.dll
0x00007ffce0fb0000 - 0x00007ffce104b000 	C:\WINDOWS\System32\sechost.dll
0x00007ffce12a0000 - 0x00007ffce13c3000 	C:\WINDOWS\System32\RPCRT4.dll
0x00007ffcdfae0000 - 0x00007ffcdfb2b000 	C:\WINDOWS\SYSTEM32\POWRPROF.dll
0x00007ffcd4860000 - 0x00007ffcd4869000 	C:\WINDOWS\SYSTEM32\WSOCK32.dll
0x00007ffce2c80000 - 0x00007ffce2ceb000 	C:\WINDOWS\System32\WS2_32.dll
0x00007ffcd8bd0000 - 0x00007ffcd8bf7000 	C:\WINDOWS\SYSTEM32\WINMM.dll
0x00007ffcd1e50000 - 0x00007ffcd1e5a000 	C:\WINDOWS\SYSTEM32\VERSION.dll
0x00007ffcdf950000 - 0x00007ffcdf962000 	C:\WINDOWS\SYSTEM32\UMPDC.dll
0x00007ffcde460000 - 0x00007ffcde473000 	C:\WINDOWS\SYSTEM32\kernel.appcore.dll
0x00007ffcd4020000 - 0x00007ffcd402a000 	c:\Users\HP\.vscode\extensions\redhat.java-1.25.0-win32-x64\jre\17.0.9-win32-x86_64\bin\jimage.dll
0x00007ffcd2240000 - 0x00007ffcd2424000 	C:\WINDOWS\SYSTEM32\DBGHELP.DLL
0x00007ffcd2210000 - 0x00007ffcd223c000 	C:\WINDOWS\SYSTEM32\dbgcore.DLL
0x00007ffce0a10000 - 0x00007ffce0a8f000 	C:\WINDOWS\System32\bcryptPrimitives.dll
0x00007ffccaa50000 - 0x00007ffccaa75000 	c:\Users\HP\.vscode\extensions\redhat.java-1.25.0-win32-x64\jre\17.0.9-win32-x86_64\bin\java.dll
0x00007ffccb620000 - 0x00007ffccb638000 	c:\Users\HP\.vscode\extensions\redhat.java-1.25.0-win32-x64\jre\17.0.9-win32-x86_64\bin\zip.dll
0x00007ffce2540000 - 0x00007ffce2c71000 	C:\WINDOWS\System32\SHELL32.dll
0x00007ffcde660000 - 0x00007ffcdedea000 	C:\WINDOWS\SYSTEM32\windows.storage.dll
0x00007ffce1a80000 - 0x00007ffce1dd4000 	C:\WINDOWS\System32\combase.dll
0x00007ffcdff50000 - 0x00007ffcdff7b000 	C:\WINDOWS\SYSTEM32\Wldp.dll
0x00007ffce1ea0000 - 0x00007ffce1f4e000 	C:\WINDOWS\System32\SHCORE.dll
0x00007ffce1980000 - 0x00007ffce19d5000 	C:\WINDOWS\System32\shlwapi.dll
0x00007ffce0410000 - 0x00007ffce042f000 	C:\WINDOWS\SYSTEM32\profapi.dll
0x00007ffccb0c0000 - 0x00007ffccb0d9000 	C:\Users\HP\.vscode\extensions\redhat.java-1.25.0-win32-x64\jre\17.0.9-win32-x86_64\bin\net.dll
0x00007ffcd4ac0000 - 0x00007ffcd4bc2000 	C:\WINDOWS\SYSTEM32\WINHTTP.dll
0x00007ffcdfcd0000 - 0x00007ffcdfd3a000 	C:\WINDOWS\system32\mswsock.dll
0x00007ffcc2cd0000 - 0x00007ffcc2ce6000 	C:\Users\HP\.vscode\extensions\redhat.java-1.25.0-win32-x64\jre\17.0.9-win32-x86_64\bin\nio.dll
0x00007ffcdfeb0000 - 0x00007ffcdfec8000 	C:\WINDOWS\SYSTEM32\CRYPTSP.dll
0x00007ffcdf5f0000 - 0x00007ffcdf624000 	C:\WINDOWS\system32\rsaenh.dll
0x00007ffce09e0000 - 0x00007ffce0a07000 	C:\WINDOWS\System32\bcrypt.dll
0x00007ffce0390000 - 0x00007ffce03be000 	C:\WINDOWS\SYSTEM32\USERENV.dll
0x00007ffcdfea0000 - 0x00007ffcdfeac000 	C:\WINDOWS\SYSTEM32\CRYPTBASE.dll
0x00007ffcdf970000 - 0x00007ffcdf9ab000 	C:\WINDOWS\SYSTEM32\IPHLPAPI.DLL
0x00007ffce0fa0000 - 0x00007ffce0fa9000 	C:\WINDOWS\System32\NSI.dll
0x00007ffcd6b70000 - 0x00007ffcd6b87000 	C:\WINDOWS\SYSTEM32\dhcpcsvc6.DLL
0x00007ffcd70e0000 - 0x00007ffcd70fd000 	C:\WINDOWS\SYSTEM32\dhcpcsvc.DLL
0x00007ffcdf9c0000 - 0x00007ffcdfa8a000 	C:\WINDOWS\SYSTEM32\DNSAPI.dll
0x00007ffcd3d10000 - 0x00007ffcd3d20000 	c:\Users\HP\.vscode\extensions\redhat.java-1.25.0-win32-x64\jre\17.0.9-win32-x86_64\bin\verify.dll
0x00007ffcdc3d0000 - 0x00007ffcdc3d9000 	C:\Users\HP\.vscode\extensions\redhat.java-1.25.0-win32-x64\jre\17.0.9-win32-x86_64\bin\management.dll
0x00007ffccb730000 - 0x00007ffccb73b000 	C:\Users\HP\.vscode\extensions\redhat.java-1.25.0-win32-x64\jre\17.0.9-win32-x86_64\bin\management_ext.dll
0x00007ffce14b0000 - 0x00007ffce14b8000 	C:\WINDOWS\System32\PSAPI.DLL
0x00007ffccb3f0000 - 0x00007ffccb3fe000 	C:\Users\HP\.vscode\extensions\redhat.java-1.25.0-win32-x64\jre\17.0.9-win32-x86_64\bin\sunmscapi.dll
0x00007ffce0c90000 - 0x00007ffce0dec000 	C:\WINDOWS\System32\CRYPT32.dll
0x00007ffcdffc0000 - 0x00007ffcdffe7000 	C:\WINDOWS\SYSTEM32\ncrypt.dll
0x00007ffcdff80000 - 0x00007ffcdffbb000 	C:\WINDOWS\SYSTEM32\NTASN1.dll
0x00007ffcd6bf0000 - 0x00007ffcd6bfa000 	C:\Windows\System32\rasadhlp.dll
0x00007ffcd4d30000 - 0x00007ffcd4daf000 	C:\WINDOWS\System32\fwpuclnt.dll

dbghelp: loaded successfully - version: 4.0.5 - missing functions: none
symbol engine: initialized successfully - sym options: 0x614 - pdb path: .;c:\Users\HP\.vscode\extensions\redhat.java-1.25.0-win32-x64\jre\17.0.9-win32-x86_64\bin;C:\WINDOWS\SYSTEM32;C:\WINDOWS\WinSxS\amd64_microsoft.windows.common-controls_6595b64144ccf1df_6.0.19041.1_none_b555e41d4684ddec;c:\Users\HP\.vscode\extensions\redhat.java-1.25.0-win32-x64\jre\17.0.9-win32-x86_64\bin\server

VM Arguments:
jvm_args: -XX:+HeapDumpOnOutOfMemoryError -Xmx1024m -Dsts.lsp.client=vscode -Dsts.log.file=/dev/null -XX:TieredStopAtLevel=1 -Xlog:jni+resolve=off -Dspring.config.location=file:c:\Users\HP\.vscode\extensions\vmware.vscode-spring-boot-1.50.0\language-server\BOOT-INF\classes\application.properties 
java_command: org.springframework.ide.vscode.boot.app.BootLanguageServerBootApp
java_class_path (initial): c:\Users\HP\.vscode\extensions\vmware.vscode-spring-boot-1.50.0\language-server\BOOT-INF\classes;c:\Users\HP\.vscode\extensions\vmware.vscode-spring-boot-1.50.0\language-server\BOOT-INF\lib\annotations-24.0.1.jar;c:\Users\HP\.vscode\extensions\vmware.vscode-spring-boot-1.50.0\language-server\BOOT-INF\lib\antlr-runtime-3.5.3.jar;c:\Users\HP\.vscode\extensions\vmware.vscode-spring-boot-1.50.0\language-server\BOOT-INF\lib\antlr4-4.11.1.jar;c:\Users\HP\.vscode\extensions\vmware.vscode-spring-boot-1.50.0\language-server\BOOT-INF\lib\antlr4-runtime-4.11.1.jar;c:\Users\HP\.vscode\extensions\vmware.vscode-spring-boot-1.50.0\language-server\BOOT-INF\lib\archunit-1.1.0.jar;c:\Users\HP\.vscode\extensions\vmware.vscode-spring-boot-1.50.0\language-server\BOOT-INF\lib\asm-9.5.jar;c:\Users\HP\.vscode\extensions\vmware.vscode-spring-boot-1.50.0\language-server\BOOT-INF\lib\asm-analysis-9.5.jar;c:\Users\HP\.vscode\extensions\vmware.vscode-spring-boot-1.50.0\language-server\BOOT-INF\lib\asm-tree-9.5.jar;c:\Users\HP\.vscode\extensions\vmware.vscode-spring-boot-1.50.0\language-server\BOOT-INF\lib\asm-util-9.5.jar;c:\Users\HP\.vscode\extensions\vmware.vscode-spring-boot-1.50.0\language-server\BOOT-INF\lib\bosh-language-server-1.50.0-SNAPSHOT.jar;c:\Users\HP\.vscode\extensions\vmware.vscode-spring-boot-1.50.0\language-server\BOOT-INF\lib\caffeine-3.1.8.jar;c:\Users\HP\.vscode\extensions\vmware.vscode-spring-boot-1.50.0\language-server\BOOT-INF\lib\checker-qual-3.12.0.jar;c:\Users\HP\.vscode\extensions\vmware.vscode-spring-boot-1.50.0\language-server\BOOT-INF\lib\classgraph-4.8.149.jar;c:\Users\HP\.vscode\extensions\vmware.vscode-spring-boot-1.50.0\language-server\BOOT-INF\lib\commons-codec-1.15.jar;c:\Users\HP\.vscode\extensions\vmware.vscode-spring-boot-1.50.0\language-server\BOOT-INF\lib\commons-compress-1.24.0.jar;c:\Users\HP\.vscode\extensions\vmware.vscode-spring-boot-1.50.0\language-server\BOOT-INF\lib\commons-io-2.4.jar;c:\Users\HP\.vscode\extensions\v
Launcher Type: SUN_STANDARD

[Global flags]
     intx CICompilerCount                          = 3                                         {product} {ergonomic}
     uint ConcGCThreads                            = 1                                         {product} {ergonomic}
     uint G1ConcRefinementThreads                  = 4                                         {product} {ergonomic}
   size_t G1HeapRegionSize                         = 1048576                                   {product} {ergonomic}
    uintx GCDrainStackTargetSize                   = 64                                        {product} {ergonomic}
     bool HeapDumpOnOutOfMemoryError               = true                                   {manageable} {command line}
   size_t InitialHeapSize                          = 65011712                                  {product} {ergonomic}
   size_t MarkStackSize                            = 4194304                                   {product} {ergonomic}
   size_t MaxHeapSize                              = 1073741824                                {product} {command line}
   size_t MaxNewSize                               = 643825664                                 {product} {ergonomic}
   size_t MinHeapDeltaBytes                        = 1048576                                   {product} {ergonomic}
   size_t MinHeapSize                              = 8388608                                   {product} {ergonomic}
    uintx NonProfiledCodeHeapSize                  = 0                                      {pd product} {ergonomic}
     bool ProfileInterpreter                       = false                                  {pd product} {command line}
    uintx ProfiledCodeHeapSize                     = 0                                      {pd product} {ergonomic}
   size_t SoftMaxHeapSize                          = 1073741824                             {manageable} {ergonomic}
     intx TieredStopAtLevel                        = 1                                         {product} {command line}
     bool UseCompressedClassPointers               = true                           {product lp64_product} {ergonomic}
     bool UseCompressedOops                        = true                           {product lp64_product} {ergonomic}
     bool UseG1GC                                  = true                                      {product} {ergonomic}
     bool UseLargePagesIndividualAllocation        = false                                  {pd product} {ergonomic}

Logging:
Log output configuration:
 #0: stdout all=warning,jni+resolve=off uptime,level,tags
 #1: stderr all=off uptime,level,tags

Environment Variables:
JAVA_HOME=C:\Program Files\Java\jdk1.8.0_45
CLASSPATH=%CLASSPATH%;%JUNIT_HOME%\junit-4.13.2.jar;hamcrest-core-1.3.jar;;E:\kiemthunangcao\junit\junit-4.13.2.jar;hamcrest-core-1.3.jar;;E:\kiemthunangcao\junit\junit-4.13.2.jar;hamcrest-core-1.3.jar;
PATH=C:\ProgramData\Oracle\Java\javapath;C:\Program Files (x86)\Common Files\Oracle\Java\javapath;C:\WINDOWS\system32;C:\WINDOWS;C:\WINDOWS\System32\Wbem;C:\WINDOWS\System32\WindowsPowerShell\v1.0\;C:\Users\HP\Downloads\winlibs-x86_64-posix-seh-gcc-11.2.0-llvm-12.0.1-mingw-w64-9.0.0-r1\mingw64\bin;C:\WINDOWS\System32\OpenSSH\;C:\Program Files\Broadcom\Broadcom 802.11\Driver;C:\Program Files\Azure Data Studio\bin;C:\Program Files\Java\jdk1.8.0_45;C:\Program Files\Java\jdbc\sqljdbc42.jar;d:\Program Files(x86)\100\Tools\Binn\;d:\Program Files\100\Tools\Binn\;d:\Program Files\100\DTS\Binn\;C:\Program Files (x86)\Microsoft SQL Server\100\Tools\Binn\;C:\Program Files (x86)\Microsoft SQL Server\100\Tools\Binn\VSShell\Common7\IDE\;C:\Program Files (x86)\Microsoft SQL Server\100\DTS\Binn\;C:\Program Files (x86)\Microsoft SQL Server\110\Tools\Binn\;C:\Program Files (x86)\Microsoft SQL Server\110\DTS\Binn\;C:\Program Files (x86)\Microsoft SQL Server\160\Tools\Binn\;C:\Program Files\Microsoft SQL Server\160\Tools\Binn\;C:\Program Files\Microsoft SQL Server\Client SDK\ODBC\170\Tools\Binn\;C:\Program Files\Microsoft SQL Server\160\DTS\Binn\;C:\Program Files (x86)\Microsoft SQL Server\160\DTS\Binn\;C:\Program Files\Java\jdk1.8.0_45\bin;E:\vs\Git\cmd;C:\Users\HP\AppData\Local\Microsoft\WindowsApps;C:\Users\HP\Downloads\winlibs-x86_64-posix-seh-gcc-11.2.0-llvm-12.0.1-mingw-w64-9.0.0-r1\mingw64\bin;;C:\Program Files\Azure Data Studio\bin;E:\vs\Microsoft VS Code\bin
USERNAME=HP
OS=Windows_NT
PROCESSOR_IDENTIFIER=Intel64 Family 6 Model 58 Stepping 9, GenuineIntel
TMP=C:\Users\HP\AppData\Local\Temp
TEMP=D:\



Periodic native trim disabled


---------------  S Y S T E M  ---------------

OS:
 Windows 10 , 64 bit Build 19041 (10.0.19041.1)
OS uptime: 0 days 3:26 hours

CPU: total 4 (initial active 4) (2 cores per cpu, 2 threads per core) family 6 model 58 stepping 9 microcode 0x21, cx8, cmov, fxsr, ht, mmx, sse, sse2, sse3, ssse3, sse4.1, sse4.2, popcnt, tsc, tscinvbit, avx, aes, erms, clmul, vzeroupper, clflush
Processor Information for all 4 processors :
  Max Mhz: 2401, Current Mhz: 2401, Mhz Limit: 2401

Memory: 4k page, system-wide physical 3959M (480M free)
TotalPageFile size 4738M (AvailPageFile size 45M)
current process WorkingSet (physical memory assigned to process): 191M, peak: 191M
current process commit charge ("private bytes"): 219M, peak: 283M

vm_info: OpenJDK 64-Bit Server VM (17.0.9+9) for windows-amd64 JRE (17.0.9+9), built on Oct 26 2023 14:01:42 by "admin" with MS VC++ 16.10 / 16.11 (VS2019)

END.
