#
# There is insufficient memory for the Java Runtime Environment to continue.
# Native memory allocation (malloc) failed to allocate 1257536 bytes for Chunk::new
# Possible reasons:
#   The system is out of physical RAM or swap space
#   The process is running with CompressedOops enabled, and the Java Heap may be blocking the growth of the native heap
# Possible solutions:
#   Reduce memory load on the system
#   Increase physical memory or swap space
#   Check if swap backing store is full
#   Decrease Java heap size (-Xmx/-Xms)
#   Decrease number of Java threads
#   Decrease Java thread stack sizes (-Xss)
#   Set larger code cache with -XX:ReservedCodeCacheSize=
#   JVM is running with Unscaled Compressed Oops mode in which the Java heap is
#     placed in the first 4GB address space. The Java Heap base address is the
#     maximum limit for the native heap growth. Please use -XX:HeapBaseMinAddress
#     to set the Java Heap base and to place the Java Heap above 4GB virtual address.
# This output file may be truncated or incomplete.
#
#  Out of Memory Error (arena.cpp:191), pid=6556, tid=11800
#
# JRE version: OpenJDK Runtime Environment Temurin-17.0.9+9 (17.0.9+9) (build 17.0.9+9)
# Java VM: OpenJDK 64-Bit Server VM Temurin-17.0.9+9 (17.0.9+9, mixed mode, tiered, compressed oops, compressed class ptrs, parallel gc, windows-amd64)
# No core dump will be written. Minidumps are not enabled by default on client versions of Windows
#

---------------  S U M M A R Y ------------

Command Line: --add-modules=ALL-SYSTEM --add-opens=java.base/java.util=ALL-UNNAMED --add-opens=java.base/java.lang=ALL-UNNAMED --add-opens=java.base/sun.nio.fs=ALL-UNNAMED -Declipse.application=org.eclipse.jdt.ls.core.id1 -Dosgi.bundles.defaultStartLevel=4 -Declipse.product=org.eclipse.jdt.ls.core.product -Djava.import.generatesMetadataFilesAtProjectRoot=false -DDetectVMInstallationsJob.disabled=true -Dfile.encoding=utf8 -XX:+UseParallelGC -XX:GCTimeRatio=4 -XX:AdaptiveSizePolicyWeight=90 -Dsun.zip.disableMemoryMapping=true -Xmx1G -Xms100m -Xlog:disable -javaagent:c:\Users\HP\.vscode\extensions\redhat.java-1.25.0-win32-x64\lombok\lombok-1.18.30.jar c:\Users\HP\.vscode\extensions\redhat.java-1.25.0-win32-x64\server\plugins\org.eclipse.equinox.launcher_1.6.600.v20231012-1237.jar -configuration c:\Users\HP\AppData\Roaming\Code\User\globalStorage\redhat.java\1.25.0\config_ss_win -data c:\Users\HP\AppData\Roaming\Code\User\workspaceStorage\7145003809ee5229b52fc69e90d06eaa\redhat.java\ss_ws --stdio

Host: Intel(R) Core(TM) i5-3437U CPU @ 1.90GHz, 4 cores, 3G,  Windows 10 , 64 bit Build 19041 (10.0.19041.1)
Time: Sat Dec  2 03:36:51 2023 SE Asia Standard Time elapsed time: 12.679269 seconds (0d 0h 0m 12s)

---------------  T H R E A D  ---------------

Current thread (0x00000216bdc8d7b0):  JavaThread "C2 CompilerThread0" daemon [_thread_in_native, id=11800, stack(0x000000d56f200000,0x000000d56f300000)]


Current CompileTask:
C2:  12679 4269       4       lombok.patcher.MethodTarget::matches (29 bytes)

Stack: [0x000000d56f200000,0x000000d56f300000]
Native frames: (J=compiled Java code, j=interpreted, Vv=VM code, C=native code)
V  [jvm.dll+0x67cf49]
V  [jvm.dll+0x83478a]
V  [jvm.dll+0x83624e]
V  [jvm.dll+0x8368b3]
V  [jvm.dll+0x247f1f]
V  [jvm.dll+0xac43c]
V  [jvm.dll+0xaca8c]
V  [jvm.dll+0x367067]
V  [jvm.dll+0x1bd722]
V  [jvm.dll+0x21a709]
V  [jvm.dll+0x2199d1]
V  [jvm.dll+0x1a57cd]
V  [jvm.dll+0x2297ae]
V  [jvm.dll+0x22797c]
V  [jvm.dll+0x7e9877]
V  [jvm.dll+0x7e3c3a]
V  [jvm.dll+0x67be35]
C  [ucrtbase.dll+0x21542]
C  [KERNEL32.DLL+0x16fd4]
C  [ntdll.dll+0x4cf31]


---------------  P R O C E S S  ---------------

Threads class SMR info:
_java_thread_list=0x00000216c5520e00, length=27, elements={
0x00000216a7ecbdc0, 0x00000216a7f882e0, 0x00000216a7f8a040, 0x00000216bdc83270,
0x00000216bdc83d40, 0x00000216bdc87560, 0x00000216bdc8c360, 0x00000216bdc8d7b0,
0x00000216bdc8fc80, 0x00000216bdc90d30, 0x00000216c2ed4cd0, 0x00000216c31b4e70,
0x00000216c372f400, 0x00000216c3c98390, 0x00000216c3b1fad0, 0x00000216c3b28900,
0x00000216c3e242b0, 0x00000216c3e26110, 0x00000216c3e24cd0, 0x00000216c3e251e0,
0x00000216c3e256f0, 0x00000216c3e26620, 0x00000216c3e26b30, 0x00000216c3e27040,
0x00000216c57008e0, 0x00000216c5706e20, 0x00000216c4dda7a0
}

Java Threads: ( => current thread )
  0x00000216a7ecbdc0 JavaThread "main" [_thread_blocked, id=6812, stack(0x000000d56e900000,0x000000d56ea00000)]
  0x00000216a7f882e0 JavaThread "Reference Handler" daemon [_thread_blocked, id=11568, stack(0x000000d56ec00000,0x000000d56ed00000)]
  0x00000216a7f8a040 JavaThread "Finalizer" daemon [_thread_blocked, id=10720, stack(0x000000d56ed00000,0x000000d56ee00000)]
  0x00000216bdc83270 JavaThread "Signal Dispatcher" daemon [_thread_blocked, id=3972, stack(0x000000d56ee00000,0x000000d56ef00000)]
  0x00000216bdc83d40 JavaThread "Attach Listener" daemon [_thread_blocked, id=9348, stack(0x000000d56ef00000,0x000000d56f000000)]
  0x00000216bdc87560 JavaThread "Service Thread" daemon [_thread_blocked, id=5384, stack(0x000000d56f000000,0x000000d56f100000)]
  0x00000216bdc8c360 JavaThread "Monitor Deflation Thread" daemon [_thread_blocked, id=9988, stack(0x000000d56f100000,0x000000d56f200000)]
=>0x00000216bdc8d7b0 JavaThread "C2 CompilerThread0" daemon [_thread_in_native, id=11800, stack(0x000000d56f200000,0x000000d56f300000)]
  0x00000216bdc8fc80 JavaThread "C1 CompilerThread0" daemon [_thread_blocked, id=9812, stack(0x000000d56f300000,0x000000d56f400000)]
  0x00000216bdc90d30 JavaThread "Sweeper thread" daemon [_thread_blocked, id=504, stack(0x000000d56f400000,0x000000d56f500000)]
  0x00000216c2ed4cd0 JavaThread "Common-Cleaner" daemon [_thread_blocked, id=10436, stack(0x000000d56f500000,0x000000d56f600000)]
  0x00000216c31b4e70 JavaThread "Notification Thread" daemon [_thread_blocked, id=11612, stack(0x000000d56f700000,0x000000d56f800000)]
  0x00000216c372f400 JavaThread "Active Thread: Equinox Container: d24a36cb-f18a-4db7-b70d-78f2e1a578fa" [_thread_blocked, id=7500, stack(0x000000d56fd00000,0x000000d56fe00000)]
  0x00000216c3c98390 JavaThread "Framework Event Dispatcher: Equinox Container: d24a36cb-f18a-4db7-b70d-78f2e1a578fa" daemon [_thread_blocked, id=6608, stack(0x000000d56fe00000,0x000000d56ff00000)]
  0x00000216c3b1fad0 JavaThread "Start Level: Equinox Container: d24a36cb-f18a-4db7-b70d-78f2e1a578fa" daemon [_thread_blocked, id=5992, stack(0x000000d56ff00000,0x000000d570000000)]
  0x00000216c3b28900 JavaThread "SCR Component Actor" daemon [_thread_blocked, id=496, stack(0x000000d570000000,0x000000d570100000)]
  0x00000216c3e242b0 JavaThread "Worker-JM" [_thread_blocked, id=10876, stack(0x000000d56fc00000,0x000000d56fd00000)]
  0x00000216c3e26110 JavaThread "Worker-0" [_thread_blocked, id=1280, stack(0x000000d570200000,0x000000d570300000)]
  0x00000216c3e24cd0 JavaThread "Worker-1" [_thread_blocked, id=3516, stack(0x000000d570300000,0x000000d570400000)]
  0x00000216c3e251e0 JavaThread "Worker-2: Publish Diagnostics" [_thread_in_Java, id=5616, stack(0x000000d570600000,0x000000d570700000)]
  0x00000216c3e256f0 JavaThread "JNA Cleaner" daemon [_thread_blocked, id=11620, stack(0x000000d570500000,0x000000d570600000)]
  0x00000216c3e26620 JavaThread "pool-2-thread-1" [_thread_blocked, id=6440, stack(0x000000d570400000,0x000000d570500000)]
  0x00000216c3e26b30 JavaThread "WorkspaceEventsHandler" [_thread_blocked, id=1028, stack(0x000000d570700000,0x000000d570800000)]
  0x00000216c3e27040 JavaThread "pool-1-thread-1" [_thread_in_native, id=7268, stack(0x000000d570800000,0x000000d570900000)]
  0x00000216c57008e0 JavaThread "ForkJoinPool.commonPool-worker-1" daemon [_thread_in_vm, id=3700, stack(0x000000d570100000,0x000000d570200000)]
  0x00000216c5706e20 JavaThread "ForkJoinPool.commonPool-worker-2" daemon [_thread_blocked, id=7836, stack(0x000000d570900000,0x000000d570a00000)]
  0x00000216c4dda7a0 JavaThread "C2 CompilerThread1" daemon [_thread_in_native, id=11508, stack(0x000000d570a00000,0x000000d570b00000)]

Other Threads:
  0x00000216a7f54780 VMThread "VM Thread" [stack: 0x000000d56eb00000,0x000000d56ec00000] [id=10360]
  0x00000216c30b41c0 WatcherThread [stack: 0x000000d56f800000,0x000000d56f900000] [id=11420]
  0x00000216a7ee1240 GCTaskThread "GC Thread#0" [stack: 0x000000d56ea00000,0x000000d56eb00000] [id=4008]
  0x00000216c38780b0 GCTaskThread "GC Thread#1" [stack: 0x000000d56f900000,0x000000d56fa00000] [id=8528]
  0x00000216c3878780 GCTaskThread "GC Thread#2" [stack: 0x000000d56fa00000,0x000000d56fb00000] [id=7644]
  0x00000216c3859010 GCTaskThread "GC Thread#3" [stack: 0x000000d56fb00000,0x000000d56fc00000] [id=2564]

Threads with active compile tasks:
C2 CompilerThread0    12706 4269       4       lombok.patcher.MethodTarget::matches (29 bytes)
C2 CompilerThread1    12706 4283       4       lombok.patcher.PatchScript$MethodPatcher::visitMethod (158 bytes)

VM state: not at safepoint (normal execution)

VM Mutex/Monitor currently owned by a thread: None

Heap address: 0x00000000c0000000, size: 1024 MB, Compressed Oops mode: 32-bit

CDS archive(s) not mapped
Compressed class space mapped at: 0x0000000100000000-0x0000000140000000, reserved size: 1073741824
Narrow klass base: 0x0000000000000000, Narrow klass shift: 3, Narrow klass range: 0x140000000

GC Precious Log:
 CPUs: 4 total, 4 available
 Memory: 3959M
 Large Page Support: Disabled
 NUMA Support: Disabled
 Compressed Oops: Enabled (32-bit)
 Alignments: Space 512K, Generation 512K, Heap 2M
 Heap Min Capacity: 100M
 Heap Initial Capacity: 100M
 Heap Max Capacity: 1G
 Pre-touch: Disabled
 Parallel Workers: 4

Heap:
 PSYoungGen      total 21504K, used 17487K [0x00000000eab00000, 0x00000000ec300000, 0x0000000100000000)
  eden space 20992K, 81% used [0x00000000eab00000,0x00000000ebbc8a98,0x00000000ebf80000)
  from space 512K, 58% used [0x00000000ebf80000,0x00000000ebfcb428,0x00000000ec000000)
  to   space 1536K, 0% used [0x00000000ec180000,0x00000000ec180000,0x00000000ec300000)
 ParOldGen       total 68608K, used 18492K [0x00000000c0000000, 0x00000000c4300000, 0x00000000eab00000)
  object space 68608K, 26% used [0x00000000c0000000,0x00000000c120f0e8,0x00000000c4300000)
 Metaspace       used 45317K, committed 46080K, reserved 1114112K
  class space    used 4541K, committed 4864K, reserved 1048576K

Card table byte_map: [0x00000216bb550000,0x00000216bb760000] _byte_map_base: 0x00000216baf50000

Marking Bits: (ParMarkBitMap*) 0x00007fff98f0d0b0
 Begin Bits: [0x00000216bb8c0000, 0x00000216bc8c0000)
 End Bits:   [0x00000216bc8c0000, 0x00000216bd8c0000)

Polling page: 0x00000216a7d10000

Metaspace:

Usage:
  Non-class:     39.82 MB used.
      Class:      4.44 MB used.
       Both:     44.26 MB used.

Virtual space:
  Non-class space:       64.00 MB reserved,      40.25 MB ( 63%) committed,  1 nodes.
      Class space:        1.00 GB reserved,       4.75 MB ( <1%) committed,  1 nodes.
             Both:        1.06 GB reserved,      45.00 MB (  4%) committed. 

Chunk freelists:
   Non-Class:  7.52 MB
       Class:  11.07 MB
        Both:  18.59 MB

MaxMetaspaceSize: unlimited
CompressedClassSpaceSize: 1.00 GB
Initial GC threshold: 21.00 MB
Current GC threshold: 58.38 MB
CDS: off
MetaspaceReclaimPolicy: balanced
 - commit_granule_bytes: 65536.
 - commit_granule_words: 8192.
 - virtual_space_node_default_size: 8388608.
 - enlarge_chunks_in_place: 1.
 - new_chunks_are_fully_committed: 0.
 - uncommit_free_chunks: 1.
 - use_allocation_guard: 0.
 - handle_deallocations: 1.


Internal statistics:

num_allocs_failed_limit: 6.
num_arena_births: 414.
num_arena_deaths: 14.
num_vsnodes_births: 2.
num_vsnodes_deaths: 0.
num_space_committed: 720.
num_space_uncommitted: 0.
num_chunks_returned_to_freelist: 20.
num_chunks_taken_from_freelist: 1912.
num_chunk_merges: 10.
num_chunk_splits: 1263.
num_chunks_enlarged: 863.
num_inconsistent_stats: 0.

CodeHeap 'non-profiled nmethods': size=120000Kb used=2560Kb max_used=2560Kb free=117439Kb
 bounds [0x00000216b3e40000, 0x00000216b40d0000, 0x00000216bb370000]
CodeHeap 'profiled nmethods': size=120000Kb used=10336Kb max_used=10336Kb free=109664Kb
 bounds [0x00000216ac370000, 0x00000216acd90000, 0x00000216b38a0000]
CodeHeap 'non-nmethods': size=5760Kb used=1323Kb max_used=1397Kb free=4436Kb
 bounds [0x00000216b38a0000, 0x00000216b3b10000, 0x00000216b3e40000]
 total_blobs=5163 nmethods=4505 adapters=571
 compilation: enabled
              stopped_count=0, restarted_count=0
 full_count=0

Compilation events (20 events):
Event: 12.619 Thread 0x00000216bdc8fc80 4507       3       org.eclipse.jdt.internal.core.JavaModel::isFile (25 bytes)
Event: 12.619 Thread 0x00000216bdc8fc80 nmethod 4507 0x00000216acd7f710 code [0x00000216acd7f900, 0x00000216acd7fe38]
Event: 12.619 Thread 0x00000216bdc8fc80 4508       3       org.eclipse.jdt.internal.core.JavaModel::isJmod (21 bytes)
Event: 12.620 Thread 0x00000216bdc8fc80 nmethod 4508 0x00000216acd80010 code [0x00000216acd801e0, 0x00000216acd80528]
Event: 12.620 Thread 0x00000216bdc8fc80 4509   !   3       org.eclipse.jdt.internal.core.JarPackageFragmentRoot::<init> (86 bytes)
Event: 12.621 Thread 0x00000216bdc8fc80 nmethod 4509 0x00000216acd80710 code [0x00000216acd80940, 0x00000216acd81438]
Event: 12.621 Thread 0x00000216bdc8fc80 4510       3       java.util.Hashtable$Enumerator::nextElement (111 bytes)
Event: 12.622 Thread 0x00000216bdc8fc80 nmethod 4510 0x00000216acd81990 code [0x00000216acd81b60, 0x00000216acd81fa8]
Event: 12.623 Thread 0x00000216bdc8fc80 4512       3       java.util.TreeMap::successor (66 bytes)
Event: 12.623 Thread 0x00000216bdc8fc80 nmethod 4512 0x00000216acd82110 code [0x00000216acd822e0, 0x00000216acd82658]
Event: 12.623 Thread 0x00000216bdc8fc80 4511       3       java.util.TreeMap$PrivateEntryIterator::nextEntry (54 bytes)
Event: 12.624 Thread 0x00000216bdc8fc80 nmethod 4511 0x00000216acd82790 code [0x00000216acd82960, 0x00000216acd82d08]
Event: 12.624 Thread 0x00000216bdc8fc80 4513       3       org.eclipse.jdt.internal.compiler.lookup.PackageBinding::clearMissingTagBit (24 bytes)
Event: 12.624 Thread 0x00000216bdc8fc80 nmethod 4513 0x00000216acd82e90 code [0x00000216acd83020, 0x00000216acd83218]
Event: 12.624 Thread 0x00000216bdc8fc80 4514       3       java.lang.invoke.LambdaForm$MH/0x000000010019a800::invoke (148 bytes)
Event: 12.625 Thread 0x00000216bdc8fc80 nmethod 4514 0x00000216acd83310 code [0x00000216acd83580, 0x00000216acd84608]
Event: 12.625 Thread 0x00000216bdc8fc80 4515   !   3       org.eclipse.jdt.internal.core.NameLookup::getModuleDescription (231 bytes)
Event: 12.627 Thread 0x00000216bdc8fc80 nmethod 4515 0x00000216acd84a90 code [0x00000216acd84e00, 0x00000216acd86af8]
Event: 12.628 Thread 0x00000216bdc8fc80 4516       3       lombok.eclipse.EclipseAST::buildAnnotations (56 bytes)
Event: 12.629 Thread 0x00000216bdc8fc80 nmethod 4516 0x00000216acd87190 code [0x00000216acd873a0, 0x00000216acd87c38]

GC Heap History (20 events):
Event: 5.215 GC heap before
{Heap before GC invocations=8 (full 1):
 PSYoungGen      total 25600K, used 25558K [0x00000000eab00000, 0x00000000ec700000, 0x0000000100000000)
  eden space 24576K, 99% used [0x00000000eab00000,0x00000000ec2fed80,0x00000000ec300000)
  from space 1024K, 96% used [0x00000000ec600000,0x00000000ec6f6c68,0x00000000ec700000)
  to   space 1536K, 0% used [0x00000000ec400000,0x00000000ec400000,0x00000000ec580000)
 ParOldGen       total 68608K, used 7048K [0x00000000c0000000, 0x00000000c4300000, 0x00000000eab00000)
  object space 68608K, 10% used [0x00000000c0000000,0x00000000c06e2100,0x00000000c4300000)
 Metaspace       used 28415K, committed 28928K, reserved 1114112K
  class space    used 2715K, committed 2944K, reserved 1048576K
}
Event: 5.218 GC heap after
{Heap after GC invocations=8 (full 1):
 PSYoungGen      total 25600K, used 1522K [0x00000000eab00000, 0x00000000ec680000, 0x0000000100000000)
  eden space 24064K, 0% used [0x00000000eab00000,0x00000000eab00000,0x00000000ec280000)
  from space 1536K, 99% used [0x00000000ec400000,0x00000000ec57c900,0x00000000ec580000)
  to   space 1024K, 0% used [0x00000000ec580000,0x00000000ec580000,0x00000000ec680000)
 ParOldGen       total 68608K, used 7272K [0x00000000c0000000, 0x00000000c4300000, 0x00000000eab00000)
  object space 68608K, 10% used [0x00000000c0000000,0x00000000c071a100,0x00000000c4300000)
 Metaspace       used 28415K, committed 28928K, reserved 1114112K
  class space    used 2715K, committed 2944K, reserved 1048576K
}
Event: 6.374 GC heap before
{Heap before GC invocations=9 (full 1):
 PSYoungGen      total 25600K, used 25583K [0x00000000eab00000, 0x00000000ec680000, 0x0000000100000000)
  eden space 24064K, 99% used [0x00000000eab00000,0x00000000ec27f478,0x00000000ec280000)
  from space 1536K, 99% used [0x00000000ec400000,0x00000000ec57c900,0x00000000ec580000)
  to   space 1024K, 0% used [0x00000000ec580000,0x00000000ec580000,0x00000000ec680000)
 ParOldGen       total 68608K, used 7272K [0x00000000c0000000, 0x00000000c4300000, 0x00000000eab00000)
  object space 68608K, 10% used [0x00000000c0000000,0x00000000c071a100,0x00000000c4300000)
 Metaspace       used 31866K, committed 32384K, reserved 1114112K
  class space    used 3097K, committed 3328K, reserved 1048576K
}
Event: 6.377 GC heap after
{Heap after GC invocations=9 (full 1):
 PSYoungGen      total 24576K, used 1008K [0x00000000eab00000, 0x00000000ec800000, 0x0000000100000000)
  eden space 23552K, 0% used [0x00000000eab00000,0x00000000eab00000,0x00000000ec200000)
  from space 1024K, 98% used [0x00000000ec580000,0x00000000ec67c218,0x00000000ec680000)
  to   space 3072K, 0% used [0x00000000ec200000,0x00000000ec200000,0x00000000ec500000)
 ParOldGen       total 68608K, used 8744K [0x00000000c0000000, 0x00000000c4300000, 0x00000000eab00000)
  object space 68608K, 12% used [0x00000000c0000000,0x00000000c088a388,0x00000000c4300000)
 Metaspace       used 31866K, committed 32384K, reserved 1114112K
  class space    used 3097K, committed 3328K, reserved 1048576K
}
Event: 7.565 GC heap before
{Heap before GC invocations=10 (full 1):
 PSYoungGen      total 24576K, used 20029K [0x00000000eab00000, 0x00000000ec800000, 0x0000000100000000)
  eden space 23552K, 80% used [0x00000000eab00000,0x00000000ebd93240,0x00000000ec200000)
  from space 1024K, 98% used [0x00000000ec580000,0x00000000ec67c218,0x00000000ec680000)
  to   space 3072K, 0% used [0x00000000ec200000,0x00000000ec200000,0x00000000ec500000)
 ParOldGen       total 68608K, used 8744K [0x00000000c0000000, 0x00000000c4300000, 0x00000000eab00000)
  object space 68608K, 12% used [0x00000000c0000000,0x00000000c088a388,0x00000000c4300000)
 Metaspace       used 35151K, committed 35840K, reserved 1114112K
  class space    used 3501K, committed 3840K, reserved 1048576K
}
Event: 7.568 GC heap after
{Heap after GC invocations=10 (full 1):
 PSYoungGen      total 25600K, used 1722K [0x00000000eab00000, 0x00000000ec600000, 0x0000000100000000)
  eden space 23552K, 0% used [0x00000000eab00000,0x00000000eab00000,0x00000000ec200000)
  from space 2048K, 84% used [0x00000000ec200000,0x00000000ec3aebd0,0x00000000ec400000)
  to   space 2048K, 0% used [0x00000000ec400000,0x00000000ec400000,0x00000000ec600000)
 ParOldGen       total 68608K, used 9141K [0x00000000c0000000, 0x00000000c4300000, 0x00000000eab00000)
  object space 68608K, 13% used [0x00000000c0000000,0x00000000c08ed718,0x00000000c4300000)
 Metaspace       used 35151K, committed 35840K, reserved 1114112K
  class space    used 3501K, committed 3840K, reserved 1048576K
}
Event: 7.568 GC heap before
{Heap before GC invocations=11 (full 2):
 PSYoungGen      total 25600K, used 1722K [0x00000000eab00000, 0x00000000ec600000, 0x0000000100000000)
  eden space 23552K, 0% used [0x00000000eab00000,0x00000000eab00000,0x00000000ec200000)
  from space 2048K, 84% used [0x00000000ec200000,0x00000000ec3aebd0,0x00000000ec400000)
  to   space 2048K, 0% used [0x00000000ec400000,0x00000000ec400000,0x00000000ec600000)
 ParOldGen       total 68608K, used 9141K [0x00000000c0000000, 0x00000000c4300000, 0x00000000eab00000)
  object space 68608K, 13% used [0x00000000c0000000,0x00000000c08ed718,0x00000000c4300000)
 Metaspace       used 35151K, committed 35840K, reserved 1114112K
  class space    used 3501K, committed 3840K, reserved 1048576K
}
Event: 7.602 GC heap after
{Heap after GC invocations=11 (full 2):
 PSYoungGen      total 25600K, used 0K [0x00000000eab00000, 0x00000000ec600000, 0x0000000100000000)
  eden space 23552K, 0% used [0x00000000eab00000,0x00000000eab00000,0x00000000ec200000)
  from space 2048K, 0% used [0x00000000ec200000,0x00000000ec200000,0x00000000ec400000)
  to   space 2048K, 0% used [0x00000000ec400000,0x00000000ec400000,0x00000000ec600000)
 ParOldGen       total 68608K, used 10471K [0x00000000c0000000, 0x00000000c4300000, 0x00000000eab00000)
  object space 68608K, 15% used [0x00000000c0000000,0x00000000c0a39ed0,0x00000000c4300000)
 Metaspace       used 35151K, committed 35840K, reserved 1114112K
  class space    used 3501K, committed 3840K, reserved 1048576K
}
Event: 8.100 GC heap before
{Heap before GC invocations=12 (full 2):
 PSYoungGen      total 25600K, used 23552K [0x00000000eab00000, 0x00000000ec600000, 0x0000000100000000)
  eden space 23552K, 100% used [0x00000000eab00000,0x00000000ec200000,0x00000000ec200000)
  from space 2048K, 0% used [0x00000000ec200000,0x00000000ec200000,0x00000000ec400000)
  to   space 2048K, 0% used [0x00000000ec400000,0x00000000ec400000,0x00000000ec600000)
 ParOldGen       total 68608K, used 10471K [0x00000000c0000000, 0x00000000c4300000, 0x00000000eab00000)
  object space 68608K, 15% used [0x00000000c0000000,0x00000000c0a39ed0,0x00000000c4300000)
 Metaspace       used 37515K, committed 38208K, reserved 1114112K
  class space    used 3801K, committed 4096K, reserved 1048576K
}
Event: 8.104 GC heap after
{Heap after GC invocations=12 (full 2):
 PSYoungGen      total 23040K, used 2043K [0x00000000eab00000, 0x00000000eca80000, 0x0000000100000000)
  eden space 20992K, 0% used [0x00000000eab00000,0x00000000eab00000,0x00000000ebf80000)
  from space 2048K, 99% used [0x00000000ec400000,0x00000000ec5fee30,0x00000000ec600000)
  to   space 4608K, 0% used [0x00000000ebf80000,0x00000000ebf80000,0x00000000ec400000)
 ParOldGen       total 68608K, used 12379K [0x00000000c0000000, 0x00000000c4300000, 0x00000000eab00000)
  object space 68608K, 18% used [0x00000000c0000000,0x00000000c0c16ca0,0x00000000c4300000)
 Metaspace       used 37515K, committed 38208K, reserved 1114112K
  class space    used 3801K, committed 4096K, reserved 1048576K
}
Event: 8.661 GC heap before
{Heap before GC invocations=13 (full 2):
 PSYoungGen      total 23040K, used 23035K [0x00000000eab00000, 0x00000000eca80000, 0x0000000100000000)
  eden space 20992K, 100% used [0x00000000eab00000,0x00000000ebf80000,0x00000000ebf80000)
  from space 2048K, 99% used [0x00000000ec400000,0x00000000ec5fee30,0x00000000ec600000)
  to   space 4608K, 0% used [0x00000000ebf80000,0x00000000ebf80000,0x00000000ec400000)
 ParOldGen       total 68608K, used 12379K [0x00000000c0000000, 0x00000000c4300000, 0x00000000eab00000)
  object space 68608K, 18% used [0x00000000c0000000,0x00000000c0c16ca0,0x00000000c4300000)
 Metaspace       used 38354K, committed 39040K, reserved 1114112K
  class space    used 3898K, committed 4224K, reserved 1048576K
}
Event: 8.668 GC heap after
{Heap after GC invocations=13 (full 2):
 PSYoungGen      total 24576K, used 3488K [0x00000000eab00000, 0x00000000ec780000, 0x0000000100000000)
  eden space 20992K, 0% used [0x00000000eab00000,0x00000000eab00000,0x00000000ebf80000)
  from space 3584K, 97% used [0x00000000ebf80000,0x00000000ec2e8000,0x00000000ec300000)
  to   space 4096K, 0% used [0x00000000ec380000,0x00000000ec380000,0x00000000ec780000)
 ParOldGen       total 68608K, used 12583K [0x00000000c0000000, 0x00000000c4300000, 0x00000000eab00000)
  object space 68608K, 18% used [0x00000000c0000000,0x00000000c0c49ed8,0x00000000c4300000)
 Metaspace       used 38354K, committed 39040K, reserved 1114112K
  class space    used 3898K, committed 4224K, reserved 1048576K
}
Event: 9.678 GC heap before
{Heap before GC invocations=14 (full 2):
 PSYoungGen      total 24576K, used 24443K [0x00000000eab00000, 0x00000000ec780000, 0x0000000100000000)
  eden space 20992K, 99% used [0x00000000eab00000,0x00000000ebf76c80,0x00000000ebf80000)
  from space 3584K, 97% used [0x00000000ebf80000,0x00000000ec2e8000,0x00000000ec300000)
  to   space 4096K, 0% used [0x00000000ec380000,0x00000000ec380000,0x00000000ec780000)
 ParOldGen       total 68608K, used 12583K [0x00000000c0000000, 0x00000000c4300000, 0x00000000eab00000)
  object space 68608K, 18% used [0x00000000c0000000,0x00000000c0c49ed8,0x00000000c4300000)
 Metaspace       used 39353K, committed 40064K, reserved 1114112K
  class space    used 4028K, committed 4352K, reserved 1048576K
}
Event: 9.685 GC heap after
{Heap after GC invocations=14 (full 2):
 PSYoungGen      total 21504K, used 320K [0x00000000eab00000, 0x00000000ec400000, 0x0000000100000000)
  eden space 20992K, 0% used [0x00000000eab00000,0x00000000eab00000,0x00000000ebf80000)
  from space 512K, 62% used [0x00000000ec380000,0x00000000ec3d0000,0x00000000ec400000)
  to   space 1536K, 0% used [0x00000000ec100000,0x00000000ec100000,0x00000000ec280000)
 ParOldGen       total 68608K, used 16010K [0x00000000c0000000, 0x00000000c4300000, 0x00000000eab00000)
  object space 68608K, 23% used [0x00000000c0000000,0x00000000c0fa2bc8,0x00000000c4300000)
 Metaspace       used 39353K, committed 40064K, reserved 1114112K
  class space    used 4028K, committed 4352K, reserved 1048576K
}
Event: 10.798 GC heap before
{Heap before GC invocations=15 (full 2):
 PSYoungGen      total 21504K, used 21282K [0x00000000eab00000, 0x00000000ec400000, 0x0000000100000000)
  eden space 20992K, 99% used [0x00000000eab00000,0x00000000ebf78b78,0x00000000ebf80000)
  from space 512K, 62% used [0x00000000ec380000,0x00000000ec3d0000,0x00000000ec400000)
  to   space 1536K, 0% used [0x00000000ec100000,0x00000000ec100000,0x00000000ec280000)
 ParOldGen       total 68608K, used 16010K [0x00000000c0000000, 0x00000000c4300000, 0x00000000eab00000)
  object space 68608K, 23% used [0x00000000c0000000,0x00000000c0fa2bc8,0x00000000c4300000)
 Metaspace       used 42144K, committed 42880K, reserved 1114112K
  class space    used 4235K, committed 4544K, reserved 1048576K
}
Event: 10.800 GC heap after
{Heap after GC invocations=15 (full 2):
 PSYoungGen      total 22528K, used 1344K [0x00000000eab00000, 0x00000000ec400000, 0x0000000100000000)
  eden space 20992K, 0% used [0x00000000eab00000,0x00000000eab00000,0x00000000ebf80000)
  from space 1536K, 87% used [0x00000000ec100000,0x00000000ec250010,0x00000000ec280000)
  to   space 1536K, 0% used [0x00000000ec280000,0x00000000ec280000,0x00000000ec400000)
 ParOldGen       total 68608K, used 16242K [0x00000000c0000000, 0x00000000c4300000, 0x00000000eab00000)
  object space 68608K, 23% used [0x00000000c0000000,0x00000000c0fdcbc8,0x00000000c4300000)
 Metaspace       used 42144K, committed 42880K, reserved 1114112K
  class space    used 4235K, committed 4544K, reserved 1048576K
}
Event: 11.293 GC heap before
{Heap before GC invocations=16 (full 2):
 PSYoungGen      total 22528K, used 22336K [0x00000000eab00000, 0x00000000ec400000, 0x0000000100000000)
  eden space 20992K, 100% used [0x00000000eab00000,0x00000000ebf80000,0x00000000ebf80000)
  from space 1536K, 87% used [0x00000000ec100000,0x00000000ec250010,0x00000000ec280000)
  to   space 1536K, 0% used [0x00000000ec280000,0x00000000ec280000,0x00000000ec400000)
 ParOldGen       total 68608K, used 16242K [0x00000000c0000000, 0x00000000c4300000, 0x00000000eab00000)
  object space 68608K, 23% used [0x00000000c0000000,0x00000000c0fdcbc8,0x00000000c4300000)
 Metaspace       used 43411K, committed 44224K, reserved 1114112K
  class space    used 4362K, committed 4672K, reserved 1048576K
}
Event: 11.297 GC heap after
{Heap after GC invocations=16 (full 2):
 PSYoungGen      total 22528K, used 1520K [0x00000000eab00000, 0x00000000ec580000, 0x0000000100000000)
  eden space 20992K, 0% used [0x00000000eab00000,0x00000000eab00000,0x00000000ebf80000)
  from space 1536K, 98% used [0x00000000ec280000,0x00000000ec3fc098,0x00000000ec400000)
  to   space 3072K, 0% used [0x00000000ebf80000,0x00000000ebf80000,0x00000000ec280000)
 ParOldGen       total 68608K, used 17507K [0x00000000c0000000, 0x00000000c4300000, 0x00000000eab00000)
  object space 68608K, 25% used [0x00000000c0000000,0x00000000c1118d58,0x00000000c4300000)
 Metaspace       used 43411K, committed 44224K, reserved 1114112K
  class space    used 4362K, committed 4672K, reserved 1048576K
}
Event: 11.791 GC heap before
{Heap before GC invocations=17 (full 2):
 PSYoungGen      total 22528K, used 22467K [0x00000000eab00000, 0x00000000ec580000, 0x0000000100000000)
  eden space 20992K, 99% used [0x00000000eab00000,0x00000000ebf74c20,0x00000000ebf80000)
  from space 1536K, 98% used [0x00000000ec280000,0x00000000ec3fc098,0x00000000ec400000)
  to   space 3072K, 0% used [0x00000000ebf80000,0x00000000ebf80000,0x00000000ec280000)
 ParOldGen       total 68608K, used 17507K [0x00000000c0000000, 0x00000000c4300000, 0x00000000eab00000)
  object space 68608K, 25% used [0x00000000c0000000,0x00000000c1118d58,0x00000000c4300000)
 Metaspace       used 43434K, committed 44224K, reserved 1114112K
  class space    used 4362K, committed 4672K, reserved 1048576K
}
Event: 11.793 GC heap after
{Heap after GC invocations=17 (full 2):
 PSYoungGen      total 21504K, used 301K [0x00000000eab00000, 0x00000000ec300000, 0x0000000100000000)
  eden space 20992K, 0% used [0x00000000eab00000,0x00000000eab00000,0x00000000ebf80000)
  from space 512K, 58% used [0x00000000ebf80000,0x00000000ebfcb428,0x00000000ec000000)
  to   space 1536K, 0% used [0x00000000ec180000,0x00000000ec180000,0x00000000ec300000)
 ParOldGen       total 68608K, used 18492K [0x00000000c0000000, 0x00000000c4300000, 0x00000000eab00000)
  object space 68608K, 26% used [0x00000000c0000000,0x00000000c120f0e8,0x00000000c4300000)
 Metaspace       used 43434K, committed 44224K, reserved 1114112K
  class space    used 4362K, committed 4672K, reserved 1048576K
}

Dll operation events (10 events):
Event: 0.019 Loaded shared library c:\Users\HP\.vscode\extensions\redhat.java-1.25.0-win32-x64\jre\17.0.9-win32-x86_64\bin\java.dll
Event: 0.249 Loaded shared library c:\Users\HP\.vscode\extensions\redhat.java-1.25.0-win32-x64\jre\17.0.9-win32-x86_64\bin\zip.dll
Event: 0.252 Loaded shared library C:\Users\HP\.vscode\extensions\redhat.java-1.25.0-win32-x64\jre\17.0.9-win32-x86_64\bin\instrument.dll
Event: 0.271 Loaded shared library C:\Users\HP\.vscode\extensions\redhat.java-1.25.0-win32-x64\jre\17.0.9-win32-x86_64\bin\net.dll
Event: 0.274 Loaded shared library C:\Users\HP\.vscode\extensions\redhat.java-1.25.0-win32-x64\jre\17.0.9-win32-x86_64\bin\nio.dll
Event: 0.285 Loaded shared library C:\Users\HP\.vscode\extensions\redhat.java-1.25.0-win32-x64\jre\17.0.9-win32-x86_64\bin\zip.dll
Event: 0.312 Loaded shared library C:\Users\HP\.vscode\extensions\redhat.java-1.25.0-win32-x64\jre\17.0.9-win32-x86_64\bin\jimage.dll
Event: 0.430 Loaded shared library c:\Users\HP\.vscode\extensions\redhat.java-1.25.0-win32-x64\jre\17.0.9-win32-x86_64\bin\verify.dll
Event: 2.372 Loaded shared library C:\Users\HP\AppData\Roaming\Code\User\globalStorage\redhat.java\1.25.0\config_ss_win\org.eclipse.equinox.launcher\org.eclipse.equinox.launcher.win32.win32.x86_64_1.2.800.v20231003-1442\eclipse_11802.dll
Event: 7.089 Loaded shared library C:\Users\HP\AppData\Local\Temp\jna-2312\jna14054447974160318137.dll

Deoptimization events (20 events):
Event: 11.522 Thread 0x00000216c57008e0 Uncommon trap: trap_request=0xffffff45 fr.pc=0x00000216b4084fc8 relative=0x0000000000000de8
Event: 11.522 Thread 0x00000216c57008e0 Uncommon trap: reason=unstable_if action=reinterpret pc=0x00000216b4084fc8 method=org.lombokweb.asm.MethodWriter.putMethodInfo(Lorg/lombokweb/asm/ByteVector;)V @ 374 c2
Event: 11.522 Thread 0x00000216c57008e0 DEOPT PACKING pc=0x00000216b4084fc8 sp=0x000000d5701f7c80
Event: 11.522 Thread 0x00000216c57008e0 DEOPT UNPACKING pc=0x00000216b38f66a3 sp=0x000000d5701f7c38 mode 2
Event: 12.160 Thread 0x00000216c3e251e0 Uncommon trap: trap_request=0xffffff45 fr.pc=0x00000216b3f7e1e4 relative=0x0000000000000224
Event: 12.160 Thread 0x00000216c3e251e0 Uncommon trap: reason=unstable_if action=reinterpret pc=0x00000216b3f7e1e4 method=java.util.HashMap.getNode(Ljava/lang/Object;)Ljava/util/HashMap$Node; @ 66 c2
Event: 12.160 Thread 0x00000216c3e251e0 DEOPT PACKING pc=0x00000216b3f7e1e4 sp=0x000000d5706fdcc0
Event: 12.160 Thread 0x00000216c3e251e0 DEOPT UNPACKING pc=0x00000216b38f66a3 sp=0x000000d5706fdbd8 mode 2
Event: 12.248 Thread 0x00000216c57008e0 Uncommon trap: trap_request=0xffffff45 fr.pc=0x00000216b4040b78 relative=0x00000000000002b8
Event: 12.248 Thread 0x00000216c57008e0 Uncommon trap: reason=unstable_if action=reinterpret pc=0x00000216b4040b78 method=java.util.HashMap.getNode(Ljava/lang/Object;)Ljava/util/HashMap$Node; @ 131 c2
Event: 12.248 Thread 0x00000216c57008e0 DEOPT PACKING pc=0x00000216b4040b78 sp=0x000000d5701fc6f0
Event: 12.248 Thread 0x00000216c57008e0 DEOPT UNPACKING pc=0x00000216b38f66a3 sp=0x000000d5701fc610 mode 2
Event: 12.443 Thread 0x00000216c3e251e0 Uncommon trap: trap_request=0xffffff45 fr.pc=0x00000216b407c130 relative=0x00000000000000b0
Event: 12.443 Thread 0x00000216c3e251e0 Uncommon trap: reason=unstable_if action=reinterpret pc=0x00000216b407c130 method=java.util.Hashtable$Enumerator.nextElement()Ljava/lang/Object; @ 87 c2
Event: 12.443 Thread 0x00000216c3e251e0 DEOPT PACKING pc=0x00000216b407c130 sp=0x000000d5706fefd0
Event: 12.443 Thread 0x00000216c3e251e0 DEOPT UNPACKING pc=0x00000216b38f66a3 sp=0x000000d5706feef8 mode 2
Event: 12.599 Thread 0x00000216c3e251e0 Uncommon trap: trap_request=0xffffff45 fr.pc=0x00000216b406fe0c relative=0x000000000000008c
Event: 12.599 Thread 0x00000216c3e251e0 Uncommon trap: reason=unstable_if action=reinterpret pc=0x00000216b406fe0c method=java.util.Hashtable$Enumerator.nextElement()Ljava/lang/Object; @ 87 c2
Event: 12.599 Thread 0x00000216c3e251e0 DEOPT PACKING pc=0x00000216b406fe0c sp=0x000000d5706fef90
Event: 12.599 Thread 0x00000216c3e251e0 DEOPT UNPACKING pc=0x00000216b38f66a3 sp=0x000000d5706fef10 mode 2

Classes unloaded (7 events):
Event: 3.492 Thread 0x00000216a7f54780 Unloading class 0x000000010021a000 'java/lang/invoke/LambdaForm$MH+0x000000010021a000'
Event: 3.492 Thread 0x00000216a7f54780 Unloading class 0x0000000100219c00 'java/lang/invoke/LambdaForm$MH+0x0000000100219c00'
Event: 3.492 Thread 0x00000216a7f54780 Unloading class 0x0000000100219800 'java/lang/invoke/LambdaForm$MH+0x0000000100219800'
Event: 3.492 Thread 0x00000216a7f54780 Unloading class 0x0000000100219400 'java/lang/invoke/LambdaForm$MH+0x0000000100219400'
Event: 3.492 Thread 0x00000216a7f54780 Unloading class 0x0000000100219000 'java/lang/invoke/LambdaForm$BMH+0x0000000100219000'
Event: 3.492 Thread 0x00000216a7f54780 Unloading class 0x0000000100218c00 'java/lang/invoke/LambdaForm$DMH+0x0000000100218c00'
Event: 3.492 Thread 0x00000216a7f54780 Unloading class 0x0000000100216000 'java/lang/invoke/LambdaForm$DMH+0x0000000100216000'

Classes redefined (0 events):
No events

Internal exceptions (20 events):
Event: 6.447 Thread 0x00000216c3b1fad0 Exception <a 'java/lang/ClassNotFoundException'{0x00000000eacb08a8}: com/sun/org/apache/xml/internal/serializer/spi/XMLEntitiesProvider> (0x00000000eacb08a8) 
thrown [s\src\hotspot\share\classfile\systemDictionary.cpp, line 256]
Event: 6.721 Thread 0x00000216c3b1fad0 Exception <a 'java/io/FileNotFoundException'{0x00000000eb050438}> (0x00000000eb050438) 
thrown [s\src\hotspot\share\prims\jni.cpp, line 516]
Event: 7.170 Thread 0x00000216c3b1fad0 Exception <a 'java/lang/UnsatisfiedLinkError'{0x00000000eb38d880}: The specified procedure could not be found.
> (0x00000000eb38d880) 
thrown [s\src\hotspot\share\prims\jni.cpp, line 535]
Event: 7.176 Thread 0x00000216c3b1fad0 Exception <a 'java/io/FileNotFoundException'{0x00000000eb3b09c0}> (0x00000000eb3b09c0) 
thrown [s\src\hotspot\share\prims\jni.cpp, line 516]
Event: 7.237 Thread 0x00000216c3b1fad0 Exception <a 'java/lang/UnsatisfiedLinkError'{0x00000000eb4c4dd8}: The specified procedure could not be found.
> (0x00000000eb4c4dd8) 
thrown [s\src\hotspot\share\prims\jni.cpp, line 535]
Event: 7.305 Thread 0x00000216a7ecbdc0 Exception <a 'java/lang/NoSuchMethodError'{0x00000000eb68c360}: 'java.lang.Object java.lang.invoke.DirectMethodHandle$Holder.invokeStatic(java.lang.Object, java.lang.Object, long, java.lang.Object)'> (0x00000000eb68c360) 
thrown [s\src\hotspot\share\interpreter\linkResolver.cpp, line 759]
Event: 7.305 Thread 0x00000216a7ecbdc0 Exception <a 'java/lang/NoSuchMethodError'{0x00000000eb68fdf8}: 'java.lang.Object java.lang.invoke.DirectMethodHandle$Holder.invokeStaticInit(java.lang.Object, java.lang.Object, long, java.lang.Object)'> (0x00000000eb68fdf8) 
thrown [s\src\hotspot\share\interpreter\linkResolver.cpp, line 759]
Event: 7.310 Thread 0x00000216a7ecbdc0 Exception <a 'java/lang/NoSuchMethodError'{0x00000000eb696938}: 'java.lang.Object java.lang.invoke.DirectMethodHandle$Holder.newInvokeSpecial(java.lang.Object, java.lang.Object, long)'> (0x00000000eb696938) 
thrown [s\src\hotspot\share\interpreter\linkResolver.cpp, line 759]
Event: 7.414 Thread 0x00000216a7ecbdc0 Exception <a 'java/lang/NoSuchMethodError'{0x00000000eb84adb0}: 'void java.lang.invoke.DirectMethodHandle$Holder.invokeStatic(java.lang.Object, java.lang.Object, java.lang.Object, java.lang.Object)'> (0x00000000eb84adb0) 
thrown [s\src\hotspot\share\interpreter\linkResolver.cpp, line 759]
Event: 7.673 Thread 0x00000216a7ecbdc0 Exception <a 'java/lang/NoSuchMethodError'{0x00000000eade4aa8}: 'void java.lang.invoke.DirectMethodHandle$Holder.invokeSpecial(java.lang.Object, java.lang.Object, java.lang.Object, java.lang.Object, java.lang.Object, java.lang.Object)'> (0x00000000eade4aa8) 
thrown [s\src\hotspot\share\interpreter\linkResolver.cpp, line 759]
Event: 7.675 Thread 0x00000216a7ecbdc0 Exception <a 'java/lang/IncompatibleClassChangeError'{0x00000000eadee358}: Found class java.lang.Object, but interface was expected> (0x00000000eadee358) 
thrown [s\src\hotspot\share\interpreter\linkResolver.cpp, line 826]
Event: 7.882 Thread 0x00000216c3e27040 Exception <a 'java/io/FileNotFoundException'{0x00000000eb3c00c8}> (0x00000000eb3c00c8) 
thrown [s\src\hotspot\share\prims\jni.cpp, line 516]
Event: 8.547 Thread 0x00000216c3e27040 Exception <a 'java/lang/NoSuchMethodError'{0x00000000ebcdc3c8}: 'java.lang.Object java.lang.invoke.DirectMethodHandle$Holder.invokeInterface(java.lang.Object, java.lang.Object, java.lang.Object)'> (0x00000000ebcdc3c8) 
thrown [s\src\hotspot\share\interpreter\linkResolver.cpp, line 759]
Event: 9.752 Thread 0x00000216c3e27040 Implicit null exception at 0x00000216b40412c3 to 0x00000216b4041ec4
Event: 9.752 Thread 0x00000216c3e27040 Implicit null exception at 0x00000216b403ef47 to 0x00000216b403fbcc
Event: 10.921 Thread 0x00000216c57008e0 Exception <a 'java/lang/NoSuchMethodError'{0x00000000eb00e2c0}: 'int java.lang.invoke.DirectMethodHandle$Holder.invokeSpecialIFC(java.lang.Object, java.lang.Object, java.lang.Object)'> (0x00000000eb00e2c0) 
thrown [s\src\hotspot\share\interpreter\linkResolver.cpp, line 759]
Event: 10.923 Thread 0x00000216c57008e0 Exception <a 'java/lang/NoSuchMethodError'{0x00000000eb021380}: 'int java.lang.invoke.DirectMethodHandle$Holder.invokeStatic(java.lang.Object, java.lang.Object, java.lang.Object, int)'> (0x00000000eb021380) 
thrown [s\src\hotspot\share\interpreter\linkResolver.cpp, line 759]
Event: 10.968 Thread 0x00000216c57008e0 Exception <a 'java/io/FileNotFoundException'{0x00000000eb18e158}> (0x00000000eb18e158) 
thrown [s\src\hotspot\share\prims\jni.cpp, line 516]
Event: 12.461 Thread 0x00000216c3e251e0 Exception <a 'java/io/FileNotFoundException'{0x00000000eb9b9308}> (0x00000000eb9b9308) 
thrown [s\src\hotspot\share\prims\jni.cpp, line 516]
Event: 12.462 Thread 0x00000216c3e251e0 Exception <a 'java/io/FileNotFoundException'{0x00000000eb9bd640}> (0x00000000eb9bd640) 
thrown [s\src\hotspot\share\prims\jni.cpp, line 516]

VM Operations (20 events):
Event: 9.936 Executing VM operation: HandshakeAllThreads
Event: 9.936 Executing VM operation: HandshakeAllThreads done
Event: 10.780 Executing VM operation: HandshakeAllThreads
Event: 10.780 Executing VM operation: HandshakeAllThreads done
Event: 10.780 Executing VM operation: Cleanup
Event: 10.780 Executing VM operation: Cleanup done
Event: 10.796 Executing VM operation: HandshakeAllThreads
Event: 10.796 Executing VM operation: HandshakeAllThreads done
Event: 10.798 Executing VM operation: ParallelGCFailedAllocation
Event: 10.800 Executing VM operation: ParallelGCFailedAllocation done
Event: 10.931 Executing VM operation: HandshakeAllThreads
Event: 10.931 Executing VM operation: HandshakeAllThreads done
Event: 11.106 Executing VM operation: HandshakeAllThreads
Event: 11.106 Executing VM operation: HandshakeAllThreads done
Event: 11.292 Executing VM operation: ParallelGCFailedAllocation
Event: 11.297 Executing VM operation: ParallelGCFailedAllocation done
Event: 11.791 Executing VM operation: ParallelGCFailedAllocation
Event: 11.793 Executing VM operation: ParallelGCFailedAllocation done
Event: 12.091 Executing VM operation: HandshakeAllThreads
Event: 12.141 Executing VM operation: HandshakeAllThreads done

Events (20 events):
Event: 10.182 loading class java/util/concurrent/CompletableFuture$UniExceptionally
Event: 10.182 loading class java/util/concurrent/CompletableFuture$UniExceptionally done
Event: 10.186 Thread 0x00000216c5706e20 Thread added: 0x00000216c5706e20
Event: 10.206 Thread 0x00000216c71888a0 Thread added: 0x00000216c71888a0
Event: 10.651 loading class java/lang/UnsupportedClassVersionError
Event: 10.651 loading class java/lang/UnsupportedClassVersionError done
Event: 10.707 loading class jdk/internal/reflect/UnsafeQualifiedStaticIntegerFieldAccessorImpl
Event: 10.708 loading class jdk/internal/reflect/UnsafeQualifiedStaticIntegerFieldAccessorImpl done
Event: 10.776 loading class java/util/stream/MatchOps$MatchKind
Event: 10.776 loading class java/util/stream/MatchOps$MatchKind done
Event: 10.776 loading class java/util/stream/MatchOps
Event: 10.776 loading class java/util/stream/MatchOps done
Event: 10.776 loading class java/util/stream/MatchOps$MatchOp
Event: 10.776 loading class java/util/stream/MatchOps$MatchOp done
Event: 10.777 loading class java/util/stream/MatchOps$BooleanTerminalSink
Event: 10.777 loading class java/util/stream/MatchOps$BooleanTerminalSink done
Event: 10.777 loading class java/util/stream/MatchOps$1MatchSink
Event: 10.777 loading class java/util/stream/MatchOps$1MatchSink done
Event: 11.013 Thread 0x00000216c71888a0 Thread exited: 0x00000216c71888a0
Event: 11.275 Thread 0x00000216c4dda7a0 Thread added: 0x00000216c4dda7a0


Dynamic libraries:
0x00007ff71b710000 - 0x00007ff71b71e000 	c:\Users\HP\.vscode\extensions\redhat.java-1.25.0-win32-x64\jre\17.0.9-win32-x86_64\bin\java.exe
0x00007fffeb110000 - 0x00007fffeb304000 	C:\WINDOWS\SYSTEM32\ntdll.dll
0x00007fffe9a80000 - 0x00007fffe9b3d000 	C:\WINDOWS\System32\KERNEL32.DLL
0x00007fffe89e0000 - 0x00007fffe8ca7000 	C:\WINDOWS\System32\KERNELBASE.dll
0x00007fffe88b0000 - 0x00007fffe89b0000 	C:\WINDOWS\System32\ucrtbase.dll
0x00007fffc1f80000 - 0x00007fffc1f97000 	c:\Users\HP\.vscode\extensions\redhat.java-1.25.0-win32-x64\jre\17.0.9-win32-x86_64\bin\jli.dll
0x00007fffc1e70000 - 0x00007fffc1e8b000 	c:\Users\HP\.vscode\extensions\redhat.java-1.25.0-win32-x64\jre\17.0.9-win32-x86_64\bin\VCRUNTIME140.dll
0x00007fffe9750000 - 0x00007fffe98f0000 	C:\WINDOWS\System32\USER32.dll
0x00007fffe89b0000 - 0x00007fffe89d2000 	C:\WINDOWS\System32\win32u.dll
0x00007fffd0210000 - 0x00007fffd04aa000 	C:\WINDOWS\WinSxS\amd64_microsoft.windows.common-controls_6595b64144ccf1df_6.0.19041.1_none_b555e41d4684ddec\COMCTL32.dll
0x00007fffe99f0000 - 0x00007fffe9a1a000 	C:\WINDOWS\System32\GDI32.dll
0x00007fffe9220000 - 0x00007fffe92be000 	C:\WINDOWS\System32\msvcrt.dll
0x00007fffe8e00000 - 0x00007fffe8f0a000 	C:\WINDOWS\System32\gdi32full.dll
0x00007fffe8ce0000 - 0x00007fffe8d7d000 	C:\WINDOWS\System32\msvcp_win.dll
0x00007fffea720000 - 0x00007fffea750000 	C:\WINDOWS\System32\IMM32.DLL
0x00007fffdc6f0000 - 0x00007fffdc6fc000 	c:\Users\HP\.vscode\extensions\redhat.java-1.25.0-win32-x64\jre\17.0.9-win32-x86_64\bin\vcruntime140_1.dll
0x00007fff9e170000 - 0x00007fff9e1fd000 	c:\Users\HP\.vscode\extensions\redhat.java-1.25.0-win32-x64\jre\17.0.9-win32-x86_64\bin\msvcp140.dll
0x00007fff98370000 - 0x00007fff98fd1000 	c:\Users\HP\.vscode\extensions\redhat.java-1.25.0-win32-x64\jre\17.0.9-win32-x86_64\bin\server\jvm.dll
0x00007fffe9170000 - 0x00007fffe921a000 	C:\WINDOWS\System32\ADVAPI32.dll
0x00007fffe9950000 - 0x00007fffe99eb000 	C:\WINDOWS\System32\sechost.dll
0x00007fffe9b40000 - 0x00007fffe9c63000 	C:\WINDOWS\System32\RPCRT4.dll
0x00007fffe7e60000 - 0x00007fffe7eab000 	C:\WINDOWS\SYSTEM32\POWRPROF.dll
0x00007fffdc100000 - 0x00007fffdc109000 	C:\WINDOWS\SYSTEM32\WSOCK32.dll
0x00007fffeafb0000 - 0x00007fffeb01b000 	C:\WINDOWS\System32\WS2_32.dll
0x00007fffdd870000 - 0x00007fffdd897000 	C:\WINDOWS\SYSTEM32\WINMM.dll
0x00007fffdb930000 - 0x00007fffdb93a000 	C:\WINDOWS\SYSTEM32\VERSION.dll
0x00007fffe7cd0000 - 0x00007fffe7ce2000 	C:\WINDOWS\SYSTEM32\UMPDC.dll
0x00007fffe67e0000 - 0x00007fffe67f3000 	C:\WINDOWS\SYSTEM32\kernel.appcore.dll
0x00007fffdc0c0000 - 0x00007fffdc0ca000 	c:\Users\HP\.vscode\extensions\redhat.java-1.25.0-win32-x64\jre\17.0.9-win32-x86_64\bin\jimage.dll
0x00007fffdb740000 - 0x00007fffdb924000 	C:\WINDOWS\SYSTEM32\DBGHELP.DLL
0x00007fffdb6b0000 - 0x00007fffdb6dc000 	C:\WINDOWS\SYSTEM32\dbgcore.DLL
0x00007fffe8d80000 - 0x00007fffe8dff000 	C:\WINDOWS\System32\bcryptPrimitives.dll
0x00007fffd1200000 - 0x00007fffd120e000 	c:\Users\HP\.vscode\extensions\redhat.java-1.25.0-win32-x64\jre\17.0.9-win32-x86_64\bin\instrument.dll
0x00007fffbe090000 - 0x00007fffbe0b5000 	c:\Users\HP\.vscode\extensions\redhat.java-1.25.0-win32-x64\jre\17.0.9-win32-x86_64\bin\java.dll
0x00007fffbdf90000 - 0x00007fffbdfa8000 	c:\Users\HP\.vscode\extensions\redhat.java-1.25.0-win32-x64\jre\17.0.9-win32-x86_64\bin\zip.dll
0x00007fffe9d80000 - 0x00007fffea4b1000 	C:\WINDOWS\System32\SHELL32.dll
0x00007fffe69e0000 - 0x00007fffe716a000 	C:\WINDOWS\SYSTEM32\windows.storage.dll
0x00007fffeac50000 - 0x00007fffeafa4000 	C:\WINDOWS\System32\combase.dll
0x00007fffe82d0000 - 0x00007fffe82fb000 	C:\WINDOWS\SYSTEM32\Wldp.dll
0x00007fffeb020000 - 0x00007fffeb0ce000 	C:\WINDOWS\System32\SHCORE.dll
0x00007fffe96f0000 - 0x00007fffe9745000 	C:\WINDOWS\System32\shlwapi.dll
0x00007fffe8790000 - 0x00007fffe87af000 	C:\WINDOWS\SYSTEM32\profapi.dll
0x00007fffbdab0000 - 0x00007fffbdac9000 	C:\Users\HP\.vscode\extensions\redhat.java-1.25.0-win32-x64\jre\17.0.9-win32-x86_64\bin\net.dll
0x00007fffdd430000 - 0x00007fffdd532000 	C:\WINDOWS\SYSTEM32\WINHTTP.dll
0x00007fffe8050000 - 0x00007fffe80ba000 	C:\WINDOWS\system32\mswsock.dll
0x00007fffbd2d0000 - 0x00007fffbd2e6000 	C:\Users\HP\.vscode\extensions\redhat.java-1.25.0-win32-x64\jre\17.0.9-win32-x86_64\bin\nio.dll
0x00007fffc7330000 - 0x00007fffc7340000 	c:\Users\HP\.vscode\extensions\redhat.java-1.25.0-win32-x64\jre\17.0.9-win32-x86_64\bin\verify.dll
0x00007fffd9e40000 - 0x00007fffd9e7e000 	C:\Users\HP\AppData\Roaming\Code\User\globalStorage\redhat.java\1.25.0\config_ss_win\org.eclipse.equinox.launcher\org.eclipse.equinox.launcher.win32.win32.x86_64_1.2.800.v20231003-1442\eclipse_11802.dll
0x00007fffea4d0000 - 0x00007fffea5fb000 	C:\WINDOWS\System32\ole32.dll
0x00007fffe8220000 - 0x00007fffe8238000 	C:\WINDOWS\SYSTEM32\CRYPTSP.dll
0x00007fffe7970000 - 0x00007fffe79a4000 	C:\WINDOWS\system32\rsaenh.dll
0x00007fffe8cb0000 - 0x00007fffe8cd7000 	C:\WINDOWS\System32\bcrypt.dll
0x00007fffe8710000 - 0x00007fffe873e000 	C:\WINDOWS\SYSTEM32\USERENV.dll
0x00007fffe8240000 - 0x00007fffe824c000 	C:\WINDOWS\SYSTEM32\CRYPTBASE.dll
0x00007fffe7cf0000 - 0x00007fffe7d2b000 	C:\WINDOWS\SYSTEM32\IPHLPAPI.DLL
0x00007fffea4c0000 - 0x00007fffea4c9000 	C:\WINDOWS\System32\NSI.dll
0x00007fffdd930000 - 0x00007fffdd947000 	C:\WINDOWS\SYSTEM32\dhcpcsvc6.DLL
0x00007fffdf500000 - 0x00007fffdf51d000 	C:\WINDOWS\SYSTEM32\dhcpcsvc.DLL
0x00007fffe7d30000 - 0x00007fffe7dfa000 	C:\WINDOWS\SYSTEM32\DNSAPI.dll
0x00007fffd4a20000 - 0x00007fffd4a65000 	C:\Users\HP\AppData\Local\Temp\jna-2312\jna14054447974160318137.dll
0x00007fffe9d50000 - 0x00007fffe9d58000 	C:\WINDOWS\System32\PSAPI.DLL

dbghelp: loaded successfully - version: 4.0.5 - missing functions: none
symbol engine: initialized successfully - sym options: 0x614 - pdb path: .;c:\Users\HP\.vscode\extensions\redhat.java-1.25.0-win32-x64\jre\17.0.9-win32-x86_64\bin;C:\WINDOWS\SYSTEM32;C:\WINDOWS\WinSxS\amd64_microsoft.windows.common-controls_6595b64144ccf1df_6.0.19041.1_none_b555e41d4684ddec;c:\Users\HP\.vscode\extensions\redhat.java-1.25.0-win32-x64\jre\17.0.9-win32-x86_64\bin\server;C:\Users\HP\AppData\Roaming\Code\User\globalStorage\redhat.java\1.25.0\config_ss_win\org.eclipse.equinox.launcher\org.eclipse.equinox.launcher.win32.win32.x86_64_1.2.800.v20231003-1442;C:\Users\HP\AppData\Local\Temp\jna-2312

VM Arguments:
jvm_args: --add-modules=ALL-SYSTEM --add-opens=java.base/java.util=ALL-UNNAMED --add-opens=java.base/java.lang=ALL-UNNAMED --add-opens=java.base/sun.nio.fs=ALL-UNNAMED -Declipse.application=org.eclipse.jdt.ls.core.id1 -Dosgi.bundles.defaultStartLevel=4 -Declipse.product=org.eclipse.jdt.ls.core.product -Djava.import.generatesMetadataFilesAtProjectRoot=false -DDetectVMInstallationsJob.disabled=true -Dfile.encoding=utf8 -XX:+UseParallelGC -XX:GCTimeRatio=4 -XX:AdaptiveSizePolicyWeight=90 -Dsun.zip.disableMemoryMapping=true -Xmx1G -Xms100m -Xlog:disable -javaagent:c:\Users\HP\.vscode\extensions\redhat.java-1.25.0-win32-x64\lombok\lombok-1.18.30.jar 
java_command: c:\Users\HP\.vscode\extensions\redhat.java-1.25.0-win32-x64\server\plugins\org.eclipse.equinox.launcher_1.6.600.v20231012-1237.jar -configuration c:\Users\HP\AppData\Roaming\Code\User\globalStorage\redhat.java\1.25.0\config_ss_win -data c:\Users\HP\AppData\Roaming\Code\User\workspaceStorage\7145003809ee5229b52fc69e90d06eaa\redhat.java\ss_ws --stdio
java_class_path (initial): c:\Users\HP\.vscode\extensions\redhat.java-1.25.0-win32-x64\server\plugins\org.eclipse.equinox.launcher_1.6.600.v20231012-1237.jar
Launcher Type: SUN_STANDARD

[Global flags]
    uintx AdaptiveSizePolicyWeight                 = 90                                        {product} {command line}
     intx CICompilerCount                          = 3                                         {product} {ergonomic}
    uintx GCTimeRatio                              = 4                                         {product} {command line}
   size_t InitialHeapSize                          = 104857600                                 {product} {command line}
   size_t MaxHeapSize                              = 1073741824                                {product} {command line}
   size_t MaxNewSize                               = 357564416                                 {product} {ergonomic}
   size_t MinHeapDeltaBytes                        = 524288                                    {product} {ergonomic}
   size_t MinHeapSize                              = 104857600                                 {product} {command line}
   size_t NewSize                                  = 34603008                                  {product} {ergonomic}
    uintx NonNMethodCodeHeapSize                   = 5832780                                {pd product} {ergonomic}
    uintx NonProfiledCodeHeapSize                  = 122912730                              {pd product} {ergonomic}
   size_t OldSize                                  = 70254592                                  {product} {ergonomic}
    uintx ProfiledCodeHeapSize                     = 122912730                              {pd product} {ergonomic}
    uintx ReservedCodeCacheSize                    = 251658240                              {pd product} {ergonomic}
     bool SegmentedCodeCache                       = true                                      {product} {ergonomic}
   size_t SoftMaxHeapSize                          = 1073741824                             {manageable} {ergonomic}
     bool UseCompressedClassPointers               = true                           {product lp64_product} {ergonomic}
     bool UseCompressedOops                        = true                           {product lp64_product} {ergonomic}
     bool UseLargePagesIndividualAllocation        = false                                  {pd product} {ergonomic}
     bool UseParallelGC                            = true                                      {product} {command line}

Logging:
Log output configuration:
 #0: stdout all=off uptime,level,tags
 #1: stderr all=off uptime,level,tags

Environment Variables:
JAVA_HOME=C:\Program Files\Java\jdk1.8.0_45
CLASSPATH=%CLASSPATH%;%JUNIT_HOME%\junit-4.13.2.jar;hamcrest-core-1.3.jar;;E:\kiemthunangcao\junit\junit-4.13.2.jar;hamcrest-core-1.3.jar;;E:\kiemthunangcao\junit\junit-4.13.2.jar;hamcrest-core-1.3.jar;
PATH=C:\ProgramData\Oracle\Java\javapath;C:\Program Files (x86)\Common Files\Oracle\Java\javapath;C:\WINDOWS\system32;C:\WINDOWS;C:\WINDOWS\System32\Wbem;C:\WINDOWS\System32\WindowsPowerShell\v1.0\;C:\Users\HP\Downloads\winlibs-x86_64-posix-seh-gcc-11.2.0-llvm-12.0.1-mingw-w64-9.0.0-r1\mingw64\bin;C:\WINDOWS\System32\OpenSSH\;C:\Program Files\Broadcom\Broadcom 802.11\Driver;C:\Program Files\Azure Data Studio\bin;C:\Program Files\Java\jdk1.8.0_45;C:\Program Files\Java\jdbc\sqljdbc42.jar;d:\Program Files(x86)\100\Tools\Binn\;d:\Program Files\100\Tools\Binn\;d:\Program Files\100\DTS\Binn\;C:\Program Files (x86)\Microsoft SQL Server\100\Tools\Binn\;C:\Program Files (x86)\Microsoft SQL Server\100\Tools\Binn\VSShell\Common7\IDE\;C:\Program Files (x86)\Microsoft SQL Server\100\DTS\Binn\;C:\Program Files (x86)\Microsoft SQL Server\110\Tools\Binn\;C:\Program Files (x86)\Microsoft SQL Server\110\DTS\Binn\;C:\Program Files (x86)\Microsoft SQL Server\160\Tools\Binn\;C:\Program Files\Microsoft SQL Server\160\Tools\Binn\;C:\Program Files\Microsoft SQL Server\Client SDK\ODBC\170\Tools\Binn\;C:\Program Files\Microsoft SQL Server\160\DTS\Binn\;C:\Program Files (x86)\Microsoft SQL Server\160\DTS\Binn\;C:\Program Files\Java\jdk1.8.0_45\bin;E:\vs\Git\cmd;C:\Users\HP\AppData\Local\Microsoft\WindowsApps;C:\Users\HP\Downloads\winlibs-x86_64-posix-seh-gcc-11.2.0-llvm-12.0.1-mingw-w64-9.0.0-r1\mingw64\bin;;C:\Program Files\Azure Data Studio\bin;E:\vs\Microsoft VS Code\bin
USERNAME=HP
OS=Windows_NT
PROCESSOR_IDENTIFIER=Intel64 Family 6 Model 58 Stepping 9, GenuineIntel
TMP=C:\Users\HP\AppData\Local\Temp
TEMP=D:\



Periodic native trim disabled


---------------  S Y S T E M  ---------------

OS:
 Windows 10 , 64 bit Build 19041 (10.0.19041.1)
OS uptime: 0 days 0:59 hours

CPU: total 4 (initial active 4) (2 cores per cpu, 2 threads per core) family 6 model 58 stepping 9 microcode 0x21, cx8, cmov, fxsr, ht, mmx, sse, sse2, sse3, ssse3, sse4.1, sse4.2, popcnt, tsc, tscinvbit, avx, aes, erms, clmul, vzeroupper, clflush
Processor Information for all 4 processors :
  Max Mhz: 2401, Current Mhz: 2401, Mhz Limit: 2401

Memory: 4k page, system-wide physical 3959M (444M free)
TotalPageFile size 5857M (AvailPageFile size 5M)
current process WorkingSet (physical memory assigned to process): 198M, peak: 199M
current process commit charge ("private bytes"): 281M, peak: 282M

vm_info: OpenJDK 64-Bit Server VM (17.0.9+9) for windows-amd64 JRE (17.0.9+9), built on Oct 26 2023 14:01:42 by "admin" with MS VC++ 16.10 / 16.11 (VS2019)

END.
