#
# There is insufficient memory for the Java Runtime Environment to continue.
# Native memory allocation (malloc) failed to allocate 277136 bytes for Chunk::new
# Possible reasons:
#   The system is out of physical RAM or swap space
#   The process is running with CompressedOops enabled, and the Java Heap may be blocking the growth of the native heap
# Possible solutions:
#   Reduce memory load on the system
#   Increase physical memory or swap space
#   Check if swap backing store is full
#   Decrease Java heap size (-Xmx/-Xms)
#   Decrease number of Java threads
#   Decrease Java thread stack sizes (-Xss)
#   Set larger code cache with -XX:ReservedCodeCacheSize=
#   JVM is running with Unscaled Compressed Oops mode in which the Java heap is
#     placed in the first 4GB address space. The Java Heap base address is the
#     maximum limit for the native heap growth. Please use -XX:HeapBaseMinAddress
#     to set the Java Heap base and to place the Java Heap above 4GB virtual address.
# This output file may be truncated or incomplete.
#
#  Out of Memory Error (arena.cpp:191), pid=1324, tid=2312
#
# JRE version: OpenJDK Runtime Environment Temurin-17.0.9+9 (17.0.9+9) (build 17.0.9+9)
# Java VM: OpenJDK 64-Bit Server VM Temurin-17.0.9+9 (17.0.9+9, mixed mode, tiered, compressed oops, compressed class ptrs, parallel gc, windows-amd64)
# No core dump will be written. Minidumps are not enabled by default on client versions of Windows
#

---------------  S U M M A R Y ------------

Command Line: --add-modules=ALL-SYSTEM --add-opens=java.base/java.util=ALL-UNNAMED --add-opens=java.base/java.lang=ALL-UNNAMED --add-opens=java.base/sun.nio.fs=ALL-UNNAMED -Declipse.application=org.eclipse.jdt.ls.core.id1 -Dosgi.bundles.defaultStartLevel=4 -Declipse.product=org.eclipse.jdt.ls.core.product -Djava.import.generatesMetadataFilesAtProjectRoot=false -DDetectVMInstallationsJob.disabled=true -Dfile.encoding=utf8 -XX:+UseParallelGC -XX:GCTimeRatio=4 -XX:AdaptiveSizePolicyWeight=90 -Dsun.zip.disableMemoryMapping=true -Xmx1G -Xms100m -Xlog:disable -javaagent:c:\Users\HP\.vscode\extensions\redhat.java-1.25.0-win32-x64\lombok\lombok-1.18.30.jar -XX:+HeapDumpOnOutOfMemoryError -XX:HeapDumpPath=c:\Users\HP\AppData\Roaming\Code\User\workspaceStorage\7145003809ee5229b52fc69e90d06eaa\redhat.java -Daether.dependencyCollector.impl=bf c:\Users\HP\.vscode\extensions\redhat.java-1.25.0-win32-x64\server\plugins\org.eclipse.equinox.launcher_1.6.600.v20231012-1237.jar -configuration c:\Users\HP\AppData\Roaming\Code\User\globalStorage\redhat.java\1.25.0\config_win -data c:\Users\HP\AppData\Roaming\Code\User\workspaceStorage\7145003809ee5229b52fc69e90d06eaa\redhat.java\jdt_ws --stdio

Host: Intel(R) Core(TM) i5-3437U CPU @ 1.90GHz, 4 cores, 3G,  Windows 10 , 64 bit Build 19041 (10.0.19041.1)
Time: Sat Dec  2 03:28:39 2023 SE Asia Standard Time elapsed time: 4.206866 seconds (0d 0h 0m 4s)

---------------  T H R E A D  ---------------

Current thread (0x000002494785a2c0):  JavaThread "C2 CompilerThread0" daemon [_thread_in_native, id=2312, stack(0x0000008a23200000,0x0000008a23300000)]


Current CompileTask:
C2:   4206 1372   !   4       lombok.patcher.ScriptManager$OurClassFileTransformer::transform (364 bytes)

Stack: [0x0000008a23200000,0x0000008a23300000]
Native frames: (J=compiled Java code, j=interpreted, Vv=VM code, C=native code)
V  [jvm.dll+0x67cf49]
V  [jvm.dll+0x83478a]
V  [jvm.dll+0x83624e]
V  [jvm.dll+0x8368b3]
V  [jvm.dll+0x247f1f]
V  [jvm.dll+0xac43c]
V  [jvm.dll+0xaca8c]
V  [jvm.dll+0x367012]
V  [jvm.dll+0x3313ba]
V  [jvm.dll+0x33085a]
V  [jvm.dll+0x21a5b1]
V  [jvm.dll+0x2199d1]
V  [jvm.dll+0x1a57cd]
V  [jvm.dll+0x2297ae]
V  [jvm.dll+0x22797c]
V  [jvm.dll+0x7e9877]
V  [jvm.dll+0x7e3c3a]
V  [jvm.dll+0x67be35]
C  [ucrtbase.dll+0x21542]
C  [KERNEL32.DLL+0x16fd4]
C  [ntdll.dll+0x4cf31]


---------------  P R O C E S S  ---------------

Threads class SMR info:
_java_thread_list=0x000002494d5a6280, length=13, elements={
0x0000024931a9b070, 0x0000024931b5cd10, 0x000002494782e8d0, 0x0000024947854150,
0x0000024947854ee0, 0x0000024947855c70, 0x00000249478596c0, 0x000002494785a2c0,
0x000002494c9eefa0, 0x000002494c9f4080, 0x0000024931afd210, 0x000002494cce55f0,
0x000002494d4cd300
}

Java Threads: ( => current thread )
  0x0000024931a9b070 JavaThread "main" [_thread_in_vm, id=1560, stack(0x0000008a22900000,0x0000008a22a00000)]
  0x0000024931b5cd10 JavaThread "Reference Handler" daemon [_thread_blocked, id=12256, stack(0x0000008a22c00000,0x0000008a22d00000)]
  0x000002494782e8d0 JavaThread "Finalizer" daemon [_thread_blocked, id=3624, stack(0x0000008a22d00000,0x0000008a22e00000)]
  0x0000024947854150 JavaThread "Signal Dispatcher" daemon [_thread_blocked, id=1712, stack(0x0000008a22e00000,0x0000008a22f00000)]
  0x0000024947854ee0 JavaThread "Attach Listener" daemon [_thread_blocked, id=7904, stack(0x0000008a22f00000,0x0000008a23000000)]
  0x0000024947855c70 JavaThread "Service Thread" daemon [_thread_blocked, id=5464, stack(0x0000008a23000000,0x0000008a23100000)]
  0x00000249478596c0 JavaThread "Monitor Deflation Thread" daemon [_thread_blocked, id=804, stack(0x0000008a23100000,0x0000008a23200000)]
=>0x000002494785a2c0 JavaThread "C2 CompilerThread0" daemon [_thread_in_native, id=2312, stack(0x0000008a23200000,0x0000008a23300000)]
  0x000002494c9eefa0 JavaThread "C1 CompilerThread0" daemon [_thread_blocked, id=1656, stack(0x0000008a23300000,0x0000008a23400000)]
  0x000002494c9f4080 JavaThread "Sweeper thread" daemon [_thread_blocked, id=2876, stack(0x0000008a23400000,0x0000008a23500000)]
  0x0000024931afd210 JavaThread "Common-Cleaner" daemon [_thread_blocked, id=1256, stack(0x0000008a23500000,0x0000008a23600000)]
  0x000002494cce55f0 JavaThread "Notification Thread" daemon [_thread_blocked, id=6984, stack(0x0000008a23600000,0x0000008a23700000)]
  0x000002494d4cd300 JavaThread "Active Thread: Equinox Container: 5b63584f-7259-4f39-8b34-243f22208e84" [_thread_blocked, id=2400, stack(0x0000008a23b00000,0x0000008a23c00000)]

Other Threads:
  0x000002494781c550 VMThread "VM Thread" [stack: 0x0000008a22b00000,0x0000008a22c00000] [id=3568]
  0x000002494ccfbd30 WatcherThread [stack: 0x0000008a23700000,0x0000008a23800000] [id=4196]
  0x0000024931ab0bd0 GCTaskThread "GC Thread#0" [stack: 0x0000008a22a00000,0x0000008a22b00000] [id=11920]
  0x000002494d3e3fb0 GCTaskThread "GC Thread#1" [stack: 0x0000008a23800000,0x0000008a23900000] [id=7080]
  0x000002494d0a4030 GCTaskThread "GC Thread#2" [stack: 0x0000008a23900000,0x0000008a23a00000] [id=6704]
  0x000002494d0a42f0 GCTaskThread "GC Thread#3" [stack: 0x0000008a23a00000,0x0000008a23b00000] [id=2716]

Threads with active compile tasks:
C2 CompilerThread0     4232 1372   !   4       lombok.patcher.ScriptManager$OurClassFileTransformer::transform (364 bytes)

VM state: not at safepoint (normal execution)

VM Mutex/Monitor currently owned by a thread:  ([mutex/lock_event])
[0x0000024931a95880] Metaspace_lock - owner thread: 0x0000024931a9b070

Heap address: 0x00000000c0000000, size: 1024 MB, Compressed Oops mode: 32-bit

CDS archive(s) not mapped
Compressed class space mapped at: 0x0000000100000000-0x0000000140000000, reserved size: 1073741824
Narrow klass base: 0x0000000000000000, Narrow klass shift: 3, Narrow klass range: 0x140000000

GC Precious Log:
 CPUs: 4 total, 4 available
 Memory: 3959M
 Large Page Support: Disabled
 NUMA Support: Disabled
 Compressed Oops: Enabled (32-bit)
 Alignments: Space 512K, Generation 512K, Heap 2M
 Heap Min Capacity: 100M
 Heap Initial Capacity: 100M
 Heap Max Capacity: 1G
 Pre-touch: Disabled
 Parallel Workers: 4

Heap:
 PSYoungGen      total 29696K, used 18482K [0x00000000eab00000, 0x00000000ecc00000, 0x0000000100000000)
  eden space 25600K, 59% used [0x00000000eab00000,0x00000000eb9f7c38,0x00000000ec400000)
  from space 4096K, 77% used [0x00000000ec400000,0x00000000ec714c18,0x00000000ec800000)
  to   space 4096K, 0% used [0x00000000ec800000,0x00000000ec800000,0x00000000ecc00000)
 ParOldGen       total 68608K, used 0K [0x00000000c0000000, 0x00000000c4300000, 0x00000000eab00000)
  object space 68608K, 0% used [0x00000000c0000000,0x00000000c0000000,0x00000000c4300000)
 Metaspace       used 13124K, committed 13312K, reserved 1114112K
  class space    used 1289K, committed 1408K, reserved 1048576K

Card table byte_map: [0x0000024945100000,0x0000024945310000] _byte_map_base: 0x0000024944b00000

Marking Bits: (ParMarkBitMap*) 0x00007fff98f0d0b0
 Begin Bits: [0x0000024945470000, 0x0000024946470000)
 End Bits:   [0x0000024946470000, 0x0000024947470000)

Polling page: 0x0000024931b60000

Metaspace:

Usage:
  Non-class:     11.56 MB used.
      Class:      1.26 MB used.
       Both:     12.82 MB used.

Virtual space:
  Non-class space:       64.00 MB reserved,      11.62 MB ( 18%) committed,  1 nodes.
      Class space:        1.00 GB reserved,       1.38 MB ( <1%) committed,  1 nodes.
             Both:        1.06 GB reserved,      13.00 MB (  1%) committed. 

Chunk freelists:
   Non-Class:  3.81 MB
       Class:  14.55 MB
        Both:  18.36 MB

MaxMetaspaceSize: unlimited
CompressedClassSpaceSize: 1.00 GB
Initial GC threshold: 21.00 MB
Current GC threshold: 21.00 MB
CDS: off
MetaspaceReclaimPolicy: balanced
 - commit_granule_bytes: 65536.
 - commit_granule_words: 8192.
 - virtual_space_node_default_size: 8388608.
 - enlarge_chunks_in_place: 1.
 - new_chunks_are_fully_committed: 0.
 - uncommit_free_chunks: 1.
 - use_allocation_guard: 0.
 - handle_deallocations: 1.


Internal statistics:

num_allocs_failed_limit: 0.
num_arena_births: 42.
num_arena_deaths: 0.
num_vsnodes_births: 2.
num_vsnodes_deaths: 0.
num_space_committed: 208.
num_space_uncommitted: 0.
num_chunks_returned_to_freelist: 0.
num_chunks_taken_from_freelist: 182.
num_chunk_merges: 0.
num_chunk_splits: 124.
num_chunks_enlarged: 100.
num_inconsistent_stats: 0.

CodeHeap 'non-profiled nmethods': size=120000Kb used=563Kb max_used=563Kb free=119436Kb
 bounds [0x000002493d9f0000, 0x000002493dc60000, 0x0000024944f20000]
CodeHeap 'profiled nmethods': size=120000Kb used=2462Kb max_used=2462Kb free=117537Kb
 bounds [0x0000024935f20000, 0x0000024936190000, 0x000002493d450000]
CodeHeap 'non-nmethods': size=5760Kb used=1148Kb max_used=1166Kb free=4611Kb
 bounds [0x000002493d450000, 0x000002493d6c0000, 0x000002493d9f0000]
 total_blobs=1827 nmethods=1383 adapters=359
 compilation: enabled
              stopped_count=0, restarted_count=0
 full_count=0

Compilation events (20 events):
Event: 4.149 Thread 0x000002494c9eefa0 nmethod 1371 0x0000024936182990 code [0x0000024936182bc0, 0x00000249361834a8]
Event: 4.158 Thread 0x000002494785a2c0 1372   !   4       lombok.patcher.ScriptManager$OurClassFileTransformer::transform (364 bytes)
Event: 4.164 Thread 0x000002494c9eefa0 1373   !   3       java.util.zip.ZipFile$CleanableResource::getInflater (47 bytes)
Event: 4.164 Thread 0x000002494c9eefa0 nmethod 1373 0x0000024936183910 code [0x0000024936183ae0, 0x0000024936183fb8]
Event: 4.164 Thread 0x000002494c9eefa0 1374       3       java.util.zip.ZipFile$ZipFileInflaterInputStream::<init> (41 bytes)
Event: 4.165 Thread 0x000002494c9eefa0 nmethod 1374 0x0000024936184210 code [0x00000249361843e0, 0x0000024936184778]
Event: 4.165 Thread 0x000002494c9eefa0 1375       3       java.util.zip.InflaterInputStream::<init> (79 bytes)
Event: 4.165 Thread 0x000002494c9eefa0 nmethod 1375 0x0000024936184910 code [0x0000024936184b00, 0x0000024936185198]
Event: 4.165 Thread 0x000002494c9eefa0 1376       3       java.util.zip.ZipFile$InflaterCleanupAction::<init> (15 bytes)
Event: 4.166 Thread 0x000002494c9eefa0 nmethod 1376 0x0000024936185390 code [0x0000024936185520, 0x00000249361856b8]
Event: 4.166 Thread 0x000002494c9eefa0 1377       3       java.util.zip.ZipFile$InflaterCleanupAction::run (12 bytes)
Event: 4.166 Thread 0x000002494c9eefa0 nmethod 1377 0x0000024936185790 code [0x0000024936185940, 0x0000024936185aa8]
Event: 4.166 Thread 0x000002494c9eefa0 1378   !   3       java.util.zip.ZipFile$CleanableResource::releaseInflater (53 bytes)
Event: 4.166 Thread 0x000002494c9eefa0 nmethod 1378 0x0000024936185b90 code [0x0000024936185d80, 0x00000249361861c8]
Event: 4.167 Thread 0x000002494c9eefa0 1379       1       lombok.patcher.ScriptManager::access$0 (5 bytes)
Event: 4.167 Thread 0x000002494c9eefa0 nmethod 1379 0x000002493da7c310 code [0x000002493da7c4a0, 0x000002493da7c558]
Event: 4.167 Thread 0x000002494c9eefa0 1380       1       lombok.patcher.ScriptManager::access$2 (5 bytes)
Event: 4.167 Thread 0x000002494c9eefa0 nmethod 1380 0x000002493da7c610 code [0x000002493da7c7a0, 0x000002493da7c858]
Event: 4.167 Thread 0x000002494c9eefa0 1381       1       lombok.patcher.ScriptManager::access$1 (5 bytes)
Event: 4.167 Thread 0x000002494c9eefa0 nmethod 1381 0x000002493da7c910 code [0x000002493da7caa0, 0x000002493da7cb58]

GC Heap History (2 events):
Event: 2.551 GC heap before
{Heap before GC invocations=1 (full 0):
 PSYoungGen      total 29696K, used 25600K [0x00000000eab00000, 0x00000000ecc00000, 0x0000000100000000)
  eden space 25600K, 100% used [0x00000000eab00000,0x00000000ec400000,0x00000000ec400000)
  from space 4096K, 0% used [0x00000000ec800000,0x00000000ec800000,0x00000000ecc00000)
  to   space 4096K, 0% used [0x00000000ec400000,0x00000000ec400000,0x00000000ec800000)
 ParOldGen       total 68608K, used 0K [0x00000000c0000000, 0x00000000c4300000, 0x00000000eab00000)
  object space 68608K, 0% used [0x00000000c0000000,0x00000000c0000000,0x00000000c4300000)
 Metaspace       used 11026K, committed 11200K, reserved 1114112K
  class space    used 1099K, committed 1216K, reserved 1048576K
}
Event: 2.612 GC heap after
{Heap after GC invocations=1 (full 0):
 PSYoungGen      total 29696K, used 3155K [0x00000000eab00000, 0x00000000ecc00000, 0x0000000100000000)
  eden space 25600K, 0% used [0x00000000eab00000,0x00000000eab00000,0x00000000ec400000)
  from space 4096K, 77% used [0x00000000ec400000,0x00000000ec714c18,0x00000000ec800000)
  to   space 4096K, 0% used [0x00000000ec800000,0x00000000ec800000,0x00000000ecc00000)
 ParOldGen       total 68608K, used 0K [0x00000000c0000000, 0x00000000c4300000, 0x00000000eab00000)
  object space 68608K, 0% used [0x00000000c0000000,0x00000000c0000000,0x00000000c4300000)
 Metaspace       used 11026K, committed 11200K, reserved 1114112K
  class space    used 1099K, committed 1216K, reserved 1048576K
}

Dll operation events (8 events):
Event: 0.018 Loaded shared library c:\Users\HP\.vscode\extensions\redhat.java-1.25.0-win32-x64\jre\17.0.9-win32-x86_64\bin\java.dll
Event: 0.346 Loaded shared library c:\Users\HP\.vscode\extensions\redhat.java-1.25.0-win32-x64\jre\17.0.9-win32-x86_64\bin\zip.dll
Event: 0.359 Loaded shared library C:\Users\HP\.vscode\extensions\redhat.java-1.25.0-win32-x64\jre\17.0.9-win32-x86_64\bin\instrument.dll
Event: 0.382 Loaded shared library C:\Users\HP\.vscode\extensions\redhat.java-1.25.0-win32-x64\jre\17.0.9-win32-x86_64\bin\net.dll
Event: 0.385 Loaded shared library C:\Users\HP\.vscode\extensions\redhat.java-1.25.0-win32-x64\jre\17.0.9-win32-x86_64\bin\nio.dll
Event: 0.408 Loaded shared library C:\Users\HP\.vscode\extensions\redhat.java-1.25.0-win32-x64\jre\17.0.9-win32-x86_64\bin\zip.dll
Event: 0.459 Loaded shared library C:\Users\HP\.vscode\extensions\redhat.java-1.25.0-win32-x64\jre\17.0.9-win32-x86_64\bin\jimage.dll
Event: 0.590 Loaded shared library c:\Users\HP\.vscode\extensions\redhat.java-1.25.0-win32-x64\jre\17.0.9-win32-x86_64\bin\verify.dll

Deoptimization events (20 events):
Event: 3.026 Thread 0x0000024931a9b070 Uncommon trap: trap_request=0xffffff45 fr.pc=0x000002493da29f0c relative=0x0000000000000fcc
Event: 3.026 Thread 0x0000024931a9b070 Uncommon trap: reason=unstable_if action=reinterpret pc=0x000002493da29f0c method=lombok.patcher.PatchScript.classMatches(Ljava/lang/String;Ljava/util/Collection;)Z @ 25 c2
Event: 3.026 Thread 0x0000024931a9b070 DEOPT PACKING pc=0x000002493da29f0c sp=0x0000008a229f8310
Event: 3.026 Thread 0x0000024931a9b070 DEOPT UNPACKING pc=0x000002493d4a66a3 sp=0x0000008a229f8278 mode 2
Event: 3.069 Thread 0x0000024931a9b070 DEOPT PACKING pc=0x0000024935f94dc5 sp=0x0000008a229f3b90
Event: 3.069 Thread 0x0000024931a9b070 DEOPT UNPACKING pc=0x000002493d4a6e43 sp=0x0000008a229f3040 mode 0
Event: 3.081 Thread 0x0000024931a9b070 DEOPT PACKING pc=0x0000024935f94dc5 sp=0x0000008a229f3b90
Event: 3.081 Thread 0x0000024931a9b070 DEOPT UNPACKING pc=0x000002493d4a6e43 sp=0x0000008a229f3040 mode 0
Event: 3.088 Thread 0x0000024931a9b070 DEOPT PACKING pc=0x0000024935f94dc5 sp=0x0000008a229f3b90
Event: 3.088 Thread 0x0000024931a9b070 DEOPT UNPACKING pc=0x000002493d4a6e43 sp=0x0000008a229f3040 mode 0
Event: 3.147 Thread 0x0000024931a9b070 DEOPT PACKING pc=0x0000024935f94dc5 sp=0x0000008a229f3b90
Event: 3.147 Thread 0x0000024931a9b070 DEOPT UNPACKING pc=0x000002493d4a6e43 sp=0x0000008a229f3040 mode 0
Event: 3.288 Thread 0x0000024931a9b070 Uncommon trap: trap_request=0xffffffc6 fr.pc=0x000002493da1b328 relative=0x0000000000000288
Event: 3.289 Thread 0x0000024931a9b070 Uncommon trap: reason=bimorphic_or_optimized_type_check action=maybe_recompile pc=0x000002493da1b328 method=java.util.Collections$UnmodifiableCollection$1.next()Ljava/lang/Object; @ 4 c2
Event: 3.289 Thread 0x0000024931a9b070 DEOPT PACKING pc=0x000002493da1b328 sp=0x0000008a229f7db0
Event: 3.289 Thread 0x0000024931a9b070 DEOPT UNPACKING pc=0x000002493d4a66a3 sp=0x0000008a229f7d60 mode 2
Event: 3.289 Thread 0x0000024931a9b070 Uncommon trap: trap_request=0xffffffc6 fr.pc=0x000002493da1b328 relative=0x0000000000000288
Event: 3.289 Thread 0x0000024931a9b070 Uncommon trap: reason=bimorphic_or_optimized_type_check action=maybe_recompile pc=0x000002493da1b328 method=java.util.Collections$UnmodifiableCollection$1.next()Ljava/lang/Object; @ 4 c2
Event: 3.289 Thread 0x0000024931a9b070 DEOPT PACKING pc=0x000002493da1b328 sp=0x0000008a229f7db0
Event: 3.289 Thread 0x0000024931a9b070 DEOPT UNPACKING pc=0x000002493d4a66a3 sp=0x0000008a229f7d60 mode 2

Classes unloaded (0 events):
No events

Classes redefined (0 events):
No events

Internal exceptions (20 events):
Event: 1.267 Thread 0x0000024931a9b070 Exception <a 'java/io/FileNotFoundException'{0x00000000eb85e3e0}> (0x00000000eb85e3e0) 
thrown [s\src\hotspot\share\prims\jni.cpp, line 516]
Event: 1.267 Thread 0x0000024931a9b070 Exception <a 'java/io/FileNotFoundException'{0x00000000eb85f088}> (0x00000000eb85f088) 
thrown [s\src\hotspot\share\prims\jni.cpp, line 516]
Event: 1.275 Thread 0x0000024931a9b070 Implicit null exception at 0x000002493da14e72 to 0x000002493da15364
Event: 1.275 Thread 0x0000024931a9b070 Implicit null exception at 0x000002493da142f2 to 0x000002493da147fc
Event: 1.280 Thread 0x0000024931a9b070 Exception <a 'java/io/FileNotFoundException'{0x00000000eb897ec8}> (0x00000000eb897ec8) 
thrown [s\src\hotspot\share\prims\jni.cpp, line 516]
Event: 2.071 Thread 0x0000024931a9b070 Exception <a 'java/lang/ClassNotFoundException'{0x00000000ec09b700}: sun/net/www/protocol/c/Handler> (0x00000000ec09b700) 
thrown [s\src\hotspot\share\classfile\systemDictionary.cpp, line 256]
Event: 2.072 Thread 0x0000024931a9b070 Exception <a 'java/lang/ClassNotFoundException'{0x00000000ec09ca50}: sun/net/www/protocol/e/Handler> (0x00000000ec09ca50) 
thrown [s\src\hotspot\share\classfile\systemDictionary.cpp, line 256]
Event: 2.072 Thread 0x0000024931a9b070 Exception <a 'java/lang/ClassNotFoundException'{0x00000000ec09dbf0}: sun/net/www/protocol/c/Handler> (0x00000000ec09dbf0) 
thrown [s\src\hotspot\share\classfile\systemDictionary.cpp, line 256]
Event: 2.118 Thread 0x0000024931a9b070 Exception <a 'java/io/FileNotFoundException'{0x00000000ec0c45e8}> (0x00000000ec0c45e8) 
thrown [s\src\hotspot\share\prims\jni.cpp, line 516]
Event: 2.328 Thread 0x0000024931a9b070 Implicit null exception at 0x000002493da4c37b to 0x000002493da4ce24
Event: 2.329 Thread 0x0000024931a9b070 Implicit null exception at 0x000002493da445ec to 0x000002493da447cc
Event: 2.329 Thread 0x0000024931a9b070 Implicit null exception at 0x000002493da3828c to 0x000002493da384a0
Event: 2.329 Thread 0x0000024931a9b070 Implicit null exception at 0x000002493da4790f to 0x000002493da47985
Event: 2.454 Thread 0x0000024931a9b070 Exception <a 'java/lang/NoSuchMethodError'{0x00000000ec3947c0}: 'int java.lang.invoke.DirectMethodHandle$Holder.invokeStaticInit(java.lang.Object, java.lang.Object, java.lang.Object, java.lang.Object)'> (0x00000000ec3947c0) 
thrown [s\src\hotspot\share\interpreter\linkResolver.cpp, line 759]
Event: 2.461 Thread 0x0000024931a9b070 Exception <a 'java/lang/NoSuchMethodError'{0x00000000ec39ee30}: 'java.lang.Object java.lang.invoke.DirectMethodHandle$Holder.invokeInterface(java.lang.Object, java.lang.Object)'> (0x00000000ec39ee30) 
thrown [s\src\hotspot\share\interpreter\linkResolver.cpp, line 759]
Event: 2.463 Thread 0x0000024931a9b070 Exception <a 'java/lang/IncompatibleClassChangeError'{0x00000000ec3a2628}: Found class java.lang.Object, but interface was expected> (0x00000000ec3a2628) 
thrown [s\src\hotspot\share\interpreter\linkResolver.cpp, line 826]
Event: 2.473 Thread 0x0000024931a9b070 Exception <a 'java/lang/NoSuchMethodError'{0x00000000ec3a6b20}: 'void java.lang.invoke.DirectMethodHandle$Holder.invokeStatic(java.lang.Object, java.lang.Object)'> (0x00000000ec3a6b20) 
thrown [s\src\hotspot\share\interpreter\linkResolver.cpp, line 759]
Event: 2.481 Thread 0x0000024931a9b070 Exception <a 'java/lang/NoSuchMethodError'{0x00000000ec3aa320}: 'void java.lang.invoke.DirectMethodHandle$Holder.invokeStaticInit(java.lang.Object, java.lang.Object)'> (0x00000000ec3aa320) 
thrown [s\src\hotspot\share\interpreter\linkResolver.cpp, line 759]
Event: 2.488 Thread 0x0000024931a9b070 Exception <a 'java/lang/NoSuchMethodError'{0x00000000ec3b18b8}: 'int java.lang.invoke.DirectMethodHandle$Holder.invokeStaticInit(java.lang.Object, java.lang.Object)'> (0x00000000ec3b18b8) 
thrown [s\src\hotspot\share\interpreter\linkResolver.cpp, line 759]
Event: 2.749 Thread 0x0000024931a9b070 Exception <a 'java/lang/NoSuchMethodError'{0x00000000eabfae30}: 'void java.lang.invoke.DirectMethodHandle$Holder.invokeSpecial(java.lang.Object, java.lang.Object, java.lang.Object)'> (0x00000000eabfae30) 
thrown [s\src\hotspot\share\interpreter\linkResolver.cpp, line 759]

VM Operations (20 events):
Event: 1.155 Executing VM operation: HandshakeAllThreads
Event: 1.155 Executing VM operation: HandshakeAllThreads done
Event: 1.155 Executing VM operation: Cleanup
Event: 1.155 Executing VM operation: Cleanup done
Event: 1.243 Executing VM operation: HandshakeAllThreads
Event: 1.243 Executing VM operation: HandshakeAllThreads done
Event: 2.033 Executing VM operation: HandshakeAllThreads
Event: 2.033 Executing VM operation: HandshakeAllThreads done
Event: 2.551 Executing VM operation: ParallelGCFailedAllocation
Event: 2.612 Executing VM operation: ParallelGCFailedAllocation done
Event: 3.616 Executing VM operation: Cleanup
Event: 3.617 Executing VM operation: Cleanup done
Event: 4.142 Executing VM operation: HandshakeAllThreads
Event: 4.142 Executing VM operation: HandshakeAllThreads done
Event: 4.143 Executing VM operation: HandshakeAllThreads
Event: 4.143 Executing VM operation: HandshakeAllThreads done
Event: 4.155 Executing VM operation: HandshakeAllThreads
Event: 4.155 Executing VM operation: HandshakeAllThreads done
Event: 4.201 Executing VM operation: HandshakeAllThreads
Event: 4.201 Executing VM operation: HandshakeAllThreads done

Events (20 events):
Event: 4.035 loading class java/util/concurrent/ThreadPoolExecutor$Worker done
Event: 4.035 loading class java/lang/Thread$State
Event: 4.036 loading class java/lang/Thread$State done
Event: 4.036 Thread 0x000002494d4cd300 Thread added: 0x000002494d4cd300
Event: 4.039 loading class java/lang/ApplicationShutdownHooks
Event: 4.040 loading class java/lang/ApplicationShutdownHooks done
Event: 4.040 loading class java/lang/ApplicationShutdownHooks$1
Event: 4.040 loading class java/lang/ApplicationShutdownHooks$1 done
Event: 4.110 loading class java/util/concurrent/TimeUnit$1
Event: 4.111 loading class java/util/concurrent/TimeUnit$1 done
Event: 4.112 loading class java/util/concurrent/locks/AbstractQueuedSynchronizer$ConditionNode
Event: 4.112 loading class java/util/concurrent/locks/AbstractQueuedSynchronizer$Node
Event: 4.112 loading class java/util/concurrent/locks/AbstractQueuedSynchronizer$Node done
Event: 4.112 loading class java/util/concurrent/locks/AbstractQueuedSynchronizer$ConditionNode done
Event: 4.154 loading class java/util/ArrayList$ListItr
Event: 4.154 loading class java/util/ArrayList$ListItr done
Event: 4.199 loading class java/util/LinkedList
Event: 4.200 loading class java/util/AbstractSequentialList
Event: 4.200 loading class java/util/AbstractSequentialList done
Event: 4.200 loading class java/util/LinkedList done


Dynamic libraries:
0x00007ff71b710000 - 0x00007ff71b71e000 	c:\Users\HP\.vscode\extensions\redhat.java-1.25.0-win32-x64\jre\17.0.9-win32-x86_64\bin\java.exe
0x00007fffeb110000 - 0x00007fffeb304000 	C:\WINDOWS\SYSTEM32\ntdll.dll
0x00007fffe9a80000 - 0x00007fffe9b3d000 	C:\WINDOWS\System32\KERNEL32.DLL
0x00007fffe89e0000 - 0x00007fffe8ca7000 	C:\WINDOWS\System32\KERNELBASE.dll
0x00007fffe88b0000 - 0x00007fffe89b0000 	C:\WINDOWS\System32\ucrtbase.dll
0x00007fffc1f80000 - 0x00007fffc1f97000 	c:\Users\HP\.vscode\extensions\redhat.java-1.25.0-win32-x64\jre\17.0.9-win32-x86_64\bin\jli.dll
0x00007fffe9750000 - 0x00007fffe98f0000 	C:\WINDOWS\System32\USER32.dll
0x00007fffe89b0000 - 0x00007fffe89d2000 	C:\WINDOWS\System32\win32u.dll
0x00007fffe99f0000 - 0x00007fffe9a1a000 	C:\WINDOWS\System32\GDI32.dll
0x00007fffe8e00000 - 0x00007fffe8f0a000 	C:\WINDOWS\System32\gdi32full.dll
0x00007fffe8ce0000 - 0x00007fffe8d7d000 	C:\WINDOWS\System32\msvcp_win.dll
0x00007fffc1e70000 - 0x00007fffc1e8b000 	c:\Users\HP\.vscode\extensions\redhat.java-1.25.0-win32-x64\jre\17.0.9-win32-x86_64\bin\VCRUNTIME140.dll
0x00007fffd0210000 - 0x00007fffd04aa000 	C:\WINDOWS\WinSxS\amd64_microsoft.windows.common-controls_6595b64144ccf1df_6.0.19041.1_none_b555e41d4684ddec\COMCTL32.dll
0x00007fffe9220000 - 0x00007fffe92be000 	C:\WINDOWS\System32\msvcrt.dll
0x00007fffea720000 - 0x00007fffea750000 	C:\WINDOWS\System32\IMM32.DLL
0x00007fffdc6f0000 - 0x00007fffdc6fc000 	c:\Users\HP\.vscode\extensions\redhat.java-1.25.0-win32-x64\jre\17.0.9-win32-x86_64\bin\vcruntime140_1.dll
0x00007fff9e170000 - 0x00007fff9e1fd000 	c:\Users\HP\.vscode\extensions\redhat.java-1.25.0-win32-x64\jre\17.0.9-win32-x86_64\bin\msvcp140.dll
0x00007fff98370000 - 0x00007fff98fd1000 	c:\Users\HP\.vscode\extensions\redhat.java-1.25.0-win32-x64\jre\17.0.9-win32-x86_64\bin\server\jvm.dll
0x00007fffe9170000 - 0x00007fffe921a000 	C:\WINDOWS\System32\ADVAPI32.dll
0x00007fffe9950000 - 0x00007fffe99eb000 	C:\WINDOWS\System32\sechost.dll
0x00007fffe9b40000 - 0x00007fffe9c63000 	C:\WINDOWS\System32\RPCRT4.dll
0x00007fffe7e60000 - 0x00007fffe7eab000 	C:\WINDOWS\SYSTEM32\POWRPROF.dll
0x00007fffdc100000 - 0x00007fffdc109000 	C:\WINDOWS\SYSTEM32\WSOCK32.dll
0x00007fffeafb0000 - 0x00007fffeb01b000 	C:\WINDOWS\System32\WS2_32.dll
0x00007fffdd870000 - 0x00007fffdd897000 	C:\WINDOWS\SYSTEM32\WINMM.dll
0x00007fffdb930000 - 0x00007fffdb93a000 	C:\WINDOWS\SYSTEM32\VERSION.dll
0x00007fffe7cd0000 - 0x00007fffe7ce2000 	C:\WINDOWS\SYSTEM32\UMPDC.dll
0x00007fffe67e0000 - 0x00007fffe67f3000 	C:\WINDOWS\SYSTEM32\kernel.appcore.dll
0x00007fffdc0c0000 - 0x00007fffdc0ca000 	c:\Users\HP\.vscode\extensions\redhat.java-1.25.0-win32-x64\jre\17.0.9-win32-x86_64\bin\jimage.dll
0x00007fffdb740000 - 0x00007fffdb924000 	C:\WINDOWS\SYSTEM32\DBGHELP.DLL
0x00007fffdb6b0000 - 0x00007fffdb6dc000 	C:\WINDOWS\SYSTEM32\dbgcore.DLL
0x00007fffe8d80000 - 0x00007fffe8dff000 	C:\WINDOWS\System32\bcryptPrimitives.dll
0x00007fffd1200000 - 0x00007fffd120e000 	c:\Users\HP\.vscode\extensions\redhat.java-1.25.0-win32-x64\jre\17.0.9-win32-x86_64\bin\instrument.dll
0x00007fffbe090000 - 0x00007fffbe0b5000 	c:\Users\HP\.vscode\extensions\redhat.java-1.25.0-win32-x64\jre\17.0.9-win32-x86_64\bin\java.dll
0x00007fffbdf90000 - 0x00007fffbdfa8000 	c:\Users\HP\.vscode\extensions\redhat.java-1.25.0-win32-x64\jre\17.0.9-win32-x86_64\bin\zip.dll
0x00007fffe9d80000 - 0x00007fffea4b1000 	C:\WINDOWS\System32\SHELL32.dll
0x00007fffe69e0000 - 0x00007fffe716a000 	C:\WINDOWS\SYSTEM32\windows.storage.dll
0x00007fffeac50000 - 0x00007fffeafa4000 	C:\WINDOWS\System32\combase.dll
0x00007fffe82d0000 - 0x00007fffe82fb000 	C:\WINDOWS\SYSTEM32\Wldp.dll
0x00007fffeb020000 - 0x00007fffeb0ce000 	C:\WINDOWS\System32\SHCORE.dll
0x00007fffe96f0000 - 0x00007fffe9745000 	C:\WINDOWS\System32\shlwapi.dll
0x00007fffe8790000 - 0x00007fffe87af000 	C:\WINDOWS\SYSTEM32\profapi.dll
0x00007fffbdab0000 - 0x00007fffbdac9000 	C:\Users\HP\.vscode\extensions\redhat.java-1.25.0-win32-x64\jre\17.0.9-win32-x86_64\bin\net.dll
0x00007fffdd430000 - 0x00007fffdd532000 	C:\WINDOWS\SYSTEM32\WINHTTP.dll
0x00007fffe8050000 - 0x00007fffe80ba000 	C:\WINDOWS\system32\mswsock.dll
0x00007fffbd2d0000 - 0x00007fffbd2e6000 	C:\Users\HP\.vscode\extensions\redhat.java-1.25.0-win32-x64\jre\17.0.9-win32-x86_64\bin\nio.dll
0x00007fffc7330000 - 0x00007fffc7340000 	c:\Users\HP\.vscode\extensions\redhat.java-1.25.0-win32-x64\jre\17.0.9-win32-x86_64\bin\verify.dll

dbghelp: loaded successfully - version: 4.0.5 - missing functions: none
symbol engine: initialized successfully - sym options: 0x614 - pdb path: .;c:\Users\HP\.vscode\extensions\redhat.java-1.25.0-win32-x64\jre\17.0.9-win32-x86_64\bin;C:\WINDOWS\SYSTEM32;C:\WINDOWS\WinSxS\amd64_microsoft.windows.common-controls_6595b64144ccf1df_6.0.19041.1_none_b555e41d4684ddec;c:\Users\HP\.vscode\extensions\redhat.java-1.25.0-win32-x64\jre\17.0.9-win32-x86_64\bin\server

VM Arguments:
jvm_args: --add-modules=ALL-SYSTEM --add-opens=java.base/java.util=ALL-UNNAMED --add-opens=java.base/java.lang=ALL-UNNAMED --add-opens=java.base/sun.nio.fs=ALL-UNNAMED -Declipse.application=org.eclipse.jdt.ls.core.id1 -Dosgi.bundles.defaultStartLevel=4 -Declipse.product=org.eclipse.jdt.ls.core.product -Djava.import.generatesMetadataFilesAtProjectRoot=false -DDetectVMInstallationsJob.disabled=true -Dfile.encoding=utf8 -XX:+UseParallelGC -XX:GCTimeRatio=4 -XX:AdaptiveSizePolicyWeight=90 -Dsun.zip.disableMemoryMapping=true -Xmx1G -Xms100m -Xlog:disable -javaagent:c:\Users\HP\.vscode\extensions\redhat.java-1.25.0-win32-x64\lombok\lombok-1.18.30.jar -XX:+HeapDumpOnOutOfMemoryError -XX:HeapDumpPath=c:\Users\HP\AppData\Roaming\Code\User\workspaceStorage\7145003809ee5229b52fc69e90d06eaa\redhat.java -Daether.dependencyCollector.impl=bf 
java_command: c:\Users\HP\.vscode\extensions\redhat.java-1.25.0-win32-x64\server\plugins\org.eclipse.equinox.launcher_1.6.600.v20231012-1237.jar -configuration c:\Users\HP\AppData\Roaming\Code\User\globalStorage\redhat.java\1.25.0\config_win -data c:\Users\HP\AppData\Roaming\Code\User\workspaceStorage\7145003809ee5229b52fc69e90d06eaa\redhat.java\jdt_ws --stdio
java_class_path (initial): c:\Users\HP\.vscode\extensions\redhat.java-1.25.0-win32-x64\server\plugins\org.eclipse.equinox.launcher_1.6.600.v20231012-1237.jar
Launcher Type: SUN_STANDARD

[Global flags]
    uintx AdaptiveSizePolicyWeight                 = 90                                        {product} {command line}
     intx CICompilerCount                          = 3                                         {product} {ergonomic}
    uintx GCTimeRatio                              = 4                                         {product} {command line}
     bool HeapDumpOnOutOfMemoryError               = true                                   {manageable} {command line}
    ccstr HeapDumpPath                             = c:\Users\HP\AppData\Roaming\Code\User\workspaceStorage\7145003809ee5229b52fc69e90d06eaa\redhat.java         {manageable} {command line}
   size_t InitialHeapSize                          = 104857600                                 {product} {command line}
   size_t MaxHeapSize                              = 1073741824                                {product} {command line}
   size_t MaxNewSize                               = 357564416                                 {product} {ergonomic}
   size_t MinHeapDeltaBytes                        = 524288                                    {product} {ergonomic}
   size_t MinHeapSize                              = 104857600                                 {product} {command line}
   size_t NewSize                                  = 34603008                                  {product} {ergonomic}
    uintx NonNMethodCodeHeapSize                   = 5832780                                {pd product} {ergonomic}
    uintx NonProfiledCodeHeapSize                  = 122912730                              {pd product} {ergonomic}
   size_t OldSize                                  = 70254592                                  {product} {ergonomic}
    uintx ProfiledCodeHeapSize                     = 122912730                              {pd product} {ergonomic}
    uintx ReservedCodeCacheSize                    = 251658240                              {pd product} {ergonomic}
     bool SegmentedCodeCache                       = true                                      {product} {ergonomic}
   size_t SoftMaxHeapSize                          = 1073741824                             {manageable} {ergonomic}
     bool UseCompressedClassPointers               = true                           {product lp64_product} {ergonomic}
     bool UseCompressedOops                        = true                           {product lp64_product} {ergonomic}
     bool UseLargePagesIndividualAllocation        = false                                  {pd product} {ergonomic}
     bool UseParallelGC                            = true                                      {product} {command line}

Logging:
Log output configuration:
 #0: stdout all=off uptime,level,tags
 #1: stderr all=off uptime,level,tags

Environment Variables:
JAVA_HOME=C:\Program Files\Java\jdk1.8.0_45
CLASSPATH=%CLASSPATH%;%JUNIT_HOME%\junit-4.13.2.jar;hamcrest-core-1.3.jar;;E:\kiemthunangcao\junit\junit-4.13.2.jar;hamcrest-core-1.3.jar;;E:\kiemthunangcao\junit\junit-4.13.2.jar;hamcrest-core-1.3.jar;
PATH=C:\ProgramData\Oracle\Java\javapath;C:\Program Files (x86)\Common Files\Oracle\Java\javapath;C:\WINDOWS\system32;C:\WINDOWS;C:\WINDOWS\System32\Wbem;C:\WINDOWS\System32\WindowsPowerShell\v1.0\;C:\Users\HP\Downloads\winlibs-x86_64-posix-seh-gcc-11.2.0-llvm-12.0.1-mingw-w64-9.0.0-r1\mingw64\bin;C:\WINDOWS\System32\OpenSSH\;C:\Program Files\Broadcom\Broadcom 802.11\Driver;C:\Program Files\Azure Data Studio\bin;C:\Program Files\Java\jdk1.8.0_45;C:\Program Files\Java\jdbc\sqljdbc42.jar;d:\Program Files(x86)\100\Tools\Binn\;d:\Program Files\100\Tools\Binn\;d:\Program Files\100\DTS\Binn\;C:\Program Files (x86)\Microsoft SQL Server\100\Tools\Binn\;C:\Program Files (x86)\Microsoft SQL Server\100\Tools\Binn\VSShell\Common7\IDE\;C:\Program Files (x86)\Microsoft SQL Server\100\DTS\Binn\;C:\Program Files (x86)\Microsoft SQL Server\110\Tools\Binn\;C:\Program Files (x86)\Microsoft SQL Server\110\DTS\Binn\;C:\Program Files (x86)\Microsoft SQL Server\160\Tools\Binn\;C:\Program Files\Microsoft SQL Server\160\Tools\Binn\;C:\Program Files\Microsoft SQL Server\Client SDK\ODBC\170\Tools\Binn\;C:\Program Files\Microsoft SQL Server\160\DTS\Binn\;C:\Program Files (x86)\Microsoft SQL Server\160\DTS\Binn\;C:\Program Files\Java\jdk1.8.0_45\bin;E:\vs\Git\cmd;C:\Users\HP\AppData\Local\Microsoft\WindowsApps;C:\Users\HP\Downloads\winlibs-x86_64-posix-seh-gcc-11.2.0-llvm-12.0.1-mingw-w64-9.0.0-r1\mingw64\bin;;C:\Program Files\Azure Data Studio\bin;E:\vs\Microsoft VS Code\bin
USERNAME=HP
OS=Windows_NT
PROCESSOR_IDENTIFIER=Intel64 Family 6 Model 58 Stepping 9, GenuineIntel
TMP=C:\Users\HP\AppData\Local\Temp
TEMP=D:\



Periodic native trim disabled


---------------  S Y S T E M  ---------------

OS:
 Windows 10 , 64 bit Build 19041 (10.0.19041.1)
OS uptime: 0 days 0:51 hours

CPU: total 4 (initial active 4) (2 cores per cpu, 2 threads per core) family 6 model 58 stepping 9 microcode 0x21, cx8, cmov, fxsr, ht, mmx, sse, sse2, sse3, ssse3, sse4.1, sse4.2, popcnt, tsc, tscinvbit, avx, aes, erms, clmul, vzeroupper, clflush
Processor Information for all 4 processors :
  Max Mhz: 2401, Current Mhz: 2401, Mhz Limit: 2401

Memory: 4k page, system-wide physical 3959M (360M free)
TotalPageFile size 5857M (AvailPageFile size 1M)
current process WorkingSet (physical memory assigned to process): 80M, peak: 80M
current process commit charge ("private bytes"): 190M, peak: 190M

vm_info: OpenJDK 64-Bit Server VM (17.0.9+9) for windows-amd64 JRE (17.0.9+9), built on Oct 26 2023 14:01:42 by "admin" with MS VC++ 16.10 / 16.11 (VS2019)

END.
