#
# There is insufficient memory for the Java Runtime Environment to continue.
# Native memory allocation (malloc) failed to allocate 1057376 bytes for Chunk::new
# Possible reasons:
#   The system is out of physical RAM or swap space
#   The process is running with CompressedOops enabled, and the Java Heap may be blocking the growth of the native heap
# Possible solutions:
#   Reduce memory load on the system
#   Increase physical memory or swap space
#   Check if swap backing store is full
#   Decrease Java heap size (-Xmx/-Xms)
#   Decrease number of Java threads
#   Decrease Java thread stack sizes (-Xss)
#   Set larger code cache with -XX:ReservedCodeCacheSize=
#   JVM is running with Unscaled Compressed Oops mode in which the Java heap is
#     placed in the first 4GB address space. The Java Heap base address is the
#     maximum limit for the native heap growth. Please use -XX:HeapBaseMinAddress
#     to set the Java Heap base and to place the Java Heap above 4GB virtual address.
# This output file may be truncated or incomplete.
#
#  Out of Memory Error (arena.cpp:191), pid=6540, tid=11308
#
# JRE version: OpenJDK Runtime Environment Temurin-17.0.9+9 (17.0.9+9) (build 17.0.9+9)
# Java VM: OpenJDK 64-Bit Server VM Temurin-17.0.9+9 (17.0.9+9, mixed mode, tiered, compressed oops, compressed class ptrs, parallel gc, windows-amd64)
# No core dump will be written. Minidumps are not enabled by default on client versions of Windows
#

---------------  S U M M A R Y ------------

Command Line: --add-modules=ALL-SYSTEM --add-opens=java.base/java.util=ALL-UNNAMED --add-opens=java.base/java.lang=ALL-UNNAMED --add-opens=java.base/sun.nio.fs=ALL-UNNAMED -Declipse.application=org.eclipse.jdt.ls.core.id1 -Dosgi.bundles.defaultStartLevel=4 -Declipse.product=org.eclipse.jdt.ls.core.product -Djava.import.generatesMetadataFilesAtProjectRoot=false -DDetectVMInstallationsJob.disabled=true -Dfile.encoding=utf8 -XX:+UseParallelGC -XX:GCTimeRatio=4 -XX:AdaptiveSizePolicyWeight=90 -Dsun.zip.disableMemoryMapping=true -Xmx1G -Xms100m -Xlog:disable -javaagent:c:\Users\HP\.vscode\extensions\redhat.java-1.25.0-win32-x64\lombok\lombok-1.18.30.jar c:\Users\HP\.vscode\extensions\redhat.java-1.25.0-win32-x64\server\plugins\org.eclipse.equinox.launcher_1.6.600.v20231012-1237.jar -configuration c:\Users\HP\AppData\Roaming\Code\User\globalStorage\redhat.java\1.25.0\config_ss_win -data c:\Users\HP\AppData\Roaming\Code\User\workspaceStorage\7145003809ee5229b52fc69e90d06eaa\redhat.java\ss_ws --stdio

Host: Intel(R) Core(TM) i5-3437U CPU @ 1.90GHz, 4 cores, 3G,  Windows 10 , 64 bit Build 19041 (10.0.19041.1)
Time: Sat Dec  2 03:36:14 2023 SE Asia Standard Time elapsed time: 446.355965 seconds (0d 0h 7m 26s)

---------------  T H R E A D  ---------------

Current thread (0x000002c7b5fe6eb0):  JavaThread "C2 CompilerThread0" daemon [_thread_in_native, id=11308, stack(0x000000f496a00000,0x000000f496b00000)]


Current CompileTask:
C2: 446356 6425       4       org.eclipse.jdt.internal.compiler.lookup.Scope::getTypeOrPackage (1692 bytes)

Stack: [0x000000f496a00000,0x000000f496b00000]
Native frames: (J=compiled Java code, j=interpreted, Vv=VM code, C=native code)
V  [jvm.dll+0x67cf49]
V  [jvm.dll+0x83478a]
V  [jvm.dll+0x83624e]
V  [jvm.dll+0x8368b3]
V  [jvm.dll+0x247f1f]
V  [jvm.dll+0xac43c]
V  [jvm.dll+0xaca8c]
V  [jvm.dll+0x2af45f]
V  [jvm.dll+0x5853f7]
V  [jvm.dll+0x222f62]
V  [jvm.dll+0x22334f]
V  [jvm.dll+0x21c476]
V  [jvm.dll+0x2198c1]
V  [jvm.dll+0x1a57cd]
V  [jvm.dll+0x2297ae]
V  [jvm.dll+0x22797c]
V  [jvm.dll+0x7e9877]
V  [jvm.dll+0x7e3c3a]
V  [jvm.dll+0x67be35]
C  [ucrtbase.dll+0x21542]
C  [KERNEL32.DLL+0x16fd4]
C  [ntdll.dll+0x4cf31]


---------------  P R O C E S S  ---------------

Threads class SMR info:
_java_thread_list=0x000002c7bb82a560, length=27, elements={
0x000002c7a02196d0, 0x000002c7a02d7ca0, 0x000002c7a02da6e0, 0x000002c7b5fe1150,
0x000002c7b5fe1ee0, 0x000002c7b5fe5930, 0x000002c7b5fe6200, 0x000002c7b5fe6eb0,
0x000002c7b601eab0, 0x000002c7bb23c660, 0x000002c7bb30d040, 0x000002c7bb4a3ad0,
0x000002c7bbd9ae70, 0x000002c7bbdf4010, 0x000002c7bbceaa90, 0x000002c7bbc2fa50,
0x000002c7bbc2ff60, 0x000002c7bbc2dbf0, 0x000002c7bbc30e90, 0x000002c7bbc2e100,
0x000002c7bbc2e610, 0x000002c7bbc30980, 0x000002c7bb70a9c0, 0x000002c7bb70d750,
0x000002c7bb70b3e0, 0x000002c7bb70aed0, 0x000002c7c07ffaa0
}

Java Threads: ( => current thread )
  0x000002c7a02196d0 JavaThread "main" [_thread_blocked, id=4388, stack(0x000000f496100000,0x000000f496200000)]
  0x000002c7a02d7ca0 JavaThread "Reference Handler" daemon [_thread_blocked, id=3552, stack(0x000000f496400000,0x000000f496500000)]
  0x000002c7a02da6e0 JavaThread "Finalizer" daemon [_thread_blocked, id=11952, stack(0x000000f496500000,0x000000f496600000)]
  0x000002c7b5fe1150 JavaThread "Signal Dispatcher" daemon [_thread_blocked, id=10112, stack(0x000000f496600000,0x000000f496700000)]
  0x000002c7b5fe1ee0 JavaThread "Attach Listener" daemon [_thread_blocked, id=2368, stack(0x000000f496700000,0x000000f496800000)]
  0x000002c7b5fe5930 JavaThread "Service Thread" daemon [_thread_blocked, id=8208, stack(0x000000f496800000,0x000000f496900000)]
  0x000002c7b5fe6200 JavaThread "Monitor Deflation Thread" daemon [_thread_blocked, id=9564, stack(0x000000f496900000,0x000000f496a00000)]
=>0x000002c7b5fe6eb0 JavaThread "C2 CompilerThread0" daemon [_thread_in_native, id=11308, stack(0x000000f496a00000,0x000000f496b00000)]
  0x000002c7b601eab0 JavaThread "C1 CompilerThread0" daemon [_thread_in_native, id=10324, stack(0x000000f496b00000,0x000000f496c00000)]
  0x000002c7bb23c660 JavaThread "Sweeper thread" daemon [_thread_blocked, id=9556, stack(0x000000f496c00000,0x000000f496d00000)]
  0x000002c7bb30d040 JavaThread "Common-Cleaner" daemon [_thread_blocked, id=4236, stack(0x000000f496d00000,0x000000f496e00000)]
  0x000002c7bb4a3ad0 JavaThread "Notification Thread" daemon [_thread_blocked, id=3316, stack(0x000000f496e00000,0x000000f496f00000)]
  0x000002c7bbd9ae70 JavaThread "Active Thread: Equinox Container: 6c308ac2-80f6-41ae-b616-6478e272cafb" [_thread_blocked, id=6976, stack(0x000000f497400000,0x000000f497500000)]
  0x000002c7bbdf4010 JavaThread "Framework Event Dispatcher: Equinox Container: 6c308ac2-80f6-41ae-b616-6478e272cafb" daemon [_thread_blocked, id=5372, stack(0x000000f497500000,0x000000f497600000)]
  0x000002c7bbceaa90 JavaThread "Start Level: Equinox Container: 6c308ac2-80f6-41ae-b616-6478e272cafb" daemon [_thread_blocked, id=6096, stack(0x000000f497600000,0x000000f497700000)]
  0x000002c7bbc2fa50 JavaThread "SCR Component Actor" daemon [_thread_blocked, id=11864, stack(0x000000f497700000,0x000000f497800000)]
  0x000002c7bbc2ff60 JavaThread "Worker-JM" [_thread_blocked, id=11276, stack(0x000000f497300000,0x000000f497400000)]
  0x000002c7bbc2dbf0 JavaThread "Worker-0: Shutdown..." [_thread_in_native, id=11512, stack(0x000000f497a00000,0x000000f497b00000)]
  0x000002c7bbc30e90 JavaThread "JNA Cleaner" daemon [_thread_blocked, id=1712, stack(0x000000f497c00000,0x000000f497d00000)]
  0x000002c7bbc2e100 JavaThread "pool-2-thread-1" [_thread_blocked, id=2312, stack(0x000000f497900000,0x000000f497a00000)]
  0x000002c7bbc2e610 JavaThread "WorkspaceEventsHandler" [_thread_blocked, id=3736, stack(0x000000f497d00000,0x000000f497e00000)]
  0x000002c7bbc30980 JavaThread "pool-1-thread-1" [_thread_in_native, id=11000, stack(0x000000f497e00000,0x000000f497f00000)]
  0x000002c7bb70a9c0 JavaThread "Worker-2" [_thread_blocked, id=9532, stack(0x000000f497f00000,0x000000f498000000)]
  0x000002c7bb70d750 JavaThread "ForkJoinPool.commonPool-worker-1" daemon [_thread_blocked, id=6948, stack(0x000000f496000000,0x000000f496100000)]
  0x000002c7bb70b3e0 JavaThread "ForkJoinPool.commonPool-worker-2" daemon [_thread_blocked, id=12232, stack(0x000000f497b00000,0x000000f497c00000)]
  0x000002c7bb70aed0 JavaThread "ForkJoinPool.commonPool-worker-3" daemon [_thread_blocked, id=11096, stack(0x000000f498100000,0x000000f498200000)]
  0x000002c7c07ffaa0 JavaThread "C2 CompilerThread1" daemon [_thread_in_native, id=10336, stack(0x000000f495f00000,0x000000f496000000)]

Other Threads:
  0x000002c7b5fac7f0 VMThread "VM Thread" [stack: 0x000000f496300000,0x000000f496400000] [id=2136]
  0x000002c7bb4a3fb0 WatcherThread [stack: 0x000000f496f00000,0x000000f497000000] [id=10432]
  0x000002c7a022fd20 GCTaskThread "GC Thread#0" [stack: 0x000000f496200000,0x000000f496300000] [id=10484]
  0x000002c7bb6666f0 GCTaskThread "GC Thread#1" [stack: 0x000000f497000000,0x000000f497100000] [id=8152]
  0x000002c7bbbf3070 GCTaskThread "GC Thread#2" [stack: 0x000000f497100000,0x000000f497200000] [id=7256]
  0x000002c7bbbf3330 GCTaskThread "GC Thread#3" [stack: 0x000000f497200000,0x000000f497300000] [id=8704]

Threads with active compile tasks:
C2 CompilerThread0   446390 6425       4       org.eclipse.jdt.internal.compiler.lookup.Scope::getTypeOrPackage (1692 bytes)
C2 CompilerThread1   446390 6523       4       com.google.gson.internal.bind.TypeAdapters$7::write (10 bytes)

VM state: not at safepoint (normal execution)

VM Mutex/Monitor currently owned by a thread: None

Heap address: 0x00000000c0000000, size: 1024 MB, Compressed Oops mode: 32-bit

CDS archive(s) not mapped
Compressed class space mapped at: 0x0000000100000000-0x0000000140000000, reserved size: 1073741824
Narrow klass base: 0x0000000000000000, Narrow klass shift: 3, Narrow klass range: 0x140000000

GC Precious Log:
 CPUs: 4 total, 4 available
 Memory: 3959M
 Large Page Support: Disabled
 NUMA Support: Disabled
 Compressed Oops: Enabled (32-bit)
 Alignments: Space 512K, Generation 512K, Heap 2M
 Heap Min Capacity: 100M
 Heap Initial Capacity: 100M
 Heap Max Capacity: 1G
 Pre-touch: Disabled
 Parallel Workers: 4

Heap:
 PSYoungGen      total 19968K, used 9633K [0x00000000eab00000, 0x00000000ec100000, 0x0000000100000000)
  eden space 19456K, 47% used [0x00000000eab00000,0x00000000eb40c5d0,0x00000000ebe00000)
  from space 512K, 71% used [0x00000000ec080000,0x00000000ec0dc010,0x00000000ec100000)
  to   space 1024K, 0% used [0x00000000ebf00000,0x00000000ebf00000,0x00000000ec000000)
 ParOldGen       total 68608K, used 38833K [0x00000000c0000000, 0x00000000c4300000, 0x00000000eab00000)
  object space 68608K, 56% used [0x00000000c0000000,0x00000000c25ec578,0x00000000c4300000)
 Metaspace       used 50847K, committed 51712K, reserved 1114112K
  class space    used 5022K, committed 5440K, reserved 1048576K

Card table byte_map: [0x000002c7b38b0000,0x000002c7b3ac0000] _byte_map_base: 0x000002c7b32b0000

Marking Bits: (ParMarkBitMap*) 0x00007fff98f0d0b0
 Begin Bits: [0x000002c7b3c20000, 0x000002c7b4c20000)
 End Bits:   [0x000002c7b4c20000, 0x000002c7b5c20000)

Polling page: 0x000002c7a00b0000

Metaspace:

Usage:
  Non-class:     44.75 MB used.
      Class:      4.90 MB used.
       Both:     49.66 MB used.

Virtual space:
  Non-class space:       64.00 MB reserved,      45.19 MB ( 71%) committed,  1 nodes.
      Class space:        1.00 GB reserved,       5.31 MB ( <1%) committed,  1 nodes.
             Both:        1.06 GB reserved,      50.50 MB (  5%) committed. 

Chunk freelists:
   Non-Class:  2.59 MB
       Class:  10.55 MB
        Both:  13.14 MB

MaxMetaspaceSize: unlimited
CompressedClassSpaceSize: 1.00 GB
Initial GC threshold: 21.00 MB
Current GC threshold: 58.38 MB
CDS: off
MetaspaceReclaimPolicy: balanced
 - commit_granule_bytes: 65536.
 - commit_granule_words: 8192.
 - virtual_space_node_default_size: 8388608.
 - enlarge_chunks_in_place: 1.
 - new_chunks_are_fully_committed: 0.
 - uncommit_free_chunks: 1.
 - use_allocation_guard: 0.
 - handle_deallocations: 1.


Internal statistics:

num_allocs_failed_limit: 6.
num_arena_births: 454.
num_arena_deaths: 14.
num_vsnodes_births: 2.
num_vsnodes_deaths: 0.
num_space_committed: 808.
num_space_uncommitted: 0.
num_chunks_returned_to_freelist: 20.
num_chunks_taken_from_freelist: 2223.
num_chunk_merges: 7.
num_chunk_splits: 1458.
num_chunks_enlarged: 968.
num_inconsistent_stats: 0.

CodeHeap 'non-profiled nmethods': size=120000Kb used=3705Kb max_used=3705Kb free=116294Kb
 bounds [0x000002c7ac1a0000, 0x000002c7ac540000, 0x000002c7b36d0000]
CodeHeap 'profiled nmethods': size=120000Kb used=14008Kb max_used=14008Kb free=105991Kb
 bounds [0x000002c7a46d0000, 0x000002c7a5480000, 0x000002c7abc00000]
CodeHeap 'non-nmethods': size=5760Kb used=1330Kb max_used=1410Kb free=4429Kb
 bounds [0x000002c7abc00000, 0x000002c7abe70000, 0x000002c7ac1a0000]
 total_blobs=6479 nmethods=5809 adapters=582
 compilation: enabled
              stopped_count=0, restarted_count=0
 full_count=0

Compilation events (20 events):
Event: 446.220 Thread 0x000002c7b601eab0 nmethod 6510 0x000002c7a5476410 code [0x000002c7a54765a0, 0x000002c7a54766b8]
Event: 446.220 Thread 0x000002c7b601eab0 6508       3       org.eclipse.jdt.core.dom.ASTVisitor::endVisit (1 bytes)
Event: 446.220 Thread 0x000002c7c07ffaa0 nmethod 6503 0x000002c7ac538e90 code [0x000002c7ac539000, 0x000002c7ac5390b8]
Event: 446.220 Thread 0x000002c7b601eab0 nmethod 6508 0x000002c7a5476790 code [0x000002c7a5476920, 0x000002c7a5476a38]
Event: 446.220 Thread 0x000002c7b601eab0 6511   !   3       java.util.AbstractList$Itr::next (46 bytes)
Event: 446.221 Thread 0x000002c7b601eab0 nmethod 6511 0x000002c7a5476b10 code [0x000002c7a5476d20, 0x000002c7a5477318]
Event: 446.221 Thread 0x000002c7b601eab0 6512       3       java.util.AbstractList$Itr::checkForComodification (23 bytes)
Event: 446.221 Thread 0x000002c7b601eab0 nmethod 6512 0x000002c7a5477590 code [0x000002c7a5477740, 0x000002c7a5477968]
Event: 446.221 Thread 0x000002c7b601eab0 6513       3       org.eclipse.jdt.ls.core.internal.semantictokens.SemanticTokensVisitor::acceptNode (10 bytes)
Event: 446.221 Thread 0x000002c7b601eab0 nmethod 6513 0x000002c7a5477a90 code [0x000002c7a5477c40, 0x000002c7a5477dc8]
Event: 446.221 Thread 0x000002c7b601eab0 6514       1       org.eclipse.jdt.internal.compiler.lookup.MethodBinding::typeVariables (5 bytes)
Event: 446.221 Thread 0x000002c7b601eab0 nmethod 6514 0x000002c7ac539190 code [0x000002c7ac539320, 0x000002c7ac5393f8]
Event: 446.223 Thread 0x000002c7c07ffaa0 6515       4       java.io.StringWriter::write (10 bytes)
Event: 446.237 Thread 0x000002c7c07ffaa0 nmethod 6515 0x000002c7ac539490 code [0x000002c7ac539640, 0x000002c7ac539f38]
Event: 446.237 Thread 0x000002c7c07ffaa0 6518       4       com.google.gson.stream.JsonWriter::newline (47 bytes)
Event: 446.238 Thread 0x000002c7c07ffaa0 nmethod 6518 0x000002c7ac53a410 code [0x000002c7ac53a580, 0x000002c7ac53a618]
Event: 446.238 Thread 0x000002c7c07ffaa0 6517       4       com.google.gson.stream.JsonWriter::beforeValue (134 bytes)
Event: 446.272 Thread 0x000002c7c07ffaa0 nmethod 6517 0x000002c7ac53a710 code [0x000002c7ac53a900, 0x000002c7ac53ba98]
Event: 446.272 Thread 0x000002c7c07ffaa0 6516       4       java.lang.Long::toString (55 bytes)
Event: 446.300 Thread 0x000002c7c07ffaa0 nmethod 6516 0x000002c7ac53c510 code [0x000002c7ac53c6a0, 0x000002c7ac53d2d8]

GC Heap History (20 events):
Event: 316.807 GC heap before
{Heap before GC invocations=23 (full 2):
 PSYoungGen      total 19968K, used 19475K [0x00000000eab00000, 0x00000000ec100000, 0x0000000100000000)
  eden space 19456K, 99% used [0x00000000eab00000,0x00000000ebde4eb0,0x00000000ebe00000)
  from space 512K, 25% used [0x00000000ec080000,0x00000000ec0a0000,0x00000000ec100000)
  to   space 512K, 0% used [0x00000000ec000000,0x00000000ec000000,0x00000000ec080000)
 ParOldGen       total 68608K, used 28668K [0x00000000c0000000, 0x00000000c4300000, 0x00000000eab00000)
  object space 68608K, 41% used [0x00000000c0000000,0x00000000c1bff1f0,0x00000000c4300000)
 Metaspace       used 50248K, committed 51072K, reserved 1114112K
  class space    used 5013K, committed 5376K, reserved 1048576K
}
Event: 316.809 GC heap after
{Heap after GC invocations=23 (full 2):
 PSYoungGen      total 19968K, used 128K [0x00000000eab00000, 0x00000000ec100000, 0x0000000100000000)
  eden space 19456K, 0% used [0x00000000eab00000,0x00000000eab00000,0x00000000ebe00000)
  from space 512K, 25% used [0x00000000ec000000,0x00000000ec020000,0x00000000ec080000)
  to   space 512K, 0% used [0x00000000ec080000,0x00000000ec080000,0x00000000ec100000)
 ParOldGen       total 68608K, used 32419K [0x00000000c0000000, 0x00000000c4300000, 0x00000000eab00000)
  object space 68608K, 47% used [0x00000000c0000000,0x00000000c1fa8e50,0x00000000c4300000)
 Metaspace       used 50248K, committed 51072K, reserved 1114112K
  class space    used 5013K, committed 5376K, reserved 1048576K
}
Event: 316.904 GC heap before
{Heap before GC invocations=24 (full 2):
 PSYoungGen      total 19968K, used 17932K [0x00000000eab00000, 0x00000000ec100000, 0x0000000100000000)
  eden space 19456K, 91% used [0x00000000eab00000,0x00000000ebc63160,0x00000000ebe00000)
  from space 512K, 25% used [0x00000000ec000000,0x00000000ec020000,0x00000000ec080000)
  to   space 512K, 0% used [0x00000000ec080000,0x00000000ec080000,0x00000000ec100000)
 ParOldGen       total 68608K, used 32419K [0x00000000c0000000, 0x00000000c4300000, 0x00000000eab00000)
  object space 68608K, 47% used [0x00000000c0000000,0x00000000c1fa8e50,0x00000000c4300000)
 Metaspace       used 50262K, committed 51072K, reserved 1114112K
  class space    used 5013K, committed 5376K, reserved 1048576K
}
Event: 316.904 GC heap after
{Heap after GC invocations=24 (full 2):
 PSYoungGen      total 19968K, used 160K [0x00000000eab00000, 0x00000000ec100000, 0x0000000100000000)
  eden space 19456K, 0% used [0x00000000eab00000,0x00000000eab00000,0x00000000ebe00000)
  from space 512K, 31% used [0x00000000ec080000,0x00000000ec0a8000,0x00000000ec100000)
  to   space 512K, 0% used [0x00000000ec000000,0x00000000ec000000,0x00000000ec080000)
 ParOldGen       total 68608K, used 32459K [0x00000000c0000000, 0x00000000c4300000, 0x00000000eab00000)
  object space 68608K, 47% used [0x00000000c0000000,0x00000000c1fb2e50,0x00000000c4300000)
 Metaspace       used 50262K, committed 51072K, reserved 1114112K
  class space    used 5013K, committed 5376K, reserved 1048576K
}
Event: 316.995 GC heap before
{Heap before GC invocations=25 (full 2):
 PSYoungGen      total 19968K, used 17866K [0x00000000eab00000, 0x00000000ec100000, 0x0000000100000000)
  eden space 19456K, 91% used [0x00000000eab00000,0x00000000ebc4a980,0x00000000ebe00000)
  from space 512K, 31% used [0x00000000ec080000,0x00000000ec0a8000,0x00000000ec100000)
  to   space 512K, 0% used [0x00000000ec000000,0x00000000ec000000,0x00000000ec080000)
 ParOldGen       total 68608K, used 32459K [0x00000000c0000000, 0x00000000c4300000, 0x00000000eab00000)
  object space 68608K, 47% used [0x00000000c0000000,0x00000000c1fb2e50,0x00000000c4300000)
 Metaspace       used 50266K, committed 51072K, reserved 1114112K
  class space    used 5013K, committed 5376K, reserved 1048576K
}
Event: 316.996 GC heap after
{Heap after GC invocations=25 (full 2):
 PSYoungGen      total 19968K, used 128K [0x00000000eab00000, 0x00000000ec100000, 0x0000000100000000)
  eden space 19456K, 0% used [0x00000000eab00000,0x00000000eab00000,0x00000000ebe00000)
  from space 512K, 25% used [0x00000000ec000000,0x00000000ec020000,0x00000000ec080000)
  to   space 512K, 0% used [0x00000000ec080000,0x00000000ec080000,0x00000000ec100000)
 ParOldGen       total 68608K, used 32579K [0x00000000c0000000, 0x00000000c4300000, 0x00000000eab00000)
  object space 68608K, 47% used [0x00000000c0000000,0x00000000c1fd0e50,0x00000000c4300000)
 Metaspace       used 50266K, committed 51072K, reserved 1114112K
  class space    used 5013K, committed 5376K, reserved 1048576K
}
Event: 317.140 GC heap before
{Heap before GC invocations=26 (full 2):
 PSYoungGen      total 19968K, used 19548K [0x00000000eab00000, 0x00000000ec100000, 0x0000000100000000)
  eden space 19456K, 99% used [0x00000000eab00000,0x00000000ebdf7208,0x00000000ebe00000)
  from space 512K, 25% used [0x00000000ec000000,0x00000000ec020000,0x00000000ec080000)
  to   space 512K, 0% used [0x00000000ec080000,0x00000000ec080000,0x00000000ec100000)
 ParOldGen       total 68608K, used 32579K [0x00000000c0000000, 0x00000000c4300000, 0x00000000eab00000)
  object space 68608K, 47% used [0x00000000c0000000,0x00000000c1fd0e50,0x00000000c4300000)
 Metaspace       used 50276K, committed 51072K, reserved 1114112K
  class space    used 5013K, committed 5376K, reserved 1048576K
}
Event: 317.142 GC heap after
{Heap after GC invocations=26 (full 2):
 PSYoungGen      total 19968K, used 152K [0x00000000eab00000, 0x00000000ec100000, 0x0000000100000000)
  eden space 19456K, 0% used [0x00000000eab00000,0x00000000eab00000,0x00000000ebe00000)
  from space 512K, 29% used [0x00000000ec080000,0x00000000ec0a6200,0x00000000ec100000)
  to   space 512K, 0% used [0x00000000ec000000,0x00000000ec000000,0x00000000ec080000)
 ParOldGen       total 68608K, used 36386K [0x00000000c0000000, 0x00000000c4300000, 0x00000000eab00000)
  object space 68608K, 53% used [0x00000000c0000000,0x00000000c2388ab0,0x00000000c4300000)
 Metaspace       used 50276K, committed 51072K, reserved 1114112K
  class space    used 5013K, committed 5376K, reserved 1048576K
}
Event: 317.231 GC heap before
{Heap before GC invocations=27 (full 2):
 PSYoungGen      total 19968K, used 18094K [0x00000000eab00000, 0x00000000ec100000, 0x0000000100000000)
  eden space 19456K, 92% used [0x00000000eab00000,0x00000000ebc858e8,0x00000000ebe00000)
  from space 512K, 29% used [0x00000000ec080000,0x00000000ec0a6200,0x00000000ec100000)
  to   space 512K, 0% used [0x00000000ec000000,0x00000000ec000000,0x00000000ec080000)
 ParOldGen       total 68608K, used 36386K [0x00000000c0000000, 0x00000000c4300000, 0x00000000eab00000)
  object space 68608K, 53% used [0x00000000c0000000,0x00000000c2388ab0,0x00000000c4300000)
 Metaspace       used 50283K, committed 51072K, reserved 1114112K
  class space    used 5013K, committed 5376K, reserved 1048576K
}
Event: 317.232 GC heap after
{Heap after GC invocations=27 (full 2):
 PSYoungGen      total 19968K, used 128K [0x00000000eab00000, 0x00000000ec100000, 0x0000000100000000)
  eden space 19456K, 0% used [0x00000000eab00000,0x00000000eab00000,0x00000000ebe00000)
  from space 512K, 25% used [0x00000000ec000000,0x00000000ec020000,0x00000000ec080000)
  to   space 512K, 0% used [0x00000000ec080000,0x00000000ec080000,0x00000000ec100000)
 ParOldGen       total 68608K, used 36523K [0x00000000c0000000, 0x00000000c4300000, 0x00000000eab00000)
  object space 68608K, 53% used [0x00000000c0000000,0x00000000c23aacb0,0x00000000c4300000)
 Metaspace       used 50283K, committed 51072K, reserved 1114112K
  class space    used 5013K, committed 5376K, reserved 1048576K
}
Event: 317.304 GC heap before
{Heap before GC invocations=28 (full 2):
 PSYoungGen      total 19968K, used 17825K [0x00000000eab00000, 0x00000000ec100000, 0x0000000100000000)
  eden space 19456K, 90% used [0x00000000eab00000,0x00000000ebc48780,0x00000000ebe00000)
  from space 512K, 25% used [0x00000000ec000000,0x00000000ec020000,0x00000000ec080000)
  to   space 512K, 0% used [0x00000000ec080000,0x00000000ec080000,0x00000000ec100000)
 ParOldGen       total 68608K, used 36523K [0x00000000c0000000, 0x00000000c4300000, 0x00000000eab00000)
  object space 68608K, 53% used [0x00000000c0000000,0x00000000c23aacb0,0x00000000c4300000)
 Metaspace       used 50286K, committed 51072K, reserved 1114112K
  class space    used 5013K, committed 5376K, reserved 1048576K
}
Event: 317.305 GC heap after
{Heap after GC invocations=28 (full 2):
 PSYoungGen      total 19968K, used 128K [0x00000000eab00000, 0x00000000ec100000, 0x0000000100000000)
  eden space 19456K, 0% used [0x00000000eab00000,0x00000000eab00000,0x00000000ebe00000)
  from space 512K, 25% used [0x00000000ec080000,0x00000000ec0a0000,0x00000000ec100000)
  to   space 512K, 0% used [0x00000000ec000000,0x00000000ec000000,0x00000000ec080000)
 ParOldGen       total 68608K, used 36595K [0x00000000c0000000, 0x00000000c4300000, 0x00000000eab00000)
  object space 68608K, 53% used [0x00000000c0000000,0x00000000c23bccb0,0x00000000c4300000)
 Metaspace       used 50286K, committed 51072K, reserved 1114112K
  class space    used 5013K, committed 5376K, reserved 1048576K
}
Event: 317.371 GC heap before
{Heap before GC invocations=29 (full 2):
 PSYoungGen      total 19968K, used 17841K [0x00000000eab00000, 0x00000000ec100000, 0x0000000100000000)
  eden space 19456K, 91% used [0x00000000eab00000,0x00000000ebc4c718,0x00000000ebe00000)
  from space 512K, 25% used [0x00000000ec080000,0x00000000ec0a0000,0x00000000ec100000)
  to   space 512K, 0% used [0x00000000ec000000,0x00000000ec000000,0x00000000ec080000)
 ParOldGen       total 68608K, used 36595K [0x00000000c0000000, 0x00000000c4300000, 0x00000000eab00000)
  object space 68608K, 53% used [0x00000000c0000000,0x00000000c23bccb0,0x00000000c4300000)
 Metaspace       used 50303K, committed 51072K, reserved 1114112K
  class space    used 5013K, committed 5376K, reserved 1048576K
}
Event: 317.372 GC heap after
{Heap after GC invocations=29 (full 2):
 PSYoungGen      total 19968K, used 128K [0x00000000eab00000, 0x00000000ec100000, 0x0000000100000000)
  eden space 19456K, 0% used [0x00000000eab00000,0x00000000eab00000,0x00000000ebe00000)
  from space 512K, 25% used [0x00000000ec000000,0x00000000ec020000,0x00000000ec080000)
  to   space 512K, 0% used [0x00000000ec080000,0x00000000ec080000,0x00000000ec100000)
 ParOldGen       total 68608K, used 36659K [0x00000000c0000000, 0x00000000c4300000, 0x00000000eab00000)
  object space 68608K, 53% used [0x00000000c0000000,0x00000000c23cccb0,0x00000000c4300000)
 Metaspace       used 50303K, committed 51072K, reserved 1114112K
  class space    used 5013K, committed 5376K, reserved 1048576K
}
Event: 317.448 GC heap before
{Heap before GC invocations=30 (full 2):
 PSYoungGen      total 19968K, used 17770K [0x00000000eab00000, 0x00000000ec100000, 0x0000000100000000)
  eden space 19456K, 90% used [0x00000000eab00000,0x00000000ebc3a828,0x00000000ebe00000)
  from space 512K, 25% used [0x00000000ec000000,0x00000000ec020000,0x00000000ec080000)
  to   space 512K, 0% used [0x00000000ec080000,0x00000000ec080000,0x00000000ec100000)
 ParOldGen       total 68608K, used 36659K [0x00000000c0000000, 0x00000000c4300000, 0x00000000eab00000)
  object space 68608K, 53% used [0x00000000c0000000,0x00000000c23cccb0,0x00000000c4300000)
 Metaspace       used 50303K, committed 51072K, reserved 1114112K
  class space    used 5013K, committed 5376K, reserved 1048576K
}
Event: 317.449 GC heap after
{Heap after GC invocations=30 (full 2):
 PSYoungGen      total 19968K, used 96K [0x00000000eab00000, 0x00000000ec100000, 0x0000000100000000)
  eden space 19456K, 0% used [0x00000000eab00000,0x00000000eab00000,0x00000000ebe00000)
  from space 512K, 18% used [0x00000000ec080000,0x00000000ec098000,0x00000000ec100000)
  to   space 512K, 0% used [0x00000000ec000000,0x00000000ec000000,0x00000000ec080000)
 ParOldGen       total 68608K, used 36723K [0x00000000c0000000, 0x00000000c4300000, 0x00000000eab00000)
  object space 68608K, 53% used [0x00000000c0000000,0x00000000c23dccb0,0x00000000c4300000)
 Metaspace       used 50303K, committed 51072K, reserved 1114112K
  class space    used 5013K, committed 5376K, reserved 1048576K
}
Event: 363.390 GC heap before
{Heap before GC invocations=31 (full 2):
 PSYoungGen      total 19968K, used 19552K [0x00000000eab00000, 0x00000000ec100000, 0x0000000100000000)
  eden space 19456K, 100% used [0x00000000eab00000,0x00000000ebe00000,0x00000000ebe00000)
  from space 512K, 18% used [0x00000000ec080000,0x00000000ec098000,0x00000000ec100000)
  to   space 512K, 0% used [0x00000000ec000000,0x00000000ec000000,0x00000000ec080000)
 ParOldGen       total 68608K, used 36723K [0x00000000c0000000, 0x00000000c4300000, 0x00000000eab00000)
  object space 68608K, 53% used [0x00000000c0000000,0x00000000c23dccb0,0x00000000c4300000)
 Metaspace       used 50564K, committed 51392K, reserved 1114112K
  class space    used 5015K, committed 5376K, reserved 1048576K
}
Event: 363.395 GC heap after
{Heap after GC invocations=31 (full 2):
 PSYoungGen      total 19968K, used 512K [0x00000000eab00000, 0x00000000ec300000, 0x0000000100000000)
  eden space 19456K, 0% used [0x00000000eab00000,0x00000000eab00000,0x00000000ebe00000)
  from space 512K, 100% used [0x00000000ec000000,0x00000000ec080000,0x00000000ec080000)
  to   space 2560K, 0% used [0x00000000ec080000,0x00000000ec080000,0x00000000ec300000)
 ParOldGen       total 68608K, used 38319K [0x00000000c0000000, 0x00000000c4300000, 0x00000000eab00000)
  object space 68608K, 55% used [0x00000000c0000000,0x00000000c256bc78,0x00000000c4300000)
 Metaspace       used 50564K, committed 51392K, reserved 1114112K
  class space    used 5015K, committed 5376K, reserved 1048576K
}
Event: 445.978 GC heap before
{Heap before GC invocations=32 (full 2):
 PSYoungGen      total 19968K, used 19968K [0x00000000eab00000, 0x00000000ec300000, 0x0000000100000000)
  eden space 19456K, 100% used [0x00000000eab00000,0x00000000ebe00000,0x00000000ebe00000)
  from space 512K, 100% used [0x00000000ec000000,0x00000000ec080000,0x00000000ec080000)
  to   space 2560K, 0% used [0x00000000ec080000,0x00000000ec080000,0x00000000ec300000)
 ParOldGen       total 68608K, used 38319K [0x00000000c0000000, 0x00000000c4300000, 0x00000000eab00000)
  object space 68608K, 55% used [0x00000000c0000000,0x00000000c256bc78,0x00000000c4300000)
 Metaspace       used 50768K, committed 51648K, reserved 1114112K
  class space    used 5021K, committed 5440K, reserved 1048576K
}
Event: 445.980 GC heap after
{Heap after GC invocations=32 (full 2):
 PSYoungGen      total 19968K, used 368K [0x00000000eab00000, 0x00000000ec100000, 0x0000000100000000)
  eden space 19456K, 0% used [0x00000000eab00000,0x00000000eab00000,0x00000000ebe00000)
  from space 512K, 71% used [0x00000000ec080000,0x00000000ec0dc010,0x00000000ec100000)
  to   space 1024K, 0% used [0x00000000ebf00000,0x00000000ebf00000,0x00000000ec000000)
 ParOldGen       total 68608K, used 38833K [0x00000000c0000000, 0x00000000c4300000, 0x00000000eab00000)
  object space 68608K, 56% used [0x00000000c0000000,0x00000000c25ec578,0x00000000c4300000)
 Metaspace       used 50768K, committed 51648K, reserved 1114112K
  class space    used 5021K, committed 5440K, reserved 1048576K
}

Dll operation events (10 events):
Event: 0.012 Loaded shared library c:\Users\HP\.vscode\extensions\redhat.java-1.25.0-win32-x64\jre\17.0.9-win32-x86_64\bin\java.dll
Event: 0.385 Loaded shared library c:\Users\HP\.vscode\extensions\redhat.java-1.25.0-win32-x64\jre\17.0.9-win32-x86_64\bin\zip.dll
Event: 0.392 Loaded shared library C:\Users\HP\.vscode\extensions\redhat.java-1.25.0-win32-x64\jre\17.0.9-win32-x86_64\bin\instrument.dll
Event: 0.423 Loaded shared library C:\Users\HP\.vscode\extensions\redhat.java-1.25.0-win32-x64\jre\17.0.9-win32-x86_64\bin\net.dll
Event: 0.426 Loaded shared library C:\Users\HP\.vscode\extensions\redhat.java-1.25.0-win32-x64\jre\17.0.9-win32-x86_64\bin\nio.dll
Event: 0.440 Loaded shared library C:\Users\HP\.vscode\extensions\redhat.java-1.25.0-win32-x64\jre\17.0.9-win32-x86_64\bin\zip.dll
Event: 0.473 Loaded shared library C:\Users\HP\.vscode\extensions\redhat.java-1.25.0-win32-x64\jre\17.0.9-win32-x86_64\bin\jimage.dll
Event: 0.662 Loaded shared library c:\Users\HP\.vscode\extensions\redhat.java-1.25.0-win32-x64\jre\17.0.9-win32-x86_64\bin\verify.dll
Event: 2.945 Loaded shared library C:\Users\HP\AppData\Roaming\Code\User\globalStorage\redhat.java\1.25.0\config_ss_win\org.eclipse.equinox.launcher\org.eclipse.equinox.launcher.win32.win32.x86_64_1.2.800.v20231003-1442\eclipse_11802.dll
Event: 5.669 Loaded shared library C:\Users\HP\AppData\Local\Temp\jna-2312\jna17633556787801220261.dll

Deoptimization events (20 events):
Event: 443.135 Thread 0x000002c7bb70aed0 Uncommon trap: trap_request=0xffffffc6 fr.pc=0x000002c7ac4df930 relative=0x0000000000000ff0
Event: 443.135 Thread 0x000002c7bb70aed0 Uncommon trap: reason=bimorphic_or_optimized_type_check action=maybe_recompile pc=0x000002c7ac4df930 method=java.util.concurrent.ConcurrentHashMap.putVal(Ljava/lang/Object;Ljava/lang/Object;Z)Ljava/lang/Object; @ 242 c2
Event: 443.135 Thread 0x000002c7bb70aed0 DEOPT PACKING pc=0x000002c7ac4df930 sp=0x000000f4981fe890
Event: 443.135 Thread 0x000002c7bb70aed0 DEOPT UNPACKING pc=0x000002c7abc566a3 sp=0x000000f4981fe800 mode 2
Event: 443.135 Thread 0x000002c7bb70aed0 Uncommon trap: trap_request=0xffffffc6 fr.pc=0x000002c7ac4df930 relative=0x0000000000000ff0
Event: 443.135 Thread 0x000002c7bb70aed0 Uncommon trap: reason=bimorphic_or_optimized_type_check action=maybe_recompile pc=0x000002c7ac4df930 method=java.util.concurrent.ConcurrentHashMap.putVal(Ljava/lang/Object;Ljava/lang/Object;Z)Ljava/lang/Object; @ 242 c2
Event: 443.135 Thread 0x000002c7bb70aed0 DEOPT PACKING pc=0x000002c7ac4df930 sp=0x000000f4981fe810
Event: 443.135 Thread 0x000002c7bb70aed0 DEOPT UNPACKING pc=0x000002c7abc566a3 sp=0x000000f4981fe780 mode 2
Event: 443.135 Thread 0x000002c7bb70aed0 Uncommon trap: trap_request=0xffffffc6 fr.pc=0x000002c7ac4df930 relative=0x0000000000000ff0
Event: 443.135 Thread 0x000002c7bb70aed0 Uncommon trap: reason=bimorphic_or_optimized_type_check action=maybe_recompile pc=0x000002c7ac4df930 method=java.util.concurrent.ConcurrentHashMap.putVal(Ljava/lang/Object;Ljava/lang/Object;Z)Ljava/lang/Object; @ 242 c2
Event: 443.135 Thread 0x000002c7bb70aed0 DEOPT PACKING pc=0x000002c7ac4df930 sp=0x000000f4981fe7a0
Event: 443.135 Thread 0x000002c7bb70aed0 DEOPT UNPACKING pc=0x000002c7abc566a3 sp=0x000000f4981fe710 mode 2
Event: 446.113 Thread 0x000002c7bb70b3e0 Uncommon trap: trap_request=0xffffff6e fr.pc=0x000002c7ac4d3768 relative=0x0000000000000168
Event: 446.113 Thread 0x000002c7bb70b3e0 Uncommon trap: reason=loop_limit_check action=maybe_recompile pc=0x000002c7ac4d3768 method=org.eclipse.jdt.internal.compiler.lookup.ReferenceBinding.compare([C[CII)I @ 46 c2
Event: 446.113 Thread 0x000002c7bb70b3e0 DEOPT PACKING pc=0x000002c7ac4d3768 sp=0x000000f497bfda90
Event: 446.113 Thread 0x000002c7bb70b3e0 DEOPT UNPACKING pc=0x000002c7abc566a3 sp=0x000000f497bfda00 mode 2
Event: 446.210 Thread 0x000002c7bb70b3e0 Uncommon trap: trap_request=0xffffff45 fr.pc=0x000002c7ac21bdac relative=0x00000000000002ec
Event: 446.210 Thread 0x000002c7bb70b3e0 Uncommon trap: reason=unstable_if action=reinterpret pc=0x000002c7ac21bdac method=java.util.concurrent.ConcurrentHashMap$TreeNode.findTreeNode(ILjava/lang/Object;Ljava/lang/Class;)Ljava/util/concurrent/ConcurrentHashMap$TreeNode; @ 30 c2
Event: 446.210 Thread 0x000002c7bb70b3e0 DEOPT PACKING pc=0x000002c7ac21bdac sp=0x000000f497bfe550
Event: 446.210 Thread 0x000002c7bb70b3e0 DEOPT UNPACKING pc=0x000002c7abc566a3 sp=0x000000f497bfe410 mode 2

Classes unloaded (7 events):
Event: 3.889 Thread 0x000002c7b5fac7f0 Unloading class 0x000000010021a000 'java/lang/invoke/LambdaForm$MH+0x000000010021a000'
Event: 3.890 Thread 0x000002c7b5fac7f0 Unloading class 0x0000000100219c00 'java/lang/invoke/LambdaForm$MH+0x0000000100219c00'
Event: 3.890 Thread 0x000002c7b5fac7f0 Unloading class 0x0000000100219800 'java/lang/invoke/LambdaForm$MH+0x0000000100219800'
Event: 3.890 Thread 0x000002c7b5fac7f0 Unloading class 0x0000000100219400 'java/lang/invoke/LambdaForm$MH+0x0000000100219400'
Event: 3.890 Thread 0x000002c7b5fac7f0 Unloading class 0x0000000100219000 'java/lang/invoke/LambdaForm$BMH+0x0000000100219000'
Event: 3.890 Thread 0x000002c7b5fac7f0 Unloading class 0x0000000100218c00 'java/lang/invoke/LambdaForm$DMH+0x0000000100218c00'
Event: 3.890 Thread 0x000002c7b5fac7f0 Unloading class 0x0000000100216000 'java/lang/invoke/LambdaForm$DMH+0x0000000100216000'

Classes redefined (0 events):
No events

Internal exceptions (20 events):
Event: 6.854 Thread 0x000002c7bbc30980 Exception <a 'java/lang/NoSuchMethodError'{0x00000000ebb3e4f0}: 'int java.lang.invoke.DirectMethodHandle$Holder.invokeVirtual(java.lang.Object, java.lang.Object)'> (0x00000000ebb3e4f0) 
thrown [s\src\hotspot\share\interpreter\linkResolver.cpp, line 759]
Event: 7.048 Thread 0x000002c7bbc2dbf0 Exception <a 'java/io/FileNotFoundException'{0x00000000eab70298}> (0x00000000eab70298) 
thrown [s\src\hotspot\share\prims\jni.cpp, line 516]
Event: 7.048 Thread 0x000002c7bbc2dbf0 Exception <a 'java/io/FileNotFoundException'{0x00000000eab717c0}> (0x00000000eab717c0) 
thrown [s\src\hotspot\share\prims\jni.cpp, line 516]
Event: 7.050 Thread 0x000002c7bbc2dbf0 Exception <a 'java/lang/NoSuchMethodError'{0x00000000eab7d950}: 'void java.lang.invoke.DirectMethodHandle$Holder.invokeStaticInit(java.lang.Object, java.lang.Object, java.lang.Object)'> (0x00000000eab7d950) 
thrown [s\src\hotspot\share\interpreter\linkResolver.cpp, line 759]
Event: 7.505 Thread 0x000002c7bbc30980 Exception <a 'java/lang/NoSuchMethodError'{0x00000000eb0874c0}: 'java.lang.Object java.lang.invoke.DirectMethodHandle$Holder.invokeInterface(java.lang.Object, java.lang.Object, java.lang.Object)'> (0x00000000eb0874c0) 
thrown [s\src\hotspot\share\interpreter\linkResolver.cpp, line 759]
Event: 7.861 Thread 0x000002c7bbc2f540 Exception <a 'java/io/FileNotFoundException'{0x00000000ebff0528}> (0x00000000ebff0528) 
thrown [s\src\hotspot\share\prims\jni.cpp, line 516]
Event: 7.861 Thread 0x000002c7bbc2f540 Exception <a 'java/io/FileNotFoundException'{0x00000000ebff1800}> (0x00000000ebff1800) 
thrown [s\src\hotspot\share\prims\jni.cpp, line 516]
Event: 8.547 Thread 0x000002c7bbc30980 Implicit null exception at 0x000002c7ac32ef47 to 0x000002c7ac32fbf8
Event: 8.906 Thread 0x000002c7bbc30980 Exception <a 'sun/nio/fs/WindowsException'{0x00000000eb632b58}> (0x00000000eb632b58) 
thrown [s\src\hotspot\share\prims\jni.cpp, line 516]
Event: 10.052 Thread 0x000002c7bbc2f540 Exception <a 'java/lang/NoSuchMethodError'{0x00000000ebf37440}: 'int java.lang.invoke.DirectMethodHandle$Holder.invokeSpecialIFC(java.lang.Object, java.lang.Object, java.lang.Object)'> (0x00000000ebf37440) 
thrown [s\src\hotspot\share\interpreter\linkResolver.cpp, line 759]
Event: 10.054 Thread 0x000002c7bbc2f540 Exception <a 'java/lang/NoSuchMethodError'{0x00000000ebf4a9e0}: 'int java.lang.invoke.DirectMethodHandle$Holder.invokeStatic(java.lang.Object, java.lang.Object, java.lang.Object, int)'> (0x00000000ebf4a9e0) 
thrown [s\src\hotspot\share\interpreter\linkResolver.cpp, line 759]
Event: 10.091 Thread 0x000002c7bbc2f540 Exception <a 'java/io/FileNotFoundException'{0x00000000eab39fd0}> (0x00000000eab39fd0) 
thrown [s\src\hotspot\share\prims\jni.cpp, line 516]
Event: 10.472 Thread 0x000002c7bbc2f540 Exception <a 'java/io/FileNotFoundException'{0x00000000eb058760}> (0x00000000eb058760) 
thrown [s\src\hotspot\share\prims\jni.cpp, line 516]
Event: 10.472 Thread 0x000002c7bbc2f540 Exception <a 'java/io/FileNotFoundException'{0x00000000eb059760}> (0x00000000eb059760) 
thrown [s\src\hotspot\share\prims\jni.cpp, line 516]
Event: 210.971 Thread 0x000002c7bb70aed0 Exception <a 'java/lang/NoSuchMethodError'{0x00000000eb92e1e0}: 'java.lang.Object java.lang.invoke.DirectMethodHandle$Holder.invokeStatic(java.lang.Object, int, java.lang.Object)'> (0x00000000eb92e1e0) 
thrown [s\src\hotspot\share\interpreter\linkResolver.cpp, line 759]
Event: 298.534 Thread 0x000002c7bb70aed0 Exception <a 'java/lang/ClassNotFoundException'{0x00000000ebda28e0}: sun/net/www/protocol/jdt/Handler> (0x00000000ebda28e0) 
thrown [s\src\hotspot\share\classfile\systemDictionary.cpp, line 256]
Event: 298.535 Thread 0x000002c7bb70aed0 Exception <a 'java/lang/ClassNotFoundException'{0x00000000ebda4ca0}: sun/net/www/protocol/jdt/Handler> (0x00000000ebda4ca0) 
thrown [s\src\hotspot\share\classfile\systemDictionary.cpp, line 256]
Event: 308.000 Thread 0x000002c7bb70a9c0 Exception <a 'java/lang/NoSuchMethodError'{0x00000000eacb8350}: 'java.lang.Object java.lang.invoke.DirectMethodHandle$Holder.newInvokeSpecial(java.lang.Object, java.lang.Object, java.lang.Object, java.lang.Object, java.lang.Object, java.lang.Object, java.lang.Object, java.lang.Object)'> (0x00000000eacb8350) 
thrown [s\src\hotspot\share\interpreter\linkResolver.cpp, line 759]
Event: 308.001 Thread 0x000002c7bb70a9c0 Exception <a 'java/lang/NoSuchMethodError'{0x00000000eacbdb88}: 'java.lang.Object java.lang.invoke.DirectMethodHandle$Holder.invokeSpecial(java.lang.Object, java.lang.Object, java.lang.Object, java.lang.Object, java.lang.Object, java.lang.Object, java.lang.Object, java.lang.Object, java.lang.Object)'> (0x00000000eacbdb88) 
thrown [s\src\hotspot\share\interpreter\linkResolver.cpp, line 759]
Event: 308.002 Thread 0x000002c7bb70a9c0 Exception <a 'java/lang/NoSuchMethodError'{0x00000000eacc2c88}: 'java.lang.Object java.lang.invoke.Invokers$Holder.linkToTargetMethod(java.lang.Object, java.lang.Object, java.lang.Object, java.lang.Object, java.lang.Object, java.lang.Object, java.lang.Object, java.lang.Object)'> (0x00000000eacc2c88) 
thrown [s\src\hotspot\share\interpreter\linkResolver.cpp, line 759]

VM Operations (20 events):
Event: 381.578 Executing VM operation: Cleanup
Event: 381.578 Executing VM operation: Cleanup done
Event: 382.594 Executing VM operation: Cleanup
Event: 382.594 Executing VM operation: Cleanup done
Event: 386.626 Executing VM operation: Cleanup
Event: 386.626 Executing VM operation: Cleanup done
Event: 389.649 Executing VM operation: Cleanup
Event: 389.649 Executing VM operation: Cleanup done
Event: 408.787 Executing VM operation: Cleanup
Event: 408.787 Executing VM operation: Cleanup done
Event: 416.854 Executing VM operation: Cleanup
Event: 416.854 Executing VM operation: Cleanup done
Event: 420.819 Executing VM operation: HandshakeAllThreads
Event: 420.819 Executing VM operation: HandshakeAllThreads done
Event: 443.988 Executing VM operation: Cleanup
Event: 443.988 Executing VM operation: Cleanup done
Event: 444.988 Executing VM operation: Cleanup
Event: 444.988 Executing VM operation: Cleanup done
Event: 445.977 Executing VM operation: ParallelGCFailedAllocation
Event: 445.980 Executing VM operation: ParallelGCFailedAllocation done

Events (20 events):
Event: 307.989 loading class java/util/stream/Nodes$ToArrayTask$OfRef
Event: 307.989 loading class java/util/stream/Nodes$ToArrayTask
Event: 307.989 loading class java/util/stream/Nodes$ToArrayTask done
Event: 307.989 loading class java/util/stream/Nodes$ToArrayTask$OfRef done
Event: 307.990 Thread 0x000002c7bb70cd30 Thread exited: 0x000002c7bb70cd30
Event: 307.990 Thread 0x000002c7bb70c310 Thread exited: 0x000002c7bb70c310
Event: 307.990 Thread 0x000002c7bb708b60 Thread exited: 0x000002c7bb708b60
Event: 308.012 Thread 0x000002c7bce40a10 Thread added: 0x000002c7bce40a10
Event: 313.132 Thread 0x000002c7bce40a10 Thread exited: 0x000002c7bce40a10
Event: 316.420 Thread 0x000002c7bc2cd450 Thread added: 0x000002c7bc2cd450
Event: 322.690 Thread 0x000002c7bc2cd450 Thread exited: 0x000002c7bc2cd450
Event: 360.634 Thread 0x000002c7bc2cd450 Thread added: 0x000002c7bc2cd450
Event: 363.238 Thread 0x000002c7bc2cd450 Thread exited: 0x000002c7bc2cd450
Event: 363.249 Thread 0x000002c7bc2cd450 Thread added: 0x000002c7bc2cd450
Event: 368.606 Thread 0x000002c7bc2cd450 Thread exited: 0x000002c7bc2cd450
Event: 381.432 Thread 0x000002c7bc2cd450 Thread added: 0x000002c7bc2cd450
Event: 386.544 Thread 0x000002c7bc2cd450 Thread exited: 0x000002c7bc2cd450
Event: 389.266 Thread 0x000002c7bee4aa80 Thread added: 0x000002c7bee4aa80
Event: 392.690 Thread 0x000002c7bee4aa80 Thread exited: 0x000002c7bee4aa80
Event: 446.003 Thread 0x000002c7c07ffaa0 Thread added: 0x000002c7c07ffaa0


Dynamic libraries:
0x00007ff71b710000 - 0x00007ff71b71e000 	c:\Users\HP\.vscode\extensions\redhat.java-1.25.0-win32-x64\jre\17.0.9-win32-x86_64\bin\java.exe
0x00007fffeb110000 - 0x00007fffeb304000 	C:\WINDOWS\SYSTEM32\ntdll.dll
0x00007fffe9a80000 - 0x00007fffe9b3d000 	C:\WINDOWS\System32\KERNEL32.DLL
0x00007fffe89e0000 - 0x00007fffe8ca7000 	C:\WINDOWS\System32\KERNELBASE.dll
0x00007fffe88b0000 - 0x00007fffe89b0000 	C:\WINDOWS\System32\ucrtbase.dll
0x00007fffc1f80000 - 0x00007fffc1f97000 	c:\Users\HP\.vscode\extensions\redhat.java-1.25.0-win32-x64\jre\17.0.9-win32-x86_64\bin\jli.dll
0x00007fffe9750000 - 0x00007fffe98f0000 	C:\WINDOWS\System32\USER32.dll
0x00007fffe89b0000 - 0x00007fffe89d2000 	C:\WINDOWS\System32\win32u.dll
0x00007fffe99f0000 - 0x00007fffe9a1a000 	C:\WINDOWS\System32\GDI32.dll
0x00007fffe8e00000 - 0x00007fffe8f0a000 	C:\WINDOWS\System32\gdi32full.dll
0x00007fffe8ce0000 - 0x00007fffe8d7d000 	C:\WINDOWS\System32\msvcp_win.dll
0x00007fffc1e70000 - 0x00007fffc1e8b000 	c:\Users\HP\.vscode\extensions\redhat.java-1.25.0-win32-x64\jre\17.0.9-win32-x86_64\bin\VCRUNTIME140.dll
0x00007fffd0210000 - 0x00007fffd04aa000 	C:\WINDOWS\WinSxS\amd64_microsoft.windows.common-controls_6595b64144ccf1df_6.0.19041.1_none_b555e41d4684ddec\COMCTL32.dll
0x00007fffe9220000 - 0x00007fffe92be000 	C:\WINDOWS\System32\msvcrt.dll
0x00007fffea720000 - 0x00007fffea750000 	C:\WINDOWS\System32\IMM32.DLL
0x00007fffdc6f0000 - 0x00007fffdc6fc000 	c:\Users\HP\.vscode\extensions\redhat.java-1.25.0-win32-x64\jre\17.0.9-win32-x86_64\bin\vcruntime140_1.dll
0x00007fff9e170000 - 0x00007fff9e1fd000 	c:\Users\HP\.vscode\extensions\redhat.java-1.25.0-win32-x64\jre\17.0.9-win32-x86_64\bin\msvcp140.dll
0x00007fff98370000 - 0x00007fff98fd1000 	c:\Users\HP\.vscode\extensions\redhat.java-1.25.0-win32-x64\jre\17.0.9-win32-x86_64\bin\server\jvm.dll
0x00007fffe9170000 - 0x00007fffe921a000 	C:\WINDOWS\System32\ADVAPI32.dll
0x00007fffe9950000 - 0x00007fffe99eb000 	C:\WINDOWS\System32\sechost.dll
0x00007fffe9b40000 - 0x00007fffe9c63000 	C:\WINDOWS\System32\RPCRT4.dll
0x00007fffe7e60000 - 0x00007fffe7eab000 	C:\WINDOWS\SYSTEM32\POWRPROF.dll
0x00007fffdc100000 - 0x00007fffdc109000 	C:\WINDOWS\SYSTEM32\WSOCK32.dll
0x00007fffeafb0000 - 0x00007fffeb01b000 	C:\WINDOWS\System32\WS2_32.dll
0x00007fffdd870000 - 0x00007fffdd897000 	C:\WINDOWS\SYSTEM32\WINMM.dll
0x00007fffdb930000 - 0x00007fffdb93a000 	C:\WINDOWS\SYSTEM32\VERSION.dll
0x00007fffe7cd0000 - 0x00007fffe7ce2000 	C:\WINDOWS\SYSTEM32\UMPDC.dll
0x00007fffe67e0000 - 0x00007fffe67f3000 	C:\WINDOWS\SYSTEM32\kernel.appcore.dll
0x00007fffdc0c0000 - 0x00007fffdc0ca000 	c:\Users\HP\.vscode\extensions\redhat.java-1.25.0-win32-x64\jre\17.0.9-win32-x86_64\bin\jimage.dll
0x00007fffdb740000 - 0x00007fffdb924000 	C:\WINDOWS\SYSTEM32\DBGHELP.DLL
0x00007fffdb6b0000 - 0x00007fffdb6dc000 	C:\WINDOWS\SYSTEM32\dbgcore.DLL
0x00007fffe8d80000 - 0x00007fffe8dff000 	C:\WINDOWS\System32\bcryptPrimitives.dll
0x00007fffd1200000 - 0x00007fffd120e000 	c:\Users\HP\.vscode\extensions\redhat.java-1.25.0-win32-x64\jre\17.0.9-win32-x86_64\bin\instrument.dll
0x00007fffbe090000 - 0x00007fffbe0b5000 	c:\Users\HP\.vscode\extensions\redhat.java-1.25.0-win32-x64\jre\17.0.9-win32-x86_64\bin\java.dll
0x00007fffbdf90000 - 0x00007fffbdfa8000 	c:\Users\HP\.vscode\extensions\redhat.java-1.25.0-win32-x64\jre\17.0.9-win32-x86_64\bin\zip.dll
0x00007fffe9d80000 - 0x00007fffea4b1000 	C:\WINDOWS\System32\SHELL32.dll
0x00007fffe69e0000 - 0x00007fffe716a000 	C:\WINDOWS\SYSTEM32\windows.storage.dll
0x00007fffeac50000 - 0x00007fffeafa4000 	C:\WINDOWS\System32\combase.dll
0x00007fffe82d0000 - 0x00007fffe82fb000 	C:\WINDOWS\SYSTEM32\Wldp.dll
0x00007fffeb020000 - 0x00007fffeb0ce000 	C:\WINDOWS\System32\SHCORE.dll
0x00007fffe96f0000 - 0x00007fffe9745000 	C:\WINDOWS\System32\shlwapi.dll
0x00007fffe8790000 - 0x00007fffe87af000 	C:\WINDOWS\SYSTEM32\profapi.dll
0x00007fffbdab0000 - 0x00007fffbdac9000 	C:\Users\HP\.vscode\extensions\redhat.java-1.25.0-win32-x64\jre\17.0.9-win32-x86_64\bin\net.dll
0x00007fffdd430000 - 0x00007fffdd532000 	C:\WINDOWS\SYSTEM32\WINHTTP.dll
0x00007fffe8050000 - 0x00007fffe80ba000 	C:\WINDOWS\system32\mswsock.dll
0x00007fffbd2d0000 - 0x00007fffbd2e6000 	C:\Users\HP\.vscode\extensions\redhat.java-1.25.0-win32-x64\jre\17.0.9-win32-x86_64\bin\nio.dll
0x00007fffc7330000 - 0x00007fffc7340000 	c:\Users\HP\.vscode\extensions\redhat.java-1.25.0-win32-x64\jre\17.0.9-win32-x86_64\bin\verify.dll
0x00007fffd9e40000 - 0x00007fffd9e7e000 	C:\Users\HP\AppData\Roaming\Code\User\globalStorage\redhat.java\1.25.0\config_ss_win\org.eclipse.equinox.launcher\org.eclipse.equinox.launcher.win32.win32.x86_64_1.2.800.v20231003-1442\eclipse_11802.dll
0x00007fffea4d0000 - 0x00007fffea5fb000 	C:\WINDOWS\System32\ole32.dll
0x00007fffe8220000 - 0x00007fffe8238000 	C:\WINDOWS\SYSTEM32\CRYPTSP.dll
0x00007fffe7970000 - 0x00007fffe79a4000 	C:\WINDOWS\system32\rsaenh.dll
0x00007fffe8cb0000 - 0x00007fffe8cd7000 	C:\WINDOWS\System32\bcrypt.dll
0x00007fffe8710000 - 0x00007fffe873e000 	C:\WINDOWS\SYSTEM32\USERENV.dll
0x00007fffe8240000 - 0x00007fffe824c000 	C:\WINDOWS\SYSTEM32\CRYPTBASE.dll
0x00007fffe7cf0000 - 0x00007fffe7d2b000 	C:\WINDOWS\SYSTEM32\IPHLPAPI.DLL
0x00007fffea4c0000 - 0x00007fffea4c9000 	C:\WINDOWS\System32\NSI.dll
0x00007fffdd930000 - 0x00007fffdd947000 	C:\WINDOWS\SYSTEM32\dhcpcsvc6.DLL
0x00007fffdf500000 - 0x00007fffdf51d000 	C:\WINDOWS\SYSTEM32\dhcpcsvc.DLL
0x00007fffe7d30000 - 0x00007fffe7dfa000 	C:\WINDOWS\SYSTEM32\DNSAPI.dll
0x00007fffc9a10000 - 0x00007fffc9a55000 	C:\Users\HP\AppData\Local\Temp\jna-2312\jna17633556787801220261.dll
0x00007fffe9d50000 - 0x00007fffe9d58000 	C:\WINDOWS\System32\PSAPI.DLL

dbghelp: loaded successfully - version: 4.0.5 - missing functions: none
symbol engine: initialized successfully - sym options: 0x614 - pdb path: .;c:\Users\HP\.vscode\extensions\redhat.java-1.25.0-win32-x64\jre\17.0.9-win32-x86_64\bin;C:\WINDOWS\SYSTEM32;C:\WINDOWS\WinSxS\amd64_microsoft.windows.common-controls_6595b64144ccf1df_6.0.19041.1_none_b555e41d4684ddec;c:\Users\HP\.vscode\extensions\redhat.java-1.25.0-win32-x64\jre\17.0.9-win32-x86_64\bin\server;C:\Users\HP\AppData\Roaming\Code\User\globalStorage\redhat.java\1.25.0\config_ss_win\org.eclipse.equinox.launcher\org.eclipse.equinox.launcher.win32.win32.x86_64_1.2.800.v20231003-1442;C:\Users\HP\AppData\Local\Temp\jna-2312

VM Arguments:
jvm_args: --add-modules=ALL-SYSTEM --add-opens=java.base/java.util=ALL-UNNAMED --add-opens=java.base/java.lang=ALL-UNNAMED --add-opens=java.base/sun.nio.fs=ALL-UNNAMED -Declipse.application=org.eclipse.jdt.ls.core.id1 -Dosgi.bundles.defaultStartLevel=4 -Declipse.product=org.eclipse.jdt.ls.core.product -Djava.import.generatesMetadataFilesAtProjectRoot=false -DDetectVMInstallationsJob.disabled=true -Dfile.encoding=utf8 -XX:+UseParallelGC -XX:GCTimeRatio=4 -XX:AdaptiveSizePolicyWeight=90 -Dsun.zip.disableMemoryMapping=true -Xmx1G -Xms100m -Xlog:disable -javaagent:c:\Users\HP\.vscode\extensions\redhat.java-1.25.0-win32-x64\lombok\lombok-1.18.30.jar 
java_command: c:\Users\HP\.vscode\extensions\redhat.java-1.25.0-win32-x64\server\plugins\org.eclipse.equinox.launcher_1.6.600.v20231012-1237.jar -configuration c:\Users\HP\AppData\Roaming\Code\User\globalStorage\redhat.java\1.25.0\config_ss_win -data c:\Users\HP\AppData\Roaming\Code\User\workspaceStorage\7145003809ee5229b52fc69e90d06eaa\redhat.java\ss_ws --stdio
java_class_path (initial): c:\Users\HP\.vscode\extensions\redhat.java-1.25.0-win32-x64\server\plugins\org.eclipse.equinox.launcher_1.6.600.v20231012-1237.jar
Launcher Type: SUN_STANDARD

[Global flags]
    uintx AdaptiveSizePolicyWeight                 = 90                                        {product} {command line}
     intx CICompilerCount                          = 3                                         {product} {ergonomic}
    uintx GCTimeRatio                              = 4                                         {product} {command line}
   size_t InitialHeapSize                          = 104857600                                 {product} {command line}
   size_t MaxHeapSize                              = 1073741824                                {product} {command line}
   size_t MaxNewSize                               = 357564416                                 {product} {ergonomic}
   size_t MinHeapDeltaBytes                        = 524288                                    {product} {ergonomic}
   size_t MinHeapSize                              = 104857600                                 {product} {command line}
   size_t NewSize                                  = 34603008                                  {product} {ergonomic}
    uintx NonNMethodCodeHeapSize                   = 5832780                                {pd product} {ergonomic}
    uintx NonProfiledCodeHeapSize                  = 122912730                              {pd product} {ergonomic}
   size_t OldSize                                  = 70254592                                  {product} {ergonomic}
    uintx ProfiledCodeHeapSize                     = 122912730                              {pd product} {ergonomic}
    uintx ReservedCodeCacheSize                    = 251658240                              {pd product} {ergonomic}
     bool SegmentedCodeCache                       = true                                      {product} {ergonomic}
   size_t SoftMaxHeapSize                          = 1073741824                             {manageable} {ergonomic}
     bool UseCompressedClassPointers               = true                           {product lp64_product} {ergonomic}
     bool UseCompressedOops                        = true                           {product lp64_product} {ergonomic}
     bool UseLargePagesIndividualAllocation        = false                                  {pd product} {ergonomic}
     bool UseParallelGC                            = true                                      {product} {command line}

Logging:
Log output configuration:
 #0: stdout all=off uptime,level,tags
 #1: stderr all=off uptime,level,tags

Environment Variables:
JAVA_HOME=C:\Program Files\Java\jdk1.8.0_45
CLASSPATH=%CLASSPATH%;%JUNIT_HOME%\junit-4.13.2.jar;hamcrest-core-1.3.jar;;E:\kiemthunangcao\junit\junit-4.13.2.jar;hamcrest-core-1.3.jar;;E:\kiemthunangcao\junit\junit-4.13.2.jar;hamcrest-core-1.3.jar;
PATH=C:\ProgramData\Oracle\Java\javapath;C:\Program Files (x86)\Common Files\Oracle\Java\javapath;C:\WINDOWS\system32;C:\WINDOWS;C:\WINDOWS\System32\Wbem;C:\WINDOWS\System32\WindowsPowerShell\v1.0\;C:\Users\HP\Downloads\winlibs-x86_64-posix-seh-gcc-11.2.0-llvm-12.0.1-mingw-w64-9.0.0-r1\mingw64\bin;C:\WINDOWS\System32\OpenSSH\;C:\Program Files\Broadcom\Broadcom 802.11\Driver;C:\Program Files\Azure Data Studio\bin;C:\Program Files\Java\jdk1.8.0_45;C:\Program Files\Java\jdbc\sqljdbc42.jar;d:\Program Files(x86)\100\Tools\Binn\;d:\Program Files\100\Tools\Binn\;d:\Program Files\100\DTS\Binn\;C:\Program Files (x86)\Microsoft SQL Server\100\Tools\Binn\;C:\Program Files (x86)\Microsoft SQL Server\100\Tools\Binn\VSShell\Common7\IDE\;C:\Program Files (x86)\Microsoft SQL Server\100\DTS\Binn\;C:\Program Files (x86)\Microsoft SQL Server\110\Tools\Binn\;C:\Program Files (x86)\Microsoft SQL Server\110\DTS\Binn\;C:\Program Files (x86)\Microsoft SQL Server\160\Tools\Binn\;C:\Program Files\Microsoft SQL Server\160\Tools\Binn\;C:\Program Files\Microsoft SQL Server\Client SDK\ODBC\170\Tools\Binn\;C:\Program Files\Microsoft SQL Server\160\DTS\Binn\;C:\Program Files (x86)\Microsoft SQL Server\160\DTS\Binn\;C:\Program Files\Java\jdk1.8.0_45\bin;E:\vs\Git\cmd;C:\Users\HP\AppData\Local\Microsoft\WindowsApps;C:\Users\HP\Downloads\winlibs-x86_64-posix-seh-gcc-11.2.0-llvm-12.0.1-mingw-w64-9.0.0-r1\mingw64\bin;;C:\Program Files\Azure Data Studio\bin;E:\vs\Microsoft VS Code\bin
USERNAME=HP
OS=Windows_NT
PROCESSOR_IDENTIFIER=Intel64 Family 6 Model 58 Stepping 9, GenuineIntel
TMP=C:\Users\HP\AppData\Local\Temp
TEMP=D:\



Periodic native trim disabled


---------------  S Y S T E M  ---------------

OS:
 Windows 10 , 64 bit Build 19041 (10.0.19041.1)
OS uptime: 0 days 0:59 hours

CPU: total 4 (initial active 4) (2 cores per cpu, 2 threads per core) family 6 model 58 stepping 9 microcode 0x21, cx8, cmov, fxsr, ht, mmx, sse, sse2, sse3, ssse3, sse4.1, sse4.2, popcnt, tsc, tscinvbit, avx, aes, erms, clmul, vzeroupper, clflush
Processor Information for all 4 processors :
  Max Mhz: 2401, Current Mhz: 2401, Mhz Limit: 2401

Memory: 4k page, system-wide physical 3959M (536M free)
TotalPageFile size 5857M (AvailPageFile size 5M)
current process WorkingSet (physical memory assigned to process): 208M, peak: 234M
current process commit charge ("private bytes"): 270M, peak: 298M

vm_info: OpenJDK 64-Bit Server VM (17.0.9+9) for windows-amd64 JRE (17.0.9+9), built on Oct 26 2023 14:01:42 by "admin" with MS VC++ 16.10 / 16.11 (VS2019)

END.
